-- The C compiler identification is GNU 11.2.0
-- The CXX compiler identification is GNU 11.2.0
-- Detecting C compiler ABI info
-- Detecting C compiler ABI info - done
-- Check for working C compiler: /usr/bin/cc - skipped
-- Detecting C compile features
-- Detecting C compile features - done
-- Detecting CXX compiler ABI info
-- Detecting CXX compiler ABI info - done
-- Check for working CXX compiler: /usr/bin/c++ - skipped
-- Detecting CXX compile features
-- Detecting CXX compile features - done
-- Found ament_cmake: 1.3.11 (/opt/ros/humble/share/ament_cmake/cmake)
-- Found Python3: /usr/bin/python3 (found version "3.10.12") found components: Interpreter 
-- Override CMake install command with custom implementation using symlinks instead of copying resources
-- Found rclcpp: 16.0.12 (/opt/ros/humble/share/rclcpp/cmake)
-- Found rosidl_generator_c: 3.1.6 (/opt/ros/humble/share/rosidl_generator_c/cmake)
-- Found rosidl_adapter: 3.1.6 (/opt/ros/humble/share/rosidl_adapter/cmake)
-- Found rosidl_generator_cpp: 3.1.6 (/opt/ros/humble/share/rosidl_generator_cpp/cmake)
-- Using all available rosidl_typesupport_c: rosidl_typesupport_fastrtps_c;rosidl_typesupport_introspection_c
-- Using all available rosidl_typesupport_cpp: rosidl_typesupport_fastrtps_cpp;rosidl_typesupport_introspection_cpp
-- Found rmw_implementation_cmake: 6.1.2 (/opt/ros/humble/share/rmw_implementation_cmake/cmake)
-- Found rmw_fastrtps_cpp: 6.2.7 (/opt/ros/humble/share/rmw_fastrtps_cpp/cmake)
-- Found OpenSSL: /usr/lib/aarch64-linux-gnu/libcrypto.so (found version "3.0.2")  
-- Found FastRTPS: /opt/ros/humble/include  
-- Using RMW implementation 'rmw_fastrtps_cpp' as default
-- Looking for pthread.h
-- Looking for pthread.h - found
-- Performing Test CMAKE_HAVE_LIBC_PTHREAD
-- Performing Test CMAKE_HAVE_LIBC_PTHREAD - Success
-- Found Threads: TRUE  
-- Found rclcpp_action: 16.0.12 (/opt/ros/humble/share/rclcpp_action/cmake)
-- Found rosidl_default_generators: 1.2.0 (/opt/ros/humble/share/rosidl_default_generators/cmake)
-- Found ai_msgs: 2.0.1 (/opt/tros/humble/share/ai_msgs/cmake)
-- Found OpenCV: /usr (found suitable version "4.5.4", minimum required is "4") 
-- Configuring done
-- Generating done
-- Build files have been written to: /home/sunrise/down_dection/build/body_tracking_custom
-- Found ament_cmake: 1.3.11 (/opt/ros/humble/share/ament_cmake/cmake)
-- Override CMake install command with custom implementation using symlinks instead of copying resources
-- Found rclcpp: 16.0.12 (/opt/ros/humble/share/rclcpp/cmake)
-- Found rosidl_generator_c: 3.1.6 (/opt/ros/humble/share/rosidl_generator_c/cmake)
-- Found rosidl_adapter: 3.1.6 (/opt/ros/humble/share/rosidl_adapter/cmake)
-- Found rosidl_generator_cpp: 3.1.6 (/opt/ros/humble/share/rosidl_generator_cpp/cmake)
-- Using all available rosidl_typesupport_c: rosidl_typesupport_fastrtps_c;rosidl_typesupport_introspection_c
-- Using all available rosidl_typesupport_cpp: rosidl_typesupport_fastrtps_cpp;rosidl_typesupport_introspection_cpp
-- Found rmw_implementation_cmake: 6.1.2 (/opt/ros/humble/share/rmw_implementation_cmake/cmake)
-- Found rmw_fastrtps_cpp: 6.2.7 (/opt/ros/humble/share/rmw_fastrtps_cpp/cmake)
-- Using RMW implementation 'rmw_fastrtps_cpp' as default
-- Found rclcpp_action: 16.0.12 (/opt/ros/humble/share/rclcpp_action/cmake)
-- Found rosidl_default_generators: 1.2.0 (/opt/ros/humble/share/rosidl_default_generators/cmake)
-- Found ai_msgs: 2.0.1 (/opt/tros/humble/share/ai_msgs/cmake)
-- Configuring done
-- Generating done
-- Build files have been written to: /home/sunrise/down_dection/build/body_tracking_custom
[ 80%] [32mBuilding CXX object CMakeFiles/body_tracking_custom.dir/src/main.cpp.o[0m
[ 80%] [32mBuilding CXX object CMakeFiles/body_tracking_custom.dir/src/util.cpp.o[0m
[ 80%] [32mBuilding CXX object CMakeFiles/body_tracking_custom.dir/src/smart_subscriber.cpp.o[0m
[ 80%] [32mBuilding CXX object CMakeFiles/body_tracking_custom.dir/src/body_tracking.cpp.o[0m
[100%] [32m[1mLinking CXX executable body_tracking_custom[0m
[100%] Built target body_tracking_custom
-- Install configuration: ""
-- Execute custom install script
-- Symlinking: /home/sunrise/down_dection/install/body_tracking_custom/lib/body_tracking_custom/body_tracking_custom
-- Symlinking: /home/sunrise/down_dection/install/body_tracking_custom/share/body_tracking_custom/launch/body_tracking.launch.py
-- Symlinking: /home/sunrise/down_dection/install/body_tracking_custom/share/body_tracking_custom/launch/body_tracking_without_gesture.launch.py
-- Symlinking: /home/sunrise/down_dection/install/body_tracking_custom/share/body_tracking_custom/launch/body_tracking_without_input_node.launch.py
-- Symlinking: /home/sunrise/down_dection/install/body_tracking_custom/lib/body_tracking_custom/README.md
-- Symlinking: /home/sunrise/down_dection/install/body_tracking_custom/lib/body_tracking_custom/images/20220922180336.png
-- Symlinking: /home/sunrise/down_dection/install/body_tracking_custom/lib/body_tracking_custom/images/body_detection.gif
-- Symlinking: /home/sunrise/down_dection/install/body_tracking_custom/lib/body_tracking_custom/images/ezgif-5-5c246b7347.gif
-- Symlinking: /home/sunrise/down_dection/install/body_tracking_custom/lib/body_tracking_custom/images/gazebo1.jpeg
-- Symlinking: /home/sunrise/down_dection/install/body_tracking_custom/lib/body_tracking_custom/images/image-ok.png
-- Symlinking: /home/sunrise/down_dection/install/body_tracking_custom/lib/body_tracking_custom/images/image-palm.png
-- Symlinking: /home/sunrise/down_dection/install/body_tracking_custom/lib/body_tracking_custom/images/interfaces.jpg
-- Symlinking: /home/sunrise/down_dection/install/body_tracking_custom/lib/body_tracking_custom/images/tracking.gif
-- Symlinking: /home/sunrise/down_dection/install/body_tracking_custom/lib/body_tracking_custom/images/webservice.jpeg
-- Symlinking: /home/sunrise/down_dection/install/body_tracking_custom/share/ament_index/resource_index/package_run_dependencies/body_tracking_custom
-- Symlinking: /home/sunrise/down_dection/install/body_tracking_custom/share/ament_index/resource_index/parent_prefix_path/body_tracking_custom
-- Symlinking: /home/sunrise/down_dection/install/body_tracking_custom/share/body_tracking_custom/environment/ament_prefix_path.sh
-- Symlinking: /home/sunrise/down_dection/install/body_tracking_custom/share/body_tracking_custom/environment/ament_prefix_path.dsv
-- Symlinking: /home/sunrise/down_dection/install/body_tracking_custom/share/body_tracking_custom/environment/path.sh
-- Symlinking: /home/sunrise/down_dection/install/body_tracking_custom/share/body_tracking_custom/environment/path.dsv
-- Symlinking: /home/sunrise/down_dection/install/body_tracking_custom/share/body_tracking_custom/local_setup.bash
-- Symlinking: /home/sunrise/down_dection/install/body_tracking_custom/share/body_tracking_custom/local_setup.sh
-- Symlinking: /home/sunrise/down_dection/install/body_tracking_custom/share/body_tracking_custom/local_setup.zsh
-- Symlinking: /home/sunrise/down_dection/install/body_tracking_custom/share/body_tracking_custom/local_setup.dsv
-- Symlinking: /home/sunrise/down_dection/install/body_tracking_custom/share/body_tracking_custom/package.dsv
-- Symlinking: /home/sunrise/down_dection/install/body_tracking_custom/share/ament_index/resource_index/packages/body_tracking_custom
-- Symlinking: /home/sunrise/down_dection/install/body_tracking_custom/share/body_tracking_custom/cmake/ament_cmake_export_dependencies-extras.cmake
-- Symlinking: /home/sunrise/down_dection/install/body_tracking_custom/share/body_tracking_custom/cmake/body_tracking_customConfig.cmake
-- Symlinking: /home/sunrise/down_dection/install/body_tracking_custom/share/body_tracking_custom/cmake/body_tracking_customConfig-version.cmake
-- Symlinking: /home/sunrise/down_dection/install/body_tracking_custom/share/body_tracking_custom/package.xml
