[0.617s] DEBUG:colcon:Command line arguments: ['/usr/bin/colcon', 'build', '--packages-select', 'hand_gesture_detection_develop', '--symlink-install']
[0.618s] DEBUG:colcon:Parsed command line arguments: Namespace(log_base=None, log_level=None, verb_name='build', build_base='build', install_base='install', merge_install=False, symlink_install=True, test_result_base=None, continue_on_error=False, executor='parallel', parallel_workers=8, event_handlers=None, ignore_user_meta=False, metas=['./colcon.meta'], base_paths=['.'], packages_ignore=None, packages_ignore_regex=None, paths=None, packages_up_to=None, packages_up_to_regex=None, packages_above=None, packages_above_and_dependencies=None, packages_above_depth=None, packages_select_by_dep=None, packages_skip_by_dep=None, packages_skip_up_to=None, packages_select_build_failed=False, packages_skip_build_finished=False, packages_select_test_failures=False, packages_skip_test_passed=False, packages_select=['hand_gesture_detection_develop'], packages_skip=None, packages_select_regex=None, packages_skip_regex=None, packages_start=None, packages_end=None, allow_overriding=[], cmake_args=None, cmake_target=None, cmake_target_skip_unavailable=False, cmake_clean_cache=False, cmake_clean_first=False, cmake_force_configure=False, ament_cmake_args=None, catkin_cmake_args=None, catkin_skip_building_tests=False, verb_parser=<colcon_defaults.argument_parser.defaults.DefaultArgumentsDecorator object at 0xffff95260940>, verb_extension=<colcon_core.verb.build.BuildVerb object at 0xffff9541a590>, main=<bound method BuildVerb.main of <colcon_core.verb.build.BuildVerb object at 0xffff9541a590>>)
[1.717s] Level 1:colcon.colcon_core.package_discovery:discover_packages(colcon_meta) check parameters
[1.718s] Level 1:colcon.colcon_core.package_discovery:discover_packages(recursive) check parameters
[1.718s] Level 1:colcon.colcon_core.package_discovery:discover_packages(ignore) check parameters
[1.718s] Level 1:colcon.colcon_core.package_discovery:discover_packages(path) check parameters
[1.718s] Level 1:colcon.colcon_core.package_discovery:discover_packages(colcon_meta) discover
[1.719s] Level 1:colcon.colcon_core.package_discovery:discover_packages(recursive) discover
[1.719s] INFO:colcon.colcon_core.package_discovery:Crawling recursively for packages in '/home/sunrise/hand_gesture_recognize'
[1.720s] Level 1:colcon.colcon_core.package_identification:_identify(.) by extensions ['ignore', 'ignore_ament_install']
[1.720s] Level 1:colcon.colcon_core.package_identification:_identify(.) by extension 'ignore'
[1.720s] Level 1:colcon.colcon_core.package_identification:_identify(.) by extension 'ignore_ament_install'
[1.721s] Level 1:colcon.colcon_core.package_identification:_identify(.) by extensions ['colcon_pkg']
[1.721s] Level 1:colcon.colcon_core.package_identification:_identify(.) by extension 'colcon_pkg'
[1.721s] Level 1:colcon.colcon_core.package_identification:_identify(.) by extensions ['colcon_meta']
[1.721s] Level 1:colcon.colcon_core.package_identification:_identify(.) by extension 'colcon_meta'
[1.722s] Level 1:colcon.colcon_core.package_identification:_identify(.) by extensions ['ros']
[1.722s] Level 1:colcon.colcon_core.package_identification:_identify(.) by extension 'ros'
[1.793s] Level 1:colcon.colcon_core.package_identification:_identify(.) by extensions ['cmake', 'python']
[1.794s] Level 1:colcon.colcon_core.package_identification:_identify(.) by extension 'cmake'
[1.794s] Level 1:colcon.colcon_core.package_identification:_identify(.) by extension 'python'
[1.794s] Level 1:colcon.colcon_core.package_identification:_identify(.) by extensions ['python_setup_py']
[1.795s] Level 1:colcon.colcon_core.package_identification:_identify(.) by extension 'python_setup_py'
[1.796s] Level 1:colcon.colcon_core.package_identification:_identify(build) by extensions ['ignore', 'ignore_ament_install']
[1.796s] Level 1:colcon.colcon_core.package_identification:_identify(build) by extension 'ignore'
[1.796s] Level 1:colcon.colcon_core.package_identification:_identify(build) ignored
[1.797s] Level 1:colcon.colcon_core.package_identification:_identify(config) by extensions ['ignore', 'ignore_ament_install']
[1.798s] Level 1:colcon.colcon_core.package_identification:_identify(config) by extension 'ignore'
[1.798s] Level 1:colcon.colcon_core.package_identification:_identify(config) by extension 'ignore_ament_install'
[1.798s] Level 1:colcon.colcon_core.package_identification:_identify(config) by extensions ['colcon_pkg']
[1.798s] Level 1:colcon.colcon_core.package_identification:_identify(config) by extension 'colcon_pkg'
[1.799s] Level 1:colcon.colcon_core.package_identification:_identify(config) by extensions ['colcon_meta']
[1.799s] Level 1:colcon.colcon_core.package_identification:_identify(config) by extension 'colcon_meta'
[1.799s] Level 1:colcon.colcon_core.package_identification:_identify(config) by extensions ['ros']
[1.799s] Level 1:colcon.colcon_core.package_identification:_identify(config) by extension 'ros'
[1.800s] Level 1:colcon.colcon_core.package_identification:_identify(config) by extensions ['cmake', 'python']
[1.800s] Level 1:colcon.colcon_core.package_identification:_identify(config) by extension 'cmake'
[1.800s] Level 1:colcon.colcon_core.package_identification:_identify(config) by extension 'python'
[1.800s] Level 1:colcon.colcon_core.package_identification:_identify(config) by extensions ['python_setup_py']
[1.801s] Level 1:colcon.colcon_core.package_identification:_identify(config) by extension 'python_setup_py'
[1.801s] Level 1:colcon.colcon_core.package_identification:_identify(install) by extensions ['ignore', 'ignore_ament_install']
[1.802s] Level 1:colcon.colcon_core.package_identification:_identify(install) by extension 'ignore'
[1.802s] Level 1:colcon.colcon_core.package_identification:_identify(install) ignored
[1.802s] Level 1:colcon.colcon_core.package_identification:_identify(log) by extensions ['ignore', 'ignore_ament_install']
[1.803s] Level 1:colcon.colcon_core.package_identification:_identify(log) by extension 'ignore'
[1.803s] Level 1:colcon.colcon_core.package_identification:_identify(log) ignored
[1.804s] Level 1:colcon.colcon_core.package_identification:_identify(src) by extensions ['ignore', 'ignore_ament_install']
[1.804s] Level 1:colcon.colcon_core.package_identification:_identify(src) by extension 'ignore'
[1.804s] Level 1:colcon.colcon_core.package_identification:_identify(src) by extension 'ignore_ament_install'
[1.805s] Level 1:colcon.colcon_core.package_identification:_identify(src) by extensions ['colcon_pkg']
[1.805s] Level 1:colcon.colcon_core.package_identification:_identify(src) by extension 'colcon_pkg'
[1.805s] Level 1:colcon.colcon_core.package_identification:_identify(src) by extensions ['colcon_meta']
[1.805s] Level 1:colcon.colcon_core.package_identification:_identify(src) by extension 'colcon_meta'
[1.806s] Level 1:colcon.colcon_core.package_identification:_identify(src) by extensions ['ros']
[1.806s] Level 1:colcon.colcon_core.package_identification:_identify(src) by extension 'ros'
[1.806s] Level 1:colcon.colcon_core.package_identification:_identify(src) by extensions ['cmake', 'python']
[1.807s] Level 1:colcon.colcon_core.package_identification:_identify(src) by extension 'cmake'
[1.807s] Level 1:colcon.colcon_core.package_identification:_identify(src) by extension 'python'
[1.807s] Level 1:colcon.colcon_core.package_identification:_identify(src) by extensions ['python_setup_py']
[1.807s] Level 1:colcon.colcon_core.package_identification:_identify(src) by extension 'python_setup_py'
[1.808s] Level 1:colcon.colcon_core.package_identification:_identify(src/hand_gesture_detection_develop) by extensions ['ignore', 'ignore_ament_install']
[1.808s] Level 1:colcon.colcon_core.package_identification:_identify(src/hand_gesture_detection_develop) by extension 'ignore'
[1.809s] Level 1:colcon.colcon_core.package_identification:_identify(src/hand_gesture_detection_develop) by extension 'ignore_ament_install'
[1.809s] Level 1:colcon.colcon_core.package_identification:_identify(src/hand_gesture_detection_develop) by extensions ['colcon_pkg']
[1.809s] Level 1:colcon.colcon_core.package_identification:_identify(src/hand_gesture_detection_develop) by extension 'colcon_pkg'
[1.809s] Level 1:colcon.colcon_core.package_identification:_identify(src/hand_gesture_detection_develop) by extensions ['colcon_meta']
[1.810s] Level 1:colcon.colcon_core.package_identification:_identify(src/hand_gesture_detection_develop) by extension 'colcon_meta'
[1.810s] Level 1:colcon.colcon_core.package_identification:_identify(src/hand_gesture_detection_develop) by extensions ['ros']
[1.810s] Level 1:colcon.colcon_core.package_identification:_identify(src/hand_gesture_detection_develop) by extension 'ros'
[1.824s] DEBUG:colcon.colcon_core.package_identification:Package 'src/hand_gesture_detection_develop' with type 'ros.ament_cmake' and name 'hand_gesture_detection_develop'
[1.825s] Level 1:colcon.colcon_core.package_discovery:discover_packages(recursive) using defaults
[1.825s] Level 1:colcon.colcon_core.package_discovery:discover_packages(ignore) discover
[1.826s] Level 1:colcon.colcon_core.package_discovery:discover_packages(ignore) using defaults
[1.826s] Level 1:colcon.colcon_core.package_discovery:discover_packages(path) discover
[1.826s] Level 1:colcon.colcon_core.package_discovery:discover_packages(path) using defaults
[1.943s] Level 1:colcon.colcon_core.package_discovery:discover_packages(prefix_path) check parameters
[1.943s] Level 1:colcon.colcon_core.package_discovery:discover_packages(prefix_path) discover
[2.025s] WARNING:colcon.colcon_ros.prefix_path.ament:The path '/home/sunrise/hand_gesture_recognize/install/hand_gesture_detection_develop' in the environment variable AMENT_PREFIX_PATH doesn't exist
[2.026s] WARNING:colcon.colcon_ros.prefix_path.catkin:The path '/home/sunrise/hand_gesture_recognize/install/hand_gesture_detection_develop' in the environment variable CMAKE_PREFIX_PATH doesn't exist
[2.030s] DEBUG:colcon.colcon_installed_package_information.package_discovery:Found 0 installed packages in /home/sunrise/hand_gesture_recognize/install
[2.032s] DEBUG:colcon.colcon_installed_package_information.package_discovery:Found 54 installed packages in /opt/tros/humble
[2.045s] DEBUG:colcon.colcon_installed_package_information.package_discovery:Found 287 installed packages in /opt/ros/humble
[2.057s] Level 1:colcon.colcon_core.package_discovery:discover_packages(prefix_path) using defaults
[2.357s] Level 5:colcon.colcon_core.verb:set package 'hand_gesture_detection_develop' build argument 'cmake_args' from command line to 'None'
[2.357s] Level 5:colcon.colcon_core.verb:set package 'hand_gesture_detection_develop' build argument 'cmake_target' from command line to 'None'
[2.357s] Level 5:colcon.colcon_core.verb:set package 'hand_gesture_detection_develop' build argument 'cmake_target_skip_unavailable' from command line to 'False'
[2.358s] Level 5:colcon.colcon_core.verb:set package 'hand_gesture_detection_develop' build argument 'cmake_clean_cache' from command line to 'False'
[2.358s] Level 5:colcon.colcon_core.verb:set package 'hand_gesture_detection_develop' build argument 'cmake_clean_first' from command line to 'False'
[2.358s] Level 5:colcon.colcon_core.verb:set package 'hand_gesture_detection_develop' build argument 'cmake_force_configure' from command line to 'False'
[2.358s] Level 5:colcon.colcon_core.verb:set package 'hand_gesture_detection_develop' build argument 'ament_cmake_args' from command line to 'None'
[2.358s] Level 5:colcon.colcon_core.verb:set package 'hand_gesture_detection_develop' build argument 'catkin_cmake_args' from command line to 'None'
[2.359s] Level 5:colcon.colcon_core.verb:set package 'hand_gesture_detection_develop' build argument 'catkin_skip_building_tests' from command line to 'False'
[2.359s] DEBUG:colcon.colcon_core.verb:Building package 'hand_gesture_detection_develop' with the following arguments: {'ament_cmake_args': None, 'build_base': '/home/sunrise/hand_gesture_recognize/build/hand_gesture_detection_develop', 'catkin_cmake_args': None, 'catkin_skip_building_tests': False, 'cmake_args': None, 'cmake_clean_cache': False, 'cmake_clean_first': False, 'cmake_force_configure': False, 'cmake_target': None, 'cmake_target_skip_unavailable': False, 'install_base': '/home/sunrise/hand_gesture_recognize/install/hand_gesture_detection_develop', 'merge_install': False, 'path': '/home/sunrise/hand_gesture_recognize/src/hand_gesture_detection_develop', 'symlink_install': True, 'test_result_base': None}
[2.360s] INFO:colcon.colcon_core.executor:Executing jobs using 'parallel' executor
[2.365s] DEBUG:colcon.colcon_parallel_executor.executor.parallel:run_until_complete
[2.367s] INFO:colcon.colcon_ros.task.ament_cmake.build:Building ROS package in '/home/sunrise/hand_gesture_recognize/src/hand_gesture_detection_develop' with build type 'ament_cmake'
[2.368s] INFO:colcon.colcon_cmake.task.cmake.build:Building CMake package in '/home/sunrise/hand_gesture_recognize/src/hand_gesture_detection_develop'
[2.380s] INFO:colcon.colcon_core.plugin_system:Skipping extension 'colcon_core.shell.bat': Not used on non-Windows systems
[2.381s] INFO:colcon.colcon_core.shell:Skip shell extension 'powershell' for command environment: Not usable outside of PowerShell
[2.382s] DEBUG:colcon.colcon_core.shell:Skip shell extension 'dsv' for command environment
[2.419s] DEBUG:colcon.colcon_core.event_handler.log_command:Invoking command in '/home/sunrise/hand_gesture_recognize/build/hand_gesture_detection_develop': CMAKE_PREFIX_PATH=${CMAKE_PREFIX_PATH}:/opt/tros/humble:/opt/ros/humble /usr/bin/cmake /home/sunrise/hand_gesture_recognize/src/hand_gesture_detection_develop -DAMENT_CMAKE_SYMLINK_INSTALL=1 -DCMAKE_INSTALL_PREFIX=/home/sunrise/hand_gesture_recognize/install/hand_gesture_detection_develop
[8.788s] DEBUG:colcon.colcon_core.event_handler.log_command:Invoked command in '/home/sunrise/hand_gesture_recognize/build/hand_gesture_detection_develop' returned '0': CMAKE_PREFIX_PATH=${CMAKE_PREFIX_PATH}:/opt/tros/humble:/opt/ros/humble /usr/bin/cmake /home/sunrise/hand_gesture_recognize/src/hand_gesture_detection_develop -DAMENT_CMAKE_SYMLINK_INSTALL=1 -DCMAKE_INSTALL_PREFIX=/home/sunrise/hand_gesture_recognize/install/hand_gesture_detection_develop
[8.800s] DEBUG:colcon.colcon_core.event_handler.log_command:Invoking command in '/home/sunrise/hand_gesture_recognize/build/hand_gesture_detection_develop': CMAKE_PREFIX_PATH=${CMAKE_PREFIX_PATH}:/opt/tros/humble:/opt/ros/humble /usr/bin/cmake --build /home/sunrise/hand_gesture_recognize/build/hand_gesture_detection_develop -- -j8 -l8
[87.176s] DEBUG:colcon.colcon_core.event_handler.log_command:Invoked command in '/home/sunrise/hand_gesture_recognize/build/hand_gesture_detection_develop' returned '0': CMAKE_PREFIX_PATH=${CMAKE_PREFIX_PATH}:/opt/tros/humble:/opt/ros/humble /usr/bin/cmake --build /home/sunrise/hand_gesture_recognize/build/hand_gesture_detection_develop -- -j8 -l8
[87.222s] DEBUG:colcon.colcon_core.event_handler.log_command:Invoking command in '/home/sunrise/hand_gesture_recognize/build/hand_gesture_detection_develop': CMAKE_PREFIX_PATH=${CMAKE_PREFIX_PATH}:/opt/tros/humble:/opt/ros/humble /usr/bin/cmake --install /home/sunrise/hand_gesture_recognize/build/hand_gesture_detection_develop
[88.304s] Level 1:colcon.colcon_core.environment:create_environment_scripts_only(hand_gesture_detection_develop)
[88.306s] DEBUG:colcon.colcon_core.event_handler.log_command:Invoked command in '/home/sunrise/hand_gesture_recognize/build/hand_gesture_detection_develop' returned '0': CMAKE_PREFIX_PATH=${CMAKE_PREFIX_PATH}:/opt/tros/humble:/opt/ros/humble /usr/bin/cmake --install /home/sunrise/hand_gesture_recognize/build/hand_gesture_detection_develop
[88.328s] Level 1:colcon.colcon_core.environment:checking '/home/sunrise/hand_gesture_recognize/install/hand_gesture_detection_develop' for CMake module files
[88.332s] Level 1:colcon.colcon_core.environment:checking '/home/sunrise/hand_gesture_recognize/install/hand_gesture_detection_develop' for CMake config files
[88.333s] Level 1:colcon.colcon_core.shell:create_environment_hook('hand_gesture_detection_develop', 'cmake_prefix_path')
[88.335s] INFO:colcon.colcon_core.shell:Creating environment hook '/home/sunrise/hand_gesture_recognize/install/hand_gesture_detection_develop/share/hand_gesture_detection_develop/hook/cmake_prefix_path.ps1'
[88.339s] INFO:colcon.colcon_core.shell:Creating environment descriptor '/home/sunrise/hand_gesture_recognize/install/hand_gesture_detection_develop/share/hand_gesture_detection_develop/hook/cmake_prefix_path.dsv'
[88.342s] INFO:colcon.colcon_core.shell:Creating environment hook '/home/sunrise/hand_gesture_recognize/install/hand_gesture_detection_develop/share/hand_gesture_detection_develop/hook/cmake_prefix_path.sh'
[88.347s] Level 1:colcon.colcon_core.environment:checking '/home/sunrise/hand_gesture_recognize/install/hand_gesture_detection_develop/lib'
[88.348s] Level 1:colcon.colcon_core.environment:checking '/home/sunrise/hand_gesture_recognize/install/hand_gesture_detection_develop/bin'
[88.349s] Level 1:colcon.colcon_core.environment:checking '/home/sunrise/hand_gesture_recognize/install/hand_gesture_detection_develop/lib/pkgconfig/hand_gesture_detection_develop.pc'
[88.351s] Level 1:colcon.colcon_core.environment:checking '/home/sunrise/hand_gesture_recognize/install/hand_gesture_detection_develop/lib/python3.10/site-packages'
[88.352s] Level 1:colcon.colcon_core.environment:checking '/home/sunrise/hand_gesture_recognize/install/hand_gesture_detection_develop/bin'
[88.354s] INFO:colcon.colcon_core.shell:Creating package script '/home/sunrise/hand_gesture_recognize/install/hand_gesture_detection_develop/share/hand_gesture_detection_develop/package.ps1'
[88.359s] INFO:colcon.colcon_core.shell:Creating package descriptor '/home/sunrise/hand_gesture_recognize/install/hand_gesture_detection_develop/share/hand_gesture_detection_develop/package.dsv'
[88.363s] INFO:colcon.colcon_core.shell:Creating package script '/home/sunrise/hand_gesture_recognize/install/hand_gesture_detection_develop/share/hand_gesture_detection_develop/package.sh'
[88.368s] INFO:colcon.colcon_core.shell:Creating package script '/home/sunrise/hand_gesture_recognize/install/hand_gesture_detection_develop/share/hand_gesture_detection_develop/package.bash'
[88.373s] INFO:colcon.colcon_core.shell:Creating package script '/home/sunrise/hand_gesture_recognize/install/hand_gesture_detection_develop/share/hand_gesture_detection_develop/package.zsh'
[88.377s] Level 1:colcon.colcon_core.environment:create_file_with_runtime_dependencies(/home/sunrise/hand_gesture_recognize/install/hand_gesture_detection_develop/share/colcon-core/packages/hand_gesture_detection_develop)
[88.381s] Level 1:colcon.colcon_core.environment:create_environment_scripts_only(hand_gesture_detection_develop)
[88.382s] Level 1:colcon.colcon_core.environment:checking '/home/sunrise/hand_gesture_recognize/install/hand_gesture_detection_develop' for CMake module files
[88.386s] Level 1:colcon.colcon_core.environment:checking '/home/sunrise/hand_gesture_recognize/install/hand_gesture_detection_develop' for CMake config files
[88.388s] Level 1:colcon.colcon_core.shell:create_environment_hook('hand_gesture_detection_develop', 'cmake_prefix_path')
[88.389s] INFO:colcon.colcon_core.shell:Creating environment hook '/home/sunrise/hand_gesture_recognize/install/hand_gesture_detection_develop/share/hand_gesture_detection_develop/hook/cmake_prefix_path.ps1'
[88.391s] INFO:colcon.colcon_core.shell:Creating environment descriptor '/home/sunrise/hand_gesture_recognize/install/hand_gesture_detection_develop/share/hand_gesture_detection_develop/hook/cmake_prefix_path.dsv'
[88.393s] INFO:colcon.colcon_core.shell:Creating environment hook '/home/sunrise/hand_gesture_recognize/install/hand_gesture_detection_develop/share/hand_gesture_detection_develop/hook/cmake_prefix_path.sh'
[88.396s] Level 1:colcon.colcon_core.environment:checking '/home/sunrise/hand_gesture_recognize/install/hand_gesture_detection_develop/lib'
[88.397s] Level 1:colcon.colcon_core.environment:checking '/home/sunrise/hand_gesture_recognize/install/hand_gesture_detection_develop/bin'
[88.397s] Level 1:colcon.colcon_core.environment:checking '/home/sunrise/hand_gesture_recognize/install/hand_gesture_detection_develop/lib/pkgconfig/hand_gesture_detection_develop.pc'
[88.398s] Level 1:colcon.colcon_core.environment:checking '/home/sunrise/hand_gesture_recognize/install/hand_gesture_detection_develop/lib/python3.10/site-packages'
[88.399s] Level 1:colcon.colcon_core.environment:checking '/home/sunrise/hand_gesture_recognize/install/hand_gesture_detection_develop/bin'
[88.401s] INFO:colcon.colcon_core.shell:Creating package script '/home/sunrise/hand_gesture_recognize/install/hand_gesture_detection_develop/share/hand_gesture_detection_develop/package.ps1'
[88.405s] INFO:colcon.colcon_core.shell:Creating package descriptor '/home/sunrise/hand_gesture_recognize/install/hand_gesture_detection_develop/share/hand_gesture_detection_develop/package.dsv'
[88.407s] INFO:colcon.colcon_core.shell:Creating package script '/home/sunrise/hand_gesture_recognize/install/hand_gesture_detection_develop/share/hand_gesture_detection_develop/package.sh'
[88.410s] INFO:colcon.colcon_core.shell:Creating package script '/home/sunrise/hand_gesture_recognize/install/hand_gesture_detection_develop/share/hand_gesture_detection_develop/package.bash'
[88.412s] INFO:colcon.colcon_core.shell:Creating package script '/home/sunrise/hand_gesture_recognize/install/hand_gesture_detection_develop/share/hand_gesture_detection_develop/package.zsh'
[88.414s] Level 1:colcon.colcon_core.environment:create_file_with_runtime_dependencies(/home/sunrise/hand_gesture_recognize/install/hand_gesture_detection_develop/share/colcon-core/packages/hand_gesture_detection_develop)
[88.416s] DEBUG:colcon.colcon_parallel_executor.executor.parallel:closing loop
[88.417s] DEBUG:colcon.colcon_parallel_executor.executor.parallel:loop closed
[88.417s] DEBUG:colcon.colcon_parallel_executor.executor.parallel:run_until_complete finished with '0'
[88.418s] DEBUG:colcon.colcon_core.event_reactor:joining thread
[88.446s] INFO:colcon.colcon_core.plugin_system:Skipping extension 'colcon_notification.desktop_notification.notify_send': Could not find 'notify-send'
[88.447s] INFO:colcon.colcon_core.plugin_system:Skipping extension 'colcon_notification.desktop_notification.terminal_notifier': Not used on non-Darwin systems
[88.448s] INFO:colcon.colcon_core.plugin_system:Skipping extension 'colcon_notification.desktop_notification.win32': Not used on non-Windows systems
[88.448s] INFO:colcon.colcon_notification.desktop_notification:Sending desktop notification using 'notify2'
[88.475s] DEBUG:colcon.colcon_core.event_reactor:joined thread
[88.477s] INFO:colcon.colcon_core.shell:Creating prefix script '/home/sunrise/hand_gesture_recognize/install/local_setup.ps1'
[88.485s] INFO:colcon.colcon_core.shell:Creating prefix util module '/home/sunrise/hand_gesture_recognize/install/_local_setup_util_ps1.py'
[88.496s] INFO:colcon.colcon_core.shell:Creating prefix chain script '/home/sunrise/hand_gesture_recognize/install/setup.ps1'
[88.503s] INFO:colcon.colcon_core.shell:Creating prefix script '/home/sunrise/hand_gesture_recognize/install/local_setup.sh'
[88.508s] INFO:colcon.colcon_core.shell:Creating prefix util module '/home/sunrise/hand_gesture_recognize/install/_local_setup_util_sh.py'
[88.512s] INFO:colcon.colcon_core.shell:Creating prefix chain script '/home/sunrise/hand_gesture_recognize/install/setup.sh'
[88.518s] INFO:colcon.colcon_core.shell:Creating prefix script '/home/sunrise/hand_gesture_recognize/install/local_setup.bash'
[88.521s] INFO:colcon.colcon_core.shell:Creating prefix chain script '/home/sunrise/hand_gesture_recognize/install/setup.bash'
[88.527s] INFO:colcon.colcon_core.shell:Creating prefix script '/home/sunrise/hand_gesture_recognize/install/local_setup.zsh'
[88.530s] INFO:colcon.colcon_core.shell:Creating prefix chain script '/home/sunrise/hand_gesture_recognize/install/setup.zsh'
