-- Found ament_cmake: 1.3.11 (/opt/ros/humble/share/ament_cmake/cmake)
-- Override CMake install command with custom implementation using symlinks instead of copying resources
-- Found rclcpp: 16.0.12 (/opt/ros/humble/share/rclcpp/cmake)
-- Found rosidl_generator_c: 3.1.6 (/opt/ros/humble/share/rosidl_generator_c/cmake)
-- Found rosidl_adapter: 3.1.6 (/opt/ros/humble/share/rosidl_adapter/cmake)
-- Found rosidl_generator_cpp: 3.1.6 (/opt/ros/humble/share/rosidl_generator_cpp/cmake)
-- Using all available rosidl_typesupport_c: rosidl_typesupport_fastrtps_c;rosidl_typesupport_introspection_c
-- Using all available rosidl_typesupport_cpp: rosidl_typesupport_fastrtps_cpp;rosidl_typesupport_introspection_cpp
-- Found rmw_implementation_cmake: 6.1.2 (/opt/ros/humble/share/rmw_implementation_cmake/cmake)
-- Found rmw_fastrtps_cpp: 6.2.7 (/opt/ros/humble/share/rmw_fastrtps_cpp/cmake)
-- Using RMW implementation 'rmw_fastrtps_cpp' as default
-- Found rclcpp_action: 16.0.12 (/opt/ros/humble/share/rclcpp_action/cmake)
-- Found rosidl_default_generators: 1.2.0 (/opt/ros/humble/share/rosidl_default_generators/cmake)
-- Found ai_msgs: 2.0.1 (/opt/tros/humble/share/ai_msgs/cmake)
-- Configuring done
-- Generating done
-- Build files have been written to: /home/sunrise/down_dection/build/body_tracking_custom
[35m[1mConsolidate compiler generated dependencies of target body_tracking_custom[0m
[ 20%] [32mBuilding CXX object CMakeFiles/body_tracking_custom.dir/src/smart_subscriber.cpp.o[0m
[ 40%] [32mBuilding CXX object CMakeFiles/body_tracking_custom.dir/src/main.cpp.o[0m
[ 80%] [32mBuilding CXX object CMakeFiles/body_tracking_custom.dir/src/util.cpp.o[0m
[ 80%] [32mBuilding CXX object CMakeFiles/body_tracking_custom.dir/src/body_tracking.cpp.o[0m
[100%] [32m[1mLinking CXX executable body_tracking_custom[0m
[100%] Built target body_tracking_custom
-- Install configuration: ""
-- Execute custom install script
-- Up-to-date symlink: /home/sunrise/down_dection/install/body_tracking_custom/lib/body_tracking_custom/body_tracking_custom
-- Up-to-date symlink: /home/sunrise/down_dection/install/body_tracking_custom/share/body_tracking_custom/launch/body_tracking.launch.py
-- Up-to-date symlink: /home/sunrise/down_dection/install/body_tracking_custom/share/body_tracking_custom/launch/body_tracking_without_gesture.launch.py
-- Up-to-date symlink: /home/sunrise/down_dection/install/body_tracking_custom/share/body_tracking_custom/launch/body_tracking_without_input_node.launch.py
-- Up-to-date symlink: /home/sunrise/down_dection/install/body_tracking_custom/lib/body_tracking_custom/README.md
-- Up-to-date symlink: /home/sunrise/down_dection/install/body_tracking_custom/lib/body_tracking_custom/images/20220922180336.png
-- Up-to-date symlink: /home/sunrise/down_dection/install/body_tracking_custom/lib/body_tracking_custom/images/body_detection.gif
-- Up-to-date symlink: /home/sunrise/down_dection/install/body_tracking_custom/lib/body_tracking_custom/images/ezgif-5-5c246b7347.gif
-- Up-to-date symlink: /home/sunrise/down_dection/install/body_tracking_custom/lib/body_tracking_custom/images/gazebo1.jpeg
-- Up-to-date symlink: /home/sunrise/down_dection/install/body_tracking_custom/lib/body_tracking_custom/images/image-ok.png
-- Up-to-date symlink: /home/sunrise/down_dection/install/body_tracking_custom/lib/body_tracking_custom/images/image-palm.png
-- Up-to-date symlink: /home/sunrise/down_dection/install/body_tracking_custom/lib/body_tracking_custom/images/interfaces.jpg
-- Up-to-date symlink: /home/sunrise/down_dection/install/body_tracking_custom/lib/body_tracking_custom/images/tracking.gif
-- Up-to-date symlink: /home/sunrise/down_dection/install/body_tracking_custom/lib/body_tracking_custom/images/webservice.jpeg
-- Up-to-date symlink: /home/sunrise/down_dection/install/body_tracking_custom/share/ament_index/resource_index/package_run_dependencies/body_tracking_custom
-- Up-to-date symlink: /home/sunrise/down_dection/install/body_tracking_custom/share/ament_index/resource_index/parent_prefix_path/body_tracking_custom
-- Up-to-date symlink: /home/sunrise/down_dection/install/body_tracking_custom/share/body_tracking_custom/environment/ament_prefix_path.sh
-- Up-to-date symlink: /home/sunrise/down_dection/install/body_tracking_custom/share/body_tracking_custom/environment/ament_prefix_path.dsv
-- Up-to-date symlink: /home/sunrise/down_dection/install/body_tracking_custom/share/body_tracking_custom/environment/path.sh
-- Up-to-date symlink: /home/sunrise/down_dection/install/body_tracking_custom/share/body_tracking_custom/environment/path.dsv
-- Up-to-date symlink: /home/sunrise/down_dection/install/body_tracking_custom/share/body_tracking_custom/local_setup.bash
-- Up-to-date symlink: /home/sunrise/down_dection/install/body_tracking_custom/share/body_tracking_custom/local_setup.sh
-- Up-to-date symlink: /home/sunrise/down_dection/install/body_tracking_custom/share/body_tracking_custom/local_setup.zsh
-- Up-to-date symlink: /home/sunrise/down_dection/install/body_tracking_custom/share/body_tracking_custom/local_setup.dsv
-- Symlinking: /home/sunrise/down_dection/install/body_tracking_custom/share/body_tracking_custom/package.dsv
-- Up-to-date symlink: /home/sunrise/down_dection/install/body_tracking_custom/share/ament_index/resource_index/packages/body_tracking_custom
-- Up-to-date symlink: /home/sunrise/down_dection/install/body_tracking_custom/share/body_tracking_custom/cmake/ament_cmake_export_dependencies-extras.cmake
-- Up-to-date symlink: /home/sunrise/down_dection/install/body_tracking_custom/share/body_tracking_custom/cmake/body_tracking_customConfig.cmake
-- Up-to-date symlink: /home/sunrise/down_dection/install/body_tracking_custom/share/body_tracking_custom/cmake/body_tracking_customConfig-version.cmake
-- Up-to-date symlink: /home/sunrise/down_dection/install/body_tracking_custom/share/body_tracking_custom/package.xml
