[0.045s] Invoking command in '/home/sunrise/hand_gesture_recognize/build/hand_gesture_detection_develop': CMAKE_PREFIX_PATH=${CMAKE_PREFIX_PATH}:/opt/tros/humble:/opt/ros/humble /usr/bin/cmake /home/sunrise/hand_gesture_recognize/src/hand_gesture_detection_develop -DAMENT_CMAKE_SYMLINK_INSTALL=1 -DCMAKE_INSTALL_PREFIX=/home/sunrise/hand_gesture_recognize/install/hand_gesture_detection_develop
[0.359s] -- The C compiler identification is GNU 11.2.0
[0.676s] -- The CXX compiler identification is GNU 11.2.0
[0.713s] -- Detecting C compiler ABI info
[1.079s] -- Detecting C compiler ABI info - done
[1.136s] -- Check for working C compiler: /usr/bin/cc - skipped
[1.137s] -- Detecting C compile features
[1.139s] -- Detecting C compile features - done
[1.154s] -- Detecting CXX compiler ABI info
[1.568s] -- Detecting CXX compiler ABI info - done
[1.638s] -- Check for working CXX compiler: /usr/bin/c++ - skipped
[1.640s] -- Detecting CXX compile features
[1.642s] -- Detecting CXX compile features - done
[1.653s] -- Found ament_cmake: 1.3.11 (/opt/ros/humble/share/ament_cmake/cmake)
[2.575s] -- Found Python3: /usr/bin/python3 (found version "3.10.12") found components: Interpreter 
[2.976s] -- Override CMake install command with custom implementation using symlinks instead of copying resources
[3.096s] -- Found rclcpp: 16.0.12 (/opt/ros/humble/share/rclcpp/cmake)
[3.285s] -- Found rosidl_generator_c: 3.1.6 (/opt/ros/humble/share/rosidl_generator_c/cmake)
[3.310s] -- Found rosidl_adapter: 3.1.6 (/opt/ros/humble/share/rosidl_adapter/cmake)
[3.351s] -- Found rosidl_generator_cpp: 3.1.6 (/opt/ros/humble/share/rosidl_generator_cpp/cmake)
[3.416s] -- Using all available rosidl_typesupport_c: rosidl_typesupport_fastrtps_c;rosidl_typesupport_introspection_c
[3.501s] -- Using all available rosidl_typesupport_cpp: rosidl_typesupport_fastrtps_cpp;rosidl_typesupport_introspection_cpp
[3.723s] -- Found rmw_implementation_cmake: 6.1.2 (/opt/ros/humble/share/rmw_implementation_cmake/cmake)
[3.735s] -- Found rmw_fastrtps_cpp: 6.2.7 (/opt/ros/humble/share/rmw_fastrtps_cpp/cmake)
[4.130s] -- Found OpenSSL: /usr/lib/aarch64-linux-gnu/libcrypto.so (found version "3.0.2")  
[4.260s] -- Found FastRTPS: /opt/ros/humble/include  
[4.447s] -- Using RMW implementation 'rmw_fastrtps_cpp' as default
[4.485s] -- Looking for pthread.h
[4.887s] -- Looking for pthread.h - found
[4.889s] -- Performing Test CMAKE_HAVE_LIBC_PTHREAD
[5.308s] -- Performing Test CMAKE_HAVE_LIBC_PTHREAD - Success
[5.314s] -- Found Threads: TRUE  
[5.613s] -- Found ai_msgs: 2.0.1 (/opt/tros/humble/share/ai_msgs/cmake)
[5.900s] -- Found dnn_node: 2.4.2 (/opt/tros/humble/share/dnn_node/cmake)
[5.908s] [0minvalid platform, build platform X3 default[0m
[5.909s] [0mCMAKE_SYSROOT is [0m
[6.309s] -- Configuring done
[6.368s] -- Generating done
[6.388s] -- Build files have been written to: /home/sunrise/hand_gesture_recognize/build/hand_gesture_detection_develop
[6.451s] Invoked command in '/home/sunrise/hand_gesture_recognize/build/hand_gesture_detection_develop' returned '0': CMAKE_PREFIX_PATH=${CMAKE_PREFIX_PATH}:/opt/tros/humble:/opt/ros/humble /usr/bin/cmake /home/sunrise/hand_gesture_recognize/src/hand_gesture_detection_develop -DAMENT_CMAKE_SYMLINK_INSTALL=1 -DCMAKE_INSTALL_PREFIX=/home/sunrise/hand_gesture_recognize/install/hand_gesture_detection_develop
[6.462s] Invoking command in '/home/sunrise/hand_gesture_recognize/build/hand_gesture_detection_develop': CMAKE_PREFIX_PATH=${CMAKE_PREFIX_PATH}:/opt/tros/humble:/opt/ros/humble /usr/bin/cmake --build /home/sunrise/hand_gesture_recognize/build/hand_gesture_detection_develop -- -j8 -l8
[6.708s] [ 25%] [32mBuilding CXX object CMakeFiles/hand_gesture_detection_develop.dir/src/hand_gesture_det_node.cpp.o[0m
[6.709s] [ 62%] [32mBuilding CXX object CMakeFiles/hand_gesture_detection_develop.dir/src/gesture_postprocess.cpp.o[0m
[6.710s] [ 62%] [32mBuilding CXX object CMakeFiles/hand_gesture_detection_develop.dir/src/gesture_postprocess_util.cc.o[0m
[6.711s] [ 62%] [32mBuilding CXX object CMakeFiles/hand_gesture_detection_develop.dir/src/gesture_preprocess.cpp.o[0m
[6.712s] [ 75%] [32mBuilding CXX object CMakeFiles/hand_gesture_detection_develop.dir/src/threads/threadpool.cpp.o[0m
[6.714s] [ 87%] [32mBuilding CXX object CMakeFiles/hand_gesture_detection_develop.dir/src/lmks_process.cpp.o[0m
[6.719s] [ 87%] [32mBuilding CXX object CMakeFiles/hand_gesture_detection_develop.dir/src/main.cpp.o[0m
[76.887s] [100%] [32m[1mLinking CXX executable hand_gesture_detection_develop[0m
[84.597s] [100%] Built target hand_gesture_detection_develop
[84.654s] Invoked command in '/home/sunrise/hand_gesture_recognize/build/hand_gesture_detection_develop' returned '0': CMAKE_PREFIX_PATH=${CMAKE_PREFIX_PATH}:/opt/tros/humble:/opt/ros/humble /usr/bin/cmake --build /home/sunrise/hand_gesture_recognize/build/hand_gesture_detection_develop -- -j8 -l8
[84.700s] Invoking command in '/home/sunrise/hand_gesture_recognize/build/hand_gesture_detection_develop': CMAKE_PREFIX_PATH=${CMAKE_PREFIX_PATH}:/opt/tros/humble:/opt/ros/humble /usr/bin/cmake --install /home/sunrise/hand_gesture_recognize/build/hand_gesture_detection_develop
[84.733s] -- Install configuration: ""
[84.735s] -- Execute custom install script
[84.737s] -- Symlinking: /home/sunrise/hand_gesture_recognize/install/hand_gesture_detection_develop/lib/hand_gesture_detection_develop/hand_gesture_detection_develop
[84.776s] -- Symlinking: /home/sunrise/hand_gesture_recognize/install/hand_gesture_detection_develop/lib/hand_gesture_detection_develop/config//gestureDet_32x21.hbm
[84.818s] -- Symlinking: /home/sunrise/hand_gesture_recognize/install/hand_gesture_detection_develop/lib/hand_gesture_detection_develop/config//gestureDet_8x21.hbm
[84.870s] -- Symlinking: /home/sunrise/hand_gesture_recognize/install/hand_gesture_detection_develop/lib/hand_gesture_detection_develop/config//person_face_hand.jpg
[84.923s] -- Symlinking: /home/sunrise/hand_gesture_recognize/install/hand_gesture_detection_develop/share/hand_gesture_detection_develop/launch/hand_gesture_detection.launch.py
[84.972s] -- Symlinking: /home/sunrise/hand_gesture_recognize/install/hand_gesture_detection_develop/share/hand_gesture_detection_develop/launch/hand_gesture_fusion.launch.py
[85.019s] -- Symlinking: /home/sunrise/hand_gesture_recognize/install/hand_gesture_detection_develop/share/hand_gesture_detection_develop/launch/hand_gesture_fusion_img_fb.launch.py
[85.071s] -- Symlinking: /home/sunrise/hand_gesture_recognize/install/hand_gesture_detection_develop/share/ament_index/resource_index/package_run_dependencies/hand_gesture_detection_develop
[85.115s] -- Symlinking: /home/sunrise/hand_gesture_recognize/install/hand_gesture_detection_develop/share/ament_index/resource_index/parent_prefix_path/hand_gesture_detection_develop
[85.161s] -- Symlinking: /home/sunrise/hand_gesture_recognize/install/hand_gesture_detection_develop/share/hand_gesture_detection_develop/environment/ament_prefix_path.sh
[85.209s] -- Symlinking: /home/sunrise/hand_gesture_recognize/install/hand_gesture_detection_develop/share/hand_gesture_detection_develop/environment/ament_prefix_path.dsv
[85.261s] -- Symlinking: /home/sunrise/hand_gesture_recognize/install/hand_gesture_detection_develop/share/hand_gesture_detection_develop/environment/path.sh
[85.310s] -- Symlinking: /home/sunrise/hand_gesture_recognize/install/hand_gesture_detection_develop/share/hand_gesture_detection_develop/environment/path.dsv
[85.360s] -- Symlinking: /home/sunrise/hand_gesture_recognize/install/hand_gesture_detection_develop/share/hand_gesture_detection_develop/local_setup.bash
[85.408s] -- Symlinking: /home/sunrise/hand_gesture_recognize/install/hand_gesture_detection_develop/share/hand_gesture_detection_develop/local_setup.sh
[85.457s] -- Symlinking: /home/sunrise/hand_gesture_recognize/install/hand_gesture_detection_develop/share/hand_gesture_detection_develop/local_setup.zsh
[85.509s] -- Symlinking: /home/sunrise/hand_gesture_recognize/install/hand_gesture_detection_develop/share/hand_gesture_detection_develop/local_setup.dsv
[85.558s] -- Symlinking: /home/sunrise/hand_gesture_recognize/install/hand_gesture_detection_develop/share/hand_gesture_detection_develop/package.dsv
[85.603s] -- Symlinking: /home/sunrise/hand_gesture_recognize/install/hand_gesture_detection_develop/share/ament_index/resource_index/packages/hand_gesture_detection_develop
[85.652s] -- Symlinking: /home/sunrise/hand_gesture_recognize/install/hand_gesture_detection_develop/share/hand_gesture_detection_develop/cmake/hand_gesture_detection_developConfig.cmake
[85.698s] -- Symlinking: /home/sunrise/hand_gesture_recognize/install/hand_gesture_detection_develop/share/hand_gesture_detection_develop/cmake/hand_gesture_detection_developConfig-version.cmake
[85.746s] -- Symlinking: /home/sunrise/hand_gesture_recognize/install/hand_gesture_detection_develop/share/hand_gesture_detection_develop/package.xml
[85.797s] Invoked command in '/home/sunrise/hand_gesture_recognize/build/hand_gesture_detection_develop' returned '0': CMAKE_PREFIX_PATH=${CMAKE_PREFIX_PATH}:/opt/tros/humble:/opt/ros/humble /usr/bin/cmake --install /home/sunrise/hand_gesture_recognize/build/hand_gesture_detection_develop
