[0.609s] DEBUG:colcon:Command line arguments: ['/usr/bin/colcon', 'build', '--packages-select', 'body_tracking_custom', '--symlink-install']
[0.610s] DEBUG:colcon:Parsed command line arguments: Namespace(log_base=None, log_level=None, verb_name='build', build_base='build', install_base='install', merge_install=False, symlink_install=True, test_result_base=None, continue_on_error=False, executor='parallel', parallel_workers=8, event_handlers=None, ignore_user_meta=False, metas=['./colcon.meta'], base_paths=['.'], packages_ignore=None, packages_ignore_regex=None, paths=None, packages_up_to=None, packages_up_to_regex=None, packages_above=None, packages_above_and_dependencies=None, packages_above_depth=None, packages_select_by_dep=None, packages_skip_by_dep=None, packages_skip_up_to=None, packages_select_build_failed=False, packages_skip_build_finished=False, packages_select_test_failures=False, packages_skip_test_passed=False, packages_select=['body_tracking_custom'], packages_skip=None, packages_select_regex=None, packages_skip_regex=None, packages_start=None, packages_end=None, allow_overriding=[], cmake_args=None, cmake_target=None, cmake_target_skip_unavailable=False, cmake_clean_cache=False, cmake_clean_first=False, cmake_force_configure=False, ament_cmake_args=None, catkin_cmake_args=None, catkin_skip_building_tests=False, verb_parser=<colcon_defaults.argument_parser.defaults.DefaultArgumentsDecorator object at 0xffffb6d4d330>, verb_extension=<colcon_core.verb.build.BuildVerb object at 0xffffb6f03130>, main=<bound method BuildVerb.main of <colcon_core.verb.build.BuildVerb object at 0xffffb6f03130>>)
[1.691s] Level 1:colcon.colcon_core.package_discovery:discover_packages(colcon_meta) check parameters
[1.691s] Level 1:colcon.colcon_core.package_discovery:discover_packages(recursive) check parameters
[1.692s] Level 1:colcon.colcon_core.package_discovery:discover_packages(ignore) check parameters
[1.692s] Level 1:colcon.colcon_core.package_discovery:discover_packages(path) check parameters
[1.692s] Level 1:colcon.colcon_core.package_discovery:discover_packages(colcon_meta) discover
[1.692s] Level 1:colcon.colcon_core.package_discovery:discover_packages(recursive) discover
[1.692s] INFO:colcon.colcon_core.package_discovery:Crawling recursively for packages in '/home/sunrise/down_dection'
[1.693s] Level 1:colcon.colcon_core.package_identification:_identify(.) by extensions ['ignore', 'ignore_ament_install']
[1.693s] Level 1:colcon.colcon_core.package_identification:_identify(.) by extension 'ignore'
[1.694s] Level 1:colcon.colcon_core.package_identification:_identify(.) by extension 'ignore_ament_install'
[1.694s] Level 1:colcon.colcon_core.package_identification:_identify(.) by extensions ['colcon_pkg']
[1.694s] Level 1:colcon.colcon_core.package_identification:_identify(.) by extension 'colcon_pkg'
[1.694s] Level 1:colcon.colcon_core.package_identification:_identify(.) by extensions ['colcon_meta']
[1.695s] Level 1:colcon.colcon_core.package_identification:_identify(.) by extension 'colcon_meta'
[1.695s] Level 1:colcon.colcon_core.package_identification:_identify(.) by extensions ['ros']
[1.695s] Level 1:colcon.colcon_core.package_identification:_identify(.) by extension 'ros'
[1.762s] Level 1:colcon.colcon_core.package_identification:_identify(.) by extensions ['cmake', 'python']
[1.763s] Level 1:colcon.colcon_core.package_identification:_identify(.) by extension 'cmake'
[1.763s] Level 1:colcon.colcon_core.package_identification:_identify(.) by extension 'python'
[1.763s] Level 1:colcon.colcon_core.package_identification:_identify(.) by extensions ['python_setup_py']
[1.764s] Level 1:colcon.colcon_core.package_identification:_identify(.) by extension 'python_setup_py'
[1.764s] Level 1:colcon.colcon_core.package_identification:_identify(build) by extensions ['ignore', 'ignore_ament_install']
[1.765s] Level 1:colcon.colcon_core.package_identification:_identify(build) by extension 'ignore'
[1.765s] Level 1:colcon.colcon_core.package_identification:_identify(build) ignored
[1.765s] Level 1:colcon.colcon_core.package_identification:_identify(config) by extensions ['ignore', 'ignore_ament_install']
[1.766s] Level 1:colcon.colcon_core.package_identification:_identify(config) by extension 'ignore'
[1.766s] Level 1:colcon.colcon_core.package_identification:_identify(config) by extension 'ignore_ament_install'
[1.767s] Level 1:colcon.colcon_core.package_identification:_identify(config) by extensions ['colcon_pkg']
[1.767s] Level 1:colcon.colcon_core.package_identification:_identify(config) by extension 'colcon_pkg'
[1.767s] Level 1:colcon.colcon_core.package_identification:_identify(config) by extensions ['colcon_meta']
[1.767s] Level 1:colcon.colcon_core.package_identification:_identify(config) by extension 'colcon_meta'
[1.767s] Level 1:colcon.colcon_core.package_identification:_identify(config) by extensions ['ros']
[1.768s] Level 1:colcon.colcon_core.package_identification:_identify(config) by extension 'ros'
[1.768s] Level 1:colcon.colcon_core.package_identification:_identify(config) by extensions ['cmake', 'python']
[1.768s] Level 1:colcon.colcon_core.package_identification:_identify(config) by extension 'cmake'
[1.769s] Level 1:colcon.colcon_core.package_identification:_identify(config) by extension 'python'
[1.769s] Level 1:colcon.colcon_core.package_identification:_identify(config) by extensions ['python_setup_py']
[1.769s] Level 1:colcon.colcon_core.package_identification:_identify(config) by extension 'python_setup_py'
[1.770s] Level 1:colcon.colcon_core.package_identification:_identify(install) by extensions ['ignore', 'ignore_ament_install']
[1.770s] Level 1:colcon.colcon_core.package_identification:_identify(install) by extension 'ignore'
[1.770s] Level 1:colcon.colcon_core.package_identification:_identify(install) ignored
[1.771s] Level 1:colcon.colcon_core.package_identification:_identify(log) by extensions ['ignore', 'ignore_ament_install']
[1.771s] Level 1:colcon.colcon_core.package_identification:_identify(log) by extension 'ignore'
[1.771s] Level 1:colcon.colcon_core.package_identification:_identify(log) ignored
[1.772s] Level 1:colcon.colcon_core.package_identification:_identify(src) by extensions ['ignore', 'ignore_ament_install']
[1.772s] Level 1:colcon.colcon_core.package_identification:_identify(src) by extension 'ignore'
[1.772s] Level 1:colcon.colcon_core.package_identification:_identify(src) by extension 'ignore_ament_install'
[1.773s] Level 1:colcon.colcon_core.package_identification:_identify(src) by extensions ['colcon_pkg']
[1.773s] Level 1:colcon.colcon_core.package_identification:_identify(src) by extension 'colcon_pkg'
[1.773s] Level 1:colcon.colcon_core.package_identification:_identify(src) by extensions ['colcon_meta']
[1.773s] Level 1:colcon.colcon_core.package_identification:_identify(src) by extension 'colcon_meta'
[1.774s] Level 1:colcon.colcon_core.package_identification:_identify(src) by extensions ['ros']
[1.774s] Level 1:colcon.colcon_core.package_identification:_identify(src) by extension 'ros'
[1.774s] Level 1:colcon.colcon_core.package_identification:_identify(src) by extensions ['cmake', 'python']
[1.774s] Level 1:colcon.colcon_core.package_identification:_identify(src) by extension 'cmake'
[1.775s] Level 1:colcon.colcon_core.package_identification:_identify(src) by extension 'python'
[1.775s] Level 1:colcon.colcon_core.package_identification:_identify(src) by extensions ['python_setup_py']
[1.775s] Level 1:colcon.colcon_core.package_identification:_identify(src) by extension 'python_setup_py'
[1.776s] Level 1:colcon.colcon_core.package_identification:_identify(src/body_tracking_custom) by extensions ['ignore', 'ignore_ament_install']
[1.776s] Level 1:colcon.colcon_core.package_identification:_identify(src/body_tracking_custom) by extension 'ignore'
[1.776s] Level 1:colcon.colcon_core.package_identification:_identify(src/body_tracking_custom) by extension 'ignore_ament_install'
[1.777s] Level 1:colcon.colcon_core.package_identification:_identify(src/body_tracking_custom) by extensions ['colcon_pkg']
[1.777s] Level 1:colcon.colcon_core.package_identification:_identify(src/body_tracking_custom) by extension 'colcon_pkg'
[1.777s] Level 1:colcon.colcon_core.package_identification:_identify(src/body_tracking_custom) by extensions ['colcon_meta']
[1.777s] Level 1:colcon.colcon_core.package_identification:_identify(src/body_tracking_custom) by extension 'colcon_meta'
[1.778s] Level 1:colcon.colcon_core.package_identification:_identify(src/body_tracking_custom) by extensions ['ros']
[1.778s] Level 1:colcon.colcon_core.package_identification:_identify(src/body_tracking_custom) by extension 'ros'
[1.792s] DEBUG:colcon.colcon_core.package_identification:Package 'src/body_tracking_custom' with type 'ros.ament_cmake' and name 'body_tracking_custom'
[1.793s] Level 1:colcon.colcon_core.package_identification:_identify(src/fall_detector_py) by extensions ['ignore', 'ignore_ament_install']
[1.793s] Level 1:colcon.colcon_core.package_identification:_identify(src/fall_detector_py) by extension 'ignore'
[1.793s] Level 1:colcon.colcon_core.package_identification:_identify(src/fall_detector_py) by extension 'ignore_ament_install'
[1.794s] Level 1:colcon.colcon_core.package_identification:_identify(src/fall_detector_py) by extensions ['colcon_pkg']
[1.794s] Level 1:colcon.colcon_core.package_identification:_identify(src/fall_detector_py) by extension 'colcon_pkg'
[1.794s] Level 1:colcon.colcon_core.package_identification:_identify(src/fall_detector_py) by extensions ['colcon_meta']
[1.794s] Level 1:colcon.colcon_core.package_identification:_identify(src/fall_detector_py) by extension 'colcon_meta'
[1.795s] Level 1:colcon.colcon_core.package_identification:_identify(src/fall_detector_py) by extensions ['ros']
[1.795s] Level 1:colcon.colcon_core.package_identification:_identify(src/fall_detector_py) by extension 'ros'
[1.800s] DEBUG:colcon.colcon_core.package_identification:Package 'src/fall_detector_py' with type 'ros.ament_python' and name 'fall_detector_py'
[1.800s] Level 1:colcon.colcon_core.package_discovery:discover_packages(recursive) using defaults
[1.800s] Level 1:colcon.colcon_core.package_discovery:discover_packages(ignore) discover
[1.800s] Level 1:colcon.colcon_core.package_discovery:discover_packages(ignore) using defaults
[1.801s] Level 1:colcon.colcon_core.package_discovery:discover_packages(path) discover
[1.801s] Level 1:colcon.colcon_core.package_discovery:discover_packages(path) using defaults
[1.991s] INFO:colcon.colcon_core.package_selection:Skipping not selected package 'fall_detector_py' in 'src/fall_detector_py'
[1.993s] Level 1:colcon.colcon_core.package_discovery:discover_packages(prefix_path) check parameters
[1.994s] Level 1:colcon.colcon_core.package_discovery:discover_packages(prefix_path) discover
[1.999s] WARNING:colcon.colcon_ros.prefix_path.ament:The path '/home/sunrise/down_dection/install/body_tracking_custom' in the environment variable AMENT_PREFIX_PATH doesn't exist
[1.999s] WARNING:colcon.colcon_ros.prefix_path.catkin:The path '/home/sunrise/down_dection/install/body_tracking_custom' in the environment variable CMAKE_PREFIX_PATH doesn't exist
[2.003s] DEBUG:colcon.colcon_installed_package_information.package_discovery:Found 1 installed packages in /home/sunrise/down_dection/install
[2.006s] DEBUG:colcon.colcon_installed_package_information.package_discovery:Found 54 installed packages in /opt/tros/humble
[2.018s] DEBUG:colcon.colcon_installed_package_information.package_discovery:Found 287 installed packages in /opt/ros/humble
[2.030s] Level 1:colcon.colcon_core.package_discovery:discover_packages(prefix_path) using defaults
[2.326s] Level 5:colcon.colcon_core.verb:set package 'body_tracking_custom' build argument 'cmake_args' from command line to 'None'
[2.327s] Level 5:colcon.colcon_core.verb:set package 'body_tracking_custom' build argument 'cmake_target' from command line to 'None'
[2.327s] Level 5:colcon.colcon_core.verb:set package 'body_tracking_custom' build argument 'cmake_target_skip_unavailable' from command line to 'False'
[2.327s] Level 5:colcon.colcon_core.verb:set package 'body_tracking_custom' build argument 'cmake_clean_cache' from command line to 'False'
[2.327s] Level 5:colcon.colcon_core.verb:set package 'body_tracking_custom' build argument 'cmake_clean_first' from command line to 'False'
[2.328s] Level 5:colcon.colcon_core.verb:set package 'body_tracking_custom' build argument 'cmake_force_configure' from command line to 'False'
[2.328s] Level 5:colcon.colcon_core.verb:set package 'body_tracking_custom' build argument 'ament_cmake_args' from command line to 'None'
[2.328s] Level 5:colcon.colcon_core.verb:set package 'body_tracking_custom' build argument 'catkin_cmake_args' from command line to 'None'
[2.328s] Level 5:colcon.colcon_core.verb:set package 'body_tracking_custom' build argument 'catkin_skip_building_tests' from command line to 'False'
[2.328s] DEBUG:colcon.colcon_core.verb:Building package 'body_tracking_custom' with the following arguments: {'ament_cmake_args': None, 'build_base': '/home/sunrise/down_dection/build/body_tracking_custom', 'catkin_cmake_args': None, 'catkin_skip_building_tests': False, 'cmake_args': None, 'cmake_clean_cache': False, 'cmake_clean_first': False, 'cmake_force_configure': False, 'cmake_target': None, 'cmake_target_skip_unavailable': False, 'install_base': '/home/sunrise/down_dection/install/body_tracking_custom', 'merge_install': False, 'path': '/home/sunrise/down_dection/src/body_tracking_custom', 'symlink_install': True, 'test_result_base': None}
[2.329s] INFO:colcon.colcon_core.executor:Executing jobs using 'parallel' executor
[2.334s] DEBUG:colcon.colcon_parallel_executor.executor.parallel:run_until_complete
[2.335s] INFO:colcon.colcon_ros.task.ament_cmake.build:Building ROS package in '/home/sunrise/down_dection/src/body_tracking_custom' with build type 'ament_cmake'
[2.336s] INFO:colcon.colcon_cmake.task.cmake.build:Building CMake package in '/home/sunrise/down_dection/src/body_tracking_custom'
[2.346s] INFO:colcon.colcon_core.plugin_system:Skipping extension 'colcon_core.shell.bat': Not used on non-Windows systems
[2.347s] INFO:colcon.colcon_core.shell:Skip shell extension 'powershell' for command environment: Not usable outside of PowerShell
[2.348s] DEBUG:colcon.colcon_core.shell:Skip shell extension 'dsv' for command environment
[2.383s] DEBUG:colcon.colcon_core.event_handler.log_command:Invoking command in '/home/sunrise/down_dection/build/body_tracking_custom': CMAKE_PREFIX_PATH=${CMAKE_PREFIX_PATH}:/home/sunrise/down_dection/install/fall_detector_py:/opt/tros/humble:/opt/ros/humble /usr/bin/cmake /home/sunrise/down_dection/src/body_tracking_custom -DAMENT_CMAKE_SYMLINK_INSTALL=1 -DCMAKE_INSTALL_PREFIX=/home/sunrise/down_dection/install/body_tracking_custom
[9.192s] DEBUG:colcon.colcon_core.event_handler.log_command:Invoked command in '/home/sunrise/down_dection/build/body_tracking_custom' returned '0': CMAKE_PREFIX_PATH=${CMAKE_PREFIX_PATH}:/home/sunrise/down_dection/install/fall_detector_py:/opt/tros/humble:/opt/ros/humble /usr/bin/cmake /home/sunrise/down_dection/src/body_tracking_custom -DAMENT_CMAKE_SYMLINK_INSTALL=1 -DCMAKE_INSTALL_PREFIX=/home/sunrise/down_dection/install/body_tracking_custom
[9.202s] DEBUG:colcon.colcon_core.event_handler.log_command:Invoking command in '/home/sunrise/down_dection/build/body_tracking_custom': CMAKE_PREFIX_PATH=${CMAKE_PREFIX_PATH}:/home/sunrise/down_dection/install/fall_detector_py:/opt/tros/humble:/opt/ros/humble /usr/bin/cmake --build /home/sunrise/down_dection/build/body_tracking_custom -- -j8 -l8
[70.456s] DEBUG:colcon.colcon_core.event_handler.log_command:Invoked command in '/home/sunrise/down_dection/build/body_tracking_custom' returned '0': CMAKE_PREFIX_PATH=${CMAKE_PREFIX_PATH}:/home/sunrise/down_dection/install/fall_detector_py:/opt/tros/humble:/opt/ros/humble /usr/bin/cmake --build /home/sunrise/down_dection/build/body_tracking_custom -- -j8 -l8
[70.505s] DEBUG:colcon.colcon_core.event_handler.log_command:Invoking command in '/home/sunrise/down_dection/build/body_tracking_custom': CMAKE_PREFIX_PATH=${CMAKE_PREFIX_PATH}:/home/sunrise/down_dection/install/fall_detector_py:/opt/tros/humble:/opt/ros/humble /usr/bin/cmake --install /home/sunrise/down_dection/build/body_tracking_custom
[71.961s] Level 1:colcon.colcon_core.environment:create_environment_scripts_only(body_tracking_custom)
[71.963s] DEBUG:colcon.colcon_core.event_handler.log_command:Invoked command in '/home/sunrise/down_dection/build/body_tracking_custom' returned '0': CMAKE_PREFIX_PATH=${CMAKE_PREFIX_PATH}:/home/sunrise/down_dection/install/fall_detector_py:/opt/tros/humble:/opt/ros/humble /usr/bin/cmake --install /home/sunrise/down_dection/build/body_tracking_custom
[71.987s] Level 1:colcon.colcon_core.environment:checking '/home/sunrise/down_dection/install/body_tracking_custom' for CMake module files
[71.992s] Level 1:colcon.colcon_core.environment:checking '/home/sunrise/down_dection/install/body_tracking_custom' for CMake config files
[71.993s] Level 1:colcon.colcon_core.shell:create_environment_hook('body_tracking_custom', 'cmake_prefix_path')
[71.995s] INFO:colcon.colcon_core.shell:Creating environment hook '/home/sunrise/down_dection/install/body_tracking_custom/share/body_tracking_custom/hook/cmake_prefix_path.ps1'
[71.998s] INFO:colcon.colcon_core.shell:Creating environment descriptor '/home/sunrise/down_dection/install/body_tracking_custom/share/body_tracking_custom/hook/cmake_prefix_path.dsv'
[72.000s] INFO:colcon.colcon_core.shell:Creating environment hook '/home/sunrise/down_dection/install/body_tracking_custom/share/body_tracking_custom/hook/cmake_prefix_path.sh'
[72.006s] Level 1:colcon.colcon_core.environment:checking '/home/sunrise/down_dection/install/body_tracking_custom/lib'
[72.007s] Level 1:colcon.colcon_core.environment:checking '/home/sunrise/down_dection/install/body_tracking_custom/bin'
[72.007s] Level 1:colcon.colcon_core.environment:checking '/home/sunrise/down_dection/install/body_tracking_custom/lib/pkgconfig/body_tracking_custom.pc'
[72.009s] Level 1:colcon.colcon_core.environment:checking '/home/sunrise/down_dection/install/body_tracking_custom/lib/python3.10/site-packages'
[72.010s] Level 1:colcon.colcon_core.environment:checking '/home/sunrise/down_dection/install/body_tracking_custom/bin'
[72.012s] INFO:colcon.colcon_core.shell:Creating package script '/home/sunrise/down_dection/install/body_tracking_custom/share/body_tracking_custom/package.ps1'
[72.017s] INFO:colcon.colcon_core.shell:Creating package descriptor '/home/sunrise/down_dection/install/body_tracking_custom/share/body_tracking_custom/package.dsv'
[72.021s] INFO:colcon.colcon_core.shell:Creating package script '/home/sunrise/down_dection/install/body_tracking_custom/share/body_tracking_custom/package.sh'
[72.026s] INFO:colcon.colcon_core.shell:Creating package script '/home/sunrise/down_dection/install/body_tracking_custom/share/body_tracking_custom/package.bash'
[72.031s] INFO:colcon.colcon_core.shell:Creating package script '/home/sunrise/down_dection/install/body_tracking_custom/share/body_tracking_custom/package.zsh'
[72.036s] Level 1:colcon.colcon_core.environment:create_file_with_runtime_dependencies(/home/sunrise/down_dection/install/body_tracking_custom/share/colcon-core/packages/body_tracking_custom)
[72.039s] Level 1:colcon.colcon_core.environment:create_environment_scripts_only(body_tracking_custom)
[72.041s] Level 1:colcon.colcon_core.environment:checking '/home/sunrise/down_dection/install/body_tracking_custom' for CMake module files
[72.044s] Level 1:colcon.colcon_core.environment:checking '/home/sunrise/down_dection/install/body_tracking_custom' for CMake config files
[72.045s] Level 1:colcon.colcon_core.shell:create_environment_hook('body_tracking_custom', 'cmake_prefix_path')
[72.046s] INFO:colcon.colcon_core.shell:Creating environment hook '/home/sunrise/down_dection/install/body_tracking_custom/share/body_tracking_custom/hook/cmake_prefix_path.ps1'
[72.049s] INFO:colcon.colcon_core.shell:Creating environment descriptor '/home/sunrise/down_dection/install/body_tracking_custom/share/body_tracking_custom/hook/cmake_prefix_path.dsv'
[72.051s] INFO:colcon.colcon_core.shell:Creating environment hook '/home/sunrise/down_dection/install/body_tracking_custom/share/body_tracking_custom/hook/cmake_prefix_path.sh'
[72.054s] Level 1:colcon.colcon_core.environment:checking '/home/sunrise/down_dection/install/body_tracking_custom/lib'
[72.054s] Level 1:colcon.colcon_core.environment:checking '/home/sunrise/down_dection/install/body_tracking_custom/bin'
[72.055s] Level 1:colcon.colcon_core.environment:checking '/home/sunrise/down_dection/install/body_tracking_custom/lib/pkgconfig/body_tracking_custom.pc'
[72.056s] Level 1:colcon.colcon_core.environment:checking '/home/sunrise/down_dection/install/body_tracking_custom/lib/python3.10/site-packages'
[72.057s] Level 1:colcon.colcon_core.environment:checking '/home/sunrise/down_dection/install/body_tracking_custom/bin'
[72.059s] INFO:colcon.colcon_core.shell:Creating package script '/home/sunrise/down_dection/install/body_tracking_custom/share/body_tracking_custom/package.ps1'
[72.062s] INFO:colcon.colcon_core.shell:Creating package descriptor '/home/sunrise/down_dection/install/body_tracking_custom/share/body_tracking_custom/package.dsv'
[72.065s] INFO:colcon.colcon_core.shell:Creating package script '/home/sunrise/down_dection/install/body_tracking_custom/share/body_tracking_custom/package.sh'
[72.067s] INFO:colcon.colcon_core.shell:Creating package script '/home/sunrise/down_dection/install/body_tracking_custom/share/body_tracking_custom/package.bash'
[72.070s] INFO:colcon.colcon_core.shell:Creating package script '/home/sunrise/down_dection/install/body_tracking_custom/share/body_tracking_custom/package.zsh'
[72.072s] Level 1:colcon.colcon_core.environment:create_file_with_runtime_dependencies(/home/sunrise/down_dection/install/body_tracking_custom/share/colcon-core/packages/body_tracking_custom)
[72.073s] DEBUG:colcon.colcon_parallel_executor.executor.parallel:closing loop
[72.075s] DEBUG:colcon.colcon_parallel_executor.executor.parallel:loop closed
[72.075s] DEBUG:colcon.colcon_parallel_executor.executor.parallel:run_until_complete finished with '0'
[72.076s] DEBUG:colcon.colcon_core.event_reactor:joining thread
[72.112s] INFO:colcon.colcon_core.plugin_system:Skipping extension 'colcon_notification.desktop_notification.notify_send': Could not find 'notify-send'
[72.113s] INFO:colcon.colcon_core.plugin_system:Skipping extension 'colcon_notification.desktop_notification.terminal_notifier': Not used on non-Darwin systems
[72.113s] INFO:colcon.colcon_core.plugin_system:Skipping extension 'colcon_notification.desktop_notification.win32': Not used on non-Windows systems
[72.113s] INFO:colcon.colcon_notification.desktop_notification:Sending desktop notification using 'notify2'
[72.137s] DEBUG:colcon.colcon_core.event_reactor:joined thread
[72.139s] INFO:colcon.colcon_core.shell:Creating prefix script '/home/sunrise/down_dection/install/local_setup.ps1'
[72.147s] INFO:colcon.colcon_core.shell:Creating prefix util module '/home/sunrise/down_dection/install/_local_setup_util_ps1.py'
[72.158s] INFO:colcon.colcon_core.shell:Creating prefix chain script '/home/sunrise/down_dection/install/setup.ps1'
[72.165s] INFO:colcon.colcon_core.shell:Creating prefix script '/home/sunrise/down_dection/install/local_setup.sh'
[72.169s] INFO:colcon.colcon_core.shell:Creating prefix util module '/home/sunrise/down_dection/install/_local_setup_util_sh.py'
[72.172s] INFO:colcon.colcon_core.shell:Creating prefix chain script '/home/sunrise/down_dection/install/setup.sh'
[72.179s] INFO:colcon.colcon_core.shell:Creating prefix script '/home/sunrise/down_dection/install/local_setup.bash'
[72.181s] INFO:colcon.colcon_core.shell:Creating prefix chain script '/home/sunrise/down_dection/install/setup.bash'
[72.187s] INFO:colcon.colcon_core.shell:Creating prefix script '/home/sunrise/down_dection/install/local_setup.zsh'
[72.191s] INFO:colcon.colcon_core.shell:Creating prefix chain script '/home/sunrise/down_dection/install/setup.zsh'
