[0.045s] Invoking command in '/home/sunrise/hand_gesture_recognize/build/hand_gesture_detection_develop': CMAKE_PREFIX_PATH=${CMAKE_PREFIX_PATH}:/opt/tros/humble:/opt/ros/humble /usr/bin/cmake /home/sunrise/hand_gesture_recognize/src/hand_gesture_detection_develop -DAMENT_CMAKE_SYMLINK_INSTALL=1 -DCMAKE_INSTALL_PREFIX=/home/sunrise/hand_gesture_recognize/install/hand_gesture_detection_develop
[0.353s] -- The C compiler identification is GNU 11.2.0
[0.662s] -- The CXX compiler identification is GNU 11.2.0
[0.695s] -- Detecting C compiler ABI info
[1.072s] -- Detecting C compiler ABI info - done
[1.135s] -- Check for working C compiler: /usr/bin/cc - skipped
[1.136s] -- Detecting C compile features
[1.138s] -- Detecting C compile features - done
[1.152s] -- Detecting CXX compiler ABI info
[1.564s] -- Detecting CXX compiler ABI info - done
[1.624s] -- Check for working CXX compiler: /usr/bin/c++ - skipped
[1.625s] -- Detecting CXX compile features
[1.628s] -- Detecting CXX compile features - done
[1.639s] -- Found ament_cmake: 1.3.11 (/opt/ros/humble/share/ament_cmake/cmake)
[2.548s] -- Found Python3: /usr/bin/python3 (found version "3.10.12") found components: Interpreter 
[2.954s] -- Override CMake install command with custom implementation using symlinks instead of copying resources
[3.112s] -- Found rclcpp: 16.0.12 (/opt/ros/humble/share/rclcpp/cmake)
[3.305s] -- Found rosidl_generator_c: 3.1.6 (/opt/ros/humble/share/rosidl_generator_c/cmake)
[3.330s] -- Found rosidl_adapter: 3.1.6 (/opt/ros/humble/share/rosidl_adapter/cmake)
[3.371s] -- Found rosidl_generator_cpp: 3.1.6 (/opt/ros/humble/share/rosidl_generator_cpp/cmake)
[3.435s] -- Using all available rosidl_typesupport_c: rosidl_typesupport_fastrtps_c;rosidl_typesupport_introspection_c
[3.519s] -- Using all available rosidl_typesupport_cpp: rosidl_typesupport_fastrtps_cpp;rosidl_typesupport_introspection_cpp
[3.741s] -- Found rmw_implementation_cmake: 6.1.2 (/opt/ros/humble/share/rmw_implementation_cmake/cmake)
[3.753s] -- Found rmw_fastrtps_cpp: 6.2.7 (/opt/ros/humble/share/rmw_fastrtps_cpp/cmake)
[4.162s] -- Found OpenSSL: /usr/lib/aarch64-linux-gnu/libcrypto.so (found version "3.0.2")  
[4.294s] -- Found FastRTPS: /opt/ros/humble/include  
[4.482s] -- Using RMW implementation 'rmw_fastrtps_cpp' as default
[4.520s] -- Looking for pthread.h
[5.013s] -- Looking for pthread.h - found
[5.015s] -- Performing Test CMAKE_HAVE_LIBC_PTHREAD
[5.425s] -- Performing Test CMAKE_HAVE_LIBC_PTHREAD - Success
[5.434s] -- Found Threads: TRUE  
[5.725s] -- Found ai_msgs: 2.0.1 (/opt/tros/humble/share/ai_msgs/cmake)
[6.015s] -- Found dnn_node: 2.4.2 (/opt/tros/humble/share/dnn_node/cmake)
[6.023s] [0minvalid platform, build platform X3 default[0m
[6.024s] [0mCMAKE_SYSROOT is [0m
[6.423s] -- Configuring done
[6.481s] -- Generating done
[6.503s] -- Build files have been written to: /home/sunrise/hand_gesture_recognize/build/hand_gesture_detection_develop
[6.566s] Invoked command in '/home/sunrise/hand_gesture_recognize/build/hand_gesture_detection_develop' returned '0': CMAKE_PREFIX_PATH=${CMAKE_PREFIX_PATH}:/opt/tros/humble:/opt/ros/humble /usr/bin/cmake /home/sunrise/hand_gesture_recognize/src/hand_gesture_detection_develop -DAMENT_CMAKE_SYMLINK_INSTALL=1 -DCMAKE_INSTALL_PREFIX=/home/sunrise/hand_gesture_recognize/install/hand_gesture_detection_develop
[6.578s] Invoking command in '/home/sunrise/hand_gesture_recognize/build/hand_gesture_detection_develop': CMAKE_PREFIX_PATH=${CMAKE_PREFIX_PATH}:/opt/tros/humble:/opt/ros/humble /usr/bin/cmake --build /home/sunrise/hand_gesture_recognize/build/hand_gesture_detection_develop -- -j8 -l8
[6.817s] [ 87%] [32mBuilding CXX object CMakeFiles/hand_gesture_detection_develop.dir/src/gesture_preprocess.cpp.o[0m
[6.818s] [ 87%] [32mBuilding CXX object CMakeFiles/hand_gesture_detection_develop.dir/src/gesture_postprocess.cpp.o[0m
[6.818s] [ 87%] [32mBuilding CXX object CMakeFiles/hand_gesture_detection_develop.dir/src/main.cpp.o[0m
[6.819s] [ 87%] [32mBuilding CXX object CMakeFiles/hand_gesture_detection_develop.dir/src/threads/threadpool.cpp.o[0m
[6.820s] [ 87%] [32mBuilding CXX object CMakeFiles/hand_gesture_detection_develop.dir/src/gesture_postprocess_util.cc.o[0m
[6.821s] [ 87%] [32mBuilding CXX object CMakeFiles/hand_gesture_detection_develop.dir/src/lmks_process.cpp.o[0m
[6.822s] [ 87%] [32mBuilding CXX object CMakeFiles/hand_gesture_detection_develop.dir/src/hand_gesture_det_node.cpp.o[0m
[78.823s] [100%] [32m[1mLinking CXX executable hand_gesture_detection_develop[0m
[86.491s] [100%] Built target hand_gesture_detection_develop
[86.550s] Invoked command in '/home/sunrise/hand_gesture_recognize/build/hand_gesture_detection_develop' returned '0': CMAKE_PREFIX_PATH=${CMAKE_PREFIX_PATH}:/opt/tros/humble:/opt/ros/humble /usr/bin/cmake --build /home/sunrise/hand_gesture_recognize/build/hand_gesture_detection_develop -- -j8 -l8
[86.602s] Invoking command in '/home/sunrise/hand_gesture_recognize/build/hand_gesture_detection_develop': CMAKE_PREFIX_PATH=${CMAKE_PREFIX_PATH}:/opt/tros/humble:/opt/ros/humble /usr/bin/cmake --install /home/sunrise/hand_gesture_recognize/build/hand_gesture_detection_develop
[86.638s] -- Install configuration: ""
[86.640s] -- Execute custom install script
[86.642s] -- Symlinking: /home/sunrise/hand_gesture_recognize/install/hand_gesture_detection_develop/lib/hand_gesture_detection_develop/hand_gesture_detection_develop
[86.681s] -- Symlinking: /home/sunrise/hand_gesture_recognize/install/hand_gesture_detection_develop/lib/hand_gesture_detection_develop/config//gestureDet_32x21.hbm
[86.723s] -- Symlinking: /home/sunrise/hand_gesture_recognize/install/hand_gesture_detection_develop/lib/hand_gesture_detection_develop/config//gestureDet_8x21.hbm
[86.771s] -- Symlinking: /home/sunrise/hand_gesture_recognize/install/hand_gesture_detection_develop/lib/hand_gesture_detection_develop/config//person_face_hand.jpg
[86.823s] -- Symlinking: /home/sunrise/hand_gesture_recognize/install/hand_gesture_detection_develop/share/hand_gesture_detection_develop/launch/hand_gesture_detection.launch.py
[86.874s] -- Symlinking: /home/sunrise/hand_gesture_recognize/install/hand_gesture_detection_develop/share/hand_gesture_detection_develop/launch/hand_gesture_fusion.launch.py
[86.918s] -- Symlinking: /home/sunrise/hand_gesture_recognize/install/hand_gesture_detection_develop/share/hand_gesture_detection_develop/launch/hand_gesture_fusion_img_fb.launch.py
[86.962s] -- Symlinking: /home/sunrise/hand_gesture_recognize/install/hand_gesture_detection_develop/share/ament_index/resource_index/package_run_dependencies/hand_gesture_detection_develop
[87.009s] -- Symlinking: /home/sunrise/hand_gesture_recognize/install/hand_gesture_detection_develop/share/ament_index/resource_index/parent_prefix_path/hand_gesture_detection_develop
[87.056s] -- Symlinking: /home/sunrise/hand_gesture_recognize/install/hand_gesture_detection_develop/share/hand_gesture_detection_develop/environment/ament_prefix_path.sh
[87.100s] -- Symlinking: /home/sunrise/hand_gesture_recognize/install/hand_gesture_detection_develop/share/hand_gesture_detection_develop/environment/ament_prefix_path.dsv
[87.143s] -- Symlinking: /home/sunrise/hand_gesture_recognize/install/hand_gesture_detection_develop/share/hand_gesture_detection_develop/environment/path.sh
[87.190s] -- Symlinking: /home/sunrise/hand_gesture_recognize/install/hand_gesture_detection_develop/share/hand_gesture_detection_develop/environment/path.dsv
[87.238s] -- Symlinking: /home/sunrise/hand_gesture_recognize/install/hand_gesture_detection_develop/share/hand_gesture_detection_develop/local_setup.bash
[87.287s] -- Symlinking: /home/sunrise/hand_gesture_recognize/install/hand_gesture_detection_develop/share/hand_gesture_detection_develop/local_setup.sh
[87.335s] -- Symlinking: /home/sunrise/hand_gesture_recognize/install/hand_gesture_detection_develop/share/hand_gesture_detection_develop/local_setup.zsh
[87.387s] -- Symlinking: /home/sunrise/hand_gesture_recognize/install/hand_gesture_detection_develop/share/hand_gesture_detection_develop/local_setup.dsv
[87.434s] -- Symlinking: /home/sunrise/hand_gesture_recognize/install/hand_gesture_detection_develop/share/hand_gesture_detection_develop/package.dsv
[87.485s] -- Symlinking: /home/sunrise/hand_gesture_recognize/install/hand_gesture_detection_develop/share/ament_index/resource_index/packages/hand_gesture_detection_develop
[87.532s] -- Symlinking: /home/sunrise/hand_gesture_recognize/install/hand_gesture_detection_develop/share/hand_gesture_detection_develop/cmake/hand_gesture_detection_developConfig.cmake
[87.578s] -- Symlinking: /home/sunrise/hand_gesture_recognize/install/hand_gesture_detection_develop/share/hand_gesture_detection_develop/cmake/hand_gesture_detection_developConfig-version.cmake
[87.625s] -- Symlinking: /home/sunrise/hand_gesture_recognize/install/hand_gesture_detection_develop/share/hand_gesture_detection_develop/package.xml
[87.691s] Invoked command in '/home/sunrise/hand_gesture_recognize/build/hand_gesture_detection_develop' returned '0': CMAKE_PREFIX_PATH=${CMAKE_PREFIX_PATH}:/opt/tros/humble:/opt/ros/humble /usr/bin/cmake --install /home/sunrise/hand_gesture_recognize/build/hand_gesture_detection_develop
