[0.739s] DEBUG:colcon:Command line arguments: ['/usr/bin/colcon', 'build', '--packages-select', 'hand_gesture_detection_develop', '--symlink-install']
[0.739s] DEBUG:colcon:Parsed command line arguments: Namespace(log_base=None, log_level=None, verb_name='build', build_base='build', install_base='install', merge_install=False, symlink_install=True, test_result_base=None, continue_on_error=False, executor='parallel', parallel_workers=8, event_handlers=None, ignore_user_meta=False, metas=['./colcon.meta'], base_paths=['.'], packages_ignore=None, packages_ignore_regex=None, paths=None, packages_up_to=None, packages_up_to_regex=None, packages_above=None, packages_above_and_dependencies=None, packages_above_depth=None, packages_select_by_dep=None, packages_skip_by_dep=None, packages_skip_up_to=None, packages_select_build_failed=False, packages_skip_build_finished=False, packages_select_test_failures=False, packages_skip_test_passed=False, packages_select=['hand_gesture_detection_develop'], packages_skip=None, packages_select_regex=None, packages_skip_regex=None, packages_start=None, packages_end=None, allow_overriding=[], cmake_args=None, cmake_target=None, cmake_target_skip_unavailable=False, cmake_clean_cache=False, cmake_clean_first=False, cmake_force_configure=False, ament_cmake_args=None, catkin_cmake_args=None, catkin_skip_building_tests=False, verb_parser=<colcon_defaults.argument_parser.defaults.DefaultArgumentsDecorator object at 0xffff821108b0>, verb_extension=<colcon_core.verb.build.BuildVerb object at 0xffff822ce500>, main=<bound method BuildVerb.main of <colcon_core.verb.build.BuildVerb object at 0xffff822ce500>>)
[2.085s] Level 1:colcon.colcon_core.package_discovery:discover_packages(colcon_meta) check parameters
[2.086s] Level 1:colcon.colcon_core.package_discovery:discover_packages(recursive) check parameters
[2.086s] Level 1:colcon.colcon_core.package_discovery:discover_packages(ignore) check parameters
[2.086s] Level 1:colcon.colcon_core.package_discovery:discover_packages(path) check parameters
[2.087s] Level 1:colcon.colcon_core.package_discovery:discover_packages(colcon_meta) discover
[2.087s] Level 1:colcon.colcon_core.package_discovery:discover_packages(recursive) discover
[2.087s] INFO:colcon.colcon_core.package_discovery:Crawling recursively for packages in '/home/sunrise/hand_gesture_recognize'
[2.088s] Level 1:colcon.colcon_core.package_identification:_identify(.) by extensions ['ignore', 'ignore_ament_install']
[2.088s] Level 1:colcon.colcon_core.package_identification:_identify(.) by extension 'ignore'
[2.089s] Level 1:colcon.colcon_core.package_identification:_identify(.) by extension 'ignore_ament_install'
[2.089s] Level 1:colcon.colcon_core.package_identification:_identify(.) by extensions ['colcon_pkg']
[2.089s] Level 1:colcon.colcon_core.package_identification:_identify(.) by extension 'colcon_pkg'
[2.089s] Level 1:colcon.colcon_core.package_identification:_identify(.) by extensions ['colcon_meta']
[2.089s] Level 1:colcon.colcon_core.package_identification:_identify(.) by extension 'colcon_meta'
[2.090s] Level 1:colcon.colcon_core.package_identification:_identify(.) by extensions ['ros']
[2.090s] Level 1:colcon.colcon_core.package_identification:_identify(.) by extension 'ros'
[2.165s] Level 1:colcon.colcon_core.package_identification:_identify(.) by extensions ['cmake', 'python']
[2.166s] Level 1:colcon.colcon_core.package_identification:_identify(.) by extension 'cmake'
[2.166s] Level 1:colcon.colcon_core.package_identification:_identify(.) by extension 'python'
[2.166s] Level 1:colcon.colcon_core.package_identification:_identify(.) by extensions ['python_setup_py']
[2.166s] Level 1:colcon.colcon_core.package_identification:_identify(.) by extension 'python_setup_py'
[2.167s] Level 1:colcon.colcon_core.package_identification:_identify(build) by extensions ['ignore', 'ignore_ament_install']
[2.167s] Level 1:colcon.colcon_core.package_identification:_identify(build) by extension 'ignore'
[2.168s] Level 1:colcon.colcon_core.package_identification:_identify(build) ignored
[2.168s] Level 1:colcon.colcon_core.package_identification:_identify(config) by extensions ['ignore', 'ignore_ament_install']
[2.169s] Level 1:colcon.colcon_core.package_identification:_identify(config) by extension 'ignore'
[2.169s] Level 1:colcon.colcon_core.package_identification:_identify(config) by extension 'ignore_ament_install'
[2.169s] Level 1:colcon.colcon_core.package_identification:_identify(config) by extensions ['colcon_pkg']
[2.170s] Level 1:colcon.colcon_core.package_identification:_identify(config) by extension 'colcon_pkg'
[2.170s] Level 1:colcon.colcon_core.package_identification:_identify(config) by extensions ['colcon_meta']
[2.170s] Level 1:colcon.colcon_core.package_identification:_identify(config) by extension 'colcon_meta'
[2.170s] Level 1:colcon.colcon_core.package_identification:_identify(config) by extensions ['ros']
[2.170s] Level 1:colcon.colcon_core.package_identification:_identify(config) by extension 'ros'
[2.171s] Level 1:colcon.colcon_core.package_identification:_identify(config) by extensions ['cmake', 'python']
[2.171s] Level 1:colcon.colcon_core.package_identification:_identify(config) by extension 'cmake'
[2.171s] Level 1:colcon.colcon_core.package_identification:_identify(config) by extension 'python'
[2.172s] Level 1:colcon.colcon_core.package_identification:_identify(config) by extensions ['python_setup_py']
[2.172s] Level 1:colcon.colcon_core.package_identification:_identify(config) by extension 'python_setup_py'
[2.172s] Level 1:colcon.colcon_core.package_identification:_identify(install) by extensions ['ignore', 'ignore_ament_install']
[2.173s] Level 1:colcon.colcon_core.package_identification:_identify(install) by extension 'ignore'
[2.173s] Level 1:colcon.colcon_core.package_identification:_identify(install) ignored
[2.174s] Level 1:colcon.colcon_core.package_identification:_identify(log) by extensions ['ignore', 'ignore_ament_install']
[2.174s] Level 1:colcon.colcon_core.package_identification:_identify(log) by extension 'ignore'
[2.174s] Level 1:colcon.colcon_core.package_identification:_identify(log) ignored
[2.175s] Level 1:colcon.colcon_core.package_identification:_identify(src) by extensions ['ignore', 'ignore_ament_install']
[2.175s] Level 1:colcon.colcon_core.package_identification:_identify(src) by extension 'ignore'
[2.176s] Level 1:colcon.colcon_core.package_identification:_identify(src) by extension 'ignore_ament_install'
[2.176s] Level 1:colcon.colcon_core.package_identification:_identify(src) by extensions ['colcon_pkg']
[2.176s] Level 1:colcon.colcon_core.package_identification:_identify(src) by extension 'colcon_pkg'
[2.177s] Level 1:colcon.colcon_core.package_identification:_identify(src) by extensions ['colcon_meta']
[2.177s] Level 1:colcon.colcon_core.package_identification:_identify(src) by extension 'colcon_meta'
[2.177s] Level 1:colcon.colcon_core.package_identification:_identify(src) by extensions ['ros']
[2.177s] Level 1:colcon.colcon_core.package_identification:_identify(src) by extension 'ros'
[2.178s] Level 1:colcon.colcon_core.package_identification:_identify(src) by extensions ['cmake', 'python']
[2.178s] Level 1:colcon.colcon_core.package_identification:_identify(src) by extension 'cmake'
[2.178s] Level 1:colcon.colcon_core.package_identification:_identify(src) by extension 'python'
[2.178s] Level 1:colcon.colcon_core.package_identification:_identify(src) by extensions ['python_setup_py']
[2.179s] Level 1:colcon.colcon_core.package_identification:_identify(src) by extension 'python_setup_py'
[2.179s] Level 1:colcon.colcon_core.package_identification:_identify(src/hand_gesture_detection_develop) by extensions ['ignore', 'ignore_ament_install']
[2.180s] Level 1:colcon.colcon_core.package_identification:_identify(src/hand_gesture_detection_develop) by extension 'ignore'
[2.180s] Level 1:colcon.colcon_core.package_identification:_identify(src/hand_gesture_detection_develop) by extension 'ignore_ament_install'
[2.180s] Level 1:colcon.colcon_core.package_identification:_identify(src/hand_gesture_detection_develop) by extensions ['colcon_pkg']
[2.180s] Level 1:colcon.colcon_core.package_identification:_identify(src/hand_gesture_detection_develop) by extension 'colcon_pkg'
[2.181s] Level 1:colcon.colcon_core.package_identification:_identify(src/hand_gesture_detection_develop) by extensions ['colcon_meta']
[2.181s] Level 1:colcon.colcon_core.package_identification:_identify(src/hand_gesture_detection_develop) by extension 'colcon_meta'
[2.181s] Level 1:colcon.colcon_core.package_identification:_identify(src/hand_gesture_detection_develop) by extensions ['ros']
[2.181s] Level 1:colcon.colcon_core.package_identification:_identify(src/hand_gesture_detection_develop) by extension 'ros'
[2.198s] DEBUG:colcon.colcon_core.package_identification:Package 'src/hand_gesture_detection_develop' with type 'ros.ament_cmake' and name 'hand_gesture_detection_develop'
[2.199s] Level 1:colcon.colcon_core.package_discovery:discover_packages(recursive) using defaults
[2.199s] Level 1:colcon.colcon_core.package_discovery:discover_packages(ignore) discover
[2.199s] Level 1:colcon.colcon_core.package_discovery:discover_packages(ignore) using defaults
[2.199s] Level 1:colcon.colcon_core.package_discovery:discover_packages(path) discover
[2.200s] Level 1:colcon.colcon_core.package_discovery:discover_packages(path) using defaults
[2.343s] Level 1:colcon.colcon_core.package_discovery:discover_packages(prefix_path) check parameters
[2.344s] Level 1:colcon.colcon_core.package_discovery:discover_packages(prefix_path) discover
[2.427s] WARNING:colcon.colcon_ros.prefix_path.ament:The path '/home/sunrise/hand_gesture_recognize/install/hand_gesture_detection_develop' in the environment variable AMENT_PREFIX_PATH doesn't exist
[2.428s] WARNING:colcon.colcon_ros.prefix_path.catkin:The path '/home/sunrise/hand_gesture_recognize/install/hand_gesture_detection_develop' in the environment variable CMAKE_PREFIX_PATH doesn't exist
[2.433s] DEBUG:colcon.colcon_installed_package_information.package_discovery:Found 0 installed packages in /home/sunrise/hand_gesture_recognize/install
[2.436s] DEBUG:colcon.colcon_installed_package_information.package_discovery:Found 54 installed packages in /opt/tros/humble
[2.456s] DEBUG:colcon.colcon_installed_package_information.package_discovery:Found 287 installed packages in /opt/ros/humble
[2.468s] Level 1:colcon.colcon_core.package_discovery:discover_packages(prefix_path) using defaults
[2.770s] Level 5:colcon.colcon_core.verb:set package 'hand_gesture_detection_develop' build argument 'cmake_args' from command line to 'None'
[2.770s] Level 5:colcon.colcon_core.verb:set package 'hand_gesture_detection_develop' build argument 'cmake_target' from command line to 'None'
[2.770s] Level 5:colcon.colcon_core.verb:set package 'hand_gesture_detection_develop' build argument 'cmake_target_skip_unavailable' from command line to 'False'
[2.771s] Level 5:colcon.colcon_core.verb:set package 'hand_gesture_detection_develop' build argument 'cmake_clean_cache' from command line to 'False'
[2.771s] Level 5:colcon.colcon_core.verb:set package 'hand_gesture_detection_develop' build argument 'cmake_clean_first' from command line to 'False'
[2.771s] Level 5:colcon.colcon_core.verb:set package 'hand_gesture_detection_develop' build argument 'cmake_force_configure' from command line to 'False'
[2.771s] Level 5:colcon.colcon_core.verb:set package 'hand_gesture_detection_develop' build argument 'ament_cmake_args' from command line to 'None'
[2.771s] Level 5:colcon.colcon_core.verb:set package 'hand_gesture_detection_develop' build argument 'catkin_cmake_args' from command line to 'None'
[2.771s] Level 5:colcon.colcon_core.verb:set package 'hand_gesture_detection_develop' build argument 'catkin_skip_building_tests' from command line to 'False'
[2.772s] DEBUG:colcon.colcon_core.verb:Building package 'hand_gesture_detection_develop' with the following arguments: {'ament_cmake_args': None, 'build_base': '/home/sunrise/hand_gesture_recognize/build/hand_gesture_detection_develop', 'catkin_cmake_args': None, 'catkin_skip_building_tests': False, 'cmake_args': None, 'cmake_clean_cache': False, 'cmake_clean_first': False, 'cmake_force_configure': False, 'cmake_target': None, 'cmake_target_skip_unavailable': False, 'install_base': '/home/sunrise/hand_gesture_recognize/install/hand_gesture_detection_develop', 'merge_install': False, 'path': '/home/sunrise/hand_gesture_recognize/src/hand_gesture_detection_develop', 'symlink_install': True, 'test_result_base': None}
[2.773s] INFO:colcon.colcon_core.executor:Executing jobs using 'parallel' executor
[2.778s] DEBUG:colcon.colcon_parallel_executor.executor.parallel:run_until_complete
[2.779s] INFO:colcon.colcon_ros.task.ament_cmake.build:Building ROS package in '/home/sunrise/hand_gesture_recognize/src/hand_gesture_detection_develop' with build type 'ament_cmake'
[2.780s] INFO:colcon.colcon_cmake.task.cmake.build:Building CMake package in '/home/sunrise/hand_gesture_recognize/src/hand_gesture_detection_develop'
[2.797s] INFO:colcon.colcon_core.plugin_system:Skipping extension 'colcon_core.shell.bat': Not used on non-Windows systems
[2.798s] INFO:colcon.colcon_core.shell:Skip shell extension 'powershell' for command environment: Not usable outside of PowerShell
[2.798s] DEBUG:colcon.colcon_core.shell:Skip shell extension 'dsv' for command environment
[2.836s] DEBUG:colcon.colcon_core.event_handler.log_command:Invoking command in '/home/sunrise/hand_gesture_recognize/build/hand_gesture_detection_develop': CMAKE_PREFIX_PATH=${CMAKE_PREFIX_PATH}:/opt/tros/humble:/opt/ros/humble /usr/bin/cmake /home/sunrise/hand_gesture_recognize/src/hand_gesture_detection_develop -DAMENT_CMAKE_SYMLINK_INSTALL=1 -DCMAKE_INSTALL_PREFIX=/home/sunrise/hand_gesture_recognize/install/hand_gesture_detection_develop
[10.379s] DEBUG:colcon.colcon_core.event_handler.log_command:Invoked command in '/home/sunrise/hand_gesture_recognize/build/hand_gesture_detection_develop' returned '0': CMAKE_PREFIX_PATH=${CMAKE_PREFIX_PATH}:/opt/tros/humble:/opt/ros/humble /usr/bin/cmake /home/sunrise/hand_gesture_recognize/src/hand_gesture_detection_develop -DAMENT_CMAKE_SYMLINK_INSTALL=1 -DCMAKE_INSTALL_PREFIX=/home/sunrise/hand_gesture_recognize/install/hand_gesture_detection_develop
[10.390s] DEBUG:colcon.colcon_core.event_handler.log_command:Invoking command in '/home/sunrise/hand_gesture_recognize/build/hand_gesture_detection_develop': CMAKE_PREFIX_PATH=${CMAKE_PREFIX_PATH}:/opt/tros/humble:/opt/ros/humble /usr/bin/cmake --build /home/sunrise/hand_gesture_recognize/build/hand_gesture_detection_develop -- -j8 -l8
[94.959s] DEBUG:colcon.colcon_core.event_handler.log_command:Invoked command in '/home/sunrise/hand_gesture_recognize/build/hand_gesture_detection_develop' returned '0': CMAKE_PREFIX_PATH=${CMAKE_PREFIX_PATH}:/opt/tros/humble:/opt/ros/humble /usr/bin/cmake --build /home/sunrise/hand_gesture_recognize/build/hand_gesture_detection_develop -- -j8 -l8
[95.010s] DEBUG:colcon.colcon_core.event_handler.log_command:Invoking command in '/home/sunrise/hand_gesture_recognize/build/hand_gesture_detection_develop': CMAKE_PREFIX_PATH=${CMAKE_PREFIX_PATH}:/opt/tros/humble:/opt/ros/humble /usr/bin/cmake --install /home/sunrise/hand_gesture_recognize/build/hand_gesture_detection_develop
[96.130s] Level 1:colcon.colcon_core.environment:create_environment_scripts_only(hand_gesture_detection_develop)
[96.137s] DEBUG:colcon.colcon_core.event_handler.log_command:Invoked command in '/home/sunrise/hand_gesture_recognize/build/hand_gesture_detection_develop' returned '0': CMAKE_PREFIX_PATH=${CMAKE_PREFIX_PATH}:/opt/tros/humble:/opt/ros/humble /usr/bin/cmake --install /home/sunrise/hand_gesture_recognize/build/hand_gesture_detection_develop
[96.165s] Level 1:colcon.colcon_core.environment:checking '/home/sunrise/hand_gesture_recognize/install/hand_gesture_detection_develop' for CMake module files
[96.169s] Level 1:colcon.colcon_core.environment:checking '/home/sunrise/hand_gesture_recognize/install/hand_gesture_detection_develop' for CMake config files
[96.171s] Level 1:colcon.colcon_core.shell:create_environment_hook('hand_gesture_detection_develop', 'cmake_prefix_path')
[96.172s] INFO:colcon.colcon_core.shell:Creating environment hook '/home/sunrise/hand_gesture_recognize/install/hand_gesture_detection_develop/share/hand_gesture_detection_develop/hook/cmake_prefix_path.ps1'
[96.177s] INFO:colcon.colcon_core.shell:Creating environment descriptor '/home/sunrise/hand_gesture_recognize/install/hand_gesture_detection_develop/share/hand_gesture_detection_develop/hook/cmake_prefix_path.dsv'
[96.181s] INFO:colcon.colcon_core.shell:Creating environment hook '/home/sunrise/hand_gesture_recognize/install/hand_gesture_detection_develop/share/hand_gesture_detection_develop/hook/cmake_prefix_path.sh'
[96.187s] Level 1:colcon.colcon_core.environment:checking '/home/sunrise/hand_gesture_recognize/install/hand_gesture_detection_develop/lib'
[96.188s] Level 1:colcon.colcon_core.environment:checking '/home/sunrise/hand_gesture_recognize/install/hand_gesture_detection_develop/bin'
[96.189s] Level 1:colcon.colcon_core.environment:checking '/home/sunrise/hand_gesture_recognize/install/hand_gesture_detection_develop/lib/pkgconfig/hand_gesture_detection_develop.pc'
[96.190s] Level 1:colcon.colcon_core.environment:checking '/home/sunrise/hand_gesture_recognize/install/hand_gesture_detection_develop/lib/python3.10/site-packages'
[96.191s] Level 1:colcon.colcon_core.environment:checking '/home/sunrise/hand_gesture_recognize/install/hand_gesture_detection_develop/bin'
[96.193s] INFO:colcon.colcon_core.shell:Creating package script '/home/sunrise/hand_gesture_recognize/install/hand_gesture_detection_develop/share/hand_gesture_detection_develop/package.ps1'
[96.199s] INFO:colcon.colcon_core.shell:Creating package descriptor '/home/sunrise/hand_gesture_recognize/install/hand_gesture_detection_develop/share/hand_gesture_detection_develop/package.dsv'
[96.203s] INFO:colcon.colcon_core.shell:Creating package script '/home/sunrise/hand_gesture_recognize/install/hand_gesture_detection_develop/share/hand_gesture_detection_develop/package.sh'
[96.209s] INFO:colcon.colcon_core.shell:Creating package script '/home/sunrise/hand_gesture_recognize/install/hand_gesture_detection_develop/share/hand_gesture_detection_develop/package.bash'
[96.214s] INFO:colcon.colcon_core.shell:Creating package script '/home/sunrise/hand_gesture_recognize/install/hand_gesture_detection_develop/share/hand_gesture_detection_develop/package.zsh'
[96.219s] Level 1:colcon.colcon_core.environment:create_file_with_runtime_dependencies(/home/sunrise/hand_gesture_recognize/install/hand_gesture_detection_develop/share/colcon-core/packages/hand_gesture_detection_develop)
[96.223s] Level 1:colcon.colcon_core.environment:create_environment_scripts_only(hand_gesture_detection_develop)
[96.225s] Level 1:colcon.colcon_core.environment:checking '/home/sunrise/hand_gesture_recognize/install/hand_gesture_detection_develop' for CMake module files
[96.228s] Level 1:colcon.colcon_core.environment:checking '/home/sunrise/hand_gesture_recognize/install/hand_gesture_detection_develop' for CMake config files
[96.230s] Level 1:colcon.colcon_core.shell:create_environment_hook('hand_gesture_detection_develop', 'cmake_prefix_path')
[96.232s] INFO:colcon.colcon_core.shell:Creating environment hook '/home/sunrise/hand_gesture_recognize/install/hand_gesture_detection_develop/share/hand_gesture_detection_develop/hook/cmake_prefix_path.ps1'
[96.234s] INFO:colcon.colcon_core.shell:Creating environment descriptor '/home/sunrise/hand_gesture_recognize/install/hand_gesture_detection_develop/share/hand_gesture_detection_develop/hook/cmake_prefix_path.dsv'
[96.236s] INFO:colcon.colcon_core.shell:Creating environment hook '/home/sunrise/hand_gesture_recognize/install/hand_gesture_detection_develop/share/hand_gesture_detection_develop/hook/cmake_prefix_path.sh'
[96.239s] Level 1:colcon.colcon_core.environment:checking '/home/sunrise/hand_gesture_recognize/install/hand_gesture_detection_develop/lib'
[96.239s] Level 1:colcon.colcon_core.environment:checking '/home/sunrise/hand_gesture_recognize/install/hand_gesture_detection_develop/bin'
[96.240s] Level 1:colcon.colcon_core.environment:checking '/home/sunrise/hand_gesture_recognize/install/hand_gesture_detection_develop/lib/pkgconfig/hand_gesture_detection_develop.pc'
[96.241s] Level 1:colcon.colcon_core.environment:checking '/home/sunrise/hand_gesture_recognize/install/hand_gesture_detection_develop/lib/python3.10/site-packages'
[96.242s] Level 1:colcon.colcon_core.environment:checking '/home/sunrise/hand_gesture_recognize/install/hand_gesture_detection_develop/bin'
[96.244s] INFO:colcon.colcon_core.shell:Creating package script '/home/sunrise/hand_gesture_recognize/install/hand_gesture_detection_develop/share/hand_gesture_detection_develop/package.ps1'
[96.248s] INFO:colcon.colcon_core.shell:Creating package descriptor '/home/sunrise/hand_gesture_recognize/install/hand_gesture_detection_develop/share/hand_gesture_detection_develop/package.dsv'
[96.250s] INFO:colcon.colcon_core.shell:Creating package script '/home/sunrise/hand_gesture_recognize/install/hand_gesture_detection_develop/share/hand_gesture_detection_develop/package.sh'
[96.253s] INFO:colcon.colcon_core.shell:Creating package script '/home/sunrise/hand_gesture_recognize/install/hand_gesture_detection_develop/share/hand_gesture_detection_develop/package.bash'
[96.256s] INFO:colcon.colcon_core.shell:Creating package script '/home/sunrise/hand_gesture_recognize/install/hand_gesture_detection_develop/share/hand_gesture_detection_develop/package.zsh'
[96.258s] Level 1:colcon.colcon_core.environment:create_file_with_runtime_dependencies(/home/sunrise/hand_gesture_recognize/install/hand_gesture_detection_develop/share/colcon-core/packages/hand_gesture_detection_develop)
[96.260s] DEBUG:colcon.colcon_parallel_executor.executor.parallel:closing loop
[96.261s] DEBUG:colcon.colcon_parallel_executor.executor.parallel:loop closed
[96.261s] DEBUG:colcon.colcon_parallel_executor.executor.parallel:run_until_complete finished with '0'
[96.262s] DEBUG:colcon.colcon_core.event_reactor:joining thread
[96.305s] INFO:colcon.colcon_core.plugin_system:Skipping extension 'colcon_notification.desktop_notification.notify_send': Could not find 'notify-send'
[96.306s] INFO:colcon.colcon_core.plugin_system:Skipping extension 'colcon_notification.desktop_notification.terminal_notifier': Not used on non-Darwin systems
[96.306s] INFO:colcon.colcon_core.plugin_system:Skipping extension 'colcon_notification.desktop_notification.win32': Not used on non-Windows systems
[96.307s] INFO:colcon.colcon_notification.desktop_notification:Sending desktop notification using 'notify2'
[96.750s] DEBUG:colcon.colcon_core.event_reactor:joined thread
[96.753s] INFO:colcon.colcon_core.shell:Creating prefix script '/home/sunrise/hand_gesture_recognize/install/local_setup.ps1'
[96.763s] INFO:colcon.colcon_core.shell:Creating prefix util module '/home/sunrise/hand_gesture_recognize/install/_local_setup_util_ps1.py'
[96.778s] INFO:colcon.colcon_core.shell:Creating prefix chain script '/home/sunrise/hand_gesture_recognize/install/setup.ps1'
[96.787s] INFO:colcon.colcon_core.shell:Creating prefix script '/home/sunrise/hand_gesture_recognize/install/local_setup.sh'
[96.793s] INFO:colcon.colcon_core.shell:Creating prefix util module '/home/sunrise/hand_gesture_recognize/install/_local_setup_util_sh.py'
[96.798s] INFO:colcon.colcon_core.shell:Creating prefix chain script '/home/sunrise/hand_gesture_recognize/install/setup.sh'
[96.805s] INFO:colcon.colcon_core.shell:Creating prefix script '/home/sunrise/hand_gesture_recognize/install/local_setup.bash'
[96.812s] INFO:colcon.colcon_core.shell:Creating prefix chain script '/home/sunrise/hand_gesture_recognize/install/setup.bash'
[96.820s] INFO:colcon.colcon_core.shell:Creating prefix script '/home/sunrise/hand_gesture_recognize/install/local_setup.zsh'
[96.824s] INFO:colcon.colcon_core.shell:Creating prefix chain script '/home/sunrise/hand_gesture_recognize/install/setup.zsh'
