[0.615s] DEBUG:colcon:Command line arguments: ['/usr/bin/colcon', 'build', '--symlink-install']
[0.616s] DEBUG:colcon:Parsed command line arguments: Namespace(log_base=None, log_level=None, verb_name='build', build_base='build', install_base='install', merge_install=False, symlink_install=True, test_result_base=None, continue_on_error=False, executor='parallel', parallel_workers=8, event_handlers=None, ignore_user_meta=False, metas=['./colcon.meta'], base_paths=['.'], packages_ignore=None, packages_ignore_regex=None, paths=None, packages_up_to=None, packages_up_to_regex=None, packages_above=None, packages_above_and_dependencies=None, packages_above_depth=None, packages_select_by_dep=None, packages_skip_by_dep=None, packages_skip_up_to=None, packages_select_build_failed=False, packages_skip_build_finished=False, packages_select_test_failures=False, packages_skip_test_passed=False, packages_select=None, packages_skip=None, packages_select_regex=None, packages_skip_regex=None, packages_start=None, packages_end=None, allow_overriding=[], cmake_args=None, cmake_target=None, cmake_target_skip_unavailable=False, cmake_clean_cache=False, cmake_clean_first=False, cmake_force_configure=False, ament_cmake_args=None, catkin_cmake_args=None, catkin_skip_building_tests=False, verb_parser=<colcon_defaults.argument_parser.defaults.DefaultArgumentsDecorator object at 0xffffbb1acb80>, verb_extension=<colcon_core.verb.build.BuildVerb object at 0xffffbb3727d0>, main=<bound method BuildVerb.main of <colcon_core.verb.build.BuildVerb object at 0xffffbb3727d0>>)
[1.714s] Level 1:colcon.colcon_core.package_discovery:discover_packages(colcon_meta) check parameters
[1.715s] Level 1:colcon.colcon_core.package_discovery:discover_packages(recursive) check parameters
[1.715s] Level 1:colcon.colcon_core.package_discovery:discover_packages(ignore) check parameters
[1.715s] Level 1:colcon.colcon_core.package_discovery:discover_packages(path) check parameters
[1.715s] Level 1:colcon.colcon_core.package_discovery:discover_packages(colcon_meta) discover
[1.716s] Level 1:colcon.colcon_core.package_discovery:discover_packages(recursive) discover
[1.716s] INFO:colcon.colcon_core.package_discovery:Crawling recursively for packages in '/home/sunrise/AI/talk'
[1.716s] Level 1:colcon.colcon_core.package_identification:_identify(.) by extensions ['ignore', 'ignore_ament_install']
[1.717s] Level 1:colcon.colcon_core.package_identification:_identify(.) by extension 'ignore'
[1.717s] Level 1:colcon.colcon_core.package_identification:_identify(.) by extension 'ignore_ament_install'
[1.718s] Level 1:colcon.colcon_core.package_identification:_identify(.) by extensions ['colcon_pkg']
[1.718s] Level 1:colcon.colcon_core.package_identification:_identify(.) by extension 'colcon_pkg'
[1.718s] Level 1:colcon.colcon_core.package_identification:_identify(.) by extensions ['colcon_meta']
[1.718s] Level 1:colcon.colcon_core.package_identification:_identify(.) by extension 'colcon_meta'
[1.718s] Level 1:colcon.colcon_core.package_identification:_identify(.) by extensions ['ros']
[1.719s] Level 1:colcon.colcon_core.package_identification:_identify(.) by extension 'ros'
[1.788s] Level 1:colcon.colcon_core.package_identification:_identify(.) by extensions ['cmake', 'python']
[1.788s] Level 1:colcon.colcon_core.package_identification:_identify(.) by extension 'cmake'
[1.788s] Level 1:colcon.colcon_core.package_identification:_identify(.) by extension 'python'
[1.789s] Level 1:colcon.colcon_core.package_identification:_identify(.) by extensions ['python_setup_py']
[1.789s] Level 1:colcon.colcon_core.package_identification:_identify(.) by extension 'python_setup_py'
[1.790s] Level 1:colcon.colcon_core.package_identification:_identify(build) by extensions ['ignore', 'ignore_ament_install']
[1.790s] Level 1:colcon.colcon_core.package_identification:_identify(build) by extension 'ignore'
[1.790s] Level 1:colcon.colcon_core.package_identification:_identify(build) ignored
[1.791s] Level 1:colcon.colcon_core.package_identification:_identify(install) by extensions ['ignore', 'ignore_ament_install']
[1.791s] Level 1:colcon.colcon_core.package_identification:_identify(install) by extension 'ignore'
[1.792s] Level 1:colcon.colcon_core.package_identification:_identify(install) ignored
[1.792s] Level 1:colcon.colcon_core.package_identification:_identify(log) by extensions ['ignore', 'ignore_ament_install']
[1.792s] Level 1:colcon.colcon_core.package_identification:_identify(log) by extension 'ignore'
[1.793s] Level 1:colcon.colcon_core.package_identification:_identify(log) ignored
[1.793s] Level 1:colcon.colcon_core.package_identification:_identify(src) by extensions ['ignore', 'ignore_ament_install']
[1.793s] Level 1:colcon.colcon_core.package_identification:_identify(src) by extension 'ignore'
[1.794s] Level 1:colcon.colcon_core.package_identification:_identify(src) by extension 'ignore_ament_install'
[1.794s] Level 1:colcon.colcon_core.package_identification:_identify(src) by extensions ['colcon_pkg']
[1.794s] Level 1:colcon.colcon_core.package_identification:_identify(src) by extension 'colcon_pkg'
[1.794s] Level 1:colcon.colcon_core.package_identification:_identify(src) by extensions ['colcon_meta']
[1.795s] Level 1:colcon.colcon_core.package_identification:_identify(src) by extension 'colcon_meta'
[1.795s] Level 1:colcon.colcon_core.package_identification:_identify(src) by extensions ['ros']
[1.795s] Level 1:colcon.colcon_core.package_identification:_identify(src) by extension 'ros'
[1.796s] Level 1:colcon.colcon_core.package_identification:_identify(src) by extensions ['cmake', 'python']
[1.796s] Level 1:colcon.colcon_core.package_identification:_identify(src) by extension 'cmake'
[1.796s] Level 1:colcon.colcon_core.package_identification:_identify(src) by extension 'python'
[1.796s] Level 1:colcon.colcon_core.package_identification:_identify(src) by extensions ['python_setup_py']
[1.796s] Level 1:colcon.colcon_core.package_identification:_identify(src) by extension 'python_setup_py'
[1.797s] Level 1:colcon.colcon_core.package_identification:_identify(src/rdk_ai_gateway_ros) by extensions ['ignore', 'ignore_ament_install']
[1.797s] Level 1:colcon.colcon_core.package_identification:_identify(src/rdk_ai_gateway_ros) by extension 'ignore'
[1.798s] Level 1:colcon.colcon_core.package_identification:_identify(src/rdk_ai_gateway_ros) by extension 'ignore_ament_install'
[1.798s] Level 1:colcon.colcon_core.package_identification:_identify(src/rdk_ai_gateway_ros) by extensions ['colcon_pkg']
[1.798s] Level 1:colcon.colcon_core.package_identification:_identify(src/rdk_ai_gateway_ros) by extension 'colcon_pkg'
[1.798s] Level 1:colcon.colcon_core.package_identification:_identify(src/rdk_ai_gateway_ros) by extensions ['colcon_meta']
[1.799s] Level 1:colcon.colcon_core.package_identification:_identify(src/rdk_ai_gateway_ros) by extension 'colcon_meta'
[1.799s] Level 1:colcon.colcon_core.package_identification:_identify(src/rdk_ai_gateway_ros) by extensions ['ros']
[1.799s] Level 1:colcon.colcon_core.package_identification:_identify(src/rdk_ai_gateway_ros) by extension 'ros'
[1.800s] Level 1:colcon.colcon_core.package_identification:_identify(src/rdk_ai_gateway_ros) by extensions ['cmake', 'python']
[1.800s] Level 1:colcon.colcon_core.package_identification:_identify(src/rdk_ai_gateway_ros) by extension 'cmake'
[1.800s] Level 1:colcon.colcon_core.package_identification:_identify(src/rdk_ai_gateway_ros) by extension 'python'
[1.800s] Level 1:colcon.colcon_core.package_identification:_identify(src/rdk_ai_gateway_ros) by extensions ['python_setup_py']
[1.800s] Level 1:colcon.colcon_core.package_identification:_identify(src/rdk_ai_gateway_ros) by extension 'python_setup_py'
[1.801s] Level 1:colcon.colcon_core.package_identification:_identify(src/rdk_ai_gateway_ros/rdk_ai_gateway) by extensions ['ignore', 'ignore_ament_install']
[1.802s] Level 1:colcon.colcon_core.package_identification:_identify(src/rdk_ai_gateway_ros/rdk_ai_gateway) by extension 'ignore'
[1.802s] Level 1:colcon.colcon_core.package_identification:_identify(src/rdk_ai_gateway_ros/rdk_ai_gateway) by extension 'ignore_ament_install'
[1.802s] Level 1:colcon.colcon_core.package_identification:_identify(src/rdk_ai_gateway_ros/rdk_ai_gateway) by extensions ['colcon_pkg']
[1.802s] Level 1:colcon.colcon_core.package_identification:_identify(src/rdk_ai_gateway_ros/rdk_ai_gateway) by extension 'colcon_pkg'
[1.803s] Level 1:colcon.colcon_core.package_identification:_identify(src/rdk_ai_gateway_ros/rdk_ai_gateway) by extensions ['colcon_meta']
[1.803s] Level 1:colcon.colcon_core.package_identification:_identify(src/rdk_ai_gateway_ros/rdk_ai_gateway) by extension 'colcon_meta'
[1.803s] Level 1:colcon.colcon_core.package_identification:_identify(src/rdk_ai_gateway_ros/rdk_ai_gateway) by extensions ['ros']
[1.803s] Level 1:colcon.colcon_core.package_identification:_identify(src/rdk_ai_gateway_ros/rdk_ai_gateway) by extension 'ros'
[1.816s] DEBUG:colcon.colcon_core.package_identification:Package 'src/rdk_ai_gateway_ros/rdk_ai_gateway' with type 'ros.ament_python' and name 'rdk_ai_gateway'
[1.817s] Level 1:colcon.colcon_core.package_identification:_identify(src/rdk_ai_gateway_ros/rdk_ai_gateway_msg) by extensions ['ignore', 'ignore_ament_install']
[1.818s] Level 1:colcon.colcon_core.package_identification:_identify(src/rdk_ai_gateway_ros/rdk_ai_gateway_msg) by extension 'ignore'
[1.818s] Level 1:colcon.colcon_core.package_identification:_identify(src/rdk_ai_gateway_ros/rdk_ai_gateway_msg) by extension 'ignore_ament_install'
[1.818s] Level 1:colcon.colcon_core.package_identification:_identify(src/rdk_ai_gateway_ros/rdk_ai_gateway_msg) by extensions ['colcon_pkg']
[1.819s] Level 1:colcon.colcon_core.package_identification:_identify(src/rdk_ai_gateway_ros/rdk_ai_gateway_msg) by extension 'colcon_pkg'
[1.819s] Level 1:colcon.colcon_core.package_identification:_identify(src/rdk_ai_gateway_ros/rdk_ai_gateway_msg) by extensions ['colcon_meta']
[1.819s] Level 1:colcon.colcon_core.package_identification:_identify(src/rdk_ai_gateway_ros/rdk_ai_gateway_msg) by extension 'colcon_meta'
[1.820s] Level 1:colcon.colcon_core.package_identification:_identify(src/rdk_ai_gateway_ros/rdk_ai_gateway_msg) by extensions ['ros']
[1.820s] Level 1:colcon.colcon_core.package_identification:_identify(src/rdk_ai_gateway_ros/rdk_ai_gateway_msg) by extension 'ros'
[1.825s] DEBUG:colcon.colcon_core.package_identification:Package 'src/rdk_ai_gateway_ros/rdk_ai_gateway_msg' with type 'ros.ament_cmake' and name 'rdk_ai_gateway_msg'
[1.825s] Level 1:colcon.colcon_core.package_discovery:discover_packages(recursive) using defaults
[1.826s] Level 1:colcon.colcon_core.package_discovery:discover_packages(ignore) discover
[1.826s] Level 1:colcon.colcon_core.package_discovery:discover_packages(ignore) using defaults
[1.826s] Level 1:colcon.colcon_core.package_discovery:discover_packages(path) discover
[1.826s] Level 1:colcon.colcon_core.package_discovery:discover_packages(path) using defaults
[1.944s] Level 1:colcon.colcon_core.package_discovery:discover_packages(prefix_path) check parameters
[1.944s] Level 1:colcon.colcon_core.package_discovery:discover_packages(prefix_path) discover
[1.949s] WARNING:colcon.colcon_ros.prefix_path.ament:The path '/home/sunrise/AI/talk/install/rdk_ai_gateway_msg' in the environment variable AMENT_PREFIX_PATH doesn't exist
[1.949s] WARNING:colcon.colcon_ros.prefix_path.ament:The path '/home/sunrise/AI/talk/install/rdk_ai_gateway' in the environment variable AMENT_PREFIX_PATH doesn't exist
[1.950s] WARNING:colcon.colcon_ros.prefix_path.catkin:The path '/home/sunrise/AI/talk/install/rdk_ai_gateway_msg' in the environment variable CMAKE_PREFIX_PATH doesn't exist
[1.953s] DEBUG:colcon.colcon_installed_package_information.package_discovery:Found 0 installed packages in /home/sunrise/AI/talk/install
[1.964s] DEBUG:colcon.colcon_installed_package_information.package_discovery:Found 272 installed packages in /opt/ros/humble
[2.050s] Level 1:colcon.colcon_core.package_discovery:discover_packages(prefix_path) using defaults
[2.313s] Level 5:colcon.colcon_core.verb:set package 'rdk_ai_gateway' build argument 'cmake_args' from command line to 'None'
[2.314s] Level 5:colcon.colcon_core.verb:set package 'rdk_ai_gateway' build argument 'cmake_target' from command line to 'None'
[2.314s] Level 5:colcon.colcon_core.verb:set package 'rdk_ai_gateway' build argument 'cmake_target_skip_unavailable' from command line to 'False'
[2.314s] Level 5:colcon.colcon_core.verb:set package 'rdk_ai_gateway' build argument 'cmake_clean_cache' from command line to 'False'
[2.314s] Level 5:colcon.colcon_core.verb:set package 'rdk_ai_gateway' build argument 'cmake_clean_first' from command line to 'False'
[2.314s] Level 5:colcon.colcon_core.verb:set package 'rdk_ai_gateway' build argument 'cmake_force_configure' from command line to 'False'
[2.315s] Level 5:colcon.colcon_core.verb:set package 'rdk_ai_gateway' build argument 'ament_cmake_args' from command line to 'None'
[2.315s] Level 5:colcon.colcon_core.verb:set package 'rdk_ai_gateway' build argument 'catkin_cmake_args' from command line to 'None'
[2.315s] Level 5:colcon.colcon_core.verb:set package 'rdk_ai_gateway' build argument 'catkin_skip_building_tests' from command line to 'False'
[2.315s] DEBUG:colcon.colcon_core.verb:Building package 'rdk_ai_gateway' with the following arguments: {'ament_cmake_args': None, 'build_base': '/home/sunrise/AI/talk/build/rdk_ai_gateway', 'catkin_cmake_args': None, 'catkin_skip_building_tests': False, 'cmake_args': None, 'cmake_clean_cache': False, 'cmake_clean_first': False, 'cmake_force_configure': False, 'cmake_target': None, 'cmake_target_skip_unavailable': False, 'install_base': '/home/sunrise/AI/talk/install/rdk_ai_gateway', 'merge_install': False, 'path': '/home/sunrise/AI/talk/src/rdk_ai_gateway_ros/rdk_ai_gateway', 'symlink_install': True, 'test_result_base': None}
[2.318s] Level 5:colcon.colcon_core.verb:set package 'rdk_ai_gateway_msg' build argument 'cmake_args' from command line to 'None'
[2.318s] Level 5:colcon.colcon_core.verb:set package 'rdk_ai_gateway_msg' build argument 'cmake_target' from command line to 'None'
[2.318s] Level 5:colcon.colcon_core.verb:set package 'rdk_ai_gateway_msg' build argument 'cmake_target_skip_unavailable' from command line to 'False'
[2.318s] Level 5:colcon.colcon_core.verb:set package 'rdk_ai_gateway_msg' build argument 'cmake_clean_cache' from command line to 'False'
[2.318s] Level 5:colcon.colcon_core.verb:set package 'rdk_ai_gateway_msg' build argument 'cmake_clean_first' from command line to 'False'
[2.318s] Level 5:colcon.colcon_core.verb:set package 'rdk_ai_gateway_msg' build argument 'cmake_force_configure' from command line to 'False'
[2.319s] Level 5:colcon.colcon_core.verb:set package 'rdk_ai_gateway_msg' build argument 'ament_cmake_args' from command line to 'None'
[2.319s] Level 5:colcon.colcon_core.verb:set package 'rdk_ai_gateway_msg' build argument 'catkin_cmake_args' from command line to 'None'
[2.319s] Level 5:colcon.colcon_core.verb:set package 'rdk_ai_gateway_msg' build argument 'catkin_skip_building_tests' from command line to 'False'
[2.319s] DEBUG:colcon.colcon_core.verb:Building package 'rdk_ai_gateway_msg' with the following arguments: {'ament_cmake_args': None, 'build_base': '/home/sunrise/AI/talk/build/rdk_ai_gateway_msg', 'catkin_cmake_args': None, 'catkin_skip_building_tests': False, 'cmake_args': None, 'cmake_clean_cache': False, 'cmake_clean_first': False, 'cmake_force_configure': False, 'cmake_target': None, 'cmake_target_skip_unavailable': False, 'install_base': '/home/sunrise/AI/talk/install/rdk_ai_gateway_msg', 'merge_install': False, 'path': '/home/sunrise/AI/talk/src/rdk_ai_gateway_ros/rdk_ai_gateway_msg', 'symlink_install': True, 'test_result_base': None}
[2.320s] INFO:colcon.colcon_core.executor:Executing jobs using 'parallel' executor
[2.325s] DEBUG:colcon.colcon_parallel_executor.executor.parallel:run_until_complete
[2.326s] INFO:colcon.colcon_ros.task.ament_python.build:Building ROS package in '/home/sunrise/AI/talk/src/rdk_ai_gateway_ros/rdk_ai_gateway' with build type 'ament_python'
[2.327s] Level 1:colcon.colcon_core.shell:create_environment_hook('rdk_ai_gateway', 'ament_prefix_path')
[2.337s] INFO:colcon.colcon_core.plugin_system:Skipping extension 'colcon_core.shell.bat': Not used on non-Windows systems
[2.339s] INFO:colcon.colcon_core.shell:Creating environment hook '/home/sunrise/AI/talk/install/rdk_ai_gateway/share/rdk_ai_gateway/hook/ament_prefix_path.ps1'
[2.343s] INFO:colcon.colcon_core.shell:Creating environment descriptor '/home/sunrise/AI/talk/install/rdk_ai_gateway/share/rdk_ai_gateway/hook/ament_prefix_path.dsv'
[2.345s] INFO:colcon.colcon_core.shell:Creating environment hook '/home/sunrise/AI/talk/install/rdk_ai_gateway/share/rdk_ai_gateway/hook/ament_prefix_path.sh'
[2.350s] INFO:colcon.colcon_core.shell:Skip shell extension 'powershell' for command environment: Not usable outside of PowerShell
[2.350s] DEBUG:colcon.colcon_core.shell:Skip shell extension 'dsv' for command environment
[2.368s] INFO:colcon.colcon_ros.task.ament_cmake.build:Building ROS package in '/home/sunrise/AI/talk/src/rdk_ai_gateway_ros/rdk_ai_gateway_msg' with build type 'ament_cmake'
[2.369s] INFO:colcon.colcon_cmake.task.cmake.build:Building CMake package in '/home/sunrise/AI/talk/src/rdk_ai_gateway_ros/rdk_ai_gateway_msg'
[2.371s] INFO:colcon.colcon_core.shell:Skip shell extension 'powershell' for command environment: Not usable outside of PowerShell
[2.371s] DEBUG:colcon.colcon_core.shell:Skip shell extension 'dsv' for command environment
[4.036s] INFO:colcon.colcon_core.task.python.build:Building Python package in '/home/sunrise/AI/talk/src/rdk_ai_gateway_ros/rdk_ai_gateway'
[4.038s] INFO:colcon.colcon_core.shell:Skip shell extension 'powershell' for command environment: Not usable outside of PowerShell
[4.039s] DEBUG:colcon.colcon_core.shell:Skip shell extension 'dsv' for command environment
[4.078s] DEBUG:colcon.colcon_core.event_handler.log_command:Invoking command in '/home/sunrise/AI/talk/build/rdk_ai_gateway_msg': CMAKE_PREFIX_PATH=${CMAKE_PREFIX_PATH}:/home/sunrise/AI/talk/install/rdk_ai_gateway:/opt/ros/humble /usr/bin/cmake /home/sunrise/AI/talk/src/rdk_ai_gateway_ros/rdk_ai_gateway_msg -DAMENT_CMAKE_SYMLINK_INSTALL=1 -DCMAKE_INSTALL_PREFIX=/home/sunrise/AI/talk/install/rdk_ai_gateway_msg
[6.425s] DEBUG:colcon.colcon_core.event_handler.log_command:Invoking command in '/home/sunrise/AI/talk/build/rdk_ai_gateway': PYTHONPATH=/home/sunrise/AI/talk/build/rdk_ai_gateway/prefix_override:/usr/lib/python3/dist-packages/colcon_core/task/python/colcon_distutils_commands:/home/sunrise/AI/talk/install/rdk_ai_gateway/lib/python3.10/site-packages:${PYTHONPATH} /usr/bin/python3 -W ignore:setup.py install is deprecated -W ignore:easy_install command is deprecated setup.py develop --editable --build-directory /home/sunrise/AI/talk/build/rdk_ai_gateway/build --no-deps symlink_data
[9.402s] Level 1:colcon.colcon_core.shell:create_environment_hook('rdk_ai_gateway', 'pythonpath_develop')
[9.404s] INFO:colcon.colcon_core.shell:Creating environment hook '/home/sunrise/AI/talk/build/rdk_ai_gateway/share/rdk_ai_gateway/hook/pythonpath_develop.ps1'
[9.406s] DEBUG:colcon.colcon_core.event_handler.log_command:Invoked command in '/home/sunrise/AI/talk/build/rdk_ai_gateway' returned '0': PYTHONPATH=/home/sunrise/AI/talk/build/rdk_ai_gateway/prefix_override:/usr/lib/python3/dist-packages/colcon_core/task/python/colcon_distutils_commands:/home/sunrise/AI/talk/install/rdk_ai_gateway/lib/python3.10/site-packages:${PYTHONPATH} /usr/bin/python3 -W ignore:setup.py install is deprecated -W ignore:easy_install command is deprecated setup.py develop --editable --build-directory /home/sunrise/AI/talk/build/rdk_ai_gateway/build --no-deps symlink_data
[9.408s] INFO:colcon.colcon_core.shell:Creating environment descriptor '/home/sunrise/AI/talk/build/rdk_ai_gateway/share/rdk_ai_gateway/hook/pythonpath_develop.dsv'
[9.410s] INFO:colcon.colcon_core.shell:Creating environment hook '/home/sunrise/AI/talk/build/rdk_ai_gateway/share/rdk_ai_gateway/hook/pythonpath_develop.sh'
[9.426s] Level 1:colcon.colcon_core.environment:checking '/home/sunrise/AI/talk/install/rdk_ai_gateway' for CMake module files
[9.429s] Level 1:colcon.colcon_core.environment:checking '/home/sunrise/AI/talk/install/rdk_ai_gateway' for CMake config files
[9.432s] Level 1:colcon.colcon_core.environment:checking '/home/sunrise/AI/talk/install/rdk_ai_gateway/lib'
[9.433s] Level 1:colcon.colcon_core.environment:checking '/home/sunrise/AI/talk/install/rdk_ai_gateway/bin'
[9.434s] Level 1:colcon.colcon_core.environment:checking '/home/sunrise/AI/talk/install/rdk_ai_gateway/lib/pkgconfig/rdk_ai_gateway.pc'
[9.435s] Level 1:colcon.colcon_core.environment:checking '/home/sunrise/AI/talk/install/rdk_ai_gateway/lib/python3.10/site-packages'
[9.435s] Level 1:colcon.colcon_core.shell:create_environment_hook('rdk_ai_gateway', 'pythonpath')
[9.437s] INFO:colcon.colcon_core.shell:Creating environment hook '/home/sunrise/AI/talk/install/rdk_ai_gateway/share/rdk_ai_gateway/hook/pythonpath.ps1'
[9.439s] INFO:colcon.colcon_core.shell:Creating environment descriptor '/home/sunrise/AI/talk/install/rdk_ai_gateway/share/rdk_ai_gateway/hook/pythonpath.dsv'
[9.441s] INFO:colcon.colcon_core.shell:Creating environment hook '/home/sunrise/AI/talk/install/rdk_ai_gateway/share/rdk_ai_gateway/hook/pythonpath.sh'
[9.444s] Level 1:colcon.colcon_core.environment:checking '/home/sunrise/AI/talk/install/rdk_ai_gateway/bin'
[9.444s] Level 1:colcon.colcon_core.environment:create_environment_scripts_only(rdk_ai_gateway)
[9.447s] INFO:colcon.colcon_core.shell:Creating package script '/home/sunrise/AI/talk/install/rdk_ai_gateway/share/rdk_ai_gateway/package.ps1'
[9.453s] INFO:colcon.colcon_core.shell:Creating package descriptor '/home/sunrise/AI/talk/install/rdk_ai_gateway/share/rdk_ai_gateway/package.dsv'
[9.457s] INFO:colcon.colcon_core.shell:Creating package script '/home/sunrise/AI/talk/install/rdk_ai_gateway/share/rdk_ai_gateway/package.sh'
[9.462s] INFO:colcon.colcon_core.shell:Creating package script '/home/sunrise/AI/talk/install/rdk_ai_gateway/share/rdk_ai_gateway/package.bash'
[9.467s] INFO:colcon.colcon_core.shell:Creating package script '/home/sunrise/AI/talk/install/rdk_ai_gateway/share/rdk_ai_gateway/package.zsh'
[9.472s] Level 1:colcon.colcon_core.environment:create_file_with_runtime_dependencies(/home/sunrise/AI/talk/install/rdk_ai_gateway/share/colcon-core/packages/rdk_ai_gateway)
[15.723s] DEBUG:colcon.colcon_core.event_handler.log_command:Invoked command in '/home/sunrise/AI/talk/build/rdk_ai_gateway_msg' returned '0': CMAKE_PREFIX_PATH=${CMAKE_PREFIX_PATH}:/home/sunrise/AI/talk/install/rdk_ai_gateway:/opt/ros/humble /usr/bin/cmake /home/sunrise/AI/talk/src/rdk_ai_gateway_ros/rdk_ai_gateway_msg -DAMENT_CMAKE_SYMLINK_INSTALL=1 -DCMAKE_INSTALL_PREFIX=/home/sunrise/AI/talk/install/rdk_ai_gateway_msg
[15.740s] DEBUG:colcon.colcon_core.event_handler.log_command:Invoking command in '/home/sunrise/AI/talk/build/rdk_ai_gateway_msg': CMAKE_PREFIX_PATH=${CMAKE_PREFIX_PATH}:/home/sunrise/AI/talk/install/rdk_ai_gateway:/opt/ros/humble /usr/bin/cmake --build /home/sunrise/AI/talk/build/rdk_ai_gateway_msg -- -j8 -l8
[27.496s] DEBUG:colcon.colcon_core.event_handler.log_command:Invoked command in '/home/sunrise/AI/talk/build/rdk_ai_gateway_msg' returned '0': CMAKE_PREFIX_PATH=${CMAKE_PREFIX_PATH}:/home/sunrise/AI/talk/install/rdk_ai_gateway:/opt/ros/humble /usr/bin/cmake --build /home/sunrise/AI/talk/build/rdk_ai_gateway_msg -- -j8 -l8
[27.547s] DEBUG:colcon.colcon_core.event_handler.log_command:Invoking command in '/home/sunrise/AI/talk/build/rdk_ai_gateway_msg': CMAKE_PREFIX_PATH=${CMAKE_PREFIX_PATH}:/home/sunrise/AI/talk/install/rdk_ai_gateway:/opt/ros/humble /usr/bin/cmake --install /home/sunrise/AI/talk/build/rdk_ai_gateway_msg
[31.125s] Level 1:colcon.colcon_core.environment:create_environment_scripts_only(rdk_ai_gateway_msg)
[31.129s] Level 1:colcon.colcon_core.environment:checking '/home/sunrise/AI/talk/install/rdk_ai_gateway_msg' for CMake module files
[31.134s] DEBUG:colcon.colcon_core.event_handler.log_command:Invoked command in '/home/sunrise/AI/talk/build/rdk_ai_gateway_msg' returned '0': CMAKE_PREFIX_PATH=${CMAKE_PREFIX_PATH}:/home/sunrise/AI/talk/install/rdk_ai_gateway:/opt/ros/humble /usr/bin/cmake --install /home/sunrise/AI/talk/build/rdk_ai_gateway_msg
[31.142s] Level 1:colcon.colcon_core.environment:checking '/home/sunrise/AI/talk/install/rdk_ai_gateway_msg' for CMake config files
[31.151s] Level 1:colcon.colcon_core.shell:create_environment_hook('rdk_ai_gateway_msg', 'cmake_prefix_path')
[31.154s] INFO:colcon.colcon_core.shell:Creating environment hook '/home/sunrise/AI/talk/install/rdk_ai_gateway_msg/share/rdk_ai_gateway_msg/hook/cmake_prefix_path.ps1'
[31.158s] INFO:colcon.colcon_core.shell:Creating environment descriptor '/home/sunrise/AI/talk/install/rdk_ai_gateway_msg/share/rdk_ai_gateway_msg/hook/cmake_prefix_path.dsv'
[31.161s] INFO:colcon.colcon_core.shell:Creating environment hook '/home/sunrise/AI/talk/install/rdk_ai_gateway_msg/share/rdk_ai_gateway_msg/hook/cmake_prefix_path.sh'
[31.167s] Level 1:colcon.colcon_core.environment:checking '/home/sunrise/AI/talk/install/rdk_ai_gateway_msg/lib'
[31.168s] Level 1:colcon.colcon_core.shell:create_environment_hook('rdk_ai_gateway_msg', 'ld_library_path_lib')
[31.171s] INFO:colcon.colcon_core.shell:Creating environment hook '/home/sunrise/AI/talk/install/rdk_ai_gateway_msg/share/rdk_ai_gateway_msg/hook/ld_library_path_lib.ps1'
[31.175s] INFO:colcon.colcon_core.shell:Creating environment descriptor '/home/sunrise/AI/talk/install/rdk_ai_gateway_msg/share/rdk_ai_gateway_msg/hook/ld_library_path_lib.dsv'
[31.178s] INFO:colcon.colcon_core.shell:Creating environment hook '/home/sunrise/AI/talk/install/rdk_ai_gateway_msg/share/rdk_ai_gateway_msg/hook/ld_library_path_lib.sh'
[31.181s] Level 1:colcon.colcon_core.environment:checking '/home/sunrise/AI/talk/install/rdk_ai_gateway_msg/bin'
[31.182s] Level 1:colcon.colcon_core.environment:checking '/home/sunrise/AI/talk/install/rdk_ai_gateway_msg/lib/pkgconfig/rdk_ai_gateway_msg.pc'
[31.183s] Level 1:colcon.colcon_core.environment:checking '/home/sunrise/AI/talk/install/rdk_ai_gateway_msg/lib/python3.10/site-packages'
[31.185s] Level 1:colcon.colcon_core.environment:checking '/home/sunrise/AI/talk/install/rdk_ai_gateway_msg/bin'
[31.187s] INFO:colcon.colcon_core.shell:Creating package script '/home/sunrise/AI/talk/install/rdk_ai_gateway_msg/share/rdk_ai_gateway_msg/package.ps1'
[31.190s] INFO:colcon.colcon_core.shell:Creating package descriptor '/home/sunrise/AI/talk/install/rdk_ai_gateway_msg/share/rdk_ai_gateway_msg/package.dsv'
[31.193s] INFO:colcon.colcon_core.shell:Creating package script '/home/sunrise/AI/talk/install/rdk_ai_gateway_msg/share/rdk_ai_gateway_msg/package.sh'
[31.196s] INFO:colcon.colcon_core.shell:Creating package script '/home/sunrise/AI/talk/install/rdk_ai_gateway_msg/share/rdk_ai_gateway_msg/package.bash'
[31.198s] INFO:colcon.colcon_core.shell:Creating package script '/home/sunrise/AI/talk/install/rdk_ai_gateway_msg/share/rdk_ai_gateway_msg/package.zsh'
[31.201s] Level 1:colcon.colcon_core.environment:create_file_with_runtime_dependencies(/home/sunrise/AI/talk/install/rdk_ai_gateway_msg/share/colcon-core/packages/rdk_ai_gateway_msg)
[31.204s] Level 1:colcon.colcon_core.environment:create_environment_scripts_only(rdk_ai_gateway_msg)
[31.206s] Level 1:colcon.colcon_core.environment:checking '/home/sunrise/AI/talk/install/rdk_ai_gateway_msg' for CMake module files
[31.211s] Level 1:colcon.colcon_core.environment:checking '/home/sunrise/AI/talk/install/rdk_ai_gateway_msg' for CMake config files
[31.217s] Level 1:colcon.colcon_core.shell:create_environment_hook('rdk_ai_gateway_msg', 'cmake_prefix_path')
[31.221s] INFO:colcon.colcon_core.shell:Creating environment hook '/home/sunrise/AI/talk/install/rdk_ai_gateway_msg/share/rdk_ai_gateway_msg/hook/cmake_prefix_path.ps1'
[31.225s] INFO:colcon.colcon_core.shell:Creating environment descriptor '/home/sunrise/AI/talk/install/rdk_ai_gateway_msg/share/rdk_ai_gateway_msg/hook/cmake_prefix_path.dsv'
[31.228s] INFO:colcon.colcon_core.shell:Creating environment hook '/home/sunrise/AI/talk/install/rdk_ai_gateway_msg/share/rdk_ai_gateway_msg/hook/cmake_prefix_path.sh'
[31.231s] Level 1:colcon.colcon_core.environment:checking '/home/sunrise/AI/talk/install/rdk_ai_gateway_msg/lib'
[31.232s] Level 1:colcon.colcon_core.shell:create_environment_hook('rdk_ai_gateway_msg', 'ld_library_path_lib')
[31.234s] INFO:colcon.colcon_core.shell:Creating environment hook '/home/sunrise/AI/talk/install/rdk_ai_gateway_msg/share/rdk_ai_gateway_msg/hook/ld_library_path_lib.ps1'
[31.237s] INFO:colcon.colcon_core.shell:Creating environment descriptor '/home/sunrise/AI/talk/install/rdk_ai_gateway_msg/share/rdk_ai_gateway_msg/hook/ld_library_path_lib.dsv'
[31.239s] INFO:colcon.colcon_core.shell:Creating environment hook '/home/sunrise/AI/talk/install/rdk_ai_gateway_msg/share/rdk_ai_gateway_msg/hook/ld_library_path_lib.sh'
[31.242s] Level 1:colcon.colcon_core.environment:checking '/home/sunrise/AI/talk/install/rdk_ai_gateway_msg/bin'
[31.242s] Level 1:colcon.colcon_core.environment:checking '/home/sunrise/AI/talk/install/rdk_ai_gateway_msg/lib/pkgconfig/rdk_ai_gateway_msg.pc'
[31.244s] Level 1:colcon.colcon_core.environment:checking '/home/sunrise/AI/talk/install/rdk_ai_gateway_msg/lib/python3.10/site-packages'
[31.246s] Level 1:colcon.colcon_core.environment:checking '/home/sunrise/AI/talk/install/rdk_ai_gateway_msg/bin'
[31.248s] INFO:colcon.colcon_core.shell:Creating package script '/home/sunrise/AI/talk/install/rdk_ai_gateway_msg/share/rdk_ai_gateway_msg/package.ps1'
[31.252s] INFO:colcon.colcon_core.shell:Creating package descriptor '/home/sunrise/AI/talk/install/rdk_ai_gateway_msg/share/rdk_ai_gateway_msg/package.dsv'
[31.256s] INFO:colcon.colcon_core.shell:Creating package script '/home/sunrise/AI/talk/install/rdk_ai_gateway_msg/share/rdk_ai_gateway_msg/package.sh'
[31.259s] INFO:colcon.colcon_core.shell:Creating package script '/home/sunrise/AI/talk/install/rdk_ai_gateway_msg/share/rdk_ai_gateway_msg/package.bash'
[31.262s] INFO:colcon.colcon_core.shell:Creating package script '/home/sunrise/AI/talk/install/rdk_ai_gateway_msg/share/rdk_ai_gateway_msg/package.zsh'
[31.264s] Level 1:colcon.colcon_core.environment:create_file_with_runtime_dependencies(/home/sunrise/AI/talk/install/rdk_ai_gateway_msg/share/colcon-core/packages/rdk_ai_gateway_msg)
[31.265s] DEBUG:colcon.colcon_parallel_executor.executor.parallel:closing loop
[31.267s] DEBUG:colcon.colcon_parallel_executor.executor.parallel:loop closed
[31.267s] DEBUG:colcon.colcon_parallel_executor.executor.parallel:run_until_complete finished with '0'
[31.267s] DEBUG:colcon.colcon_core.event_reactor:joining thread
[31.297s] INFO:colcon.colcon_core.plugin_system:Skipping extension 'colcon_notification.desktop_notification.notify_send': Could not find 'notify-send'
[31.298s] INFO:colcon.colcon_core.plugin_system:Skipping extension 'colcon_notification.desktop_notification.terminal_notifier': Not used on non-Darwin systems
[31.298s] INFO:colcon.colcon_core.plugin_system:Skipping extension 'colcon_notification.desktop_notification.win32': Not used on non-Windows systems
[31.298s] INFO:colcon.colcon_notification.desktop_notification:Sending desktop notification using 'notify2'
[31.320s] DEBUG:colcon.colcon_core.event_reactor:joined thread
[31.323s] INFO:colcon.colcon_core.shell:Creating prefix script '/home/sunrise/AI/talk/install/local_setup.ps1'
[31.333s] INFO:colcon.colcon_core.shell:Creating prefix util module '/home/sunrise/AI/talk/install/_local_setup_util_ps1.py'
[31.344s] INFO:colcon.colcon_core.shell:Creating prefix chain script '/home/sunrise/AI/talk/install/setup.ps1'
[31.351s] INFO:colcon.colcon_core.shell:Creating prefix script '/home/sunrise/AI/talk/install/local_setup.sh'
[31.355s] INFO:colcon.colcon_core.shell:Creating prefix util module '/home/sunrise/AI/talk/install/_local_setup_util_sh.py'
[31.359s] INFO:colcon.colcon_core.shell:Creating prefix chain script '/home/sunrise/AI/talk/install/setup.sh'
[31.367s] INFO:colcon.colcon_core.shell:Creating prefix script '/home/sunrise/AI/talk/install/local_setup.bash'
[31.370s] INFO:colcon.colcon_core.shell:Creating prefix chain script '/home/sunrise/AI/talk/install/setup.bash'
[31.377s] INFO:colcon.colcon_core.shell:Creating prefix script '/home/sunrise/AI/talk/install/local_setup.zsh'
[31.380s] INFO:colcon.colcon_core.shell:Creating prefix chain script '/home/sunrise/AI/talk/install/setup.zsh'
