[0.043s] Invoking command in '/home/sunrise/hand_gesture_recognize/build/hand_gesture_detection_develop': CMAKE_PREFIX_PATH=/opt/tros/humble:/opt/ros/humble /usr/bin/cmake /home/sunrise/hand_gesture_recognize/src/hand_gesture_detection_develop -DAMENT_CMAKE_SYMLINK_INSTALL=1 -DCMAKE_INSTALL_PREFIX=/home/sunrise/hand_gesture_recognize/install/hand_gesture_detection_develop
[0.356s] -- The C compiler identification is GNU 11.2.0
[0.674s] -- The CXX compiler identification is GNU 11.2.0
[0.708s] -- Detecting C compiler ABI info
[1.076s] -- Detecting C compiler ABI info - done
[1.131s] -- Check for working C compiler: /usr/bin/cc - skipped
[1.132s] -- Detecting C compile features
[1.134s] -- Detecting C compile features - done
[1.149s] -- Detecting CXX compiler ABI info
[1.576s] -- Detecting CXX compiler ABI info - done
[1.644s] -- Check for working CXX compiler: /usr/bin/c++ - skipped
[1.645s] -- Detecting CXX compile features
[1.648s] -- Detecting CXX compile features - done
[1.658s] -- Found ament_cmake: 1.3.11 (/opt/ros/humble/share/ament_cmake/cmake)
[2.585s] -- Found Python3: /usr/bin/python3 (found version "3.10.12") found components: Interpreter 
[2.995s] -- Override CMake install command with custom implementation using symlinks instead of copying resources
[3.118s] -- Found rclcpp: 16.0.12 (/opt/ros/humble/share/rclcpp/cmake)
[3.305s] -- Found rosidl_generator_c: 3.1.6 (/opt/ros/humble/share/rosidl_generator_c/cmake)
[3.330s] -- Found rosidl_adapter: 3.1.6 (/opt/ros/humble/share/rosidl_adapter/cmake)
[3.371s] -- Found rosidl_generator_cpp: 3.1.6 (/opt/ros/humble/share/rosidl_generator_cpp/cmake)
[3.434s] -- Using all available rosidl_typesupport_c: rosidl_typesupport_fastrtps_c;rosidl_typesupport_introspection_c
[3.519s] -- Using all available rosidl_typesupport_cpp: rosidl_typesupport_fastrtps_cpp;rosidl_typesupport_introspection_cpp
[3.741s] -- Found rmw_implementation_cmake: 6.1.2 (/opt/ros/humble/share/rmw_implementation_cmake/cmake)
[3.752s] -- Found rmw_fastrtps_cpp: 6.2.7 (/opt/ros/humble/share/rmw_fastrtps_cpp/cmake)
[4.166s] -- Found OpenSSL: /usr/lib/aarch64-linux-gnu/libcrypto.so (found version "3.0.2")  
[4.301s] -- Found FastRTPS: /opt/ros/humble/include  
[4.491s] -- Using RMW implementation 'rmw_fastrtps_cpp' as default
[4.529s] -- Looking for pthread.h
[4.908s] -- Looking for pthread.h - found
[4.909s] -- Performing Test CMAKE_HAVE_LIBC_PTHREAD
[5.312s] -- Performing Test CMAKE_HAVE_LIBC_PTHREAD - Success
[5.318s] -- Found Threads: TRUE  
[5.604s] -- Found ai_msgs: 2.0.1 (/opt/tros/humble/share/ai_msgs/cmake)
[5.887s] -- Found dnn_node: 2.4.2 (/opt/tros/humble/share/dnn_node/cmake)
[5.896s] [0minvalid platform, build platform X3 default[0m
[5.896s] [0mCMAKE_SYSROOT is [0m
[6.324s] -- Configuring done
[6.394s] -- Generating done
[6.415s] -- Build files have been written to: /home/sunrise/hand_gesture_recognize/build/hand_gesture_detection_develop
[6.478s] Invoked command in '/home/sunrise/hand_gesture_recognize/build/hand_gesture_detection_develop' returned '0': CMAKE_PREFIX_PATH=/opt/tros/humble:/opt/ros/humble /usr/bin/cmake /home/sunrise/hand_gesture_recognize/src/hand_gesture_detection_develop -DAMENT_CMAKE_SYMLINK_INSTALL=1 -DCMAKE_INSTALL_PREFIX=/home/sunrise/hand_gesture_recognize/install/hand_gesture_detection_develop
[6.499s] Invoking command in '/home/sunrise/hand_gesture_recognize/build/hand_gesture_detection_develop': CMAKE_PREFIX_PATH=/opt/tros/humble:/opt/ros/humble /usr/bin/cmake --build /home/sunrise/hand_gesture_recognize/build/hand_gesture_detection_develop -- -j8 -l8
[6.758s] [ 37%] [32mBuilding CXX object CMakeFiles/hand_gesture_detection_develop.dir/src/hand_gesture_det_node.cpp.o[0m
[6.758s] [ 37%] [32mBuilding CXX object CMakeFiles/hand_gesture_detection_develop.dir/src/lmks_process.cpp.o[0m
[6.759s] [ 37%] [32mBuilding CXX object CMakeFiles/hand_gesture_detection_develop.dir/src/gesture_preprocess.cpp.o[0m
[6.760s] [ 87%] [32mBuilding CXX object CMakeFiles/hand_gesture_detection_develop.dir/src/gesture_postprocess_util.cc.o[0m
[6.760s] [ 87%] [32mBuilding CXX object CMakeFiles/hand_gesture_detection_develop.dir/src/gesture_postprocess.cpp.o[0m
[6.761s] [ 87%] [32mBuilding CXX object CMakeFiles/hand_gesture_detection_develop.dir/src/threads/threadpool.cpp.o[0m
[6.762s] [ 87%] [32mBuilding CXX object CMakeFiles/hand_gesture_detection_develop.dir/src/main.cpp.o[0m
[72.893s] [100%] [32m[1mLinking CXX executable hand_gesture_detection_develop[0m
[80.962s] [100%] Built target hand_gesture_detection_develop
[81.018s] Invoked command in '/home/sunrise/hand_gesture_recognize/build/hand_gesture_detection_develop' returned '0': CMAKE_PREFIX_PATH=/opt/tros/humble:/opt/ros/humble /usr/bin/cmake --build /home/sunrise/hand_gesture_recognize/build/hand_gesture_detection_develop -- -j8 -l8
[81.070s] Invoking command in '/home/sunrise/hand_gesture_recognize/build/hand_gesture_detection_develop': CMAKE_PREFIX_PATH=/opt/tros/humble:/opt/ros/humble /usr/bin/cmake --install /home/sunrise/hand_gesture_recognize/build/hand_gesture_detection_develop
[81.103s] -- Install configuration: ""
[81.105s] -- Execute custom install script
[81.107s] -- Symlinking: /home/sunrise/hand_gesture_recognize/install/hand_gesture_detection_develop/lib/hand_gesture_detection_develop/hand_gesture_detection_develop
[81.148s] -- Symlinking: /home/sunrise/hand_gesture_recognize/install/hand_gesture_detection_develop/lib/hand_gesture_detection_develop/config//gestureDet_32x21.hbm
[81.190s] -- Symlinking: /home/sunrise/hand_gesture_recognize/install/hand_gesture_detection_develop/lib/hand_gesture_detection_develop/config//gestureDet_8x21.hbm
[81.240s] -- Symlinking: /home/sunrise/hand_gesture_recognize/install/hand_gesture_detection_develop/lib/hand_gesture_detection_develop/config//person_face_hand.jpg
[81.295s] -- Symlinking: /home/sunrise/hand_gesture_recognize/install/hand_gesture_detection_develop/share/hand_gesture_detection_develop/launch/hand_gesture_detection.launch.py
[81.348s] -- Symlinking: /home/sunrise/hand_gesture_recognize/install/hand_gesture_detection_develop/share/hand_gesture_detection_develop/launch/hand_gesture_fusion.launch.py
[81.399s] -- Symlinking: /home/sunrise/hand_gesture_recognize/install/hand_gesture_detection_develop/share/hand_gesture_detection_develop/launch/hand_gesture_fusion_img_fb.launch.py
[81.450s] -- Symlinking: /home/sunrise/hand_gesture_recognize/install/hand_gesture_detection_develop/share/ament_index/resource_index/package_run_dependencies/hand_gesture_detection_develop
[81.500s] -- Symlinking: /home/sunrise/hand_gesture_recognize/install/hand_gesture_detection_develop/share/ament_index/resource_index/parent_prefix_path/hand_gesture_detection_develop
[81.555s] -- Symlinking: /home/sunrise/hand_gesture_recognize/install/hand_gesture_detection_develop/share/hand_gesture_detection_develop/environment/ament_prefix_path.sh
[81.602s] -- Symlinking: /home/sunrise/hand_gesture_recognize/install/hand_gesture_detection_develop/share/hand_gesture_detection_develop/environment/ament_prefix_path.dsv
[81.654s] -- Symlinking: /home/sunrise/hand_gesture_recognize/install/hand_gesture_detection_develop/share/hand_gesture_detection_develop/environment/path.sh
[81.702s] -- Symlinking: /home/sunrise/hand_gesture_recognize/install/hand_gesture_detection_develop/share/hand_gesture_detection_develop/environment/path.dsv
[81.752s] -- Symlinking: /home/sunrise/hand_gesture_recognize/install/hand_gesture_detection_develop/share/hand_gesture_detection_develop/local_setup.bash
[81.802s] -- Symlinking: /home/sunrise/hand_gesture_recognize/install/hand_gesture_detection_develop/share/hand_gesture_detection_develop/local_setup.sh
[81.853s] -- Symlinking: /home/sunrise/hand_gesture_recognize/install/hand_gesture_detection_develop/share/hand_gesture_detection_develop/local_setup.zsh
[81.901s] -- Symlinking: /home/sunrise/hand_gesture_recognize/install/hand_gesture_detection_develop/share/hand_gesture_detection_develop/local_setup.dsv
[81.952s] -- Symlinking: /home/sunrise/hand_gesture_recognize/install/hand_gesture_detection_develop/share/hand_gesture_detection_develop/package.dsv
[82.005s] -- Symlinking: /home/sunrise/hand_gesture_recognize/install/hand_gesture_detection_develop/share/ament_index/resource_index/packages/hand_gesture_detection_develop
[82.055s] -- Symlinking: /home/sunrise/hand_gesture_recognize/install/hand_gesture_detection_develop/share/hand_gesture_detection_develop/cmake/hand_gesture_detection_developConfig.cmake
[82.101s] -- Symlinking: /home/sunrise/hand_gesture_recognize/install/hand_gesture_detection_develop/share/hand_gesture_detection_develop/cmake/hand_gesture_detection_developConfig-version.cmake
[82.151s] -- Symlinking: /home/sunrise/hand_gesture_recognize/install/hand_gesture_detection_develop/share/hand_gesture_detection_develop/package.xml
[82.220s] Invoked command in '/home/sunrise/hand_gesture_recognize/build/hand_gesture_detection_develop' returned '0': CMAKE_PREFIX_PATH=/opt/tros/humble:/opt/ros/humble /usr/bin/cmake --install /home/sunrise/hand_gesture_recognize/build/hand_gesture_detection_develop
