[4.232s] Invoking command in '/home/sunrise/down_dection/build/fall_detector_py': PYTHONPATH=/home/sunrise/down_dection/build/fall_detector_py/prefix_override:/usr/lib/python3/dist-packages/colcon_core/task/python/colcon_distutils_commands:/home/sunrise/down_dection/install/fall_detector_py/lib/python3.10/site-packages:${PYTHONPATH} /usr/bin/python3 -W ignore:setup.py install is deprecated -W ignore:easy_install command is deprecated setup.py develop --editable --build-directory /home/sunrise/down_dection/build/fall_detector_py/build --no-deps symlink_data
[5.964s] running develop
[7.060s] running egg_info
[7.060s] creating fall_detector_py.egg-info
[7.061s] writing fall_detector_py.egg-info/PKG-INFO
[7.062s] writing dependency_links to fall_detector_py.egg-info/dependency_links.txt
[7.063s] writing entry points to fall_detector_py.egg-info/entry_points.txt
[7.064s] writing requirements to fall_detector_py.egg-info/requires.txt
[7.064s] writing top-level names to fall_detector_py.egg-info/top_level.txt
[7.065s] writing manifest file 'fall_detector_py.egg-info/SOURCES.txt'
[7.074s] reading manifest file 'fall_detector_py.egg-info/SOURCES.txt'
[7.077s] writing manifest file 'fall_detector_py.egg-info/SOURCES.txt'
[7.086s] running build_ext
[7.088s] Creating /home/sunrise/down_dection/install/fall_detector_py/lib/python3.10/site-packages/fall-detector-py.egg-link (link to .)
[7.092s] Installing fall_detector_node script to /home/sunrise/down_dection/install/fall_detector_py/lib/fall_detector_py
[7.094s] 
[7.095s] Installed /home/sunrise/down_dection/build/fall_detector_py
[7.095s] running symlink_data
[7.096s] creating /home/sunrise/down_dection/install/fall_detector_py/share/ament_index
[7.097s] creating /home/sunrise/down_dection/install/fall_detector_py/share/ament_index/resource_index
[7.097s] creating /home/sunrise/down_dection/install/fall_detector_py/share/ament_index/resource_index/packages
[7.098s] symbolically linking /home/sunrise/down_dection/build/fall_detector_py/resource/fall_detector_py -> /home/sunrise/down_dection/install/fall_detector_py/share/ament_index/resource_index/packages
[7.098s] symbolically linking /home/sunrise/down_dection/build/fall_detector_py/package.xml -> /home/sunrise/down_dection/install/fall_detector_py/share/fall_detector_py
[7.353s] Invoked command in '/home/sunrise/down_dection/build/fall_detector_py' returned '0': PYTHONPATH=/home/sunrise/down_dection/build/fall_detector_py/prefix_override:/usr/lib/python3/dist-packages/colcon_core/task/python/colcon_distutils_commands:/home/sunrise/down_dection/install/fall_detector_py/lib/python3.10/site-packages:${PYTHONPATH} /usr/bin/python3 -W ignore:setup.py install is deprecated -W ignore:easy_install command is deprecated setup.py develop --editable --build-directory /home/sunrise/down_dection/build/fall_detector_py/build --no-deps symlink_data
