-- The C compiler identification is GNU 11.2.0
-- The CXX compiler identification is GNU 11.2.0
-- Detecting C compiler ABI info
-- Detecting C compiler ABI info - done
-- Check for working C compiler: /usr/bin/cc - skipped
-- Detecting C compile features
-- Detecting C compile features - done
-- Detecting CXX compiler ABI info
-- Detecting CXX compiler ABI info - done
-- Check for working CXX compiler: /usr/bin/c++ - skipped
-- Detecting CXX compile features
-- Detecting CXX compile features - done
-- Found ament_cmake: 1.3.11 (/opt/ros/humble/share/ament_cmake/cmake)
-- Found Python3: /usr/bin/python3 (found version "3.10.12") found components: Interpreter 
-- Found rclcpp: 16.0.12 (/opt/ros/humble/share/rclcpp/cmake)
-- Found rosidl_generator_c: 3.1.6 (/opt/ros/humble/share/rosidl_generator_c/cmake)
-- Found rosidl_adapter: 3.1.6 (/opt/ros/humble/share/rosidl_adapter/cmake)
-- Found rosidl_generator_cpp: 3.1.6 (/opt/ros/humble/share/rosidl_generator_cpp/cmake)
-- Using all available rosidl_typesupport_c: rosidl_typesupport_fastrtps_c;rosidl_typesupport_introspection_c
-- Using all available rosidl_typesupport_cpp: rosidl_typesupport_fastrtps_cpp;rosidl_typesupport_introspection_cpp
-- Found rmw_implementation_cmake: 6.1.2 (/opt/ros/humble/share/rmw_implementation_cmake/cmake)
-- Found rmw_fastrtps_cpp: 6.2.7 (/opt/ros/humble/share/rmw_fastrtps_cpp/cmake)
-- Found OpenSSL: /usr/lib/aarch64-linux-gnu/libcrypto.so (found version "3.0.2")  
-- Found FastRTPS: /opt/ros/humble/include  
-- Using RMW implementation 'rmw_fastrtps_cpp' as default
-- Looking for pthread.h
-- Looking for pthread.h - found
-- Performing Test CMAKE_HAVE_LIBC_PTHREAD
-- Performing Test CMAKE_HAVE_LIBC_PTHREAD - Success
-- Found Threads: TRUE  
-- Found rclpy: 3.3.16 (/opt/ros/humble/share/rclpy/cmake)
-- Found ament_lint_auto: 0.12.12 (/opt/ros/humble/share/ament_lint_auto/cmake)
-- Added test 'copyright' to check source files copyright and LICENSE
-- Added test 'cppcheck' to perform static code analysis on C / C++ code
-- Configured cppcheck include dirs: /home/sunrise/yaokong/mqtt_connect/src/ros2_end/include
-- Configured cppcheck exclude dirs and/or files: 
-- Added test 'cpplint' to check C / C++ code against the Google style
-- Configured cpplint exclude dirs and/or files: 
-- Added test 'flake8' to check Python code syntax and style conventions
-- Added test 'lint_cmake' to check CMake code style
-- Added test 'pep257' to check Python code against some of the docstring style conventions in PEP 257
-- Added test 'uncrustify' to check C / C++ code style
-- Configured uncrustify additional arguments: 
-- Added test 'xmllint' to check XML markup files
-- Configuring done
-- Generating done
-- Build files have been written to: /home/sunrise/yaokong/mqtt_connect/build/ros2_end
[ 60%] [32mBuilding CXX object CMakeFiles/main.dir/src/mqtt_c.cpp.o[0m
[ 60%] [32mBuilding CXX object CMakeFiles/serial_sender_node.dir/src/serial_sender_node.cpp.o[0m
[ 60%] [32mBuilding CXX object CMakeFiles/main.dir/src/main.cpp.o[0m
[ 80%] [32m[1mLinking CXX executable main[0m
[ 80%] Built target main
[100%] [32m[1mLinking CXX executable serial_sender_node[0m
[100%] Built target serial_sender_node
-- Install configuration: ""
-- Installing: /home/sunrise/yaokong/mqtt_connect/install/ros2_end/lib/ros2_end/main
-- Set runtime path of "/home/sunrise/yaokong/mqtt_connect/install/ros2_end/lib/ros2_end/main" to ""
-- Installing: /home/sunrise/yaokong/mqtt_connect/install/ros2_end/lib/ros2_end/serial_sender_node
-- Set runtime path of "/home/sunrise/yaokong/mqtt_connect/install/ros2_end/lib/ros2_end/serial_sender_node" to ""
-- Installing: /home/sunrise/yaokong/mqtt_connect/install/ros2_end/share/ros2_end//launch
-- Installing: /home/sunrise/yaokong/mqtt_connect/install/ros2_end/share/ros2_end//launch/yao_kong.launch.py
-- Installing: /home/sunrise/yaokong/mqtt_connect/install/ros2_end/share/ament_index/resource_index/package_run_dependencies/ros2_end
-- Installing: /home/sunrise/yaokong/mqtt_connect/install/ros2_end/share/ament_index/resource_index/parent_prefix_path/ros2_end
-- Installing: /home/sunrise/yaokong/mqtt_connect/install/ros2_end/share/ros2_end/environment/ament_prefix_path.sh
-- Installing: /home/sunrise/yaokong/mqtt_connect/install/ros2_end/share/ros2_end/environment/ament_prefix_path.dsv
-- Installing: /home/sunrise/yaokong/mqtt_connect/install/ros2_end/share/ros2_end/environment/path.sh
-- Installing: /home/sunrise/yaokong/mqtt_connect/install/ros2_end/share/ros2_end/environment/path.dsv
-- Installing: /home/sunrise/yaokong/mqtt_connect/install/ros2_end/share/ros2_end/local_setup.bash
-- Installing: /home/sunrise/yaokong/mqtt_connect/install/ros2_end/share/ros2_end/local_setup.sh
-- Installing: /home/sunrise/yaokong/mqtt_connect/install/ros2_end/share/ros2_end/local_setup.zsh
-- Installing: /home/sunrise/yaokong/mqtt_connect/install/ros2_end/share/ros2_end/local_setup.dsv
-- Installing: /home/sunrise/yaokong/mqtt_connect/install/ros2_end/share/ros2_end/package.dsv
-- Installing: /home/sunrise/yaokong/mqtt_connect/install/ros2_end/share/ament_index/resource_index/packages/ros2_end
-- Installing: /home/sunrise/yaokong/mqtt_connect/install/ros2_end/share/ros2_end/cmake/ros2_endConfig.cmake
-- Installing: /home/sunrise/yaokong/mqtt_connect/install/ros2_end/share/ros2_end/cmake/ros2_endConfig-version.cmake
-- Installing: /home/sunrise/yaokong/mqtt_connect/install/ros2_end/share/ros2_end/package.xml
