[0.589s] DEBUG:colcon:Command line arguments: ['/usr/bin/colcon', 'build']
[0.589s] DEBUG:colcon:Parsed command line arguments: Namespace(log_base=None, log_level=None, verb_name='build', build_base='build', install_base='install', merge_install=False, symlink_install=False, test_result_base=None, continue_on_error=False, executor='parallel', parallel_workers=8, event_handlers=None, ignore_user_meta=False, metas=['./colcon.meta'], base_paths=['.'], packages_ignore=None, packages_ignore_regex=None, paths=None, packages_up_to=None, packages_up_to_regex=None, packages_above=None, packages_above_and_dependencies=None, packages_above_depth=None, packages_select_by_dep=None, packages_skip_by_dep=None, packages_skip_up_to=None, packages_select_build_failed=False, packages_skip_build_finished=False, packages_select_test_failures=False, packages_skip_test_passed=False, packages_select=None, packages_skip=None, packages_select_regex=None, packages_skip_regex=None, packages_start=None, packages_end=None, allow_overriding=[], cmake_args=None, cmake_target=None, cmake_target_skip_unavailable=False, cmake_clean_cache=False, cmake_clean_first=False, cmake_force_configure=False, ament_cmake_args=None, catkin_cmake_args=None, catkin_skip_building_tests=False, verb_parser=<colcon_defaults.argument_parser.defaults.DefaultArgumentsDecorator object at 0xffff9d3b8250>, verb_extension=<colcon_core.verb.build.BuildVerb object at 0xffff9d56e050>, main=<bound method BuildVerb.main of <colcon_core.verb.build.BuildVerb object at 0xffff9d56e050>>)
[1.653s] Level 1:colcon.colcon_core.package_discovery:discover_packages(colcon_meta) check parameters
[1.653s] Level 1:colcon.colcon_core.package_discovery:discover_packages(recursive) check parameters
[1.654s] Level 1:colcon.colcon_core.package_discovery:discover_packages(ignore) check parameters
[1.654s] Level 1:colcon.colcon_core.package_discovery:discover_packages(path) check parameters
[1.654s] Level 1:colcon.colcon_core.package_discovery:discover_packages(colcon_meta) discover
[1.654s] Level 1:colcon.colcon_core.package_discovery:discover_packages(recursive) discover
[1.655s] INFO:colcon.colcon_core.package_discovery:Crawling recursively for packages in '/home/sunrise/yaokong/mqtt_connect'
[1.655s] Level 1:colcon.colcon_core.package_identification:_identify(.) by extensions ['ignore', 'ignore_ament_install']
[1.656s] Level 1:colcon.colcon_core.package_identification:_identify(.) by extension 'ignore'
[1.656s] Level 1:colcon.colcon_core.package_identification:_identify(.) by extension 'ignore_ament_install'
[1.656s] Level 1:colcon.colcon_core.package_identification:_identify(.) by extensions ['colcon_pkg']
[1.656s] Level 1:colcon.colcon_core.package_identification:_identify(.) by extension 'colcon_pkg'
[1.657s] Level 1:colcon.colcon_core.package_identification:_identify(.) by extensions ['colcon_meta']
[1.657s] Level 1:colcon.colcon_core.package_identification:_identify(.) by extension 'colcon_meta'
[1.657s] Level 1:colcon.colcon_core.package_identification:_identify(.) by extensions ['ros']
[1.657s] Level 1:colcon.colcon_core.package_identification:_identify(.) by extension 'ros'
[1.724s] Level 1:colcon.colcon_core.package_identification:_identify(.) by extensions ['cmake', 'python']
[1.724s] Level 1:colcon.colcon_core.package_identification:_identify(.) by extension 'cmake'
[1.725s] Level 1:colcon.colcon_core.package_identification:_identify(.) by extension 'python'
[1.725s] Level 1:colcon.colcon_core.package_identification:_identify(.) by extensions ['python_setup_py']
[1.725s] Level 1:colcon.colcon_core.package_identification:_identify(.) by extension 'python_setup_py'
[1.726s] Level 1:colcon.colcon_core.package_identification:_identify(build) by extensions ['ignore', 'ignore_ament_install']
[1.726s] Level 1:colcon.colcon_core.package_identification:_identify(build) by extension 'ignore'
[1.726s] Level 1:colcon.colcon_core.package_identification:_identify(build) ignored
[1.727s] Level 1:colcon.colcon_core.package_identification:_identify(c-client-broker.emqx.io-1883) by extensions ['ignore', 'ignore_ament_install']
[1.727s] Level 1:colcon.colcon_core.package_identification:_identify(c-client-broker.emqx.io-1883) by extension 'ignore'
[1.728s] Level 1:colcon.colcon_core.package_identification:_identify(c-client-broker.emqx.io-1883) by extension 'ignore_ament_install'
[1.728s] Level 1:colcon.colcon_core.package_identification:_identify(c-client-broker.emqx.io-1883) by extensions ['colcon_pkg']
[1.728s] Level 1:colcon.colcon_core.package_identification:_identify(c-client-broker.emqx.io-1883) by extension 'colcon_pkg'
[1.728s] Level 1:colcon.colcon_core.package_identification:_identify(c-client-broker.emqx.io-1883) by extensions ['colcon_meta']
[1.729s] Level 1:colcon.colcon_core.package_identification:_identify(c-client-broker.emqx.io-1883) by extension 'colcon_meta'
[1.729s] Level 1:colcon.colcon_core.package_identification:_identify(c-client-broker.emqx.io-1883) by extensions ['ros']
[1.729s] Level 1:colcon.colcon_core.package_identification:_identify(c-client-broker.emqx.io-1883) by extension 'ros'
[1.730s] Level 1:colcon.colcon_core.package_identification:_identify(c-client-broker.emqx.io-1883) by extensions ['cmake', 'python']
[1.730s] Level 1:colcon.colcon_core.package_identification:_identify(c-client-broker.emqx.io-1883) by extension 'cmake'
[1.730s] Level 1:colcon.colcon_core.package_identification:_identify(c-client-broker.emqx.io-1883) by extension 'python'
[1.730s] Level 1:colcon.colcon_core.package_identification:_identify(c-client-broker.emqx.io-1883) by extensions ['python_setup_py']
[1.730s] Level 1:colcon.colcon_core.package_identification:_identify(c-client-broker.emqx.io-1883) by extension 'python_setup_py'
[1.731s] Level 1:colcon.colcon_core.package_identification:_identify(c-client-w16e190a.ala.cn-hangzhou.emqxsl.cn-1883) by extensions ['ignore', 'ignore_ament_install']
[1.731s] Level 1:colcon.colcon_core.package_identification:_identify(c-client-w16e190a.ala.cn-hangzhou.emqxsl.cn-1883) by extension 'ignore'
[1.732s] Level 1:colcon.colcon_core.package_identification:_identify(c-client-w16e190a.ala.cn-hangzhou.emqxsl.cn-1883) by extension 'ignore_ament_install'
[1.732s] Level 1:colcon.colcon_core.package_identification:_identify(c-client-w16e190a.ala.cn-hangzhou.emqxsl.cn-1883) by extensions ['colcon_pkg']
[1.732s] Level 1:colcon.colcon_core.package_identification:_identify(c-client-w16e190a.ala.cn-hangzhou.emqxsl.cn-1883) by extension 'colcon_pkg'
[1.732s] Level 1:colcon.colcon_core.package_identification:_identify(c-client-w16e190a.ala.cn-hangzhou.emqxsl.cn-1883) by extensions ['colcon_meta']
[1.733s] Level 1:colcon.colcon_core.package_identification:_identify(c-client-w16e190a.ala.cn-hangzhou.emqxsl.cn-1883) by extension 'colcon_meta'
[1.733s] Level 1:colcon.colcon_core.package_identification:_identify(c-client-w16e190a.ala.cn-hangzhou.emqxsl.cn-1883) by extensions ['ros']
[1.733s] Level 1:colcon.colcon_core.package_identification:_identify(c-client-w16e190a.ala.cn-hangzhou.emqxsl.cn-1883) by extension 'ros'
[1.734s] Level 1:colcon.colcon_core.package_identification:_identify(c-client-w16e190a.ala.cn-hangzhou.emqxsl.cn-1883) by extensions ['cmake', 'python']
[1.734s] Level 1:colcon.colcon_core.package_identification:_identify(c-client-w16e190a.ala.cn-hangzhou.emqxsl.cn-1883) by extension 'cmake'
[1.734s] Level 1:colcon.colcon_core.package_identification:_identify(c-client-w16e190a.ala.cn-hangzhou.emqxsl.cn-1883) by extension 'python'
[1.734s] Level 1:colcon.colcon_core.package_identification:_identify(c-client-w16e190a.ala.cn-hangzhou.emqxsl.cn-1883) by extensions ['python_setup_py']
[1.734s] Level 1:colcon.colcon_core.package_identification:_identify(c-client-w16e190a.ala.cn-hangzhou.emqxsl.cn-1883) by extension 'python_setup_py'
[1.735s] Level 1:colcon.colcon_core.package_identification:_identify(install) by extensions ['ignore', 'ignore_ament_install']
[1.735s] Level 1:colcon.colcon_core.package_identification:_identify(install) by extension 'ignore'
[1.736s] Level 1:colcon.colcon_core.package_identification:_identify(install) ignored
[1.736s] Level 1:colcon.colcon_core.package_identification:_identify(log) by extensions ['ignore', 'ignore_ament_install']
[1.736s] Level 1:colcon.colcon_core.package_identification:_identify(log) by extension 'ignore'
[1.737s] Level 1:colcon.colcon_core.package_identification:_identify(log) ignored
[1.737s] Level 1:colcon.colcon_core.package_identification:_identify(src) by extensions ['ignore', 'ignore_ament_install']
[1.737s] Level 1:colcon.colcon_core.package_identification:_identify(src) by extension 'ignore'
[1.738s] Level 1:colcon.colcon_core.package_identification:_identify(src) by extension 'ignore_ament_install'
[1.738s] Level 1:colcon.colcon_core.package_identification:_identify(src) by extensions ['colcon_pkg']
[1.738s] Level 1:colcon.colcon_core.package_identification:_identify(src) by extension 'colcon_pkg'
[1.738s] Level 1:colcon.colcon_core.package_identification:_identify(src) by extensions ['colcon_meta']
[1.739s] Level 1:colcon.colcon_core.package_identification:_identify(src) by extension 'colcon_meta'
[1.739s] Level 1:colcon.colcon_core.package_identification:_identify(src) by extensions ['ros']
[1.739s] Level 1:colcon.colcon_core.package_identification:_identify(src) by extension 'ros'
[1.739s] Level 1:colcon.colcon_core.package_identification:_identify(src) by extensions ['cmake', 'python']
[1.740s] Level 1:colcon.colcon_core.package_identification:_identify(src) by extension 'cmake'
[1.740s] Level 1:colcon.colcon_core.package_identification:_identify(src) by extension 'python'
[1.740s] Level 1:colcon.colcon_core.package_identification:_identify(src) by extensions ['python_setup_py']
[1.740s] Level 1:colcon.colcon_core.package_identification:_identify(src) by extension 'python_setup_py'
[1.741s] Level 1:colcon.colcon_core.package_identification:_identify(src/ros2_end) by extensions ['ignore', 'ignore_ament_install']
[1.741s] Level 1:colcon.colcon_core.package_identification:_identify(src/ros2_end) by extension 'ignore'
[1.741s] Level 1:colcon.colcon_core.package_identification:_identify(src/ros2_end) by extension 'ignore_ament_install'
[1.742s] Level 1:colcon.colcon_core.package_identification:_identify(src/ros2_end) by extensions ['colcon_pkg']
[1.742s] Level 1:colcon.colcon_core.package_identification:_identify(src/ros2_end) by extension 'colcon_pkg'
[1.742s] Level 1:colcon.colcon_core.package_identification:_identify(src/ros2_end) by extensions ['colcon_meta']
[1.742s] Level 1:colcon.colcon_core.package_identification:_identify(src/ros2_end) by extension 'colcon_meta'
[1.743s] Level 1:colcon.colcon_core.package_identification:_identify(src/ros2_end) by extensions ['ros']
[1.743s] Level 1:colcon.colcon_core.package_identification:_identify(src/ros2_end) by extension 'ros'
[1.756s] DEBUG:colcon.colcon_core.package_identification:Package 'src/ros2_end' with type 'ros.ament_cmake' and name 'ros2_end'
[1.756s] Level 1:colcon.colcon_core.package_discovery:discover_packages(recursive) using defaults
[1.757s] Level 1:colcon.colcon_core.package_discovery:discover_packages(ignore) discover
[1.757s] Level 1:colcon.colcon_core.package_discovery:discover_packages(ignore) using defaults
[1.757s] Level 1:colcon.colcon_core.package_discovery:discover_packages(path) discover
[1.757s] Level 1:colcon.colcon_core.package_discovery:discover_packages(path) using defaults
[1.863s] Level 1:colcon.colcon_core.package_discovery:discover_packages(prefix_path) check parameters
[1.864s] Level 1:colcon.colcon_core.package_discovery:discover_packages(prefix_path) discover
[1.882s] DEBUG:colcon.colcon_installed_package_information.package_discovery:Found 1 installed packages in /home/sunrise/yaokong/mqtt_connect/install
[1.892s] DEBUG:colcon.colcon_installed_package_information.package_discovery:Found 287 installed packages in /opt/ros/humble
[1.979s] Level 1:colcon.colcon_core.package_discovery:discover_packages(prefix_path) using defaults
[2.243s] Level 5:colcon.colcon_core.verb:set package 'ros2_end' build argument 'cmake_args' from command line to 'None'
[2.243s] Level 5:colcon.colcon_core.verb:set package 'ros2_end' build argument 'cmake_target' from command line to 'None'
[2.243s] Level 5:colcon.colcon_core.verb:set package 'ros2_end' build argument 'cmake_target_skip_unavailable' from command line to 'False'
[2.244s] Level 5:colcon.colcon_core.verb:set package 'ros2_end' build argument 'cmake_clean_cache' from command line to 'False'
[2.244s] Level 5:colcon.colcon_core.verb:set package 'ros2_end' build argument 'cmake_clean_first' from command line to 'False'
[2.244s] Level 5:colcon.colcon_core.verb:set package 'ros2_end' build argument 'cmake_force_configure' from command line to 'False'
[2.244s] Level 5:colcon.colcon_core.verb:set package 'ros2_end' build argument 'ament_cmake_args' from command line to 'None'
[2.244s] Level 5:colcon.colcon_core.verb:set package 'ros2_end' build argument 'catkin_cmake_args' from command line to 'None'
[2.244s] Level 5:colcon.colcon_core.verb:set package 'ros2_end' build argument 'catkin_skip_building_tests' from command line to 'False'
[2.245s] DEBUG:colcon.colcon_core.verb:Building package 'ros2_end' with the following arguments: {'ament_cmake_args': None, 'build_base': '/home/sunrise/yaokong/mqtt_connect/build/ros2_end', 'catkin_cmake_args': None, 'catkin_skip_building_tests': False, 'cmake_args': None, 'cmake_clean_cache': False, 'cmake_clean_first': False, 'cmake_force_configure': False, 'cmake_target': None, 'cmake_target_skip_unavailable': False, 'install_base': '/home/sunrise/yaokong/mqtt_connect/install/ros2_end', 'merge_install': False, 'path': '/home/sunrise/yaokong/mqtt_connect/src/ros2_end', 'symlink_install': False, 'test_result_base': None}
[2.245s] INFO:colcon.colcon_core.executor:Executing jobs using 'parallel' executor
[2.251s] DEBUG:colcon.colcon_parallel_executor.executor.parallel:run_until_complete
[2.252s] INFO:colcon.colcon_ros.task.ament_cmake.build:Building ROS package in '/home/sunrise/yaokong/mqtt_connect/src/ros2_end' with build type 'ament_cmake'
[2.252s] INFO:colcon.colcon_cmake.task.cmake.build:Building CMake package in '/home/sunrise/yaokong/mqtt_connect/src/ros2_end'
[2.262s] INFO:colcon.colcon_core.plugin_system:Skipping extension 'colcon_core.shell.bat': Not used on non-Windows systems
[2.263s] INFO:colcon.colcon_core.shell:Skip shell extension 'powershell' for command environment: Not usable outside of PowerShell
[2.264s] DEBUG:colcon.colcon_core.shell:Skip shell extension 'dsv' for command environment
[2.301s] DEBUG:colcon.colcon_core.event_handler.log_command:Invoking command in '/home/sunrise/yaokong/mqtt_connect/build/ros2_end': CMAKE_PREFIX_PATH=${CMAKE_PREFIX_PATH}:/opt/ros/humble /usr/bin/cmake --build /home/sunrise/yaokong/mqtt_connect/build/ros2_end -- -j8 -l8
[28.052s] DEBUG:colcon.colcon_core.event_handler.log_command:Invoked command in '/home/sunrise/yaokong/mqtt_connect/build/ros2_end' returned '0': CMAKE_PREFIX_PATH=${CMAKE_PREFIX_PATH}:/opt/ros/humble /usr/bin/cmake --build /home/sunrise/yaokong/mqtt_connect/build/ros2_end -- -j8 -l8
[28.102s] DEBUG:colcon.colcon_core.event_handler.log_command:Invoking command in '/home/sunrise/yaokong/mqtt_connect/build/ros2_end': CMAKE_PREFIX_PATH=${CMAKE_PREFIX_PATH}:/opt/ros/humble /usr/bin/cmake --install /home/sunrise/yaokong/mqtt_connect/build/ros2_end
[28.156s] Level 1:colcon.colcon_core.environment:create_environment_scripts_only(ros2_end)
[28.160s] DEBUG:colcon.colcon_core.event_handler.log_command:Invoked command in '/home/sunrise/yaokong/mqtt_connect/build/ros2_end' returned '0': CMAKE_PREFIX_PATH=${CMAKE_PREFIX_PATH}:/opt/ros/humble /usr/bin/cmake --install /home/sunrise/yaokong/mqtt_connect/build/ros2_end
[28.179s] Level 1:colcon.colcon_core.environment:checking '/home/sunrise/yaokong/mqtt_connect/install/ros2_end' for CMake module files
[28.182s] Level 1:colcon.colcon_core.environment:checking '/home/sunrise/yaokong/mqtt_connect/install/ros2_end' for CMake config files
[28.184s] Level 1:colcon.colcon_core.shell:create_environment_hook('ros2_end', 'cmake_prefix_path')
[28.187s] INFO:colcon.colcon_core.shell:Creating environment hook '/home/sunrise/yaokong/mqtt_connect/install/ros2_end/share/ros2_end/hook/cmake_prefix_path.ps1'
[28.194s] INFO:colcon.colcon_core.shell:Creating environment descriptor '/home/sunrise/yaokong/mqtt_connect/install/ros2_end/share/ros2_end/hook/cmake_prefix_path.dsv'
[28.198s] INFO:colcon.colcon_core.shell:Creating environment hook '/home/sunrise/yaokong/mqtt_connect/install/ros2_end/share/ros2_end/hook/cmake_prefix_path.sh'
[28.204s] Level 1:colcon.colcon_core.environment:checking '/home/sunrise/yaokong/mqtt_connect/install/ros2_end/lib'
[28.205s] Level 1:colcon.colcon_core.environment:checking '/home/sunrise/yaokong/mqtt_connect/install/ros2_end/bin'
[28.205s] Level 1:colcon.colcon_core.environment:checking '/home/sunrise/yaokong/mqtt_connect/install/ros2_end/lib/pkgconfig/ros2_end.pc'
[28.207s] Level 1:colcon.colcon_core.environment:checking '/home/sunrise/yaokong/mqtt_connect/install/ros2_end/lib/python3.10/site-packages'
[28.208s] Level 1:colcon.colcon_core.environment:checking '/home/sunrise/yaokong/mqtt_connect/install/ros2_end/bin'
[28.210s] INFO:colcon.colcon_core.shell:Creating package script '/home/sunrise/yaokong/mqtt_connect/install/ros2_end/share/ros2_end/package.ps1'
[28.216s] INFO:colcon.colcon_core.shell:Creating package descriptor '/home/sunrise/yaokong/mqtt_connect/install/ros2_end/share/ros2_end/package.dsv'
[28.219s] INFO:colcon.colcon_core.shell:Creating package script '/home/sunrise/yaokong/mqtt_connect/install/ros2_end/share/ros2_end/package.sh'
[28.224s] INFO:colcon.colcon_core.shell:Creating package script '/home/sunrise/yaokong/mqtt_connect/install/ros2_end/share/ros2_end/package.bash'
[28.229s] INFO:colcon.colcon_core.shell:Creating package script '/home/sunrise/yaokong/mqtt_connect/install/ros2_end/share/ros2_end/package.zsh'
[28.234s] Level 1:colcon.colcon_core.environment:create_file_with_runtime_dependencies(/home/sunrise/yaokong/mqtt_connect/install/ros2_end/share/colcon-core/packages/ros2_end)
[28.238s] Level 1:colcon.colcon_core.environment:create_environment_scripts_only(ros2_end)
[28.239s] Level 1:colcon.colcon_core.environment:checking '/home/sunrise/yaokong/mqtt_connect/install/ros2_end' for CMake module files
[28.243s] Level 1:colcon.colcon_core.environment:checking '/home/sunrise/yaokong/mqtt_connect/install/ros2_end' for CMake config files
[28.244s] Level 1:colcon.colcon_core.shell:create_environment_hook('ros2_end', 'cmake_prefix_path')
[28.245s] INFO:colcon.colcon_core.shell:Creating environment hook '/home/sunrise/yaokong/mqtt_connect/install/ros2_end/share/ros2_end/hook/cmake_prefix_path.ps1'
[28.247s] INFO:colcon.colcon_core.shell:Creating environment descriptor '/home/sunrise/yaokong/mqtt_connect/install/ros2_end/share/ros2_end/hook/cmake_prefix_path.dsv'
[28.249s] INFO:colcon.colcon_core.shell:Creating environment hook '/home/sunrise/yaokong/mqtt_connect/install/ros2_end/share/ros2_end/hook/cmake_prefix_path.sh'
[28.252s] Level 1:colcon.colcon_core.environment:checking '/home/sunrise/yaokong/mqtt_connect/install/ros2_end/lib'
[28.252s] Level 1:colcon.colcon_core.environment:checking '/home/sunrise/yaokong/mqtt_connect/install/ros2_end/bin'
[28.253s] Level 1:colcon.colcon_core.environment:checking '/home/sunrise/yaokong/mqtt_connect/install/ros2_end/lib/pkgconfig/ros2_end.pc'
[28.254s] Level 1:colcon.colcon_core.environment:checking '/home/sunrise/yaokong/mqtt_connect/install/ros2_end/lib/python3.10/site-packages'
[28.255s] Level 1:colcon.colcon_core.environment:checking '/home/sunrise/yaokong/mqtt_connect/install/ros2_end/bin'
[28.259s] INFO:colcon.colcon_core.shell:Creating package script '/home/sunrise/yaokong/mqtt_connect/install/ros2_end/share/ros2_end/package.ps1'
[28.262s] INFO:colcon.colcon_core.shell:Creating package descriptor '/home/sunrise/yaokong/mqtt_connect/install/ros2_end/share/ros2_end/package.dsv'
[28.265s] INFO:colcon.colcon_core.shell:Creating package script '/home/sunrise/yaokong/mqtt_connect/install/ros2_end/share/ros2_end/package.sh'
[28.267s] INFO:colcon.colcon_core.shell:Creating package script '/home/sunrise/yaokong/mqtt_connect/install/ros2_end/share/ros2_end/package.bash'
[28.269s] INFO:colcon.colcon_core.shell:Creating package script '/home/sunrise/yaokong/mqtt_connect/install/ros2_end/share/ros2_end/package.zsh'
[28.272s] Level 1:colcon.colcon_core.environment:create_file_with_runtime_dependencies(/home/sunrise/yaokong/mqtt_connect/install/ros2_end/share/colcon-core/packages/ros2_end)
[28.273s] DEBUG:colcon.colcon_parallel_executor.executor.parallel:closing loop
[28.274s] DEBUG:colcon.colcon_parallel_executor.executor.parallel:loop closed
[28.275s] DEBUG:colcon.colcon_parallel_executor.executor.parallel:run_until_complete finished with '0'
[28.275s] DEBUG:colcon.colcon_core.event_reactor:joining thread
[28.303s] INFO:colcon.colcon_core.plugin_system:Skipping extension 'colcon_notification.desktop_notification.notify_send': Could not find 'notify-send'
[28.303s] INFO:colcon.colcon_core.plugin_system:Skipping extension 'colcon_notification.desktop_notification.terminal_notifier': Not used on non-Darwin systems
[28.304s] INFO:colcon.colcon_core.plugin_system:Skipping extension 'colcon_notification.desktop_notification.win32': Not used on non-Windows systems
[28.304s] INFO:colcon.colcon_notification.desktop_notification:Sending desktop notification using 'notify2'
[28.327s] DEBUG:colcon.colcon_core.event_reactor:joined thread
[28.330s] INFO:colcon.colcon_core.shell:Creating prefix script '/home/sunrise/yaokong/mqtt_connect/install/local_setup.ps1'
[28.337s] INFO:colcon.colcon_core.shell:Creating prefix util module '/home/sunrise/yaokong/mqtt_connect/install/_local_setup_util_ps1.py'
[28.348s] INFO:colcon.colcon_core.shell:Creating prefix chain script '/home/sunrise/yaokong/mqtt_connect/install/setup.ps1'
[28.354s] INFO:colcon.colcon_core.shell:Creating prefix script '/home/sunrise/yaokong/mqtt_connect/install/local_setup.sh'
[28.358s] INFO:colcon.colcon_core.shell:Creating prefix util module '/home/sunrise/yaokong/mqtt_connect/install/_local_setup_util_sh.py'
[28.362s] INFO:colcon.colcon_core.shell:Creating prefix chain script '/home/sunrise/yaokong/mqtt_connect/install/setup.sh'
[28.368s] INFO:colcon.colcon_core.shell:Creating prefix script '/home/sunrise/yaokong/mqtt_connect/install/local_setup.bash'
[28.371s] INFO:colcon.colcon_core.shell:Creating prefix chain script '/home/sunrise/yaokong/mqtt_connect/install/setup.bash'
[28.377s] INFO:colcon.colcon_core.shell:Creating prefix script '/home/sunrise/yaokong/mqtt_connect/install/local_setup.zsh'
[28.379s] INFO:colcon.colcon_core.shell:Creating prefix chain script '/home/sunrise/yaokong/mqtt_connect/install/setup.zsh'
