[4.266s] Invoking command in '/home/sunrise/down_dection/build/fall_detector_py': PYTHONPATH=/home/sunrise/down_dection/build/fall_detector_py/prefix_override:/usr/lib/python3/dist-packages/colcon_core/task/python/colcon_distutils_commands:/home/sunrise/down_dection/install/fall_detector_py/lib/python3.10/site-packages:${PYTHONPATH} /usr/bin/python3 -W ignore:setup.py install is deprecated -W ignore:easy_install command is deprecated setup.py develop --editable --build-directory /home/sunrise/down_dection/build/fall_detector_py/build --no-deps symlink_data
[5.995s] running develop
[7.096s] running egg_info
[7.096s] creating fall_detector_py.egg-info
[7.097s] writing fall_detector_py.egg-info/PKG-INFO
[7.098s] writing dependency_links to fall_detector_py.egg-info/dependency_links.txt
[7.099s] writing entry points to fall_detector_py.egg-info/entry_points.txt
[7.100s] writing requirements to fall_detector_py.egg-info/requires.txt
[7.100s] writing top-level names to fall_detector_py.egg-info/top_level.txt
[7.101s] writing manifest file 'fall_detector_py.egg-info/SOURCES.txt'
[7.110s] reading manifest file 'fall_detector_py.egg-info/SOURCES.txt'
[7.114s] writing manifest file 'fall_detector_py.egg-info/SOURCES.txt'
[7.123s] running build_ext
[7.124s] Creating /home/sunrise/down_dection/install/fall_detector_py/lib/python3.10/site-packages/fall-detector-py.egg-link (link to .)
[7.129s] Installing fall_detector_node script to /home/sunrise/down_dection/install/fall_detector_py/lib/fall_detector_py
[7.130s] 
[7.130s] Installed /home/sunrise/down_dection/build/fall_detector_py
[7.131s] running symlink_data
[7.132s] creating /home/sunrise/down_dection/install/fall_detector_py/share/ament_index
[7.132s] creating /home/sunrise/down_dection/install/fall_detector_py/share/ament_index/resource_index
[7.133s] creating /home/sunrise/down_dection/install/fall_detector_py/share/ament_index/resource_index/packages
[7.133s] symbolically linking /home/sunrise/down_dection/build/fall_detector_py/resource/fall_detector_py -> /home/sunrise/down_dection/install/fall_detector_py/share/ament_index/resource_index/packages
[7.133s] symbolically linking /home/sunrise/down_dection/build/fall_detector_py/package.xml -> /home/sunrise/down_dection/install/fall_detector_py/share/fall_detector_py
[7.391s] Invoked command in '/home/sunrise/down_dection/build/fall_detector_py' returned '0': PYTHONPATH=/home/sunrise/down_dection/build/fall_detector_py/prefix_override:/usr/lib/python3/dist-packages/colcon_core/task/python/colcon_distutils_commands:/home/sunrise/down_dection/install/fall_detector_py/lib/python3.10/site-packages:${PYTHONPATH} /usr/bin/python3 -W ignore:setup.py install is deprecated -W ignore:easy_install command is deprecated setup.py develop --editable --build-directory /home/sunrise/down_dection/build/fall_detector_py/build --no-deps symlink_data
