[0.767s] DEBUG:colcon:Command line arguments: ['/usr/bin/colcon', 'build', '--packages-select', 'body_tracking_custom', '--symlink-install']
[0.767s] DEBUG:colcon:Parsed command line arguments: Namespace(log_base=None, log_level=None, verb_name='build', build_base='build', install_base='install', merge_install=False, symlink_install=True, test_result_base=None, continue_on_error=False, executor='parallel', parallel_workers=8, event_handlers=None, ignore_user_meta=False, metas=['./colcon.meta'], base_paths=['.'], packages_ignore=None, packages_ignore_regex=None, paths=None, packages_up_to=None, packages_up_to_regex=None, packages_above=None, packages_above_and_dependencies=None, packages_above_depth=None, packages_select_by_dep=None, packages_skip_by_dep=None, packages_skip_up_to=None, packages_select_build_failed=False, packages_skip_build_finished=False, packages_select_test_failures=False, packages_skip_test_passed=False, packages_select=['body_tracking_custom'], packages_skip=None, packages_select_regex=None, packages_skip_regex=None, packages_start=None, packages_end=None, allow_overriding=[], cmake_args=None, cmake_target=None, cmake_target_skip_unavailable=False, cmake_clean_cache=False, cmake_clean_first=False, cmake_force_configure=False, ament_cmake_args=None, catkin_cmake_args=None, catkin_skip_building_tests=False, verb_parser=<colcon_defaults.argument_parser.defaults.DefaultArgumentsDecorator object at 0xffffb7f2d390>, verb_extension=<colcon_core.verb.build.BuildVerb object at 0xffffb80db190>, main=<bound method BuildVerb.main of <colcon_core.verb.build.BuildVerb object at 0xffffb80db190>>)
[2.132s] Level 1:colcon.colcon_core.package_discovery:discover_packages(colcon_meta) check parameters
[2.133s] Level 1:colcon.colcon_core.package_discovery:discover_packages(recursive) check parameters
[2.133s] Level 1:colcon.colcon_core.package_discovery:discover_packages(ignore) check parameters
[2.133s] Level 1:colcon.colcon_core.package_discovery:discover_packages(path) check parameters
[2.133s] Level 1:colcon.colcon_core.package_discovery:discover_packages(colcon_meta) discover
[2.133s] Level 1:colcon.colcon_core.package_discovery:discover_packages(recursive) discover
[2.134s] INFO:colcon.colcon_core.package_discovery:Crawling recursively for packages in '/home/sunrise/down_dection'
[2.134s] Level 1:colcon.colcon_core.package_identification:_identify(.) by extensions ['ignore', 'ignore_ament_install']
[2.135s] Level 1:colcon.colcon_core.package_identification:_identify(.) by extension 'ignore'
[2.135s] Level 1:colcon.colcon_core.package_identification:_identify(.) by extension 'ignore_ament_install'
[2.135s] Level 1:colcon.colcon_core.package_identification:_identify(.) by extensions ['colcon_pkg']
[2.136s] Level 1:colcon.colcon_core.package_identification:_identify(.) by extension 'colcon_pkg'
[2.136s] Level 1:colcon.colcon_core.package_identification:_identify(.) by extensions ['colcon_meta']
[2.136s] Level 1:colcon.colcon_core.package_identification:_identify(.) by extension 'colcon_meta'
[2.136s] Level 1:colcon.colcon_core.package_identification:_identify(.) by extensions ['ros']
[2.136s] Level 1:colcon.colcon_core.package_identification:_identify(.) by extension 'ros'
[2.212s] Level 1:colcon.colcon_core.package_identification:_identify(.) by extensions ['cmake', 'python']
[2.212s] Level 1:colcon.colcon_core.package_identification:_identify(.) by extension 'cmake'
[2.212s] Level 1:colcon.colcon_core.package_identification:_identify(.) by extension 'python'
[2.213s] Level 1:colcon.colcon_core.package_identification:_identify(.) by extensions ['python_setup_py']
[2.213s] Level 1:colcon.colcon_core.package_identification:_identify(.) by extension 'python_setup_py'
[2.213s] Level 1:colcon.colcon_core.package_identification:_identify(build) by extensions ['ignore', 'ignore_ament_install']
[2.214s] Level 1:colcon.colcon_core.package_identification:_identify(build) by extension 'ignore'
[2.214s] Level 1:colcon.colcon_core.package_identification:_identify(build) ignored
[2.215s] Level 1:colcon.colcon_core.package_identification:_identify(config) by extensions ['ignore', 'ignore_ament_install']
[2.215s] Level 1:colcon.colcon_core.package_identification:_identify(config) by extension 'ignore'
[2.216s] Level 1:colcon.colcon_core.package_identification:_identify(config) by extension 'ignore_ament_install'
[2.216s] Level 1:colcon.colcon_core.package_identification:_identify(config) by extensions ['colcon_pkg']
[2.216s] Level 1:colcon.colcon_core.package_identification:_identify(config) by extension 'colcon_pkg'
[2.216s] Level 1:colcon.colcon_core.package_identification:_identify(config) by extensions ['colcon_meta']
[2.217s] Level 1:colcon.colcon_core.package_identification:_identify(config) by extension 'colcon_meta'
[2.217s] Level 1:colcon.colcon_core.package_identification:_identify(config) by extensions ['ros']
[2.217s] Level 1:colcon.colcon_core.package_identification:_identify(config) by extension 'ros'
[2.217s] Level 1:colcon.colcon_core.package_identification:_identify(config) by extensions ['cmake', 'python']
[2.218s] Level 1:colcon.colcon_core.package_identification:_identify(config) by extension 'cmake'
[2.218s] Level 1:colcon.colcon_core.package_identification:_identify(config) by extension 'python'
[2.218s] Level 1:colcon.colcon_core.package_identification:_identify(config) by extensions ['python_setup_py']
[2.218s] Level 1:colcon.colcon_core.package_identification:_identify(config) by extension 'python_setup_py'
[2.219s] Level 1:colcon.colcon_core.package_identification:_identify(install) by extensions ['ignore', 'ignore_ament_install']
[2.219s] Level 1:colcon.colcon_core.package_identification:_identify(install) by extension 'ignore'
[2.220s] Level 1:colcon.colcon_core.package_identification:_identify(install) ignored
[2.220s] Level 1:colcon.colcon_core.package_identification:_identify(log) by extensions ['ignore', 'ignore_ament_install']
[2.220s] Level 1:colcon.colcon_core.package_identification:_identify(log) by extension 'ignore'
[2.221s] Level 1:colcon.colcon_core.package_identification:_identify(log) ignored
[2.221s] Level 1:colcon.colcon_core.package_identification:_identify(src) by extensions ['ignore', 'ignore_ament_install']
[2.221s] Level 1:colcon.colcon_core.package_identification:_identify(src) by extension 'ignore'
[2.222s] Level 1:colcon.colcon_core.package_identification:_identify(src) by extension 'ignore_ament_install'
[2.222s] Level 1:colcon.colcon_core.package_identification:_identify(src) by extensions ['colcon_pkg']
[2.222s] Level 1:colcon.colcon_core.package_identification:_identify(src) by extension 'colcon_pkg'
[2.223s] Level 1:colcon.colcon_core.package_identification:_identify(src) by extensions ['colcon_meta']
[2.223s] Level 1:colcon.colcon_core.package_identification:_identify(src) by extension 'colcon_meta'
[2.223s] Level 1:colcon.colcon_core.package_identification:_identify(src) by extensions ['ros']
[2.223s] Level 1:colcon.colcon_core.package_identification:_identify(src) by extension 'ros'
[2.224s] Level 1:colcon.colcon_core.package_identification:_identify(src) by extensions ['cmake', 'python']
[2.224s] Level 1:colcon.colcon_core.package_identification:_identify(src) by extension 'cmake'
[2.224s] Level 1:colcon.colcon_core.package_identification:_identify(src) by extension 'python'
[2.224s] Level 1:colcon.colcon_core.package_identification:_identify(src) by extensions ['python_setup_py']
[2.225s] Level 1:colcon.colcon_core.package_identification:_identify(src) by extension 'python_setup_py'
[2.225s] Level 1:colcon.colcon_core.package_identification:_identify(src/body_tracking_custom) by extensions ['ignore', 'ignore_ament_install']
[2.226s] Level 1:colcon.colcon_core.package_identification:_identify(src/body_tracking_custom) by extension 'ignore'
[2.226s] Level 1:colcon.colcon_core.package_identification:_identify(src/body_tracking_custom) by extension 'ignore_ament_install'
[2.226s] Level 1:colcon.colcon_core.package_identification:_identify(src/body_tracking_custom) by extensions ['colcon_pkg']
[2.226s] Level 1:colcon.colcon_core.package_identification:_identify(src/body_tracking_custom) by extension 'colcon_pkg'
[2.227s] Level 1:colcon.colcon_core.package_identification:_identify(src/body_tracking_custom) by extensions ['colcon_meta']
[2.227s] Level 1:colcon.colcon_core.package_identification:_identify(src/body_tracking_custom) by extension 'colcon_meta'
[2.227s] Level 1:colcon.colcon_core.package_identification:_identify(src/body_tracking_custom) by extensions ['ros']
[2.227s] Level 1:colcon.colcon_core.package_identification:_identify(src/body_tracking_custom) by extension 'ros'
[2.245s] DEBUG:colcon.colcon_core.package_identification:Package 'src/body_tracking_custom' with type 'ros.ament_cmake' and name 'body_tracking_custom'
[2.246s] Level 1:colcon.colcon_core.package_identification:_identify(src/fall_detector_py) by extensions ['ignore', 'ignore_ament_install']
[2.246s] Level 1:colcon.colcon_core.package_identification:_identify(src/fall_detector_py) by extension 'ignore'
[2.247s] Level 1:colcon.colcon_core.package_identification:_identify(src/fall_detector_py) by extension 'ignore_ament_install'
[2.247s] Level 1:colcon.colcon_core.package_identification:_identify(src/fall_detector_py) by extensions ['colcon_pkg']
[2.247s] Level 1:colcon.colcon_core.package_identification:_identify(src/fall_detector_py) by extension 'colcon_pkg'
[2.248s] Level 1:colcon.colcon_core.package_identification:_identify(src/fall_detector_py) by extensions ['colcon_meta']
[2.248s] Level 1:colcon.colcon_core.package_identification:_identify(src/fall_detector_py) by extension 'colcon_meta'
[2.248s] Level 1:colcon.colcon_core.package_identification:_identify(src/fall_detector_py) by extensions ['ros']
[2.248s] Level 1:colcon.colcon_core.package_identification:_identify(src/fall_detector_py) by extension 'ros'
[2.254s] DEBUG:colcon.colcon_core.package_identification:Package 'src/fall_detector_py' with type 'ros.ament_python' and name 'fall_detector_py'
[2.254s] Level 1:colcon.colcon_core.package_discovery:discover_packages(recursive) using defaults
[2.255s] Level 1:colcon.colcon_core.package_discovery:discover_packages(ignore) discover
[2.255s] Level 1:colcon.colcon_core.package_discovery:discover_packages(ignore) using defaults
[2.255s] Level 1:colcon.colcon_core.package_discovery:discover_packages(path) discover
[2.255s] Level 1:colcon.colcon_core.package_discovery:discover_packages(path) using defaults
[2.480s] INFO:colcon.colcon_core.package_selection:Skipping not selected package 'fall_detector_py' in 'src/fall_detector_py'
[2.483s] Level 1:colcon.colcon_core.package_discovery:discover_packages(prefix_path) check parameters
[2.483s] Level 1:colcon.colcon_core.package_discovery:discover_packages(prefix_path) discover
[2.491s] WARNING:colcon.colcon_ros.prefix_path.ament:The path '/home/sunrise/down_dection/install/body_tracking_custom' in the environment variable AMENT_PREFIX_PATH doesn't exist
[2.492s] WARNING:colcon.colcon_ros.prefix_path.catkin:The path '/home/sunrise/down_dection/install/body_tracking_custom' in the environment variable CMAKE_PREFIX_PATH doesn't exist
[2.497s] DEBUG:colcon.colcon_installed_package_information.package_discovery:Found 1 installed packages in /home/sunrise/down_dection/install
[2.500s] DEBUG:colcon.colcon_installed_package_information.package_discovery:Found 54 installed packages in /opt/tros/humble
[2.517s] DEBUG:colcon.colcon_installed_package_information.package_discovery:Found 287 installed packages in /opt/ros/humble
[2.530s] Level 1:colcon.colcon_core.package_discovery:discover_packages(prefix_path) using defaults
[2.832s] Level 5:colcon.colcon_core.verb:set package 'body_tracking_custom' build argument 'cmake_args' from command line to 'None'
[2.833s] Level 5:colcon.colcon_core.verb:set package 'body_tracking_custom' build argument 'cmake_target' from command line to 'None'
[2.833s] Level 5:colcon.colcon_core.verb:set package 'body_tracking_custom' build argument 'cmake_target_skip_unavailable' from command line to 'False'
[2.833s] Level 5:colcon.colcon_core.verb:set package 'body_tracking_custom' build argument 'cmake_clean_cache' from command line to 'False'
[2.833s] Level 5:colcon.colcon_core.verb:set package 'body_tracking_custom' build argument 'cmake_clean_first' from command line to 'False'
[2.833s] Level 5:colcon.colcon_core.verb:set package 'body_tracking_custom' build argument 'cmake_force_configure' from command line to 'False'
[2.833s] Level 5:colcon.colcon_core.verb:set package 'body_tracking_custom' build argument 'ament_cmake_args' from command line to 'None'
[2.834s] Level 5:colcon.colcon_core.verb:set package 'body_tracking_custom' build argument 'catkin_cmake_args' from command line to 'None'
[2.834s] Level 5:colcon.colcon_core.verb:set package 'body_tracking_custom' build argument 'catkin_skip_building_tests' from command line to 'False'
[2.834s] DEBUG:colcon.colcon_core.verb:Building package 'body_tracking_custom' with the following arguments: {'ament_cmake_args': None, 'build_base': '/home/sunrise/down_dection/build/body_tracking_custom', 'catkin_cmake_args': None, 'catkin_skip_building_tests': False, 'cmake_args': None, 'cmake_clean_cache': False, 'cmake_clean_first': False, 'cmake_force_configure': False, 'cmake_target': None, 'cmake_target_skip_unavailable': False, 'install_base': '/home/sunrise/down_dection/install/body_tracking_custom', 'merge_install': False, 'path': '/home/sunrise/down_dection/src/body_tracking_custom', 'symlink_install': True, 'test_result_base': None}
[2.835s] INFO:colcon.colcon_core.executor:Executing jobs using 'parallel' executor
[2.840s] DEBUG:colcon.colcon_parallel_executor.executor.parallel:run_until_complete
[2.841s] INFO:colcon.colcon_ros.task.ament_cmake.build:Building ROS package in '/home/sunrise/down_dection/src/body_tracking_custom' with build type 'ament_cmake'
[2.842s] INFO:colcon.colcon_cmake.task.cmake.build:Building CMake package in '/home/sunrise/down_dection/src/body_tracking_custom'
[2.859s] INFO:colcon.colcon_core.plugin_system:Skipping extension 'colcon_core.shell.bat': Not used on non-Windows systems
[2.861s] INFO:colcon.colcon_core.shell:Skip shell extension 'powershell' for command environment: Not usable outside of PowerShell
[2.861s] DEBUG:colcon.colcon_core.shell:Skip shell extension 'dsv' for command environment
[2.897s] DEBUG:colcon.colcon_core.event_handler.log_command:Invoking command in '/home/sunrise/down_dection/build/body_tracking_custom': CMAKE_PREFIX_PATH=${CMAKE_PREFIX_PATH}:/home/sunrise/down_dection/install/fall_detector_py:/opt/tros/humble:/opt/ros/humble /usr/bin/cmake /home/sunrise/down_dection/src/body_tracking_custom -DAMENT_CMAKE_SYMLINK_INSTALL=1 -DCMAKE_INSTALL_PREFIX=/home/sunrise/down_dection/install/body_tracking_custom
[11.116s] DEBUG:colcon.colcon_core.event_handler.log_command:Invoked command in '/home/sunrise/down_dection/build/body_tracking_custom' returned '0': CMAKE_PREFIX_PATH=${CMAKE_PREFIX_PATH}:/home/sunrise/down_dection/install/fall_detector_py:/opt/tros/humble:/opt/ros/humble /usr/bin/cmake /home/sunrise/down_dection/src/body_tracking_custom -DAMENT_CMAKE_SYMLINK_INSTALL=1 -DCMAKE_INSTALL_PREFIX=/home/sunrise/down_dection/install/body_tracking_custom
[11.126s] DEBUG:colcon.colcon_core.event_handler.log_command:Invoking command in '/home/sunrise/down_dection/build/body_tracking_custom': CMAKE_PREFIX_PATH=${CMAKE_PREFIX_PATH}:/home/sunrise/down_dection/install/fall_detector_py:/opt/tros/humble:/opt/ros/humble /usr/bin/cmake --build /home/sunrise/down_dection/build/body_tracking_custom -- -j8 -l8
[75.087s] DEBUG:colcon.colcon_core.event_handler.log_command:Invoked command in '/home/sunrise/down_dection/build/body_tracking_custom' returned '0': CMAKE_PREFIX_PATH=${CMAKE_PREFIX_PATH}:/home/sunrise/down_dection/install/fall_detector_py:/opt/tros/humble:/opt/ros/humble /usr/bin/cmake --build /home/sunrise/down_dection/build/body_tracking_custom -- -j8 -l8
[75.139s] DEBUG:colcon.colcon_core.event_handler.log_command:Invoking command in '/home/sunrise/down_dection/build/body_tracking_custom': CMAKE_PREFIX_PATH=${CMAKE_PREFIX_PATH}:/home/sunrise/down_dection/install/fall_detector_py:/opt/tros/humble:/opt/ros/humble /usr/bin/cmake --install /home/sunrise/down_dection/build/body_tracking_custom
[76.671s] Level 1:colcon.colcon_core.environment:create_environment_scripts_only(body_tracking_custom)
[76.674s] DEBUG:colcon.colcon_core.event_handler.log_command:Invoked command in '/home/sunrise/down_dection/build/body_tracking_custom' returned '0': CMAKE_PREFIX_PATH=${CMAKE_PREFIX_PATH}:/home/sunrise/down_dection/install/fall_detector_py:/opt/tros/humble:/opt/ros/humble /usr/bin/cmake --install /home/sunrise/down_dection/build/body_tracking_custom
[76.708s] Level 1:colcon.colcon_core.environment:checking '/home/sunrise/down_dection/install/body_tracking_custom' for CMake module files
[76.712s] Level 1:colcon.colcon_core.environment:checking '/home/sunrise/down_dection/install/body_tracking_custom' for CMake config files
[76.713s] Level 1:colcon.colcon_core.shell:create_environment_hook('body_tracking_custom', 'cmake_prefix_path')
[76.715s] INFO:colcon.colcon_core.shell:Creating environment hook '/home/sunrise/down_dection/install/body_tracking_custom/share/body_tracking_custom/hook/cmake_prefix_path.ps1'
[76.719s] INFO:colcon.colcon_core.shell:Creating environment descriptor '/home/sunrise/down_dection/install/body_tracking_custom/share/body_tracking_custom/hook/cmake_prefix_path.dsv'
[76.722s] INFO:colcon.colcon_core.shell:Creating environment hook '/home/sunrise/down_dection/install/body_tracking_custom/share/body_tracking_custom/hook/cmake_prefix_path.sh'
[76.728s] Level 1:colcon.colcon_core.environment:checking '/home/sunrise/down_dection/install/body_tracking_custom/lib'
[76.729s] Level 1:colcon.colcon_core.environment:checking '/home/sunrise/down_dection/install/body_tracking_custom/bin'
[76.729s] Level 1:colcon.colcon_core.environment:checking '/home/sunrise/down_dection/install/body_tracking_custom/lib/pkgconfig/body_tracking_custom.pc'
[76.731s] Level 1:colcon.colcon_core.environment:checking '/home/sunrise/down_dection/install/body_tracking_custom/lib/python3.10/site-packages'
[76.732s] Level 1:colcon.colcon_core.environment:checking '/home/sunrise/down_dection/install/body_tracking_custom/bin'
[76.734s] INFO:colcon.colcon_core.shell:Creating package script '/home/sunrise/down_dection/install/body_tracking_custom/share/body_tracking_custom/package.ps1'
[76.739s] INFO:colcon.colcon_core.shell:Creating package descriptor '/home/sunrise/down_dection/install/body_tracking_custom/share/body_tracking_custom/package.dsv'
[76.743s] INFO:colcon.colcon_core.shell:Creating package script '/home/sunrise/down_dection/install/body_tracking_custom/share/body_tracking_custom/package.sh'
[76.749s] INFO:colcon.colcon_core.shell:Creating package script '/home/sunrise/down_dection/install/body_tracking_custom/share/body_tracking_custom/package.bash'
[76.755s] INFO:colcon.colcon_core.shell:Creating package script '/home/sunrise/down_dection/install/body_tracking_custom/share/body_tracking_custom/package.zsh'
[76.760s] Level 1:colcon.colcon_core.environment:create_file_with_runtime_dependencies(/home/sunrise/down_dection/install/body_tracking_custom/share/colcon-core/packages/body_tracking_custom)
[76.763s] Level 1:colcon.colcon_core.environment:create_environment_scripts_only(body_tracking_custom)
[76.764s] Level 1:colcon.colcon_core.environment:checking '/home/sunrise/down_dection/install/body_tracking_custom' for CMake module files
[76.768s] Level 1:colcon.colcon_core.environment:checking '/home/sunrise/down_dection/install/body_tracking_custom' for CMake config files
[76.769s] Level 1:colcon.colcon_core.shell:create_environment_hook('body_tracking_custom', 'cmake_prefix_path')
[76.770s] INFO:colcon.colcon_core.shell:Creating environment hook '/home/sunrise/down_dection/install/body_tracking_custom/share/body_tracking_custom/hook/cmake_prefix_path.ps1'
[76.773s] INFO:colcon.colcon_core.shell:Creating environment descriptor '/home/sunrise/down_dection/install/body_tracking_custom/share/body_tracking_custom/hook/cmake_prefix_path.dsv'
[76.774s] INFO:colcon.colcon_core.shell:Creating environment hook '/home/sunrise/down_dection/install/body_tracking_custom/share/body_tracking_custom/hook/cmake_prefix_path.sh'
[76.777s] Level 1:colcon.colcon_core.environment:checking '/home/sunrise/down_dection/install/body_tracking_custom/lib'
[76.778s] Level 1:colcon.colcon_core.environment:checking '/home/sunrise/down_dection/install/body_tracking_custom/bin'
[76.778s] Level 1:colcon.colcon_core.environment:checking '/home/sunrise/down_dection/install/body_tracking_custom/lib/pkgconfig/body_tracking_custom.pc'
[76.779s] Level 1:colcon.colcon_core.environment:checking '/home/sunrise/down_dection/install/body_tracking_custom/lib/python3.10/site-packages'
[76.781s] Level 1:colcon.colcon_core.environment:checking '/home/sunrise/down_dection/install/body_tracking_custom/bin'
[76.782s] INFO:colcon.colcon_core.shell:Creating package script '/home/sunrise/down_dection/install/body_tracking_custom/share/body_tracking_custom/package.ps1'
[76.785s] INFO:colcon.colcon_core.shell:Creating package descriptor '/home/sunrise/down_dection/install/body_tracking_custom/share/body_tracking_custom/package.dsv'
[76.788s] INFO:colcon.colcon_core.shell:Creating package script '/home/sunrise/down_dection/install/body_tracking_custom/share/body_tracking_custom/package.sh'
[76.790s] INFO:colcon.colcon_core.shell:Creating package script '/home/sunrise/down_dection/install/body_tracking_custom/share/body_tracking_custom/package.bash'
[76.793s] INFO:colcon.colcon_core.shell:Creating package script '/home/sunrise/down_dection/install/body_tracking_custom/share/body_tracking_custom/package.zsh'
[76.795s] Level 1:colcon.colcon_core.environment:create_file_with_runtime_dependencies(/home/sunrise/down_dection/install/body_tracking_custom/share/colcon-core/packages/body_tracking_custom)
[76.796s] DEBUG:colcon.colcon_parallel_executor.executor.parallel:closing loop
[76.798s] DEBUG:colcon.colcon_parallel_executor.executor.parallel:loop closed
[76.799s] DEBUG:colcon.colcon_parallel_executor.executor.parallel:run_until_complete finished with '0'
[76.800s] DEBUG:colcon.colcon_core.event_reactor:joining thread
[76.851s] INFO:colcon.colcon_core.plugin_system:Skipping extension 'colcon_notification.desktop_notification.notify_send': Could not find 'notify-send'
[76.852s] INFO:colcon.colcon_core.plugin_system:Skipping extension 'colcon_notification.desktop_notification.terminal_notifier': Not used on non-Darwin systems
[76.852s] INFO:colcon.colcon_core.plugin_system:Skipping extension 'colcon_notification.desktop_notification.win32': Not used on non-Windows systems
[76.853s] INFO:colcon.colcon_notification.desktop_notification:Sending desktop notification using 'notify2'
[77.302s] DEBUG:colcon.colcon_core.event_reactor:joined thread
[77.306s] INFO:colcon.colcon_core.shell:Creating prefix script '/home/sunrise/down_dection/install/local_setup.ps1'
[77.317s] INFO:colcon.colcon_core.shell:Creating prefix util module '/home/sunrise/down_dection/install/_local_setup_util_ps1.py'
[77.335s] INFO:colcon.colcon_core.shell:Creating prefix chain script '/home/sunrise/down_dection/install/setup.ps1'
[77.345s] INFO:colcon.colcon_core.shell:Creating prefix script '/home/sunrise/down_dection/install/local_setup.sh'
[77.350s] INFO:colcon.colcon_core.shell:Creating prefix util module '/home/sunrise/down_dection/install/_local_setup_util_sh.py'
[77.354s] INFO:colcon.colcon_core.shell:Creating prefix chain script '/home/sunrise/down_dection/install/setup.sh'
[77.362s] INFO:colcon.colcon_core.shell:Creating prefix script '/home/sunrise/down_dection/install/local_setup.bash'
[77.367s] INFO:colcon.colcon_core.shell:Creating prefix chain script '/home/sunrise/down_dection/install/setup.bash'
[77.373s] INFO:colcon.colcon_core.shell:Creating prefix script '/home/sunrise/down_dection/install/local_setup.zsh'
[77.378s] INFO:colcon.colcon_core.shell:Creating prefix chain script '/home/sunrise/down_dection/install/setup.zsh'
