[4.298s] Invoking command in '/home/sunrise/down_dection/build/fall_detector_py': PYTHONPATH=/home/sunrise/down_dection/build/fall_detector_py/prefix_override:/usr/lib/python3/dist-packages/colcon_core/task/python/colcon_distutils_commands:/home/sunrise/down_dection/install/fall_detector_py/lib/python3.10/site-packages:${PYTHONPATH} /usr/bin/python3 -W ignore:setup.py install is deprecated -W ignore:easy_install command is deprecated setup.py develop --editable --build-directory /home/sunrise/down_dection/build/fall_detector_py/build --no-deps symlink_data
[6.027s] running develop
[7.102s] running egg_info
[7.103s] creating fall_detector_py.egg-info
[7.104s] writing fall_detector_py.egg-info/PKG-INFO
[7.105s] writing dependency_links to fall_detector_py.egg-info/dependency_links.txt
[7.106s] writing entry points to fall_detector_py.egg-info/entry_points.txt
[7.106s] writing requirements to fall_detector_py.egg-info/requires.txt
[7.107s] writing top-level names to fall_detector_py.egg-info/top_level.txt
[7.108s] writing manifest file 'fall_detector_py.egg-info/SOURCES.txt'
[7.117s] reading manifest file 'fall_detector_py.egg-info/SOURCES.txt'
[7.120s] writing manifest file 'fall_detector_py.egg-info/SOURCES.txt'
[7.128s] running build_ext
[7.129s] Creating /home/sunrise/down_dection/install/fall_detector_py/lib/python3.10/site-packages/fall-detector-py.egg-link (link to .)
[7.135s] Installing fall_detector_node script to /home/sunrise/down_dection/install/fall_detector_py/lib/fall_detector_py
[7.136s] 
[7.137s] Installed /home/sunrise/down_dection/build/fall_detector_py
[7.137s] running symlink_data
[7.138s] creating /home/sunrise/down_dection/install/fall_detector_py/share/ament_index
[7.138s] creating /home/sunrise/down_dection/install/fall_detector_py/share/ament_index/resource_index
[7.139s] creating /home/sunrise/down_dection/install/fall_detector_py/share/ament_index/resource_index/packages
[7.139s] symbolically linking /home/sunrise/down_dection/build/fall_detector_py/resource/fall_detector_py -> /home/sunrise/down_dection/install/fall_detector_py/share/ament_index/resource_index/packages
[7.140s] symbolically linking /home/sunrise/down_dection/build/fall_detector_py/package.xml -> /home/sunrise/down_dection/install/fall_detector_py/share/fall_detector_py
[7.395s] Invoked command in '/home/sunrise/down_dection/build/fall_detector_py' returned '0': PYTHONPATH=/home/sunrise/down_dection/build/fall_detector_py/prefix_override:/usr/lib/python3/dist-packages/colcon_core/task/python/colcon_distutils_commands:/home/sunrise/down_dection/install/fall_detector_py/lib/python3.10/site-packages:${PYTHONPATH} /usr/bin/python3 -W ignore:setup.py install is deprecated -W ignore:easy_install command is deprecated setup.py develop --editable --build-directory /home/sunrise/down_dection/build/fall_detector_py/build --no-deps symlink_data
