[0.643s] DEBUG:colcon:Command line arguments: ['/usr/bin/colcon', 'build', '--packages-select', 'hand_gesture_detection_develop', '--symlink-install']
[0.643s] DEBUG:colcon:Parsed command line arguments: Namespace(log_base=None, log_level=None, verb_name='build', build_base='build', install_base='install', merge_install=False, symlink_install=True, test_result_base=None, continue_on_error=False, executor='parallel', parallel_workers=8, event_handlers=None, ignore_user_meta=False, metas=['./colcon.meta'], base_paths=['.'], packages_ignore=None, packages_ignore_regex=None, paths=None, packages_up_to=None, packages_up_to_regex=None, packages_above=None, packages_above_and_dependencies=None, packages_above_depth=None, packages_select_by_dep=None, packages_skip_by_dep=None, packages_skip_up_to=None, packages_select_build_failed=False, packages_skip_build_finished=False, packages_select_test_failures=False, packages_skip_test_passed=False, packages_select=['hand_gesture_detection_develop'], packages_skip=None, packages_select_regex=None, packages_skip_regex=None, packages_start=None, packages_end=None, allow_overriding=[], cmake_args=None, cmake_target=None, cmake_target_skip_unavailable=False, cmake_clean_cache=False, cmake_clean_first=False, cmake_force_configure=False, ament_cmake_args=None, catkin_cmake_args=None, catkin_skip_building_tests=False, verb_parser=<colcon_defaults.argument_parser.defaults.DefaultArgumentsDecorator object at 0xffffabb308b0>, verb_extension=<colcon_core.verb.build.BuildVerb object at 0xffffabcee500>, main=<bound method BuildVerb.main of <colcon_core.verb.build.BuildVerb object at 0xffffabcee500>>)
[1.736s] Level 1:colcon.colcon_core.package_discovery:discover_packages(colcon_meta) check parameters
[1.737s] Level 1:colcon.colcon_core.package_discovery:discover_packages(recursive) check parameters
[1.737s] Level 1:colcon.colcon_core.package_discovery:discover_packages(ignore) check parameters
[1.737s] Level 1:colcon.colcon_core.package_discovery:discover_packages(path) check parameters
[1.737s] Level 1:colcon.colcon_core.package_discovery:discover_packages(colcon_meta) discover
[1.738s] Level 1:colcon.colcon_core.package_discovery:discover_packages(recursive) discover
[1.738s] INFO:colcon.colcon_core.package_discovery:Crawling recursively for packages in '/home/sunrise/hand_gesture_recognize'
[1.738s] Level 1:colcon.colcon_core.package_identification:_identify(.) by extensions ['ignore', 'ignore_ament_install']
[1.739s] Level 1:colcon.colcon_core.package_identification:_identify(.) by extension 'ignore'
[1.739s] Level 1:colcon.colcon_core.package_identification:_identify(.) by extension 'ignore_ament_install'
[1.740s] Level 1:colcon.colcon_core.package_identification:_identify(.) by extensions ['colcon_pkg']
[1.740s] Level 1:colcon.colcon_core.package_identification:_identify(.) by extension 'colcon_pkg'
[1.740s] Level 1:colcon.colcon_core.package_identification:_identify(.) by extensions ['colcon_meta']
[1.740s] Level 1:colcon.colcon_core.package_identification:_identify(.) by extension 'colcon_meta'
[1.741s] Level 1:colcon.colcon_core.package_identification:_identify(.) by extensions ['ros']
[1.741s] Level 1:colcon.colcon_core.package_identification:_identify(.) by extension 'ros'
[1.810s] Level 1:colcon.colcon_core.package_identification:_identify(.) by extensions ['cmake', 'python']
[1.810s] Level 1:colcon.colcon_core.package_identification:_identify(.) by extension 'cmake'
[1.811s] Level 1:colcon.colcon_core.package_identification:_identify(.) by extension 'python'
[1.811s] Level 1:colcon.colcon_core.package_identification:_identify(.) by extensions ['python_setup_py']
[1.811s] Level 1:colcon.colcon_core.package_identification:_identify(.) by extension 'python_setup_py'
[1.812s] Level 1:colcon.colcon_core.package_identification:_identify(build) by extensions ['ignore', 'ignore_ament_install']
[1.812s] Level 1:colcon.colcon_core.package_identification:_identify(build) by extension 'ignore'
[1.812s] Level 1:colcon.colcon_core.package_identification:_identify(build) ignored
[1.813s] Level 1:colcon.colcon_core.package_identification:_identify(config) by extensions ['ignore', 'ignore_ament_install']
[1.813s] Level 1:colcon.colcon_core.package_identification:_identify(config) by extension 'ignore'
[1.814s] Level 1:colcon.colcon_core.package_identification:_identify(config) by extension 'ignore_ament_install'
[1.814s] Level 1:colcon.colcon_core.package_identification:_identify(config) by extensions ['colcon_pkg']
[1.814s] Level 1:colcon.colcon_core.package_identification:_identify(config) by extension 'colcon_pkg'
[1.814s] Level 1:colcon.colcon_core.package_identification:_identify(config) by extensions ['colcon_meta']
[1.815s] Level 1:colcon.colcon_core.package_identification:_identify(config) by extension 'colcon_meta'
[1.815s] Level 1:colcon.colcon_core.package_identification:_identify(config) by extensions ['ros']
[1.815s] Level 1:colcon.colcon_core.package_identification:_identify(config) by extension 'ros'
[1.815s] Level 1:colcon.colcon_core.package_identification:_identify(config) by extensions ['cmake', 'python']
[1.816s] Level 1:colcon.colcon_core.package_identification:_identify(config) by extension 'cmake'
[1.816s] Level 1:colcon.colcon_core.package_identification:_identify(config) by extension 'python'
[1.816s] Level 1:colcon.colcon_core.package_identification:_identify(config) by extensions ['python_setup_py']
[1.816s] Level 1:colcon.colcon_core.package_identification:_identify(config) by extension 'python_setup_py'
[1.817s] Level 1:colcon.colcon_core.package_identification:_identify(install) by extensions ['ignore', 'ignore_ament_install']
[1.817s] Level 1:colcon.colcon_core.package_identification:_identify(install) by extension 'ignore'
[1.817s] Level 1:colcon.colcon_core.package_identification:_identify(install) ignored
[1.818s] Level 1:colcon.colcon_core.package_identification:_identify(log) by extensions ['ignore', 'ignore_ament_install']
[1.818s] Level 1:colcon.colcon_core.package_identification:_identify(log) by extension 'ignore'
[1.819s] Level 1:colcon.colcon_core.package_identification:_identify(log) ignored
[1.819s] Level 1:colcon.colcon_core.package_identification:_identify(src) by extensions ['ignore', 'ignore_ament_install']
[1.819s] Level 1:colcon.colcon_core.package_identification:_identify(src) by extension 'ignore'
[1.820s] Level 1:colcon.colcon_core.package_identification:_identify(src) by extension 'ignore_ament_install'
[1.820s] Level 1:colcon.colcon_core.package_identification:_identify(src) by extensions ['colcon_pkg']
[1.820s] Level 1:colcon.colcon_core.package_identification:_identify(src) by extension 'colcon_pkg'
[1.820s] Level 1:colcon.colcon_core.package_identification:_identify(src) by extensions ['colcon_meta']
[1.821s] Level 1:colcon.colcon_core.package_identification:_identify(src) by extension 'colcon_meta'
[1.821s] Level 1:colcon.colcon_core.package_identification:_identify(src) by extensions ['ros']
[1.821s] Level 1:colcon.colcon_core.package_identification:_identify(src) by extension 'ros'
[1.822s] Level 1:colcon.colcon_core.package_identification:_identify(src) by extensions ['cmake', 'python']
[1.822s] Level 1:colcon.colcon_core.package_identification:_identify(src) by extension 'cmake'
[1.822s] Level 1:colcon.colcon_core.package_identification:_identify(src) by extension 'python'
[1.822s] Level 1:colcon.colcon_core.package_identification:_identify(src) by extensions ['python_setup_py']
[1.822s] Level 1:colcon.colcon_core.package_identification:_identify(src) by extension 'python_setup_py'
[1.823s] Level 1:colcon.colcon_core.package_identification:_identify(src/hand_gesture_detection_develop) by extensions ['ignore', 'ignore_ament_install']
[1.823s] Level 1:colcon.colcon_core.package_identification:_identify(src/hand_gesture_detection_develop) by extension 'ignore'
[1.824s] Level 1:colcon.colcon_core.package_identification:_identify(src/hand_gesture_detection_develop) by extension 'ignore_ament_install'
[1.824s] Level 1:colcon.colcon_core.package_identification:_identify(src/hand_gesture_detection_develop) by extensions ['colcon_pkg']
[1.824s] Level 1:colcon.colcon_core.package_identification:_identify(src/hand_gesture_detection_develop) by extension 'colcon_pkg'
[1.824s] Level 1:colcon.colcon_core.package_identification:_identify(src/hand_gesture_detection_develop) by extensions ['colcon_meta']
[1.825s] Level 1:colcon.colcon_core.package_identification:_identify(src/hand_gesture_detection_develop) by extension 'colcon_meta'
[1.825s] Level 1:colcon.colcon_core.package_identification:_identify(src/hand_gesture_detection_develop) by extensions ['ros']
[1.825s] Level 1:colcon.colcon_core.package_identification:_identify(src/hand_gesture_detection_develop) by extension 'ros'
[1.839s] DEBUG:colcon.colcon_core.package_identification:Package 'src/hand_gesture_detection_develop' with type 'ros.ament_cmake' and name 'hand_gesture_detection_develop'
[1.839s] Level 1:colcon.colcon_core.package_discovery:discover_packages(recursive) using defaults
[1.839s] Level 1:colcon.colcon_core.package_discovery:discover_packages(ignore) discover
[1.840s] Level 1:colcon.colcon_core.package_discovery:discover_packages(ignore) using defaults
[1.840s] Level 1:colcon.colcon_core.package_discovery:discover_packages(path) discover
[1.840s] Level 1:colcon.colcon_core.package_discovery:discover_packages(path) using defaults
[1.954s] Level 1:colcon.colcon_core.package_discovery:discover_packages(prefix_path) check parameters
[1.954s] Level 1:colcon.colcon_core.package_discovery:discover_packages(prefix_path) discover
[2.034s] WARNING:colcon.colcon_ros.prefix_path.ament:The path '/home/sunrise/hand_gesture_recognize/install/hand_gesture_detection_develop' in the environment variable AMENT_PREFIX_PATH doesn't exist
[2.035s] WARNING:colcon.colcon_ros.prefix_path.catkin:The path '/home/sunrise/hand_gesture_recognize/install/hand_gesture_detection_develop' in the environment variable CMAKE_PREFIX_PATH doesn't exist
[2.038s] DEBUG:colcon.colcon_installed_package_information.package_discovery:Found 0 installed packages in /home/sunrise/hand_gesture_recognize/install
[2.041s] DEBUG:colcon.colcon_installed_package_information.package_discovery:Found 54 installed packages in /opt/tros/humble
[2.054s] DEBUG:colcon.colcon_installed_package_information.package_discovery:Found 287 installed packages in /opt/ros/humble
[2.066s] Level 1:colcon.colcon_core.package_discovery:discover_packages(prefix_path) using defaults
[2.362s] Level 5:colcon.colcon_core.verb:set package 'hand_gesture_detection_develop' build argument 'cmake_args' from command line to 'None'
[2.363s] Level 5:colcon.colcon_core.verb:set package 'hand_gesture_detection_develop' build argument 'cmake_target' from command line to 'None'
[2.363s] Level 5:colcon.colcon_core.verb:set package 'hand_gesture_detection_develop' build argument 'cmake_target_skip_unavailable' from command line to 'False'
[2.363s] Level 5:colcon.colcon_core.verb:set package 'hand_gesture_detection_develop' build argument 'cmake_clean_cache' from command line to 'False'
[2.363s] Level 5:colcon.colcon_core.verb:set package 'hand_gesture_detection_develop' build argument 'cmake_clean_first' from command line to 'False'
[2.363s] Level 5:colcon.colcon_core.verb:set package 'hand_gesture_detection_develop' build argument 'cmake_force_configure' from command line to 'False'
[2.364s] Level 5:colcon.colcon_core.verb:set package 'hand_gesture_detection_develop' build argument 'ament_cmake_args' from command line to 'None'
[2.364s] Level 5:colcon.colcon_core.verb:set package 'hand_gesture_detection_develop' build argument 'catkin_cmake_args' from command line to 'None'
[2.364s] Level 5:colcon.colcon_core.verb:set package 'hand_gesture_detection_develop' build argument 'catkin_skip_building_tests' from command line to 'False'
[2.364s] DEBUG:colcon.colcon_core.verb:Building package 'hand_gesture_detection_develop' with the following arguments: {'ament_cmake_args': None, 'build_base': '/home/sunrise/hand_gesture_recognize/build/hand_gesture_detection_develop', 'catkin_cmake_args': None, 'catkin_skip_building_tests': False, 'cmake_args': None, 'cmake_clean_cache': False, 'cmake_clean_first': False, 'cmake_force_configure': False, 'cmake_target': None, 'cmake_target_skip_unavailable': False, 'install_base': '/home/sunrise/hand_gesture_recognize/install/hand_gesture_detection_develop', 'merge_install': False, 'path': '/home/sunrise/hand_gesture_recognize/src/hand_gesture_detection_develop', 'symlink_install': True, 'test_result_base': None}
[2.365s] INFO:colcon.colcon_core.executor:Executing jobs using 'parallel' executor
[2.370s] DEBUG:colcon.colcon_parallel_executor.executor.parallel:run_until_complete
[2.370s] INFO:colcon.colcon_ros.task.ament_cmake.build:Building ROS package in '/home/sunrise/hand_gesture_recognize/src/hand_gesture_detection_develop' with build type 'ament_cmake'
[2.371s] INFO:colcon.colcon_cmake.task.cmake.build:Building CMake package in '/home/sunrise/hand_gesture_recognize/src/hand_gesture_detection_develop'
[2.381s] INFO:colcon.colcon_core.plugin_system:Skipping extension 'colcon_core.shell.bat': Not used on non-Windows systems
[2.383s] INFO:colcon.colcon_core.shell:Skip shell extension 'powershell' for command environment: Not usable outside of PowerShell
[2.383s] DEBUG:colcon.colcon_core.shell:Skip shell extension 'dsv' for command environment
[2.420s] DEBUG:colcon.colcon_core.event_handler.log_command:Invoking command in '/home/sunrise/hand_gesture_recognize/build/hand_gesture_detection_develop': CMAKE_PREFIX_PATH=${CMAKE_PREFIX_PATH}:/opt/tros/humble:/opt/ros/humble /usr/bin/cmake /home/sunrise/hand_gesture_recognize/src/hand_gesture_detection_develop -DAMENT_CMAKE_SYMLINK_INSTALL=1 -DCMAKE_INSTALL_PREFIX=/home/sunrise/hand_gesture_recognize/install/hand_gesture_detection_develop
[8.818s] DEBUG:colcon.colcon_core.event_handler.log_command:Invoked command in '/home/sunrise/hand_gesture_recognize/build/hand_gesture_detection_develop' returned '0': CMAKE_PREFIX_PATH=${CMAKE_PREFIX_PATH}:/opt/tros/humble:/opt/ros/humble /usr/bin/cmake /home/sunrise/hand_gesture_recognize/src/hand_gesture_detection_develop -DAMENT_CMAKE_SYMLINK_INSTALL=1 -DCMAKE_INSTALL_PREFIX=/home/sunrise/hand_gesture_recognize/install/hand_gesture_detection_develop
[8.830s] DEBUG:colcon.colcon_core.event_handler.log_command:Invoking command in '/home/sunrise/hand_gesture_recognize/build/hand_gesture_detection_develop': CMAKE_PREFIX_PATH=${CMAKE_PREFIX_PATH}:/opt/tros/humble:/opt/ros/humble /usr/bin/cmake --build /home/sunrise/hand_gesture_recognize/build/hand_gesture_detection_develop -- -j8 -l8
[88.389s] DEBUG:colcon.colcon_core.event_handler.log_command:Invoked command in '/home/sunrise/hand_gesture_recognize/build/hand_gesture_detection_develop' returned '0': CMAKE_PREFIX_PATH=${CMAKE_PREFIX_PATH}:/opt/tros/humble:/opt/ros/humble /usr/bin/cmake --build /home/sunrise/hand_gesture_recognize/build/hand_gesture_detection_develop -- -j8 -l8
[88.439s] DEBUG:colcon.colcon_core.event_handler.log_command:Invoking command in '/home/sunrise/hand_gesture_recognize/build/hand_gesture_detection_develop': CMAKE_PREFIX_PATH=${CMAKE_PREFIX_PATH}:/opt/tros/humble:/opt/ros/humble /usr/bin/cmake --install /home/sunrise/hand_gesture_recognize/build/hand_gesture_detection_develop
[89.558s] Level 1:colcon.colcon_core.environment:create_environment_scripts_only(hand_gesture_detection_develop)
[89.561s] DEBUG:colcon.colcon_core.event_handler.log_command:Invoked command in '/home/sunrise/hand_gesture_recognize/build/hand_gesture_detection_develop' returned '0': CMAKE_PREFIX_PATH=${CMAKE_PREFIX_PATH}:/opt/tros/humble:/opt/ros/humble /usr/bin/cmake --install /home/sunrise/hand_gesture_recognize/build/hand_gesture_detection_develop
[89.575s] Level 1:colcon.colcon_core.environment:checking '/home/sunrise/hand_gesture_recognize/install/hand_gesture_detection_develop' for CMake module files
[89.579s] Level 1:colcon.colcon_core.environment:checking '/home/sunrise/hand_gesture_recognize/install/hand_gesture_detection_develop' for CMake config files
[89.582s] Level 1:colcon.colcon_core.shell:create_environment_hook('hand_gesture_detection_develop', 'cmake_prefix_path')
[89.584s] INFO:colcon.colcon_core.shell:Creating environment hook '/home/sunrise/hand_gesture_recognize/install/hand_gesture_detection_develop/share/hand_gesture_detection_develop/hook/cmake_prefix_path.ps1'
[89.587s] INFO:colcon.colcon_core.shell:Creating environment descriptor '/home/sunrise/hand_gesture_recognize/install/hand_gesture_detection_develop/share/hand_gesture_detection_develop/hook/cmake_prefix_path.dsv'
[89.589s] INFO:colcon.colcon_core.shell:Creating environment hook '/home/sunrise/hand_gesture_recognize/install/hand_gesture_detection_develop/share/hand_gesture_detection_develop/hook/cmake_prefix_path.sh'
[89.594s] Level 1:colcon.colcon_core.environment:checking '/home/sunrise/hand_gesture_recognize/install/hand_gesture_detection_develop/lib'
[89.595s] Level 1:colcon.colcon_core.environment:checking '/home/sunrise/hand_gesture_recognize/install/hand_gesture_detection_develop/bin'
[89.595s] Level 1:colcon.colcon_core.environment:checking '/home/sunrise/hand_gesture_recognize/install/hand_gesture_detection_develop/lib/pkgconfig/hand_gesture_detection_develop.pc'
[89.597s] Level 1:colcon.colcon_core.environment:checking '/home/sunrise/hand_gesture_recognize/install/hand_gesture_detection_develop/lib/python3.10/site-packages'
[89.598s] Level 1:colcon.colcon_core.environment:checking '/home/sunrise/hand_gesture_recognize/install/hand_gesture_detection_develop/bin'
[89.600s] INFO:colcon.colcon_core.shell:Creating package script '/home/sunrise/hand_gesture_recognize/install/hand_gesture_detection_develop/share/hand_gesture_detection_develop/package.ps1'
[89.606s] INFO:colcon.colcon_core.shell:Creating package descriptor '/home/sunrise/hand_gesture_recognize/install/hand_gesture_detection_develop/share/hand_gesture_detection_develop/package.dsv'
[89.610s] INFO:colcon.colcon_core.shell:Creating package script '/home/sunrise/hand_gesture_recognize/install/hand_gesture_detection_develop/share/hand_gesture_detection_develop/package.sh'
[89.617s] INFO:colcon.colcon_core.shell:Creating package script '/home/sunrise/hand_gesture_recognize/install/hand_gesture_detection_develop/share/hand_gesture_detection_develop/package.bash'
[89.623s] INFO:colcon.colcon_core.shell:Creating package script '/home/sunrise/hand_gesture_recognize/install/hand_gesture_detection_develop/share/hand_gesture_detection_develop/package.zsh'
[89.627s] Level 1:colcon.colcon_core.environment:create_file_with_runtime_dependencies(/home/sunrise/hand_gesture_recognize/install/hand_gesture_detection_develop/share/colcon-core/packages/hand_gesture_detection_develop)
[89.631s] Level 1:colcon.colcon_core.environment:create_environment_scripts_only(hand_gesture_detection_develop)
[89.632s] Level 1:colcon.colcon_core.environment:checking '/home/sunrise/hand_gesture_recognize/install/hand_gesture_detection_develop' for CMake module files
[89.635s] Level 1:colcon.colcon_core.environment:checking '/home/sunrise/hand_gesture_recognize/install/hand_gesture_detection_develop' for CMake config files
[89.637s] Level 1:colcon.colcon_core.shell:create_environment_hook('hand_gesture_detection_develop', 'cmake_prefix_path')
[89.638s] INFO:colcon.colcon_core.shell:Creating environment hook '/home/sunrise/hand_gesture_recognize/install/hand_gesture_detection_develop/share/hand_gesture_detection_develop/hook/cmake_prefix_path.ps1'
[89.641s] INFO:colcon.colcon_core.shell:Creating environment descriptor '/home/sunrise/hand_gesture_recognize/install/hand_gesture_detection_develop/share/hand_gesture_detection_develop/hook/cmake_prefix_path.dsv'
[89.643s] INFO:colcon.colcon_core.shell:Creating environment hook '/home/sunrise/hand_gesture_recognize/install/hand_gesture_detection_develop/share/hand_gesture_detection_develop/hook/cmake_prefix_path.sh'
[89.646s] Level 1:colcon.colcon_core.environment:checking '/home/sunrise/hand_gesture_recognize/install/hand_gesture_detection_develop/lib'
[89.646s] Level 1:colcon.colcon_core.environment:checking '/home/sunrise/hand_gesture_recognize/install/hand_gesture_detection_develop/bin'
[89.646s] Level 1:colcon.colcon_core.environment:checking '/home/sunrise/hand_gesture_recognize/install/hand_gesture_detection_develop/lib/pkgconfig/hand_gesture_detection_develop.pc'
[89.648s] Level 1:colcon.colcon_core.environment:checking '/home/sunrise/hand_gesture_recognize/install/hand_gesture_detection_develop/lib/python3.10/site-packages'
[89.649s] Level 1:colcon.colcon_core.environment:checking '/home/sunrise/hand_gesture_recognize/install/hand_gesture_detection_develop/bin'
[89.651s] INFO:colcon.colcon_core.shell:Creating package script '/home/sunrise/hand_gesture_recognize/install/hand_gesture_detection_develop/share/hand_gesture_detection_develop/package.ps1'
[89.655s] INFO:colcon.colcon_core.shell:Creating package descriptor '/home/sunrise/hand_gesture_recognize/install/hand_gesture_detection_develop/share/hand_gesture_detection_develop/package.dsv'
[89.658s] INFO:colcon.colcon_core.shell:Creating package script '/home/sunrise/hand_gesture_recognize/install/hand_gesture_detection_develop/share/hand_gesture_detection_develop/package.sh'
[89.660s] INFO:colcon.colcon_core.shell:Creating package script '/home/sunrise/hand_gesture_recognize/install/hand_gesture_detection_develop/share/hand_gesture_detection_develop/package.bash'
[89.663s] INFO:colcon.colcon_core.shell:Creating package script '/home/sunrise/hand_gesture_recognize/install/hand_gesture_detection_develop/share/hand_gesture_detection_develop/package.zsh'
[89.666s] Level 1:colcon.colcon_core.environment:create_file_with_runtime_dependencies(/home/sunrise/hand_gesture_recognize/install/hand_gesture_detection_develop/share/colcon-core/packages/hand_gesture_detection_develop)
[89.667s] DEBUG:colcon.colcon_parallel_executor.executor.parallel:closing loop
[89.668s] DEBUG:colcon.colcon_parallel_executor.executor.parallel:loop closed
[89.669s] DEBUG:colcon.colcon_parallel_executor.executor.parallel:run_until_complete finished with '0'
[89.669s] DEBUG:colcon.colcon_core.event_reactor:joining thread
[89.697s] INFO:colcon.colcon_core.plugin_system:Skipping extension 'colcon_notification.desktop_notification.notify_send': Could not find 'notify-send'
[89.698s] INFO:colcon.colcon_core.plugin_system:Skipping extension 'colcon_notification.desktop_notification.terminal_notifier': Not used on non-Darwin systems
[89.699s] INFO:colcon.colcon_core.plugin_system:Skipping extension 'colcon_notification.desktop_notification.win32': Not used on non-Windows systems
[89.699s] INFO:colcon.colcon_notification.desktop_notification:Sending desktop notification using 'notify2'
[89.723s] DEBUG:colcon.colcon_core.event_reactor:joined thread
[89.725s] INFO:colcon.colcon_core.shell:Creating prefix script '/home/sunrise/hand_gesture_recognize/install/local_setup.ps1'
[89.733s] INFO:colcon.colcon_core.shell:Creating prefix util module '/home/sunrise/hand_gesture_recognize/install/_local_setup_util_ps1.py'
[89.744s] INFO:colcon.colcon_core.shell:Creating prefix chain script '/home/sunrise/hand_gesture_recognize/install/setup.ps1'
[89.751s] INFO:colcon.colcon_core.shell:Creating prefix script '/home/sunrise/hand_gesture_recognize/install/local_setup.sh'
[89.755s] INFO:colcon.colcon_core.shell:Creating prefix util module '/home/sunrise/hand_gesture_recognize/install/_local_setup_util_sh.py'
[89.759s] INFO:colcon.colcon_core.shell:Creating prefix chain script '/home/sunrise/hand_gesture_recognize/install/setup.sh'
[89.765s] INFO:colcon.colcon_core.shell:Creating prefix script '/home/sunrise/hand_gesture_recognize/install/local_setup.bash'
[89.768s] INFO:colcon.colcon_core.shell:Creating prefix chain script '/home/sunrise/hand_gesture_recognize/install/setup.bash'
[89.774s] INFO:colcon.colcon_core.shell:Creating prefix script '/home/sunrise/hand_gesture_recognize/install/local_setup.zsh'
[89.776s] INFO:colcon.colcon_core.shell:Creating prefix chain script '/home/sunrise/hand_gesture_recognize/install/setup.zsh'
