[4.112s] Invoking command in '/home/sunrise/down_dection/src/fall_detector_py': PYTHONPATH=/home/sunrise/down_dection/build/fall_detector_py/prefix_override:/usr/lib/python3/dist-packages/colcon_core/task/python/colcon_distutils_commands:/home/sunrise/down_dection/install/fall_detector_py/lib/python3.10/site-packages:${PYTHONPATH} /usr/bin/python3 -W ignore:setup.py install is deprecated -W ignore:easy_install command is deprecated setup.py egg_info --egg-base ../../build/fall_detector_py build --build-base /home/sunrise/down_dection/build/fall_detector_py/build install --record /home/sunrise/down_dection/build/fall_detector_py/install.log --single-version-externally-managed install_data
[5.627s] running egg_info
[5.631s] writing ../../build/fall_detector_py/fall_detector_py.egg-info/PKG-INFO
[5.632s] writing dependency_links to ../../build/fall_detector_py/fall_detector_py.egg-info/dependency_links.txt
[5.633s] writing entry points to ../../build/fall_detector_py/fall_detector_py.egg-info/entry_points.txt
[5.633s] writing requirements to ../../build/fall_detector_py/fall_detector_py.egg-info/requires.txt
[5.634s] writing top-level names to ../../build/fall_detector_py/fall_detector_py.egg-info/top_level.txt
[5.644s] reading manifest file '../../build/fall_detector_py/fall_detector_py.egg-info/SOURCES.txt'
[5.650s] writing manifest file '../../build/fall_detector_py/fall_detector_py.egg-info/SOURCES.txt'
[5.651s] running build
[5.652s] running build_py
[5.652s] running install
[5.654s] running install_lib
[5.661s] running install_data
[5.661s] running install_egg_info
[5.671s] removing '/home/sunrise/down_dection/install/fall_detector_py/lib/python3.10/site-packages/fall_detector_py-0.0.0-py3.10.egg-info' (and everything under it)
[5.672s] Copying ../../build/fall_detector_py/fall_detector_py.egg-info to /home/sunrise/down_dection/install/fall_detector_py/lib/python3.10/site-packages/fall_detector_py-0.0.0-py3.10.egg-info
[5.677s] running install_scripts
[5.792s] Installing fall_detector_node script to /home/sunrise/down_dection/install/fall_detector_py/lib/fall_detector_py
[5.794s] writing list of installed files to '/home/sunrise/down_dection/build/fall_detector_py/install.log'
[6.008s] Invoked command in '/home/sunrise/down_dection/src/fall_detector_py' returned '0': PYTHONPATH=/home/sunrise/down_dection/build/fall_detector_py/prefix_override:/usr/lib/python3/dist-packages/colcon_core/task/python/colcon_distutils_commands:/home/sunrise/down_dection/install/fall_detector_py/lib/python3.10/site-packages:${PYTHONPATH} /usr/bin/python3 -W ignore:setup.py install is deprecated -W ignore:easy_install command is deprecated setup.py egg_info --egg-base ../../build/fall_detector_py build --build-base /home/sunrise/down_dection/build/fall_detector_py/build install --record /home/sunrise/down_dection/build/fall_detector_py/install.log --single-version-externally-managed install_data
