[6.715s] Invoking command in '/home/sunrise/AI/AI_whole/build/rdk_ai_gateway': PYTHONPATH=/home/sunrise/AI/AI_whole/build/rdk_ai_gateway/prefix_override:/usr/lib/python3/dist-packages/colcon_core/task/python/colcon_distutils_commands:/home/sunrise/AI/AI_whole/install/rdk_ai_gateway/lib/python3.10/site-packages:${PYTHONPATH} /usr/bin/python3 -W ignore:setup.py install is deprecated -W ignore:easy_install command is deprecated setup.py develop --editable --build-directory /home/sunrise/AI/AI_whole/build/rdk_ai_gateway/build --no-deps symlink_data
[8.776s] running develop
[10.227s] running egg_info
[10.228s] creating rdk_ai_gateway.egg-info
[10.229s] writing rdk_ai_gateway.egg-info/PKG-INFO
[10.231s] writing dependency_links to rdk_ai_gateway.egg-info/dependency_links.txt
[10.232s] writing entry points to rdk_ai_gateway.egg-info/entry_points.txt
[10.233s] writing requirements to rdk_ai_gateway.egg-info/requires.txt
[10.234s] writing top-level names to rdk_ai_gateway.egg-info/top_level.txt
[10.235s] writing manifest file 'rdk_ai_gateway.egg-info/SOURCES.txt'
[10.247s] reading manifest file 'rdk_ai_gateway.egg-info/SOURCES.txt'
[10.251s] writing manifest file 'rdk_ai_gateway.egg-info/SOURCES.txt'
[10.262s] running build_ext
[10.263s] Creating /home/sunrise/AI/AI_whole/install/rdk_ai_gateway/lib/python3.10/site-packages/rdk-ai-gateway.egg-link (link to .)
[10.272s] Installing apply script to /home/sunrise/AI/AI_whole/install/rdk_ai_gateway/lib/rdk_ai_gateway
[10.275s] Installing client script to /home/sunrise/AI/AI_whole/install/rdk_ai_gateway/lib/rdk_ai_gateway
[10.281s] Installing service script to /home/sunrise/AI/AI_whole/install/rdk_ai_gateway/lib/rdk_ai_gateway
[10.282s] 
[10.283s] Installed /home/sunrise/AI/AI_whole/build/rdk_ai_gateway
[10.284s] running symlink_data
[10.285s] creating /home/sunrise/AI/AI_whole/install/rdk_ai_gateway/share/ament_index
[10.286s] creating /home/sunrise/AI/AI_whole/install/rdk_ai_gateway/share/ament_index/resource_index
[10.286s] creating /home/sunrise/AI/AI_whole/install/rdk_ai_gateway/share/ament_index/resource_index/packages
[10.287s] symbolically linking /home/sunrise/AI/AI_whole/build/rdk_ai_gateway/resource/rdk_ai_gateway -> /home/sunrise/AI/AI_whole/install/rdk_ai_gateway/share/ament_index/resource_index/packages
[10.288s] symbolically linking /home/sunrise/AI/AI_whole/build/rdk_ai_gateway/package.xml -> /home/sunrise/AI/AI_whole/install/rdk_ai_gateway/share/rdk_ai_gateway
[10.289s] symbolically linking /home/sunrise/AI/AI_whole/build/rdk_ai_gateway/lib/vocano_apply.cpython-310-aarch64-linux-gnu.so -> /home/sunrise/AI/AI_whole/install/rdk_ai_gateway/lib/rdk_ai_gateway
[10.289s] symbolically linking /home/sunrise/AI/AI_whole/build/rdk_ai_gateway/lib/decode.cpython-310-aarch64-linux-gnu.so -> /home/sunrise/AI/AI_whole/install/rdk_ai_gateway/lib/rdk_ai_gateway
[10.290s] symbolically linking /home/sunrise/AI/AI_whole/build/rdk_ai_gateway/config/param.yaml -> /home/sunrise/AI/AI_whole/install/rdk_ai_gateway/share/rdk_ai_gateway
[10.291s] creating /home/sunrise/AI/AI_whole/install/rdk_ai_gateway/share/rdk_ai_gateway/launch
[10.292s] symbolically linking /home/sunrise/AI/AI_whole/build/rdk_ai_gateway/launch/ai.launch.py -> /home/sunrise/AI/AI_whole/install/rdk_ai_gateway/share/rdk_ai_gateway/launch
[10.585s] Invoked command in '/home/sunrise/AI/AI_whole/build/rdk_ai_gateway' returned '0': PYTHONPATH=/home/sunrise/AI/AI_whole/build/rdk_ai_gateway/prefix_override:/usr/lib/python3/dist-packages/colcon_core/task/python/colcon_distutils_commands:/home/sunrise/AI/AI_whole/install/rdk_ai_gateway/lib/python3.10/site-packages:${PYTHONPATH} /usr/bin/python3 -W ignore:setup.py install is deprecated -W ignore:easy_install command is deprecated setup.py develop --editable --build-directory /home/sunrise/AI/AI_whole/build/rdk_ai_gateway/build --no-deps symlink_data
