[0.669s] DEBUG:colcon:Command line arguments: ['/usr/bin/colcon', 'build', '--packages-select', 'fall_detector_py', '--symlink-install']
[0.670s] DEBUG:colcon:Parsed command line arguments: Namespace(log_base=None, log_level=None, verb_name='build', build_base='build', install_base='install', merge_install=False, symlink_install=True, test_result_base=None, continue_on_error=False, executor='parallel', parallel_workers=8, event_handlers=None, ignore_user_meta=False, metas=['./colcon.meta'], base_paths=['.'], packages_ignore=None, packages_ignore_regex=None, paths=None, packages_up_to=None, packages_up_to_regex=None, packages_above=None, packages_above_and_dependencies=None, packages_above_depth=None, packages_select_by_dep=None, packages_skip_by_dep=None, packages_skip_up_to=None, packages_select_build_failed=False, packages_skip_build_finished=False, packages_select_test_failures=False, packages_skip_test_passed=False, packages_select=['fall_detector_py'], packages_skip=None, packages_select_regex=None, packages_skip_regex=None, packages_start=None, packages_end=None, allow_overriding=[], cmake_args=None, cmake_target=None, cmake_target_skip_unavailable=False, cmake_clean_cache=False, cmake_clean_first=False, cmake_force_configure=False, ament_cmake_args=None, catkin_cmake_args=None, catkin_skip_building_tests=False, verb_parser=<colcon_defaults.argument_parser.defaults.DefaultArgumentsDecorator object at 0xffff99ad0f10>, verb_extension=<colcon_core.verb.build.BuildVerb object at 0xffff99c8eb60>, main=<bound method BuildVerb.main of <colcon_core.verb.build.BuildVerb object at 0xffff99c8eb60>>)
[1.842s] Level 1:colcon.colcon_core.package_discovery:discover_packages(colcon_meta) check parameters
[1.843s] Level 1:colcon.colcon_core.package_discovery:discover_packages(recursive) check parameters
[1.843s] Level 1:colcon.colcon_core.package_discovery:discover_packages(ignore) check parameters
[1.843s] Level 1:colcon.colcon_core.package_discovery:discover_packages(path) check parameters
[1.843s] Level 1:colcon.colcon_core.package_discovery:discover_packages(colcon_meta) discover
[1.844s] Level 1:colcon.colcon_core.package_discovery:discover_packages(recursive) discover
[1.844s] INFO:colcon.colcon_core.package_discovery:Crawling recursively for packages in '/home/sunrise/down_dection'
[1.844s] Level 1:colcon.colcon_core.package_identification:_identify(.) by extensions ['ignore', 'ignore_ament_install']
[1.845s] Level 1:colcon.colcon_core.package_identification:_identify(.) by extension 'ignore'
[1.845s] Level 1:colcon.colcon_core.package_identification:_identify(.) by extension 'ignore_ament_install'
[1.846s] Level 1:colcon.colcon_core.package_identification:_identify(.) by extensions ['colcon_pkg']
[1.846s] Level 1:colcon.colcon_core.package_identification:_identify(.) by extension 'colcon_pkg'
[1.846s] Level 1:colcon.colcon_core.package_identification:_identify(.) by extensions ['colcon_meta']
[1.846s] Level 1:colcon.colcon_core.package_identification:_identify(.) by extension 'colcon_meta'
[1.847s] Level 1:colcon.colcon_core.package_identification:_identify(.) by extensions ['ros']
[1.847s] Level 1:colcon.colcon_core.package_identification:_identify(.) by extension 'ros'
[1.920s] Level 1:colcon.colcon_core.package_identification:_identify(.) by extensions ['cmake', 'python']
[1.921s] Level 1:colcon.colcon_core.package_identification:_identify(.) by extension 'cmake'
[1.921s] Level 1:colcon.colcon_core.package_identification:_identify(.) by extension 'python'
[1.921s] Level 1:colcon.colcon_core.package_identification:_identify(.) by extensions ['python_setup_py']
[1.922s] Level 1:colcon.colcon_core.package_identification:_identify(.) by extension 'python_setup_py'
[1.922s] Level 1:colcon.colcon_core.package_identification:_identify(build) by extensions ['ignore', 'ignore_ament_install']
[1.923s] Level 1:colcon.colcon_core.package_identification:_identify(build) by extension 'ignore'
[1.923s] Level 1:colcon.colcon_core.package_identification:_identify(build) ignored
[1.924s] Level 1:colcon.colcon_core.package_identification:_identify(config) by extensions ['ignore', 'ignore_ament_install']
[1.924s] Level 1:colcon.colcon_core.package_identification:_identify(config) by extension 'ignore'
[1.924s] Level 1:colcon.colcon_core.package_identification:_identify(config) by extension 'ignore_ament_install'
[1.925s] Level 1:colcon.colcon_core.package_identification:_identify(config) by extensions ['colcon_pkg']
[1.925s] Level 1:colcon.colcon_core.package_identification:_identify(config) by extension 'colcon_pkg'
[1.925s] Level 1:colcon.colcon_core.package_identification:_identify(config) by extensions ['colcon_meta']
[1.925s] Level 1:colcon.colcon_core.package_identification:_identify(config) by extension 'colcon_meta'
[1.926s] Level 1:colcon.colcon_core.package_identification:_identify(config) by extensions ['ros']
[1.926s] Level 1:colcon.colcon_core.package_identification:_identify(config) by extension 'ros'
[1.926s] Level 1:colcon.colcon_core.package_identification:_identify(config) by extensions ['cmake', 'python']
[1.927s] Level 1:colcon.colcon_core.package_identification:_identify(config) by extension 'cmake'
[1.927s] Level 1:colcon.colcon_core.package_identification:_identify(config) by extension 'python'
[1.927s] Level 1:colcon.colcon_core.package_identification:_identify(config) by extensions ['python_setup_py']
[1.927s] Level 1:colcon.colcon_core.package_identification:_identify(config) by extension 'python_setup_py'
[1.928s] Level 1:colcon.colcon_core.package_identification:_identify(install) by extensions ['ignore', 'ignore_ament_install']
[1.928s] Level 1:colcon.colcon_core.package_identification:_identify(install) by extension 'ignore'
[1.928s] Level 1:colcon.colcon_core.package_identification:_identify(install) ignored
[1.929s] Level 1:colcon.colcon_core.package_identification:_identify(log) by extensions ['ignore', 'ignore_ament_install']
[1.929s] Level 1:colcon.colcon_core.package_identification:_identify(log) by extension 'ignore'
[1.930s] Level 1:colcon.colcon_core.package_identification:_identify(log) ignored
[1.930s] Level 1:colcon.colcon_core.package_identification:_identify(src) by extensions ['ignore', 'ignore_ament_install']
[1.931s] Level 1:colcon.colcon_core.package_identification:_identify(src) by extension 'ignore'
[1.931s] Level 1:colcon.colcon_core.package_identification:_identify(src) by extension 'ignore_ament_install'
[1.931s] Level 1:colcon.colcon_core.package_identification:_identify(src) by extensions ['colcon_pkg']
[1.931s] Level 1:colcon.colcon_core.package_identification:_identify(src) by extension 'colcon_pkg'
[1.932s] Level 1:colcon.colcon_core.package_identification:_identify(src) by extensions ['colcon_meta']
[1.932s] Level 1:colcon.colcon_core.package_identification:_identify(src) by extension 'colcon_meta'
[1.933s] Level 1:colcon.colcon_core.package_identification:_identify(src) by extensions ['ros']
[1.933s] Level 1:colcon.colcon_core.package_identification:_identify(src) by extension 'ros'
[1.933s] Level 1:colcon.colcon_core.package_identification:_identify(src) by extensions ['cmake', 'python']
[1.934s] Level 1:colcon.colcon_core.package_identification:_identify(src) by extension 'cmake'
[1.934s] Level 1:colcon.colcon_core.package_identification:_identify(src) by extension 'python'
[1.934s] Level 1:colcon.colcon_core.package_identification:_identify(src) by extensions ['python_setup_py']
[1.934s] Level 1:colcon.colcon_core.package_identification:_identify(src) by extension 'python_setup_py'
[1.935s] Level 1:colcon.colcon_core.package_identification:_identify(src/body_tracking_custom) by extensions ['ignore', 'ignore_ament_install']
[1.936s] Level 1:colcon.colcon_core.package_identification:_identify(src/body_tracking_custom) by extension 'ignore'
[1.936s] Level 1:colcon.colcon_core.package_identification:_identify(src/body_tracking_custom) by extension 'ignore_ament_install'
[1.936s] Level 1:colcon.colcon_core.package_identification:_identify(src/body_tracking_custom) by extensions ['colcon_pkg']
[1.936s] Level 1:colcon.colcon_core.package_identification:_identify(src/body_tracking_custom) by extension 'colcon_pkg'
[1.937s] Level 1:colcon.colcon_core.package_identification:_identify(src/body_tracking_custom) by extensions ['colcon_meta']
[1.937s] Level 1:colcon.colcon_core.package_identification:_identify(src/body_tracking_custom) by extension 'colcon_meta'
[1.937s] Level 1:colcon.colcon_core.package_identification:_identify(src/body_tracking_custom) by extensions ['ros']
[1.938s] Level 1:colcon.colcon_core.package_identification:_identify(src/body_tracking_custom) by extension 'ros'
[1.953s] DEBUG:colcon.colcon_core.package_identification:Package 'src/body_tracking_custom' with type 'ros.ament_cmake' and name 'body_tracking_custom'
[1.954s] Level 1:colcon.colcon_core.package_identification:_identify(src/fall_detector_py) by extensions ['ignore', 'ignore_ament_install']
[1.954s] Level 1:colcon.colcon_core.package_identification:_identify(src/fall_detector_py) by extension 'ignore'
[1.955s] Level 1:colcon.colcon_core.package_identification:_identify(src/fall_detector_py) by extension 'ignore_ament_install'
[1.955s] Level 1:colcon.colcon_core.package_identification:_identify(src/fall_detector_py) by extensions ['colcon_pkg']
[1.955s] Level 1:colcon.colcon_core.package_identification:_identify(src/fall_detector_py) by extension 'colcon_pkg'
[1.956s] Level 1:colcon.colcon_core.package_identification:_identify(src/fall_detector_py) by extensions ['colcon_meta']
[1.956s] Level 1:colcon.colcon_core.package_identification:_identify(src/fall_detector_py) by extension 'colcon_meta'
[1.956s] Level 1:colcon.colcon_core.package_identification:_identify(src/fall_detector_py) by extensions ['ros']
[1.956s] Level 1:colcon.colcon_core.package_identification:_identify(src/fall_detector_py) by extension 'ros'
[1.961s] DEBUG:colcon.colcon_core.package_identification:Package 'src/fall_detector_py' with type 'ros.ament_python' and name 'fall_detector_py'
[1.961s] Level 1:colcon.colcon_core.package_discovery:discover_packages(recursive) using defaults
[1.962s] Level 1:colcon.colcon_core.package_discovery:discover_packages(ignore) discover
[1.962s] Level 1:colcon.colcon_core.package_discovery:discover_packages(ignore) using defaults
[1.962s] Level 1:colcon.colcon_core.package_discovery:discover_packages(path) discover
[1.962s] Level 1:colcon.colcon_core.package_discovery:discover_packages(path) using defaults
[2.165s] INFO:colcon.colcon_core.package_selection:Skipping not selected package 'body_tracking_custom' in 'src/body_tracking_custom'
[2.168s] Level 1:colcon.colcon_core.package_discovery:discover_packages(prefix_path) check parameters
[2.169s] Level 1:colcon.colcon_core.package_discovery:discover_packages(prefix_path) discover
[2.174s] WARNING:colcon.colcon_ros.prefix_path.ament:The path '/home/sunrise/down_dection/install/fall_detector_py' in the environment variable AMENT_PREFIX_PATH doesn't exist
[2.179s] DEBUG:colcon.colcon_installed_package_information.package_discovery:Found 1 installed packages in /home/sunrise/down_dection/install
[2.182s] DEBUG:colcon.colcon_installed_package_information.package_discovery:Found 54 installed packages in /opt/tros/humble
[2.195s] DEBUG:colcon.colcon_installed_package_information.package_discovery:Found 287 installed packages in /opt/ros/humble
[2.208s] Level 1:colcon.colcon_core.package_discovery:discover_packages(prefix_path) using defaults
[2.526s] Level 5:colcon.colcon_core.verb:set package 'fall_detector_py' build argument 'cmake_args' from command line to 'None'
[2.526s] Level 5:colcon.colcon_core.verb:set package 'fall_detector_py' build argument 'cmake_target' from command line to 'None'
[2.526s] Level 5:colcon.colcon_core.verb:set package 'fall_detector_py' build argument 'cmake_target_skip_unavailable' from command line to 'False'
[2.526s] Level 5:colcon.colcon_core.verb:set package 'fall_detector_py' build argument 'cmake_clean_cache' from command line to 'False'
[2.527s] Level 5:colcon.colcon_core.verb:set package 'fall_detector_py' build argument 'cmake_clean_first' from command line to 'False'
[2.527s] Level 5:colcon.colcon_core.verb:set package 'fall_detector_py' build argument 'cmake_force_configure' from command line to 'False'
[2.527s] Level 5:colcon.colcon_core.verb:set package 'fall_detector_py' build argument 'ament_cmake_args' from command line to 'None'
[2.527s] Level 5:colcon.colcon_core.verb:set package 'fall_detector_py' build argument 'catkin_cmake_args' from command line to 'None'
[2.527s] Level 5:colcon.colcon_core.verb:set package 'fall_detector_py' build argument 'catkin_skip_building_tests' from command line to 'False'
[2.528s] DEBUG:colcon.colcon_core.verb:Building package 'fall_detector_py' with the following arguments: {'ament_cmake_args': None, 'build_base': '/home/sunrise/down_dection/build/fall_detector_py', 'catkin_cmake_args': None, 'catkin_skip_building_tests': False, 'cmake_args': None, 'cmake_clean_cache': False, 'cmake_clean_first': False, 'cmake_force_configure': False, 'cmake_target': None, 'cmake_target_skip_unavailable': False, 'install_base': '/home/sunrise/down_dection/install/fall_detector_py', 'merge_install': False, 'path': '/home/sunrise/down_dection/src/fall_detector_py', 'symlink_install': True, 'test_result_base': None}
[2.528s] INFO:colcon.colcon_core.executor:Executing jobs using 'parallel' executor
[2.534s] DEBUG:colcon.colcon_parallel_executor.executor.parallel:run_until_complete
[2.536s] INFO:colcon.colcon_ros.task.ament_python.build:Building ROS package in '/home/sunrise/down_dection/src/fall_detector_py' with build type 'ament_python'
[2.537s] Level 1:colcon.colcon_core.shell:create_environment_hook('fall_detector_py', 'ament_prefix_path')
[2.549s] INFO:colcon.colcon_core.plugin_system:Skipping extension 'colcon_core.shell.bat': Not used on non-Windows systems
[2.551s] INFO:colcon.colcon_core.shell:Creating environment hook '/home/sunrise/down_dection/install/fall_detector_py/share/fall_detector_py/hook/ament_prefix_path.ps1'
[2.555s] INFO:colcon.colcon_core.shell:Creating environment descriptor '/home/sunrise/down_dection/install/fall_detector_py/share/fall_detector_py/hook/ament_prefix_path.dsv'
[2.558s] INFO:colcon.colcon_core.shell:Creating environment hook '/home/sunrise/down_dection/install/fall_detector_py/share/fall_detector_py/hook/ament_prefix_path.sh'
[2.562s] INFO:colcon.colcon_core.shell:Skip shell extension 'powershell' for command environment: Not usable outside of PowerShell
[2.563s] DEBUG:colcon.colcon_core.shell:Skip shell extension 'dsv' for command environment
[4.378s] INFO:colcon.colcon_core.task.python.build:Building Python package in '/home/sunrise/down_dection/src/fall_detector_py'
[4.379s] INFO:colcon.colcon_core.shell:Skip shell extension 'powershell' for command environment: Not usable outside of PowerShell
[4.380s] DEBUG:colcon.colcon_core.shell:Skip shell extension 'dsv' for command environment
[6.854s] DEBUG:colcon.colcon_core.event_handler.log_command:Invoking command in '/home/sunrise/down_dection/build/fall_detector_py': PYTHONPATH=/home/sunrise/down_dection/build/fall_detector_py/prefix_override:/usr/lib/python3/dist-packages/colcon_core/task/python/colcon_distutils_commands:/home/sunrise/down_dection/install/fall_detector_py/lib/python3.10/site-packages:${PYTHONPATH} /usr/bin/python3 -W ignore:setup.py install is deprecated -W ignore:easy_install command is deprecated setup.py develop --editable --build-directory /home/sunrise/down_dection/build/fall_detector_py/build --no-deps symlink_data
[9.979s] Level 1:colcon.colcon_core.shell:create_environment_hook('fall_detector_py', 'pythonpath_develop')
[9.984s] INFO:colcon.colcon_core.shell:Creating environment hook '/home/sunrise/down_dection/build/fall_detector_py/share/fall_detector_py/hook/pythonpath_develop.ps1'
[9.988s] DEBUG:colcon.colcon_core.event_handler.log_command:Invoked command in '/home/sunrise/down_dection/build/fall_detector_py' returned '0': PYTHONPATH=/home/sunrise/down_dection/build/fall_detector_py/prefix_override:/usr/lib/python3/dist-packages/colcon_core/task/python/colcon_distutils_commands:/home/sunrise/down_dection/install/fall_detector_py/lib/python3.10/site-packages:${PYTHONPATH} /usr/bin/python3 -W ignore:setup.py install is deprecated -W ignore:easy_install command is deprecated setup.py develop --editable --build-directory /home/sunrise/down_dection/build/fall_detector_py/build --no-deps symlink_data
[9.992s] INFO:colcon.colcon_core.shell:Creating environment descriptor '/home/sunrise/down_dection/build/fall_detector_py/share/fall_detector_py/hook/pythonpath_develop.dsv'
[10.000s] INFO:colcon.colcon_core.shell:Creating environment hook '/home/sunrise/down_dection/build/fall_detector_py/share/fall_detector_py/hook/pythonpath_develop.sh'
[10.025s] Level 1:colcon.colcon_core.environment:checking '/home/sunrise/down_dection/install/fall_detector_py' for CMake module files
[10.030s] Level 1:colcon.colcon_core.environment:checking '/home/sunrise/down_dection/install/fall_detector_py' for CMake config files
[10.033s] Level 1:colcon.colcon_core.environment:checking '/home/sunrise/down_dection/install/fall_detector_py/lib'
[10.035s] Level 1:colcon.colcon_core.environment:checking '/home/sunrise/down_dection/install/fall_detector_py/bin'
[10.036s] Level 1:colcon.colcon_core.environment:checking '/home/sunrise/down_dection/install/fall_detector_py/lib/pkgconfig/fall_detector_py.pc'
[10.038s] Level 1:colcon.colcon_core.environment:checking '/home/sunrise/down_dection/install/fall_detector_py/lib/python3.10/site-packages'
[10.039s] Level 1:colcon.colcon_core.shell:create_environment_hook('fall_detector_py', 'pythonpath')
[10.041s] INFO:colcon.colcon_core.shell:Creating environment hook '/home/sunrise/down_dection/install/fall_detector_py/share/fall_detector_py/hook/pythonpath.ps1'
[10.044s] INFO:colcon.colcon_core.shell:Creating environment descriptor '/home/sunrise/down_dection/install/fall_detector_py/share/fall_detector_py/hook/pythonpath.dsv'
[10.046s] INFO:colcon.colcon_core.shell:Creating environment hook '/home/sunrise/down_dection/install/fall_detector_py/share/fall_detector_py/hook/pythonpath.sh'
[10.050s] Level 1:colcon.colcon_core.environment:checking '/home/sunrise/down_dection/install/fall_detector_py/bin'
[10.051s] Level 1:colcon.colcon_core.environment:create_environment_scripts_only(fall_detector_py)
[10.054s] INFO:colcon.colcon_core.shell:Creating package script '/home/sunrise/down_dection/install/fall_detector_py/share/fall_detector_py/package.ps1'
[10.059s] INFO:colcon.colcon_core.shell:Creating package descriptor '/home/sunrise/down_dection/install/fall_detector_py/share/fall_detector_py/package.dsv'
[10.064s] INFO:colcon.colcon_core.shell:Creating package script '/home/sunrise/down_dection/install/fall_detector_py/share/fall_detector_py/package.sh'
[10.071s] INFO:colcon.colcon_core.shell:Creating package script '/home/sunrise/down_dection/install/fall_detector_py/share/fall_detector_py/package.bash'
[10.076s] INFO:colcon.colcon_core.shell:Creating package script '/home/sunrise/down_dection/install/fall_detector_py/share/fall_detector_py/package.zsh'
[10.081s] Level 1:colcon.colcon_core.environment:create_file_with_runtime_dependencies(/home/sunrise/down_dection/install/fall_detector_py/share/colcon-core/packages/fall_detector_py)
[10.083s] DEBUG:colcon.colcon_parallel_executor.executor.parallel:closing loop
[10.085s] DEBUG:colcon.colcon_parallel_executor.executor.parallel:loop closed
[10.086s] DEBUG:colcon.colcon_parallel_executor.executor.parallel:run_until_complete finished with '0'
[10.086s] DEBUG:colcon.colcon_core.event_reactor:joining thread
[10.114s] INFO:colcon.colcon_core.plugin_system:Skipping extension 'colcon_notification.desktop_notification.notify_send': Could not find 'notify-send'
[10.115s] INFO:colcon.colcon_core.plugin_system:Skipping extension 'colcon_notification.desktop_notification.terminal_notifier': Not used on non-Darwin systems
[10.115s] INFO:colcon.colcon_core.plugin_system:Skipping extension 'colcon_notification.desktop_notification.win32': Not used on non-Windows systems
[10.116s] INFO:colcon.colcon_notification.desktop_notification:Sending desktop notification using 'notify2'
[10.140s] DEBUG:colcon.colcon_core.event_reactor:joined thread
[10.143s] INFO:colcon.colcon_core.shell:Creating prefix script '/home/sunrise/down_dection/install/local_setup.ps1'
[10.155s] INFO:colcon.colcon_core.shell:Creating prefix util module '/home/sunrise/down_dection/install/_local_setup_util_ps1.py'
[10.169s] INFO:colcon.colcon_core.shell:Creating prefix chain script '/home/sunrise/down_dection/install/setup.ps1'
[10.178s] INFO:colcon.colcon_core.shell:Creating prefix script '/home/sunrise/down_dection/install/local_setup.sh'
[10.183s] INFO:colcon.colcon_core.shell:Creating prefix util module '/home/sunrise/down_dection/install/_local_setup_util_sh.py'
[10.187s] INFO:colcon.colcon_core.shell:Creating prefix chain script '/home/sunrise/down_dection/install/setup.sh'
[10.195s] INFO:colcon.colcon_core.shell:Creating prefix script '/home/sunrise/down_dection/install/local_setup.bash'
[10.198s] INFO:colcon.colcon_core.shell:Creating prefix chain script '/home/sunrise/down_dection/install/setup.bash'
[10.206s] INFO:colcon.colcon_core.shell:Creating prefix script '/home/sunrise/down_dection/install/local_setup.zsh'
[10.210s] INFO:colcon.colcon_core.shell:Creating prefix chain script '/home/sunrise/down_dection/install/setup.zsh'
