running egg_info
creating ../../build/fall_detector_py/fall_detector_py.egg-info
writing ../../build/fall_detector_py/fall_detector_py.egg-info/PKG-INFO
writing dependency_links to ../../build/fall_detector_py/fall_detector_py.egg-info/dependency_links.txt
writing entry points to ../../build/fall_detector_py/fall_detector_py.egg-info/entry_points.txt
writing requirements to ../../build/fall_detector_py/fall_detector_py.egg-info/requires.txt
writing top-level names to ../../build/fall_detector_py/fall_detector_py.egg-info/top_level.txt
writing manifest file '../../build/fall_detector_py/fall_detector_py.egg-info/SOURCES.txt'
reading manifest file '../../build/fall_detector_py/fall_detector_py.egg-info/SOURCES.txt'
writing manifest file '../../build/fall_detector_py/fall_detector_py.egg-info/SOURCES.txt'
running build
running build_py
creating /home/sunrise/down_dection/build/fall_detector_py/build
creating /home/sunrise/down_dection/build/fall_detector_py/build/lib
creating /home/sunrise/down_dection/build/fall_detector_py/build/lib/fall_detector_py
copying fall_detector_py/fall_detector_node.py -> /home/sunrise/down_dection/build/fall_detector_py/build/lib/fall_detector_py
copying fall_detector_py/__init__.py -> /home/sunrise/down_dection/build/fall_detector_py/build/lib/fall_detector_py
running install
running install_lib
creating /home/sunrise/down_dection/install/fall_detector_py/lib/python3.10/site-packages/fall_detector_py
copying /home/sunrise/down_dection/build/fall_detector_py/build/lib/fall_detector_py/fall_detector_node.py -> /home/sunrise/down_dection/install/fall_detector_py/lib/python3.10/site-packages/fall_detector_py
copying /home/sunrise/down_dection/build/fall_detector_py/build/lib/fall_detector_py/__init__.py -> /home/sunrise/down_dection/install/fall_detector_py/lib/python3.10/site-packages/fall_detector_py
byte-compiling /home/sunrise/down_dection/install/fall_detector_py/lib/python3.10/site-packages/fall_detector_py/fall_detector_node.py to fall_detector_node.cpython-310.pyc
byte-compiling /home/sunrise/down_dection/install/fall_detector_py/lib/python3.10/site-packages/fall_detector_py/__init__.py to __init__.cpython-310.pyc
running install_data
creating /home/sunrise/down_dection/install/fall_detector_py/share/ament_index
creating /home/sunrise/down_dection/install/fall_detector_py/share/ament_index/resource_index
creating /home/sunrise/down_dection/install/fall_detector_py/share/ament_index/resource_index/packages
copying resource/fall_detector_py -> /home/sunrise/down_dection/install/fall_detector_py/share/ament_index/resource_index/packages
copying package.xml -> /home/sunrise/down_dection/install/fall_detector_py/share/fall_detector_py
running install_egg_info
Copying ../../build/fall_detector_py/fall_detector_py.egg-info to /home/sunrise/down_dection/install/fall_detector_py/lib/python3.10/site-packages/fall_detector_py-0.0.0-py3.10.egg-info
running install_scripts
Installing fall_detector_node script to /home/sunrise/down_dection/install/fall_detector_py/lib/fall_detector_py
writing list of installed files to '/home/sunrise/down_dection/build/fall_detector_py/install.log'
