[3.982s] Invoking command in '/home/sunrise/down_dection/src/fall_detector_py': PYTHONPATH=/home/sunrise/down_dection/build/fall_detector_py/prefix_override:/usr/lib/python3/dist-packages/colcon_core/task/python/colcon_distutils_commands:/home/sunrise/down_dection/install/fall_detector_py/lib/python3.10/site-packages:${PYTHONPATH} /usr/bin/python3 -W ignore:setup.py install is deprecated -W ignore:easy_install command is deprecated setup.py egg_info --egg-base ../../build/fall_detector_py build --build-base /home/sunrise/down_dection/build/fall_detector_py/build install --record /home/sunrise/down_dection/build/fall_detector_py/install.log --single-version-externally-managed install_data
[5.464s] running egg_info
[5.467s] creating ../../build/fall_detector_py/fall_detector_py.egg-info
[5.468s] writing ../../build/fall_detector_py/fall_detector_py.egg-info/PKG-INFO
[5.469s] writing dependency_links to ../../build/fall_detector_py/fall_detector_py.egg-info/dependency_links.txt
[5.470s] writing entry points to ../../build/fall_detector_py/fall_detector_py.egg-info/entry_points.txt
[5.471s] writing requirements to ../../build/fall_detector_py/fall_detector_py.egg-info/requires.txt
[5.471s] writing top-level names to ../../build/fall_detector_py/fall_detector_py.egg-info/top_level.txt
[5.472s] writing manifest file '../../build/fall_detector_py/fall_detector_py.egg-info/SOURCES.txt'
[5.481s] reading manifest file '../../build/fall_detector_py/fall_detector_py.egg-info/SOURCES.txt'
[5.486s] writing manifest file '../../build/fall_detector_py/fall_detector_py.egg-info/SOURCES.txt'
[5.487s] running build
[5.488s] running build_py
[5.488s] creating /home/sunrise/down_dection/build/fall_detector_py/build
[5.489s] creating /home/sunrise/down_dection/build/fall_detector_py/build/lib
[5.489s] creating /home/sunrise/down_dection/build/fall_detector_py/build/lib/fall_detector_py
[5.490s] copying fall_detector_py/fall_detector_node.py -> /home/sunrise/down_dection/build/fall_detector_py/build/lib/fall_detector_py
[5.490s] copying fall_detector_py/__init__.py -> /home/sunrise/down_dection/build/fall_detector_py/build/lib/fall_detector_py
[5.491s] running install
[5.491s] running install_lib
[5.495s] creating /home/sunrise/down_dection/install/fall_detector_py/lib/python3.10/site-packages/fall_detector_py
[5.496s] copying /home/sunrise/down_dection/build/fall_detector_py/build/lib/fall_detector_py/fall_detector_node.py -> /home/sunrise/down_dection/install/fall_detector_py/lib/python3.10/site-packages/fall_detector_py
[5.497s] copying /home/sunrise/down_dection/build/fall_detector_py/build/lib/fall_detector_py/__init__.py -> /home/sunrise/down_dection/install/fall_detector_py/lib/python3.10/site-packages/fall_detector_py
[5.499s] byte-compiling /home/sunrise/down_dection/install/fall_detector_py/lib/python3.10/site-packages/fall_detector_py/fall_detector_node.py to fall_detector_node.cpython-310.pyc
[5.505s] byte-compiling /home/sunrise/down_dection/install/fall_detector_py/lib/python3.10/site-packages/fall_detector_py/__init__.py to __init__.cpython-310.pyc
[5.506s] running install_data
[5.506s] creating /home/sunrise/down_dection/install/fall_detector_py/share/ament_index
[5.507s] creating /home/sunrise/down_dection/install/fall_detector_py/share/ament_index/resource_index
[5.507s] creating /home/sunrise/down_dection/install/fall_detector_py/share/ament_index/resource_index/packages
[5.508s] copying resource/fall_detector_py -> /home/sunrise/down_dection/install/fall_detector_py/share/ament_index/resource_index/packages
[5.508s] copying package.xml -> /home/sunrise/down_dection/install/fall_detector_py/share/fall_detector_py
[5.509s] running install_egg_info
[5.518s] Copying ../../build/fall_detector_py/fall_detector_py.egg-info to /home/sunrise/down_dection/install/fall_detector_py/lib/python3.10/site-packages/fall_detector_py-0.0.0-py3.10.egg-info
[5.522s] running install_scripts
[5.633s] Installing fall_detector_node script to /home/sunrise/down_dection/install/fall_detector_py/lib/fall_detector_py
[5.635s] writing list of installed files to '/home/sunrise/down_dection/build/fall_detector_py/install.log'
[5.841s] Invoked command in '/home/sunrise/down_dection/src/fall_detector_py' returned '0': PYTHONPATH=/home/sunrise/down_dection/build/fall_detector_py/prefix_override:/usr/lib/python3/dist-packages/colcon_core/task/python/colcon_distutils_commands:/home/sunrise/down_dection/install/fall_detector_py/lib/python3.10/site-packages:${PYTHONPATH} /usr/bin/python3 -W ignore:setup.py install is deprecated -W ignore:easy_install command is deprecated setup.py egg_info --egg-base ../../build/fall_detector_py build --build-base /home/sunrise/down_dection/build/fall_detector_py/build install --record /home/sunrise/down_dection/build/fall_detector_py/install.log --single-version-externally-managed install_data
