[0.652s] DEBUG:colcon:Command line arguments: ['/usr/bin/colcon', 'build', '--packages-select', 'fall_detector_py', '--symlink-install']
[0.653s] DEBUG:colcon:Parsed command line arguments: Namespace(log_base=None, log_level=None, verb_name='build', build_base='build', install_base='install', merge_install=False, symlink_install=True, test_result_base=None, continue_on_error=False, executor='parallel', parallel_workers=8, event_handlers=None, ignore_user_meta=False, metas=['./colcon.meta'], base_paths=['.'], packages_ignore=None, packages_ignore_regex=None, paths=None, packages_up_to=None, packages_up_to_regex=None, packages_above=None, packages_above_and_dependencies=None, packages_above_depth=None, packages_select_by_dep=None, packages_skip_by_dep=None, packages_skip_up_to=None, packages_select_build_failed=False, packages_skip_build_finished=False, packages_select_test_failures=False, packages_skip_test_passed=False, packages_select=['fall_detector_py'], packages_skip=None, packages_select_regex=None, packages_skip_regex=None, packages_start=None, packages_end=None, allow_overriding=[], cmake_args=None, cmake_target=None, cmake_target_skip_unavailable=False, cmake_clean_cache=False, cmake_clean_first=False, cmake_force_configure=False, ament_cmake_args=None, catkin_cmake_args=None, catkin_skip_building_tests=False, verb_parser=<colcon_defaults.argument_parser.defaults.DefaultArgumentsDecorator object at 0xffffa578d330>, verb_extension=<colcon_core.verb.build.BuildVerb object at 0xffffa5943130>, main=<bound method BuildVerb.main of <colcon_core.verb.build.BuildVerb object at 0xffffa5943130>>)
[1.786s] Level 1:colcon.colcon_core.package_discovery:discover_packages(colcon_meta) check parameters
[1.787s] Level 1:colcon.colcon_core.package_discovery:discover_packages(recursive) check parameters
[1.787s] Level 1:colcon.colcon_core.package_discovery:discover_packages(ignore) check parameters
[1.787s] Level 1:colcon.colcon_core.package_discovery:discover_packages(path) check parameters
[1.787s] Level 1:colcon.colcon_core.package_discovery:discover_packages(colcon_meta) discover
[1.787s] Level 1:colcon.colcon_core.package_discovery:discover_packages(recursive) discover
[1.788s] INFO:colcon.colcon_core.package_discovery:Crawling recursively for packages in '/home/sunrise/down_dection'
[1.788s] Level 1:colcon.colcon_core.package_identification:_identify(.) by extensions ['ignore', 'ignore_ament_install']
[1.789s] Level 1:colcon.colcon_core.package_identification:_identify(.) by extension 'ignore'
[1.789s] Level 1:colcon.colcon_core.package_identification:_identify(.) by extension 'ignore_ament_install'
[1.790s] Level 1:colcon.colcon_core.package_identification:_identify(.) by extensions ['colcon_pkg']
[1.790s] Level 1:colcon.colcon_core.package_identification:_identify(.) by extension 'colcon_pkg'
[1.790s] Level 1:colcon.colcon_core.package_identification:_identify(.) by extensions ['colcon_meta']
[1.790s] Level 1:colcon.colcon_core.package_identification:_identify(.) by extension 'colcon_meta'
[1.791s] Level 1:colcon.colcon_core.package_identification:_identify(.) by extensions ['ros']
[1.791s] Level 1:colcon.colcon_core.package_identification:_identify(.) by extension 'ros'
[1.862s] Level 1:colcon.colcon_core.package_identification:_identify(.) by extensions ['cmake', 'python']
[1.863s] Level 1:colcon.colcon_core.package_identification:_identify(.) by extension 'cmake'
[1.863s] Level 1:colcon.colcon_core.package_identification:_identify(.) by extension 'python'
[1.864s] Level 1:colcon.colcon_core.package_identification:_identify(.) by extensions ['python_setup_py']
[1.864s] Level 1:colcon.colcon_core.package_identification:_identify(.) by extension 'python_setup_py'
[1.865s] Level 1:colcon.colcon_core.package_identification:_identify(build) by extensions ['ignore', 'ignore_ament_install']
[1.866s] Level 1:colcon.colcon_core.package_identification:_identify(build) by extension 'ignore'
[1.866s] Level 1:colcon.colcon_core.package_identification:_identify(build) ignored
[1.866s] Level 1:colcon.colcon_core.package_identification:_identify(config) by extensions ['ignore', 'ignore_ament_install']
[1.867s] Level 1:colcon.colcon_core.package_identification:_identify(config) by extension 'ignore'
[1.867s] Level 1:colcon.colcon_core.package_identification:_identify(config) by extension 'ignore_ament_install'
[1.868s] Level 1:colcon.colcon_core.package_identification:_identify(config) by extensions ['colcon_pkg']
[1.868s] Level 1:colcon.colcon_core.package_identification:_identify(config) by extension 'colcon_pkg'
[1.868s] Level 1:colcon.colcon_core.package_identification:_identify(config) by extensions ['colcon_meta']
[1.868s] Level 1:colcon.colcon_core.package_identification:_identify(config) by extension 'colcon_meta'
[1.869s] Level 1:colcon.colcon_core.package_identification:_identify(config) by extensions ['ros']
[1.869s] Level 1:colcon.colcon_core.package_identification:_identify(config) by extension 'ros'
[1.869s] Level 1:colcon.colcon_core.package_identification:_identify(config) by extensions ['cmake', 'python']
[1.870s] Level 1:colcon.colcon_core.package_identification:_identify(config) by extension 'cmake'
[1.870s] Level 1:colcon.colcon_core.package_identification:_identify(config) by extension 'python'
[1.870s] Level 1:colcon.colcon_core.package_identification:_identify(config) by extensions ['python_setup_py']
[1.870s] Level 1:colcon.colcon_core.package_identification:_identify(config) by extension 'python_setup_py'
[1.871s] Level 1:colcon.colcon_core.package_identification:_identify(install) by extensions ['ignore', 'ignore_ament_install']
[1.871s] Level 1:colcon.colcon_core.package_identification:_identify(install) by extension 'ignore'
[1.872s] Level 1:colcon.colcon_core.package_identification:_identify(install) ignored
[1.872s] Level 1:colcon.colcon_core.package_identification:_identify(log) by extensions ['ignore', 'ignore_ament_install']
[1.873s] Level 1:colcon.colcon_core.package_identification:_identify(log) by extension 'ignore'
[1.873s] Level 1:colcon.colcon_core.package_identification:_identify(log) ignored
[1.873s] Level 1:colcon.colcon_core.package_identification:_identify(src) by extensions ['ignore', 'ignore_ament_install']
[1.874s] Level 1:colcon.colcon_core.package_identification:_identify(src) by extension 'ignore'
[1.874s] Level 1:colcon.colcon_core.package_identification:_identify(src) by extension 'ignore_ament_install'
[1.874s] Level 1:colcon.colcon_core.package_identification:_identify(src) by extensions ['colcon_pkg']
[1.874s] Level 1:colcon.colcon_core.package_identification:_identify(src) by extension 'colcon_pkg'
[1.875s] Level 1:colcon.colcon_core.package_identification:_identify(src) by extensions ['colcon_meta']
[1.875s] Level 1:colcon.colcon_core.package_identification:_identify(src) by extension 'colcon_meta'
[1.875s] Level 1:colcon.colcon_core.package_identification:_identify(src) by extensions ['ros']
[1.875s] Level 1:colcon.colcon_core.package_identification:_identify(src) by extension 'ros'
[1.876s] Level 1:colcon.colcon_core.package_identification:_identify(src) by extensions ['cmake', 'python']
[1.876s] Level 1:colcon.colcon_core.package_identification:_identify(src) by extension 'cmake'
[1.876s] Level 1:colcon.colcon_core.package_identification:_identify(src) by extension 'python'
[1.877s] Level 1:colcon.colcon_core.package_identification:_identify(src) by extensions ['python_setup_py']
[1.877s] Level 1:colcon.colcon_core.package_identification:_identify(src) by extension 'python_setup_py'
[1.877s] Level 1:colcon.colcon_core.package_identification:_identify(src/body_tracking_custom) by extensions ['ignore', 'ignore_ament_install']
[1.878s] Level 1:colcon.colcon_core.package_identification:_identify(src/body_tracking_custom) by extension 'ignore'
[1.878s] Level 1:colcon.colcon_core.package_identification:_identify(src/body_tracking_custom) by extension 'ignore_ament_install'
[1.878s] Level 1:colcon.colcon_core.package_identification:_identify(src/body_tracking_custom) by extensions ['colcon_pkg']
[1.879s] Level 1:colcon.colcon_core.package_identification:_identify(src/body_tracking_custom) by extension 'colcon_pkg'
[1.879s] Level 1:colcon.colcon_core.package_identification:_identify(src/body_tracking_custom) by extensions ['colcon_meta']
[1.879s] Level 1:colcon.colcon_core.package_identification:_identify(src/body_tracking_custom) by extension 'colcon_meta'
[1.880s] Level 1:colcon.colcon_core.package_identification:_identify(src/body_tracking_custom) by extensions ['ros']
[1.880s] Level 1:colcon.colcon_core.package_identification:_identify(src/body_tracking_custom) by extension 'ros'
[1.896s] DEBUG:colcon.colcon_core.package_identification:Package 'src/body_tracking_custom' with type 'ros.ament_cmake' and name 'body_tracking_custom'
[1.897s] Level 1:colcon.colcon_core.package_identification:_identify(src/fall_detector_py) by extensions ['ignore', 'ignore_ament_install']
[1.897s] Level 1:colcon.colcon_core.package_identification:_identify(src/fall_detector_py) by extension 'ignore'
[1.898s] Level 1:colcon.colcon_core.package_identification:_identify(src/fall_detector_py) by extension 'ignore_ament_install'
[1.898s] Level 1:colcon.colcon_core.package_identification:_identify(src/fall_detector_py) by extensions ['colcon_pkg']
[1.898s] Level 1:colcon.colcon_core.package_identification:_identify(src/fall_detector_py) by extension 'colcon_pkg'
[1.899s] Level 1:colcon.colcon_core.package_identification:_identify(src/fall_detector_py) by extensions ['colcon_meta']
[1.899s] Level 1:colcon.colcon_core.package_identification:_identify(src/fall_detector_py) by extension 'colcon_meta'
[1.900s] Level 1:colcon.colcon_core.package_identification:_identify(src/fall_detector_py) by extensions ['ros']
[1.900s] Level 1:colcon.colcon_core.package_identification:_identify(src/fall_detector_py) by extension 'ros'
[1.905s] DEBUG:colcon.colcon_core.package_identification:Package 'src/fall_detector_py' with type 'ros.ament_python' and name 'fall_detector_py'
[1.906s] Level 1:colcon.colcon_core.package_discovery:discover_packages(recursive) using defaults
[1.906s] Level 1:colcon.colcon_core.package_discovery:discover_packages(ignore) discover
[1.906s] Level 1:colcon.colcon_core.package_discovery:discover_packages(ignore) using defaults
[1.906s] Level 1:colcon.colcon_core.package_discovery:discover_packages(path) discover
[1.907s] Level 1:colcon.colcon_core.package_discovery:discover_packages(path) using defaults
[2.104s] INFO:colcon.colcon_core.package_selection:Skipping not selected package 'body_tracking_custom' in 'src/body_tracking_custom'
[2.107s] Level 1:colcon.colcon_core.package_discovery:discover_packages(prefix_path) check parameters
[2.107s] Level 1:colcon.colcon_core.package_discovery:discover_packages(prefix_path) discover
[2.125s] DEBUG:colcon.colcon_installed_package_information.package_discovery:Found 2 installed packages in /home/sunrise/down_dection/install
[2.128s] DEBUG:colcon.colcon_installed_package_information.package_discovery:Found 54 installed packages in /opt/tros/humble
[2.141s] DEBUG:colcon.colcon_installed_package_information.package_discovery:Found 287 installed packages in /opt/ros/humble
[2.154s] Level 1:colcon.colcon_core.package_discovery:discover_packages(prefix_path) using defaults
[2.461s] Level 5:colcon.colcon_core.verb:set package 'fall_detector_py' build argument 'cmake_args' from command line to 'None'
[2.461s] Level 5:colcon.colcon_core.verb:set package 'fall_detector_py' build argument 'cmake_target' from command line to 'None'
[2.462s] Level 5:colcon.colcon_core.verb:set package 'fall_detector_py' build argument 'cmake_target_skip_unavailable' from command line to 'False'
[2.462s] Level 5:colcon.colcon_core.verb:set package 'fall_detector_py' build argument 'cmake_clean_cache' from command line to 'False'
[2.462s] Level 5:colcon.colcon_core.verb:set package 'fall_detector_py' build argument 'cmake_clean_first' from command line to 'False'
[2.462s] Level 5:colcon.colcon_core.verb:set package 'fall_detector_py' build argument 'cmake_force_configure' from command line to 'False'
[2.462s] Level 5:colcon.colcon_core.verb:set package 'fall_detector_py' build argument 'ament_cmake_args' from command line to 'None'
[2.462s] Level 5:colcon.colcon_core.verb:set package 'fall_detector_py' build argument 'catkin_cmake_args' from command line to 'None'
[2.463s] Level 5:colcon.colcon_core.verb:set package 'fall_detector_py' build argument 'catkin_skip_building_tests' from command line to 'False'
[2.463s] DEBUG:colcon.colcon_core.verb:Building package 'fall_detector_py' with the following arguments: {'ament_cmake_args': None, 'build_base': '/home/sunrise/down_dection/build/fall_detector_py', 'catkin_cmake_args': None, 'catkin_skip_building_tests': False, 'cmake_args': None, 'cmake_clean_cache': False, 'cmake_clean_first': False, 'cmake_force_configure': False, 'cmake_target': None, 'cmake_target_skip_unavailable': False, 'install_base': '/home/sunrise/down_dection/install/fall_detector_py', 'merge_install': False, 'path': '/home/sunrise/down_dection/src/fall_detector_py', 'symlink_install': True, 'test_result_base': None}
[2.464s] INFO:colcon.colcon_core.executor:Executing jobs using 'parallel' executor
[2.469s] DEBUG:colcon.colcon_parallel_executor.executor.parallel:run_until_complete
[2.470s] INFO:colcon.colcon_ros.task.ament_python.build:Building ROS package in '/home/sunrise/down_dection/src/fall_detector_py' with build type 'ament_python'
[2.471s] Level 1:colcon.colcon_core.shell:create_environment_hook('fall_detector_py', 'ament_prefix_path')
[2.482s] INFO:colcon.colcon_core.plugin_system:Skipping extension 'colcon_core.shell.bat': Not used on non-Windows systems
[2.484s] INFO:colcon.colcon_core.shell:Creating environment hook '/home/sunrise/down_dection/install/fall_detector_py/share/fall_detector_py/hook/ament_prefix_path.ps1'
[2.488s] INFO:colcon.colcon_core.shell:Creating environment descriptor '/home/sunrise/down_dection/install/fall_detector_py/share/fall_detector_py/hook/ament_prefix_path.dsv'
[2.492s] INFO:colcon.colcon_core.shell:Creating environment hook '/home/sunrise/down_dection/install/fall_detector_py/share/fall_detector_py/hook/ament_prefix_path.sh'
[2.497s] INFO:colcon.colcon_core.shell:Skip shell extension 'powershell' for command environment: Not usable outside of PowerShell
[2.497s] DEBUG:colcon.colcon_core.shell:Skip shell extension 'dsv' for command environment
[4.372s] INFO:colcon.colcon_core.task.python.build:Building Python package in '/home/sunrise/down_dection/src/fall_detector_py'
[4.374s] INFO:colcon.colcon_core.shell:Skip shell extension 'powershell' for command environment: Not usable outside of PowerShell
[4.374s] DEBUG:colcon.colcon_core.shell:Skip shell extension 'dsv' for command environment
[6.703s] DEBUG:colcon.colcon_core.event_handler.log_command:Invoking command in '/home/sunrise/down_dection/build/fall_detector_py': PYTHONPATH=/home/sunrise/down_dection/build/fall_detector_py/prefix_override:/usr/lib/python3/dist-packages/colcon_core/task/python/colcon_distutils_commands:/home/sunrise/down_dection/install/fall_detector_py/lib/python3.10/site-packages:${PYTHONPATH} /usr/bin/python3 -W ignore:setup.py install is deprecated -W ignore:easy_install command is deprecated setup.py develop --editable --build-directory /home/sunrise/down_dection/build/fall_detector_py/build --no-deps symlink_data
[9.746s] Level 1:colcon.colcon_core.shell:create_environment_hook('fall_detector_py', 'pythonpath_develop')
[9.751s] INFO:colcon.colcon_core.shell:Creating environment hook '/home/sunrise/down_dection/build/fall_detector_py/share/fall_detector_py/hook/pythonpath_develop.ps1'
[9.755s] DEBUG:colcon.colcon_core.event_handler.log_command:Invoked command in '/home/sunrise/down_dection/build/fall_detector_py' returned '0': PYTHONPATH=/home/sunrise/down_dection/build/fall_detector_py/prefix_override:/usr/lib/python3/dist-packages/colcon_core/task/python/colcon_distutils_commands:/home/sunrise/down_dection/install/fall_detector_py/lib/python3.10/site-packages:${PYTHONPATH} /usr/bin/python3 -W ignore:setup.py install is deprecated -W ignore:easy_install command is deprecated setup.py develop --editable --build-directory /home/sunrise/down_dection/build/fall_detector_py/build --no-deps symlink_data
[9.759s] INFO:colcon.colcon_core.shell:Creating environment descriptor '/home/sunrise/down_dection/build/fall_detector_py/share/fall_detector_py/hook/pythonpath_develop.dsv'
[9.766s] INFO:colcon.colcon_core.shell:Creating environment hook '/home/sunrise/down_dection/build/fall_detector_py/share/fall_detector_py/hook/pythonpath_develop.sh'
[9.800s] Level 1:colcon.colcon_core.environment:checking '/home/sunrise/down_dection/install/fall_detector_py' for CMake module files
[9.803s] Level 1:colcon.colcon_core.environment:checking '/home/sunrise/down_dection/install/fall_detector_py' for CMake config files
[9.806s] Level 1:colcon.colcon_core.environment:checking '/home/sunrise/down_dection/install/fall_detector_py/lib'
[9.807s] Level 1:colcon.colcon_core.environment:checking '/home/sunrise/down_dection/install/fall_detector_py/bin'
[9.807s] Level 1:colcon.colcon_core.environment:checking '/home/sunrise/down_dection/install/fall_detector_py/lib/pkgconfig/fall_detector_py.pc'
[9.809s] Level 1:colcon.colcon_core.environment:checking '/home/sunrise/down_dection/install/fall_detector_py/lib/python3.10/site-packages'
[9.810s] Level 1:colcon.colcon_core.shell:create_environment_hook('fall_detector_py', 'pythonpath')
[9.811s] INFO:colcon.colcon_core.shell:Creating environment hook '/home/sunrise/down_dection/install/fall_detector_py/share/fall_detector_py/hook/pythonpath.ps1'
[9.814s] INFO:colcon.colcon_core.shell:Creating environment descriptor '/home/sunrise/down_dection/install/fall_detector_py/share/fall_detector_py/hook/pythonpath.dsv'
[9.817s] INFO:colcon.colcon_core.shell:Creating environment hook '/home/sunrise/down_dection/install/fall_detector_py/share/fall_detector_py/hook/pythonpath.sh'
[9.821s] Level 1:colcon.colcon_core.environment:checking '/home/sunrise/down_dection/install/fall_detector_py/bin'
[9.821s] Level 1:colcon.colcon_core.environment:create_environment_scripts_only(fall_detector_py)
[9.824s] INFO:colcon.colcon_core.shell:Creating package script '/home/sunrise/down_dection/install/fall_detector_py/share/fall_detector_py/package.ps1'
[9.831s] INFO:colcon.colcon_core.shell:Creating package descriptor '/home/sunrise/down_dection/install/fall_detector_py/share/fall_detector_py/package.dsv'
[9.835s] INFO:colcon.colcon_core.shell:Creating package script '/home/sunrise/down_dection/install/fall_detector_py/share/fall_detector_py/package.sh'
[9.842s] INFO:colcon.colcon_core.shell:Creating package script '/home/sunrise/down_dection/install/fall_detector_py/share/fall_detector_py/package.bash'
[9.848s] INFO:colcon.colcon_core.shell:Creating package script '/home/sunrise/down_dection/install/fall_detector_py/share/fall_detector_py/package.zsh'
[9.853s] Level 1:colcon.colcon_core.environment:create_file_with_runtime_dependencies(/home/sunrise/down_dection/install/fall_detector_py/share/colcon-core/packages/fall_detector_py)
[9.855s] DEBUG:colcon.colcon_parallel_executor.executor.parallel:closing loop
[9.856s] DEBUG:colcon.colcon_parallel_executor.executor.parallel:loop closed
[9.857s] DEBUG:colcon.colcon_parallel_executor.executor.parallel:run_until_complete finished with '0'
[9.857s] DEBUG:colcon.colcon_core.event_reactor:joining thread
[9.885s] INFO:colcon.colcon_core.plugin_system:Skipping extension 'colcon_notification.desktop_notification.notify_send': Could not find 'notify-send'
[9.885s] INFO:colcon.colcon_core.plugin_system:Skipping extension 'colcon_notification.desktop_notification.terminal_notifier': Not used on non-Darwin systems
[9.886s] INFO:colcon.colcon_core.plugin_system:Skipping extension 'colcon_notification.desktop_notification.win32': Not used on non-Windows systems
[9.886s] INFO:colcon.colcon_notification.desktop_notification:Sending desktop notification using 'notify2'
[9.908s] DEBUG:colcon.colcon_core.event_reactor:joined thread
[9.911s] INFO:colcon.colcon_core.shell:Creating prefix script '/home/sunrise/down_dection/install/local_setup.ps1'
[9.921s] INFO:colcon.colcon_core.shell:Creating prefix util module '/home/sunrise/down_dection/install/_local_setup_util_ps1.py'
[9.934s] INFO:colcon.colcon_core.shell:Creating prefix chain script '/home/sunrise/down_dection/install/setup.ps1'
[9.944s] INFO:colcon.colcon_core.shell:Creating prefix script '/home/sunrise/down_dection/install/local_setup.sh'
[9.948s] INFO:colcon.colcon_core.shell:Creating prefix util module '/home/sunrise/down_dection/install/_local_setup_util_sh.py'
[9.953s] INFO:colcon.colcon_core.shell:Creating prefix chain script '/home/sunrise/down_dection/install/setup.sh'
[9.960s] INFO:colcon.colcon_core.shell:Creating prefix script '/home/sunrise/down_dection/install/local_setup.bash'
[9.963s] INFO:colcon.colcon_core.shell:Creating prefix chain script '/home/sunrise/down_dection/install/setup.bash'
[9.969s] INFO:colcon.colcon_core.shell:Creating prefix script '/home/sunrise/down_dection/install/local_setup.zsh'
[9.972s] INFO:colcon.colcon_core.shell:Creating prefix chain script '/home/sunrise/down_dection/install/setup.zsh'
