[0.046s] Invoking command in '/home/sunrise/hand_gesture_recognize/build/hand_gesture_detection_develop': CMAKE_PREFIX_PATH=${CMAKE_PREFIX_PATH}:/opt/tros/humble:/opt/ros/humble /usr/bin/cmake /home/sunrise/hand_gesture_recognize/src/hand_gesture_detection_develop -DAMENT_CMAKE_SYMLINK_INSTALL=1 -DCMAKE_INSTALL_PREFIX=/home/sunrise/hand_gesture_recognize/install/hand_gesture_detection_develop
[0.354s] -- The C compiler identification is GNU 11.2.0
[0.679s] -- The CXX compiler identification is GNU 11.2.0
[0.716s] -- Detecting C compiler ABI info
[1.076s] -- Detecting C compiler ABI info - done
[1.131s] -- Check for working C compiler: /usr/bin/cc - skipped
[1.132s] -- Detecting C compile features
[1.133s] -- Detecting C compile features - done
[1.148s] -- Detecting CXX compiler ABI info
[1.567s] -- Detecting CXX compiler ABI info - done
[1.646s] -- Check for working CXX compiler: /usr/bin/c++ - skipped
[1.647s] -- Detecting CXX compile features
[1.650s] -- Detecting CXX compile features - done
[1.662s] -- Found ament_cmake: 1.3.11 (/opt/ros/humble/share/ament_cmake/cmake)
[2.594s] -- Found Python3: /usr/bin/python3 (found version "3.10.12") found components: Interpreter 
[3.000s] -- Override CMake install command with custom implementation using symlinks instead of copying resources
[3.146s] -- Found rclcpp: 16.0.12 (/opt/ros/humble/share/rclcpp/cmake)
[3.337s] -- Found rosidl_generator_c: 3.1.6 (/opt/ros/humble/share/rosidl_generator_c/cmake)
[3.362s] -- Found rosidl_adapter: 3.1.6 (/opt/ros/humble/share/rosidl_adapter/cmake)
[3.403s] -- Found rosidl_generator_cpp: 3.1.6 (/opt/ros/humble/share/rosidl_generator_cpp/cmake)
[3.467s] -- Using all available rosidl_typesupport_c: rosidl_typesupport_fastrtps_c;rosidl_typesupport_introspection_c
[3.551s] -- Using all available rosidl_typesupport_cpp: rosidl_typesupport_fastrtps_cpp;rosidl_typesupport_introspection_cpp
[3.774s] -- Found rmw_implementation_cmake: 6.1.2 (/opt/ros/humble/share/rmw_implementation_cmake/cmake)
[3.785s] -- Found rmw_fastrtps_cpp: 6.2.7 (/opt/ros/humble/share/rmw_fastrtps_cpp/cmake)
[4.187s] -- Found OpenSSL: /usr/lib/aarch64-linux-gnu/libcrypto.so (found version "3.0.2")  
[4.320s] -- Found FastRTPS: /opt/ros/humble/include  
[4.509s] -- Using RMW implementation 'rmw_fastrtps_cpp' as default
[4.548s] -- Looking for pthread.h
[4.929s] -- Looking for pthread.h - found
[4.930s] -- Performing Test CMAKE_HAVE_LIBC_PTHREAD
[5.344s] -- Performing Test CMAKE_HAVE_LIBC_PTHREAD - Success
[5.354s] -- Found Threads: TRUE  
[5.642s] -- Found ai_msgs: 2.0.1 (/opt/tros/humble/share/ai_msgs/cmake)
[5.930s] -- Found dnn_node: 2.4.2 (/opt/tros/humble/share/dnn_node/cmake)
[5.938s] [0minvalid platform, build platform X3 default[0m
[5.938s] [0mCMAKE_SYSROOT is [0m
[6.337s] -- Configuring done
[6.395s] -- Generating done
[6.415s] -- Build files have been written to: /home/sunrise/hand_gesture_recognize/build/hand_gesture_detection_develop
[6.479s] Invoked command in '/home/sunrise/hand_gesture_recognize/build/hand_gesture_detection_develop' returned '0': CMAKE_PREFIX_PATH=${CMAKE_PREFIX_PATH}:/opt/tros/humble:/opt/ros/humble /usr/bin/cmake /home/sunrise/hand_gesture_recognize/src/hand_gesture_detection_develop -DAMENT_CMAKE_SYMLINK_INSTALL=1 -DCMAKE_INSTALL_PREFIX=/home/sunrise/hand_gesture_recognize/install/hand_gesture_detection_develop
[6.490s] Invoking command in '/home/sunrise/hand_gesture_recognize/build/hand_gesture_detection_develop': CMAKE_PREFIX_PATH=${CMAKE_PREFIX_PATH}:/opt/tros/humble:/opt/ros/humble /usr/bin/cmake --build /home/sunrise/hand_gesture_recognize/build/hand_gesture_detection_develop -- -j8 -l8
[6.730s] [ 87%] [32mBuilding CXX object CMakeFiles/hand_gesture_detection_develop.dir/src/threads/threadpool.cpp.o[0m
[6.730s] [ 87%] [32mBuilding CXX object CMakeFiles/hand_gesture_detection_develop.dir/src/gesture_postprocess.cpp.o[0m
[6.731s] [ 87%] [32mBuilding CXX object CMakeFiles/hand_gesture_detection_develop.dir/src/gesture_preprocess.cpp.o[0m
[6.732s] [ 87%] [32mBuilding CXX object CMakeFiles/hand_gesture_detection_develop.dir/src/hand_gesture_det_node.cpp.o[0m
[6.733s] [ 87%] [32mBuilding CXX object CMakeFiles/hand_gesture_detection_develop.dir/src/lmks_process.cpp.o[0m
[6.733s] [ 87%] [32mBuilding CXX object CMakeFiles/hand_gesture_detection_develop.dir/src/gesture_postprocess_util.cc.o[0m
[6.734s] [ 87%] [32mBuilding CXX object CMakeFiles/hand_gesture_detection_develop.dir/src/main.cpp.o[0m
[28.924s] [01m[K/home/sunrise/hand_gesture_recognize/src/hand_gesture_detection_develop/src/hand_gesture_det_node.cpp:[m[K In member function ‘[01m[Kvoid inference::HandGestureDetNode::Publish(ai_msgs::msg::PerceptionTargets_<std::allocator<void> >::ConstSharedPtr, ai_msgs::msg::Perf, const std::unordered_map<long unsigned int, std::shared_ptr<inference::HandGestureRes> >&)[m[K’:
[28.925s] [01m[K/home/sunrise/hand_gesture_recognize/src/hand_gesture_detection_develop/src/hand_gesture_det_node.cpp:308:53:[m[K [01;31m[Kerror: [m[Kcannot convert ‘[01m[Kstd::string[m[K’ {aka ‘[01m[Kstd::__cxx11::basic_string<char>[m[K’} to ‘[01m[Kstd_msgs::msg::Int32_<std::allocator<void> >::_data_type[m[K’ {aka ‘[01m[Kint[m[K’} in assignment
[28.925s]   308 |                   gesture_msg.data = [01;31m[KgestureToString(res)[m[K;
[28.926s]       |                                      [01;31m[K~~~~~~~~~~~~~~~^~~~~[m[K
[28.927s]       |                                                     [01;31m[K|[m[K
[28.927s]       |                                                     [01;31m[Kstd::string {aka std::__cxx11::basic_string<char>}[m[K
[45.943s] gmake[2]: *** [CMakeFiles/hand_gesture_detection_develop.dir/build.make:90：CMakeFiles/hand_gesture_detection_develop.dir/src/hand_gesture_det_node.cpp.o] 错误 1
[45.945s] gmake[1]: *** [CMakeFiles/Makefile2:137：CMakeFiles/hand_gesture_detection_develop.dir/all] 错误 2
[45.948s] gmake: *** [Makefile:146：all] 错误 2
[45.970s] Invoked command in '/home/sunrise/hand_gesture_recognize/build/hand_gesture_detection_develop' returned '2': CMAKE_PREFIX_PATH=${CMAKE_PREFIX_PATH}:/opt/tros/humble:/opt/ros/humble /usr/bin/cmake --build /home/sunrise/hand_gesture_recognize/build/hand_gesture_detection_develop -- -j8 -l8
