[0.045s] Invoking command in '/home/sunrise/hand_gesture_recognize/build/hand_gesture_detection_develop': CMAKE_PREFIX_PATH=${CMAKE_PREFIX_PATH}:/opt/tros/humble:/opt/ros/humble /usr/bin/cmake /home/sunrise/hand_gesture_recognize/src/hand_gesture_detection_develop -DAMENT_CMAKE_SYMLINK_INSTALL=1 -DCMAKE_INSTALL_PREFIX=/home/sunrise/hand_gesture_recognize/install/hand_gesture_detection_develop
[0.355s] -- The C compiler identification is GNU 11.2.0
[0.672s] -- The CXX compiler identification is GNU 11.2.0
[0.706s] -- Detecting C compiler ABI info
[1.075s] -- Detecting C compiler ABI info - done
[1.141s] -- Check for working C compiler: /usr/bin/cc - skipped
[1.142s] -- Detecting C compile features
[1.144s] -- Detecting C compile features - done
[1.159s] -- Detecting CXX compiler ABI info
[1.570s] -- Detecting CXX compiler ABI info - done
[1.649s] -- Check for working CXX compiler: /usr/bin/c++ - skipped
[1.650s] -- Detecting CXX compile features
[1.653s] -- Detecting CXX compile features - done
[1.664s] -- Found ament_cmake: 1.3.11 (/opt/ros/humble/share/ament_cmake/cmake)
[2.570s] -- Found Python3: /usr/bin/python3 (found version "3.10.12") found components: Interpreter 
[2.979s] -- Override CMake install command with custom implementation using symlinks instead of copying resources
[3.108s] -- Found rclcpp: 16.0.12 (/opt/ros/humble/share/rclcpp/cmake)
[3.297s] -- Found rosidl_generator_c: 3.1.6 (/opt/ros/humble/share/rosidl_generator_c/cmake)
[3.322s] -- Found rosidl_adapter: 3.1.6 (/opt/ros/humble/share/rosidl_adapter/cmake)
[3.363s] -- Found rosidl_generator_cpp: 3.1.6 (/opt/ros/humble/share/rosidl_generator_cpp/cmake)
[3.443s] -- Using all available rosidl_typesupport_c: rosidl_typesupport_fastrtps_c;rosidl_typesupport_introspection_c
[3.528s] -- Using all available rosidl_typesupport_cpp: rosidl_typesupport_fastrtps_cpp;rosidl_typesupport_introspection_cpp
[3.750s] -- Found rmw_implementation_cmake: 6.1.2 (/opt/ros/humble/share/rmw_implementation_cmake/cmake)
[3.762s] -- Found rmw_fastrtps_cpp: 6.2.7 (/opt/ros/humble/share/rmw_fastrtps_cpp/cmake)
[4.171s] -- Found OpenSSL: /usr/lib/aarch64-linux-gnu/libcrypto.so (found version "3.0.2")  
[4.302s] -- Found FastRTPS: /opt/ros/humble/include  
[4.491s] -- Using RMW implementation 'rmw_fastrtps_cpp' as default
[4.529s] -- Looking for pthread.h
[4.909s] -- Looking for pthread.h - found
[4.911s] -- Performing Test CMAKE_HAVE_LIBC_PTHREAD
[5.321s] -- Performing Test CMAKE_HAVE_LIBC_PTHREAD - Success
[5.327s] -- Found Threads: TRUE  
[5.624s] -- Found ai_msgs: 2.0.1 (/opt/tros/humble/share/ai_msgs/cmake)
[5.908s] -- Found dnn_node: 2.4.2 (/opt/tros/humble/share/dnn_node/cmake)
[5.916s] [0minvalid platform, build platform X3 default[0m
[5.917s] [0mCMAKE_SYSROOT is [0m
[6.317s] -- Configuring done
[6.376s] -- Generating done
[6.397s] -- Build files have been written to: /home/sunrise/hand_gesture_recognize/build/hand_gesture_detection_develop
[6.458s] Invoked command in '/home/sunrise/hand_gesture_recognize/build/hand_gesture_detection_develop' returned '0': CMAKE_PREFIX_PATH=${CMAKE_PREFIX_PATH}:/opt/tros/humble:/opt/ros/humble /usr/bin/cmake /home/sunrise/hand_gesture_recognize/src/hand_gesture_detection_develop -DAMENT_CMAKE_SYMLINK_INSTALL=1 -DCMAKE_INSTALL_PREFIX=/home/sunrise/hand_gesture_recognize/install/hand_gesture_detection_develop
[6.470s] Invoking command in '/home/sunrise/hand_gesture_recognize/build/hand_gesture_detection_develop': CMAKE_PREFIX_PATH=${CMAKE_PREFIX_PATH}:/opt/tros/humble:/opt/ros/humble /usr/bin/cmake --build /home/sunrise/hand_gesture_recognize/build/hand_gesture_detection_develop -- -j8 -l8
[6.709s] [ 37%] [32mBuilding CXX object CMakeFiles/hand_gesture_detection_develop.dir/src/gesture_postprocess.cpp.o[0m
[6.710s] [ 37%] [32mBuilding CXX object CMakeFiles/hand_gesture_detection_develop.dir/src/lmks_process.cpp.o[0m
[6.712s] [ 87%] [32mBuilding CXX object CMakeFiles/hand_gesture_detection_develop.dir/src/gesture_preprocess.cpp.o[0m
[6.712s] [ 87%] [32mBuilding CXX object CMakeFiles/hand_gesture_detection_develop.dir/src/main.cpp.o[0m
[6.713s] [ 87%] [32mBuilding CXX object CMakeFiles/hand_gesture_detection_develop.dir/src/threads/threadpool.cpp.o[0m
[6.714s] [ 87%] [32mBuilding CXX object CMakeFiles/hand_gesture_detection_develop.dir/src/gesture_postprocess_util.cc.o[0m
[6.715s] [ 87%] [32mBuilding CXX object CMakeFiles/hand_gesture_detection_develop.dir/src/hand_gesture_det_node.cpp.o[0m
[28.656s] [01m[K/home/sunrise/hand_gesture_recognize/src/hand_gesture_detection_develop/src/hand_gesture_det_node.cpp:36:29:[m[K [01;31m[Kerror: [m[K‘[01m[Kgesture_type[m[K’ was not declared in this scope; did you mean ‘[01m[Kinference::gesture_type[m[K’?
[28.661s]    36 | std::string gestureToString([01;31m[Kgesture_type[m[K g) {
[28.664s]       |                             [01;31m[K^~~~~~~~~~~~[m[K
[28.668s]       |                             [32m[Kinference::gesture_type[m[K
[28.672s] In file included from [01m[K/home/sunrise/hand_gesture_recognize/src/hand_gesture_detection_develop/include/gesture_preprocess.h:25[m[K,
[28.676s]                  from [01m[K/home/sunrise/hand_gesture_recognize/src/hand_gesture_detection_develop/include/hand_gesture_det_node.h:25[m[K,
[28.679s]                  from [01m[K/home/sunrise/hand_gesture_recognize/src/hand_gesture_detection_develop/src/hand_gesture_det_node.cpp:15[m[K:
[28.683s] [01m[K/home/sunrise/hand_gesture_recognize/src/hand_gesture_detection_develop/include/gesture_data.h:103:12:[m[K [01;36m[Knote: [m[K‘[01m[Kinference::gesture_type[m[K’ declared here
[28.687s]   103 | enum class [01;36m[Kgesture_type[m[K {
[28.690s]       |            [01;36m[K^~~~~~~~~~~~[m[K
[28.694s] [01m[K/home/sunrise/hand_gesture_recognize/src/hand_gesture_detection_develop/src/hand_gesture_det_node.cpp:36:45:[m[K [01;31m[Kerror: [m[Kexpected ‘[01m[K,[m[K’ or ‘[01m[K;[m[K’ before ‘[01m[K{[m[K’ token
[28.699s]    36 | std::string gestureToString(gesture_type g) [01;31m[K{[m[K
[28.702s]       |                                             [01;31m[K^[m[K
[45.846s] gmake[2]: *** [CMakeFiles/hand_gesture_detection_develop.dir/build.make:90：CMakeFiles/hand_gesture_detection_develop.dir/src/hand_gesture_det_node.cpp.o] 错误 1
[45.849s] gmake[1]: *** [CMakeFiles/Makefile2:137：CMakeFiles/hand_gesture_detection_develop.dir/all] 错误 2
[45.852s] gmake: *** [Makefile:146：all] 错误 2
[45.866s] Invoked command in '/home/sunrise/hand_gesture_recognize/build/hand_gesture_detection_develop' returned '2': CMAKE_PREFIX_PATH=${CMAKE_PREFIX_PATH}:/opt/tros/humble:/opt/ros/humble /usr/bin/cmake --build /home/sunrise/hand_gesture_recognize/build/hand_gesture_detection_develop -- -j8 -l8
