[0.045s] Invoking command in '/home/sunrise/hand_gesture_recognize/build/hand_gesture_detection_develop': CMAKE_PREFIX_PATH=${CMAKE_PREFIX_PATH}:/opt/tros/humble:/opt/ros/humble /usr/bin/cmake /home/sunrise/hand_gesture_recognize/src/hand_gesture_detection_develop -DAMENT_CMAKE_SYMLINK_INSTALL=1 -DCMAKE_INSTALL_PREFIX=/home/sunrise/hand_gesture_recognize/install/hand_gesture_detection_develop
[0.353s] -- The C compiler identification is GNU 11.2.0
[0.669s] -- The CXX compiler identification is GNU 11.2.0
[0.705s] -- Detecting C compiler ABI info
[1.083s] -- Detecting C compiler ABI info - done
[1.153s] -- Check for working C compiler: /usr/bin/cc - skipped
[1.154s] -- Detecting C compile features
[1.156s] -- Detecting C compile features - done
[1.171s] -- Detecting CXX compiler ABI info
[1.587s] -- Detecting CXX compiler ABI info - done
[1.652s] -- Check for working CXX compiler: /usr/bin/c++ - skipped
[1.653s] -- Detecting CXX compile features
[1.656s] -- Detecting CXX compile features - done
[1.668s] -- Found ament_cmake: 1.3.11 (/opt/ros/humble/share/ament_cmake/cmake)
[2.584s] -- Found Python3: /usr/bin/python3 (found version "3.10.12") found components: Interpreter 
[2.991s] -- Override CMake install command with custom implementation using symlinks instead of copying resources
[3.120s] -- Found rclcpp: 16.0.12 (/opt/ros/humble/share/rclcpp/cmake)
[3.312s] -- Found rosidl_generator_c: 3.1.6 (/opt/ros/humble/share/rosidl_generator_c/cmake)
[3.337s] -- Found rosidl_adapter: 3.1.6 (/opt/ros/humble/share/rosidl_adapter/cmake)
[3.378s] -- Found rosidl_generator_cpp: 3.1.6 (/opt/ros/humble/share/rosidl_generator_cpp/cmake)
[3.442s] -- Using all available rosidl_typesupport_c: rosidl_typesupport_fastrtps_c;rosidl_typesupport_introspection_c
[3.526s] -- Using all available rosidl_typesupport_cpp: rosidl_typesupport_fastrtps_cpp;rosidl_typesupport_introspection_cpp
[3.749s] -- Found rmw_implementation_cmake: 6.1.2 (/opt/ros/humble/share/rmw_implementation_cmake/cmake)
[3.761s] -- Found rmw_fastrtps_cpp: 6.2.7 (/opt/ros/humble/share/rmw_fastrtps_cpp/cmake)
[4.163s] -- Found OpenSSL: /usr/lib/aarch64-linux-gnu/libcrypto.so (found version "3.0.2")  
[4.297s] -- Found FastRTPS: /opt/ros/humble/include  
[4.486s] -- Using RMW implementation 'rmw_fastrtps_cpp' as default
[4.524s] -- Looking for pthread.h
[4.907s] -- Looking for pthread.h - found
[4.908s] -- Performing Test CMAKE_HAVE_LIBC_PTHREAD
[5.302s] -- Performing Test CMAKE_HAVE_LIBC_PTHREAD - Success
[5.309s] -- Found Threads: TRUE  
[5.607s] -- Found ai_msgs: 2.0.1 (/opt/tros/humble/share/ai_msgs/cmake)
[5.895s] -- Found dnn_node: 2.4.2 (/opt/tros/humble/share/dnn_node/cmake)
[5.903s] [0minvalid platform, build platform X3 default[0m
[5.903s] [0mCMAKE_SYSROOT is [0m
[6.312s] -- Configuring done
[6.370s] -- Generating done
[6.391s] -- Build files have been written to: /home/sunrise/hand_gesture_recognize/build/hand_gesture_detection_develop
[6.453s] Invoked command in '/home/sunrise/hand_gesture_recognize/build/hand_gesture_detection_develop' returned '0': CMAKE_PREFIX_PATH=${CMAKE_PREFIX_PATH}:/opt/tros/humble:/opt/ros/humble /usr/bin/cmake /home/sunrise/hand_gesture_recognize/src/hand_gesture_detection_develop -DAMENT_CMAKE_SYMLINK_INSTALL=1 -DCMAKE_INSTALL_PREFIX=/home/sunrise/hand_gesture_recognize/install/hand_gesture_detection_develop
[6.464s] Invoking command in '/home/sunrise/hand_gesture_recognize/build/hand_gesture_detection_develop': CMAKE_PREFIX_PATH=${CMAKE_PREFIX_PATH}:/opt/tros/humble:/opt/ros/humble /usr/bin/cmake --build /home/sunrise/hand_gesture_recognize/build/hand_gesture_detection_develop -- -j8 -l8
[6.577s] -- Found ament_cmake: 1.3.11 (/opt/ros/humble/share/ament_cmake/cmake)
[7.290s] -- Override CMake install command with custom implementation using symlinks instead of copying resources
[7.333s] -- Found rclcpp: 16.0.12 (/opt/ros/humble/share/rclcpp/cmake)
[7.473s] -- Found rosidl_generator_c: 3.1.6 (/opt/ros/humble/share/rosidl_generator_c/cmake)
[7.488s] -- Found rosidl_adapter: 3.1.6 (/opt/ros/humble/share/rosidl_adapter/cmake)
[7.519s] -- Found rosidl_generator_cpp: 3.1.6 (/opt/ros/humble/share/rosidl_generator_cpp/cmake)
[7.573s] -- Using all available rosidl_typesupport_c: rosidl_typesupport_fastrtps_c;rosidl_typesupport_introspection_c
[7.641s] -- Using all available rosidl_typesupport_cpp: rosidl_typesupport_fastrtps_cpp;rosidl_typesupport_introspection_cpp
[7.814s] -- Found rmw_implementation_cmake: 6.1.2 (/opt/ros/humble/share/rmw_implementation_cmake/cmake)
[7.821s] -- Found rmw_fastrtps_cpp: 6.2.7 (/opt/ros/humble/share/rmw_fastrtps_cpp/cmake)
[8.294s] -- Using RMW implementation 'rmw_fastrtps_cpp' as default
[8.568s] -- Found ai_msgs: 2.0.1 (/opt/tros/humble/share/ai_msgs/cmake)
[8.842s] -- Found dnn_node: 2.4.2 (/opt/tros/humble/share/dnn_node/cmake)
[8.849s] [0minvalid platform, build platform X3 default[0m
[8.850s] [0mCMAKE_SYSROOT is [0m
[9.249s] -- Configuring done
[9.309s] -- Generating done
[9.331s] -- Build files have been written to: /home/sunrise/hand_gesture_recognize/build/hand_gesture_detection_develop
[9.492s] gmake[2]: 警告：文件“/home/sunrise/hand_gesture_recognize/src/hand_gesture_detection_develop/src/main.cpp”的修改时间在未来 785303100 秒后
[9.528s] [ 75%] [32mBuilding CXX object CMakeFiles/hand_gesture_detection_develop.dir/src/hand_gesture_det_node.cpp.o[0m
[9.529s] [ 75%] [32mBuilding CXX object CMakeFiles/hand_gesture_detection_develop.dir/src/gesture_postprocess.cpp.o[0m
[9.529s] [ 75%] [32mBuilding CXX object CMakeFiles/hand_gesture_detection_develop.dir/src/lmks_process.cpp.o[0m
[9.530s] [ 75%] [32mBuilding CXX object CMakeFiles/hand_gesture_detection_develop.dir/src/main.cpp.o[0m
[9.531s] [ 75%] [32mBuilding CXX object CMakeFiles/hand_gesture_detection_develop.dir/src/gesture_postprocess_util.cc.o[0m
[9.532s] [ 75%] [32mBuilding CXX object CMakeFiles/hand_gesture_detection_develop.dir/src/gesture_preprocess.cpp.o[0m
[9.532s] [ 87%] [32mBuilding CXX object CMakeFiles/hand_gesture_detection_develop.dir/src/threads/threadpool.cpp.o[0m
[80.651s] [100%] [32m[1mLinking CXX executable hand_gesture_detection_develop[0m
[88.338s] gmake[2]: 警告：检测到时钟错误。您的构建版本可能是不完整的。
[88.374s] [100%] Built target hand_gesture_detection_develop
[88.437s] Invoked command in '/home/sunrise/hand_gesture_recognize/build/hand_gesture_detection_develop' returned '0': CMAKE_PREFIX_PATH=${CMAKE_PREFIX_PATH}:/opt/tros/humble:/opt/ros/humble /usr/bin/cmake --build /home/sunrise/hand_gesture_recognize/build/hand_gesture_detection_develop -- -j8 -l8
[88.489s] Invoking command in '/home/sunrise/hand_gesture_recognize/build/hand_gesture_detection_develop': CMAKE_PREFIX_PATH=${CMAKE_PREFIX_PATH}:/opt/tros/humble:/opt/ros/humble /usr/bin/cmake --install /home/sunrise/hand_gesture_recognize/build/hand_gesture_detection_develop
[88.523s] -- Install configuration: ""
[88.524s] -- Execute custom install script
[88.526s] -- Symlinking: /home/sunrise/hand_gesture_recognize/install/hand_gesture_detection_develop/lib/hand_gesture_detection_develop/hand_gesture_detection_develop
[88.568s] -- Symlinking: /home/sunrise/hand_gesture_recognize/install/hand_gesture_detection_develop/lib/hand_gesture_detection_develop/config//gestureDet_32x21.hbm
[88.611s] -- Symlinking: /home/sunrise/hand_gesture_recognize/install/hand_gesture_detection_develop/lib/hand_gesture_detection_develop/config//gestureDet_8x21.hbm
[88.663s] -- Symlinking: /home/sunrise/hand_gesture_recognize/install/hand_gesture_detection_develop/lib/hand_gesture_detection_develop/config//person_face_hand.jpg
[88.710s] -- Symlinking: /home/sunrise/hand_gesture_recognize/install/hand_gesture_detection_develop/share/hand_gesture_detection_develop/launch/hand_gesture_detection.launch.py
[88.754s] -- Symlinking: /home/sunrise/hand_gesture_recognize/install/hand_gesture_detection_develop/share/hand_gesture_detection_develop/launch/hand_gesture_fusion.launch.py
[88.804s] -- Symlinking: /home/sunrise/hand_gesture_recognize/install/hand_gesture_detection_develop/share/hand_gesture_detection_develop/launch/hand_gesture_fusion_img_fb.launch.py
[88.855s] -- Symlinking: /home/sunrise/hand_gesture_recognize/install/hand_gesture_detection_develop/share/ament_index/resource_index/package_run_dependencies/hand_gesture_detection_develop
[88.902s] -- Symlinking: /home/sunrise/hand_gesture_recognize/install/hand_gesture_detection_develop/share/ament_index/resource_index/parent_prefix_path/hand_gesture_detection_develop
[88.950s] -- Symlinking: /home/sunrise/hand_gesture_recognize/install/hand_gesture_detection_develop/share/hand_gesture_detection_develop/environment/ament_prefix_path.sh
[88.997s] -- Symlinking: /home/sunrise/hand_gesture_recognize/install/hand_gesture_detection_develop/share/hand_gesture_detection_develop/environment/ament_prefix_path.dsv
[89.047s] -- Symlinking: /home/sunrise/hand_gesture_recognize/install/hand_gesture_detection_develop/share/hand_gesture_detection_develop/environment/path.sh
[89.096s] -- Symlinking: /home/sunrise/hand_gesture_recognize/install/hand_gesture_detection_develop/share/hand_gesture_detection_develop/environment/path.dsv
[89.147s] -- Symlinking: /home/sunrise/hand_gesture_recognize/install/hand_gesture_detection_develop/share/hand_gesture_detection_develop/local_setup.bash
[89.196s] -- Symlinking: /home/sunrise/hand_gesture_recognize/install/hand_gesture_detection_develop/share/hand_gesture_detection_develop/local_setup.sh
[89.245s] -- Symlinking: /home/sunrise/hand_gesture_recognize/install/hand_gesture_detection_develop/share/hand_gesture_detection_develop/local_setup.zsh
[89.291s] -- Symlinking: /home/sunrise/hand_gesture_recognize/install/hand_gesture_detection_develop/share/hand_gesture_detection_develop/local_setup.dsv
[89.336s] -- Symlinking: /home/sunrise/hand_gesture_recognize/install/hand_gesture_detection_develop/share/hand_gesture_detection_develop/package.dsv
[89.384s] -- Symlinking: /home/sunrise/hand_gesture_recognize/install/hand_gesture_detection_develop/share/ament_index/resource_index/packages/hand_gesture_detection_develop
[89.432s] -- Symlinking: /home/sunrise/hand_gesture_recognize/install/hand_gesture_detection_develop/share/hand_gesture_detection_develop/cmake/hand_gesture_detection_developConfig.cmake
[89.476s] -- Symlinking: /home/sunrise/hand_gesture_recognize/install/hand_gesture_detection_develop/share/hand_gesture_detection_develop/cmake/hand_gesture_detection_developConfig-version.cmake
[89.527s] -- Symlinking: /home/sunrise/hand_gesture_recognize/install/hand_gesture_detection_develop/share/hand_gesture_detection_develop/package.xml
[89.589s] Invoked command in '/home/sunrise/hand_gesture_recognize/build/hand_gesture_detection_develop' returned '0': CMAKE_PREFIX_PATH=${CMAKE_PREFIX_PATH}:/opt/tros/humble:/opt/ros/humble /usr/bin/cmake --install /home/sunrise/hand_gesture_recognize/build/hand_gesture_detection_develop
