-- The C compiler identification is GNU 11.2.0
-- The CXX compiler identification is GNU 11.2.0
-- Detecting C compiler ABI info
-- Detecting C compiler ABI info - done
-- Check for working C compiler: /usr/bin/cc - skipped
-- Detecting C compile features
-- Detecting C compile features - done
-- Detecting CXX compiler ABI info
-- Detecting CXX compiler ABI info - done
-- Check for working CXX compiler: /usr/bin/c++ - skipped
-- Detecting CXX compile features
-- Detecting CXX compile features - done
-- Found ament_cmake: 1.3.11 (/opt/ros/humble/share/ament_cmake/cmake)
-- Found Python3: /usr/bin/python3 (found version "3.10.12") found components: Interpreter 
-- Override CMake install command with custom implementation using symlinks instead of copying resources
-- Found rclcpp: 16.0.12 (/opt/ros/humble/share/rclcpp/cmake)
-- Found rosidl_generator_c: 3.1.6 (/opt/ros/humble/share/rosidl_generator_c/cmake)
-- Found rosidl_adapter: 3.1.6 (/opt/ros/humble/share/rosidl_adapter/cmake)
-- Found rosidl_generator_cpp: 3.1.6 (/opt/ros/humble/share/rosidl_generator_cpp/cmake)
-- Using all available rosidl_typesupport_c: rosidl_typesupport_fastrtps_c;rosidl_typesupport_introspection_c
-- Using all available rosidl_typesupport_cpp: rosidl_typesupport_fastrtps_cpp;rosidl_typesupport_introspection_cpp
-- Found rmw_implementation_cmake: 6.1.2 (/opt/ros/humble/share/rmw_implementation_cmake/cmake)
-- Found rmw_fastrtps_cpp: 6.2.7 (/opt/ros/humble/share/rmw_fastrtps_cpp/cmake)
-- Found OpenSSL: /usr/lib/aarch64-linux-gnu/libcrypto.so (found version "3.0.2")  
-- Found FastRTPS: /opt/ros/humble/include  
-- Using RMW implementation 'rmw_fastrtps_cpp' as default
-- Looking for pthread.h
-- Looking for pthread.h - found
-- Performing Test CMAKE_HAVE_LIBC_PTHREAD
-- Performing Test CMAKE_HAVE_LIBC_PTHREAD - Success
-- Found Threads: TRUE  
-- Found rosidl_default_generators: 1.2.0 (/opt/ros/humble/share/rosidl_default_generators/cmake)
-- Found ament_cmake_ros: 0.10.0 (/opt/ros/humble/share/ament_cmake_ros/cmake)
-- Using all available rosidl_typesupport_c: rosidl_typesupport_fastrtps_c;rosidl_typesupport_introspection_c
-- Using all available rosidl_typesupport_cpp: rosidl_typesupport_fastrtps_cpp;rosidl_typesupport_introspection_cpp
-- Found PythonInterp: /usr/bin/python3 (found suitable version "3.10.12", minimum required is "3.6") 
-- Found python_cmake_module: 0.10.0 (/opt/ros/humble/share/python_cmake_module/cmake)
-- Found PythonLibs: /usr/lib/aarch64-linux-gnu/libpython3.10.so (found suitable version "3.10.12", minimum required is "3.5") 
-- Using PYTHON_EXECUTABLE: /usr/bin/python3
-- Using PYTHON_INCLUDE_DIRS: /usr/include/python3.10
-- Using PYTHON_LIBRARIES: /usr/lib/aarch64-linux-gnu/libpython3.10.so
-- Found PythonExtra: .so  
-- Found ament_lint_auto: 0.12.12 (/opt/ros/humble/share/ament_lint_auto/cmake)
-- Added test 'lint_cmake' to check CMake code style
-- Added test 'xmllint' to check XML markup files
-- Configuring done
-- Generating done
-- Build files have been written to: /home/sunrise/AI/talk/build/rdk_ai_gateway_msg
[  3%] [34m[1mGenerating C code for ROS interfaces[0m
[  6%] [34m[1mGenerating C++ code for ROS interfaces[0m
[  6%] Built target ament_cmake_python_symlink_rdk_ai_gateway_msg
running egg_info
creating rdk_ai_gateway_msg.egg-info
writing rdk_ai_gateway_msg.egg-info/PKG-INFO
writing dependency_links to rdk_ai_gateway_msg.egg-info/dependency_links.txt
writing top-level names to rdk_ai_gateway_msg.egg-info/top_level.txt
writing manifest file 'rdk_ai_gateway_msg.egg-info/SOURCES.txt'
reading manifest file 'rdk_ai_gateway_msg.egg-info/SOURCES.txt'
writing manifest file 'rdk_ai_gateway_msg.egg-info/SOURCES.txt'
[  6%] Built target ament_cmake_python_build_rdk_ai_gateway_msg_egg
[  6%] Built target rdk_ai_gateway_msg__cpp
[  9%] [32mBuilding C object CMakeFiles/rdk_ai_gateway_msg__rosidl_generator_c.dir/rosidl_generator_c/rdk_ai_gateway_msg/srv/detail/text_to_text__functions.c.o[0m
[ 19%] [34m[1mGenerating C++ introspection for ROS interfaces[0m
[ 19%] [34m[1mGenerating C++ type support for eProsima Fast-RTPS[0m
[ 19%] [34m[1mGenerating C++ type support dispatch for ROS interfaces[0m
[ 22%] [32m[1mLinking C shared library librdk_ai_gateway_msg__rosidl_generator_c.so[0m
[ 22%] Built target rdk_ai_gateway_msg__rosidl_generator_c
[ 32%] [34m[1mGenerating C introspection for ROS interfaces[0m
[ 32%] [34m[1mGenerating C type support dispatch for ROS interfaces[0m
[ 32%] [34m[1mGenerating C type support for eProsima Fast-RTPS[0m
[ 35%] [32mBuilding CXX object CMakeFiles/rdk_ai_gateway_msg__rosidl_typesupport_cpp.dir/rosidl_typesupport_cpp/rdk_ai_gateway_msg/srv/text_to_text__type_support.cpp.o[0m
[ 38%] [32mBuilding CXX object CMakeFiles/rdk_ai_gateway_msg__rosidl_typesupport_introspection_cpp.dir/rosidl_typesupport_introspection_cpp/rdk_ai_gateway_msg/srv/detail/text_to_text__type_support.cpp.o[0m
[ 41%] [32mBuilding CXX object CMakeFiles/rdk_ai_gateway_msg__rosidl_typesupport_fastrtps_cpp.dir/rosidl_typesupport_fastrtps_cpp/rdk_ai_gateway_msg/srv/detail/dds_fastrtps/text_to_text__type_support.cpp.o[0m
[ 45%] [32mBuilding CXX object CMakeFiles/rdk_ai_gateway_msg__rosidl_typesupport_c.dir/rosidl_typesupport_c/rdk_ai_gateway_msg/srv/text_to_text__type_support.cpp.o[0m
[ 48%] [32m[1mLinking CXX shared library librdk_ai_gateway_msg__rosidl_typesupport_c.so[0m
[ 51%] [32mBuilding C object CMakeFiles/rdk_ai_gateway_msg__rosidl_typesupport_introspection_c.dir/rosidl_typesupport_introspection_c/rdk_ai_gateway_msg/srv/detail/text_to_text__type_support.c.o[0m
[ 54%] [32mBuilding CXX object CMakeFiles/rdk_ai_gateway_msg__rosidl_typesupport_fastrtps_c.dir/rosidl_typesupport_fastrtps_c/rdk_ai_gateway_msg/srv/detail/text_to_text__type_support_c.cpp.o[0m
[ 54%] Built target rdk_ai_gateway_msg__rosidl_typesupport_c
[ 58%] [32m[1mLinking C shared library librdk_ai_gateway_msg__rosidl_typesupport_introspection_c.so[0m
[ 58%] Built target rdk_ai_gateway_msg__rosidl_typesupport_introspection_c
[ 61%] [32m[1mLinking CXX shared library librdk_ai_gateway_msg__rosidl_typesupport_cpp.so[0m
[ 61%] Built target rdk_ai_gateway_msg__rosidl_typesupport_cpp
[ 64%] [32m[1mLinking CXX shared library librdk_ai_gateway_msg__rosidl_typesupport_introspection_cpp.so[0m
[ 67%] [32m[1mLinking CXX shared library librdk_ai_gateway_msg__rosidl_typesupport_fastrtps_cpp.so[0m
[ 70%] [32m[1mLinking CXX shared library librdk_ai_gateway_msg__rosidl_typesupport_fastrtps_c.so[0m
[ 70%] Built target rdk_ai_gateway_msg__rosidl_typesupport_introspection_cpp
[ 70%] Built target rdk_ai_gateway_msg__rosidl_typesupport_fastrtps_cpp
[ 70%] Built target rdk_ai_gateway_msg__rosidl_typesupport_fastrtps_c
[ 70%] Built target rdk_ai_gateway_msg
[ 74%] [34m[1mGenerating Python code for ROS interfaces[0m
[ 74%] Built target rdk_ai_gateway_msg__py
[ 77%] [32mBuilding C object CMakeFiles/rdk_ai_gateway_msg__rosidl_generator_py.dir/rosidl_generator_py/rdk_ai_gateway_msg/srv/_text_to_text_s.c.o[0m
[ 80%] [32m[1mLinking C shared library rosidl_generator_py/rdk_ai_gateway_msg/librdk_ai_gateway_msg__rosidl_generator_py.so[0m
[ 80%] Built target rdk_ai_gateway_msg__rosidl_generator_py
[ 90%] [32mBuilding C object CMakeFiles/rdk_ai_gateway_msg__rosidl_typesupport_c__pyext.dir/rosidl_generator_py/rdk_ai_gateway_msg/_rdk_ai_gateway_msg_s.ep.rosidl_typesupport_c.c.o[0m
[ 90%] [32mBuilding C object CMakeFiles/rdk_ai_gateway_msg__rosidl_typesupport_fastrtps_c__pyext.dir/rosidl_generator_py/rdk_ai_gateway_msg/_rdk_ai_gateway_msg_s.ep.rosidl_typesupport_fastrtps_c.c.o[0m
[ 90%] [32mBuilding C object CMakeFiles/rdk_ai_gateway_msg__rosidl_typesupport_introspection_c__pyext.dir/rosidl_generator_py/rdk_ai_gateway_msg/_rdk_ai_gateway_msg_s.ep.rosidl_typesupport_introspection_c.c.o[0m
[100%] [32m[1mLinking C shared library rosidl_generator_py/rdk_ai_gateway_msg/rdk_ai_gateway_msg_s__rosidl_typesupport_c.cpython-310-aarch64-linux-gnu.so[0m
[100%] [32m[1mLinking C shared library rosidl_generator_py/rdk_ai_gateway_msg/rdk_ai_gateway_msg_s__rosidl_typesupport_fastrtps_c.cpython-310-aarch64-linux-gnu.so[0m
[100%] [32m[1mLinking C shared library rosidl_generator_py/rdk_ai_gateway_msg/rdk_ai_gateway_msg_s__rosidl_typesupport_introspection_c.cpython-310-aarch64-linux-gnu.so[0m
[100%] Built target rdk_ai_gateway_msg__rosidl_typesupport_c__pyext
[100%] Built target rdk_ai_gateway_msg__rosidl_typesupport_fastrtps_c__pyext
[100%] Built target rdk_ai_gateway_msg__rosidl_typesupport_introspection_c__pyext
-- Install configuration: ""
-- Execute custom install script
-- Symlinking: /home/sunrise/AI/talk/install/rdk_ai_gateway_msg/share/ament_index/resource_index/rosidl_interfaces/rdk_ai_gateway_msg
-- Symlinking: /home/sunrise/AI/talk/install/rdk_ai_gateway_msg/include/rdk_ai_gateway_msg/rdk_ai_gateway_msg/msg/rosidl_generator_c__visibility_control.h
-- Symlinking: /home/sunrise/AI/talk/install/rdk_ai_gateway_msg/include/rdk_ai_gateway_msg/rdk_ai_gateway_msg/srv/detail/text_to_text__functions.h
-- Symlinking: /home/sunrise/AI/talk/install/rdk_ai_gateway_msg/include/rdk_ai_gateway_msg/rdk_ai_gateway_msg/srv/detail/text_to_text__struct.h
-- Symlinking: /home/sunrise/AI/talk/install/rdk_ai_gateway_msg/include/rdk_ai_gateway_msg/rdk_ai_gateway_msg/srv/detail/text_to_text__type_support.h
-- Symlinking: /home/sunrise/AI/talk/install/rdk_ai_gateway_msg/include/rdk_ai_gateway_msg/rdk_ai_gateway_msg/srv/text_to_text.h
-- Symlinking: /home/sunrise/AI/talk/install/rdk_ai_gateway_msg/share/rdk_ai_gateway_msg/environment/library_path.sh
-- Symlinking: /home/sunrise/AI/talk/install/rdk_ai_gateway_msg/share/rdk_ai_gateway_msg/environment/library_path.dsv
-- Symlinking: /home/sunrise/AI/talk/install/rdk_ai_gateway_msg/include/rdk_ai_gateway_msg/rdk_ai_gateway_msg/msg/rosidl_typesupport_fastrtps_c__visibility_control.h
-- Symlinking: /home/sunrise/AI/talk/install/rdk_ai_gateway_msg/include/rdk_ai_gateway_msg/rdk_ai_gateway_msg/srv/detail/text_to_text__rosidl_typesupport_fastrtps_c.h
-- Symlinking: /home/sunrise/AI/talk/install/rdk_ai_gateway_msg/include/rdk_ai_gateway_msg/rdk_ai_gateway_msg/msg/rosidl_generator_cpp__visibility_control.hpp
-- Symlinking: /home/sunrise/AI/talk/install/rdk_ai_gateway_msg/include/rdk_ai_gateway_msg/rdk_ai_gateway_msg/srv/detail/text_to_text__builder.hpp
-- Symlinking: /home/sunrise/AI/talk/install/rdk_ai_gateway_msg/include/rdk_ai_gateway_msg/rdk_ai_gateway_msg/srv/detail/text_to_text__struct.hpp
-- Symlinking: /home/sunrise/AI/talk/install/rdk_ai_gateway_msg/include/rdk_ai_gateway_msg/rdk_ai_gateway_msg/srv/detail/text_to_text__traits.hpp
-- Symlinking: /home/sunrise/AI/talk/install/rdk_ai_gateway_msg/include/rdk_ai_gateway_msg/rdk_ai_gateway_msg/srv/detail/text_to_text__type_support.hpp
-- Symlinking: /home/sunrise/AI/talk/install/rdk_ai_gateway_msg/include/rdk_ai_gateway_msg/rdk_ai_gateway_msg/srv/text_to_text.hpp
-- Symlinking: /home/sunrise/AI/talk/install/rdk_ai_gateway_msg/include/rdk_ai_gateway_msg/rdk_ai_gateway_msg/msg/rosidl_typesupport_fastrtps_cpp__visibility_control.h
-- Symlinking: /home/sunrise/AI/talk/install/rdk_ai_gateway_msg/include/rdk_ai_gateway_msg/rdk_ai_gateway_msg/srv/detail/text_to_text__rosidl_typesupport_fastrtps_cpp.hpp
-- Symlinking: /home/sunrise/AI/talk/install/rdk_ai_gateway_msg/include/rdk_ai_gateway_msg/rdk_ai_gateway_msg/msg/rosidl_typesupport_introspection_c__visibility_control.h
-- Symlinking: /home/sunrise/AI/talk/install/rdk_ai_gateway_msg/include/rdk_ai_gateway_msg/rdk_ai_gateway_msg/srv/detail/text_to_text__rosidl_typesupport_introspection_c.h
-- Symlinking: /home/sunrise/AI/talk/install/rdk_ai_gateway_msg/include/rdk_ai_gateway_msg/rdk_ai_gateway_msg/srv/detail/text_to_text__rosidl_typesupport_introspection_cpp.hpp
-- Symlinking: /home/sunrise/AI/talk/install/rdk_ai_gateway_msg/share/rdk_ai_gateway_msg/environment/pythonpath.sh
-- Symlinking: /home/sunrise/AI/talk/install/rdk_ai_gateway_msg/share/rdk_ai_gateway_msg/environment/pythonpath.dsv
-- Symlinking: /home/sunrise/AI/talk/install/rdk_ai_gateway_msg/local/lib/python3.10/dist-packages/rdk_ai_gateway_msg-0.0.0-py3.10.egg-info/PKG-INFO
-- Symlinking: /home/sunrise/AI/talk/install/rdk_ai_gateway_msg/local/lib/python3.10/dist-packages/rdk_ai_gateway_msg-0.0.0-py3.10.egg-info/SOURCES.txt
-- Symlinking: /home/sunrise/AI/talk/install/rdk_ai_gateway_msg/local/lib/python3.10/dist-packages/rdk_ai_gateway_msg-0.0.0-py3.10.egg-info/dependency_links.txt
-- Symlinking: /home/sunrise/AI/talk/install/rdk_ai_gateway_msg/local/lib/python3.10/dist-packages/rdk_ai_gateway_msg-0.0.0-py3.10.egg-info/top_level.txt
-- Symlinking: /home/sunrise/AI/talk/install/rdk_ai_gateway_msg/local/lib/python3.10/dist-packages/rdk_ai_gateway_msg/__init__.py
-- Symlinking: /home/sunrise/AI/talk/install/rdk_ai_gateway_msg/local/lib/python3.10/dist-packages/rdk_ai_gateway_msg/_rdk_ai_gateway_msg_s.ep.rosidl_typesupport_c.c
-- Symlinking: /home/sunrise/AI/talk/install/rdk_ai_gateway_msg/local/lib/python3.10/dist-packages/rdk_ai_gateway_msg/_rdk_ai_gateway_msg_s.ep.rosidl_typesupport_fastrtps_c.c
-- Symlinking: /home/sunrise/AI/talk/install/rdk_ai_gateway_msg/local/lib/python3.10/dist-packages/rdk_ai_gateway_msg/_rdk_ai_gateway_msg_s.ep.rosidl_typesupport_introspection_c.c
-- Symlinking: /home/sunrise/AI/talk/install/rdk_ai_gateway_msg/local/lib/python3.10/dist-packages/rdk_ai_gateway_msg/librdk_ai_gateway_msg__rosidl_generator_py.so
-- Symlinking: /home/sunrise/AI/talk/install/rdk_ai_gateway_msg/local/lib/python3.10/dist-packages/rdk_ai_gateway_msg/rdk_ai_gateway_msg_s__rosidl_typesupport_c.cpython-310-aarch64-linux-gnu.so
-- Symlinking: /home/sunrise/AI/talk/install/rdk_ai_gateway_msg/local/lib/python3.10/dist-packages/rdk_ai_gateway_msg/rdk_ai_gateway_msg_s__rosidl_typesupport_fastrtps_c.cpython-310-aarch64-linux-gnu.so
-- Symlinking: /home/sunrise/AI/talk/install/rdk_ai_gateway_msg/local/lib/python3.10/dist-packages/rdk_ai_gateway_msg/rdk_ai_gateway_msg_s__rosidl_typesupport_introspection_c.cpython-310-aarch64-linux-gnu.so
-- Symlinking: /home/sunrise/AI/talk/install/rdk_ai_gateway_msg/local/lib/python3.10/dist-packages/rdk_ai_gateway_msg/srv/__init__.py
-- Symlinking: /home/sunrise/AI/talk/install/rdk_ai_gateway_msg/local/lib/python3.10/dist-packages/rdk_ai_gateway_msg/srv/_text_to_text.py
-- Symlinking: /home/sunrise/AI/talk/install/rdk_ai_gateway_msg/local/lib/python3.10/dist-packages/rdk_ai_gateway_msg/srv/_text_to_text_s.c
-- Up-to-date symlink: /home/sunrise/AI/talk/install/rdk_ai_gateway_msg/local/lib/python3.10/dist-packages/rdk_ai_gateway_msg/rdk_ai_gateway_msg_s__rosidl_typesupport_fastrtps_c.cpython-310-aarch64-linux-gnu.so
-- Up-to-date symlink: /home/sunrise/AI/talk/install/rdk_ai_gateway_msg/local/lib/python3.10/dist-packages/rdk_ai_gateway_msg/rdk_ai_gateway_msg_s__rosidl_typesupport_introspection_c.cpython-310-aarch64-linux-gnu.so
-- Up-to-date symlink: /home/sunrise/AI/talk/install/rdk_ai_gateway_msg/local/lib/python3.10/dist-packages/rdk_ai_gateway_msg/rdk_ai_gateway_msg_s__rosidl_typesupport_c.cpython-310-aarch64-linux-gnu.so
-- Symlinking: /home/sunrise/AI/talk/install/rdk_ai_gateway_msg/share/rdk_ai_gateway_msg/srv/TextToText.idl
-- Symlinking: /home/sunrise/AI/talk/install/rdk_ai_gateway_msg/share/rdk_ai_gateway_msg/srv/TextToText.srv
-- Symlinking: /home/sunrise/AI/talk/install/rdk_ai_gateway_msg/share/rdk_ai_gateway_msg/srv/TextToText_Request.msg
-- Symlinking: /home/sunrise/AI/talk/install/rdk_ai_gateway_msg/share/rdk_ai_gateway_msg/srv/TextToText_Response.msg
-- Symlinking: /home/sunrise/AI/talk/install/rdk_ai_gateway_msg/share/ament_index/resource_index/package_run_dependencies/rdk_ai_gateway_msg
-- Symlinking: /home/sunrise/AI/talk/install/rdk_ai_gateway_msg/share/ament_index/resource_index/parent_prefix_path/rdk_ai_gateway_msg
-- Symlinking: /home/sunrise/AI/talk/install/rdk_ai_gateway_msg/share/rdk_ai_gateway_msg/environment/ament_prefix_path.sh
-- Symlinking: /home/sunrise/AI/talk/install/rdk_ai_gateway_msg/share/rdk_ai_gateway_msg/environment/ament_prefix_path.dsv
-- Symlinking: /home/sunrise/AI/talk/install/rdk_ai_gateway_msg/share/rdk_ai_gateway_msg/environment/path.sh
-- Symlinking: /home/sunrise/AI/talk/install/rdk_ai_gateway_msg/share/rdk_ai_gateway_msg/environment/path.dsv
-- Symlinking: /home/sunrise/AI/talk/install/rdk_ai_gateway_msg/share/rdk_ai_gateway_msg/local_setup.bash
-- Symlinking: /home/sunrise/AI/talk/install/rdk_ai_gateway_msg/share/rdk_ai_gateway_msg/local_setup.sh
-- Symlinking: /home/sunrise/AI/talk/install/rdk_ai_gateway_msg/share/rdk_ai_gateway_msg/local_setup.zsh
-- Symlinking: /home/sunrise/AI/talk/install/rdk_ai_gateway_msg/share/rdk_ai_gateway_msg/local_setup.dsv
-- Symlinking: /home/sunrise/AI/talk/install/rdk_ai_gateway_msg/share/rdk_ai_gateway_msg/package.dsv
-- Symlinking: /home/sunrise/AI/talk/install/rdk_ai_gateway_msg/share/ament_index/resource_index/packages/rdk_ai_gateway_msg
-- Symlinking: /home/sunrise/AI/talk/install/rdk_ai_gateway_msg/share/rdk_ai_gateway_msg/cmake/rosidl_cmake-extras.cmake
-- Symlinking: /home/sunrise/AI/talk/install/rdk_ai_gateway_msg/share/rdk_ai_gateway_msg/cmake/ament_cmake_export_dependencies-extras.cmake
-- Symlinking: /home/sunrise/AI/talk/install/rdk_ai_gateway_msg/share/rdk_ai_gateway_msg/cmake/ament_cmake_export_include_directories-extras.cmake
-- Symlinking: /home/sunrise/AI/talk/install/rdk_ai_gateway_msg/share/rdk_ai_gateway_msg/cmake/ament_cmake_export_libraries-extras.cmake
-- Symlinking: /home/sunrise/AI/talk/install/rdk_ai_gateway_msg/share/rdk_ai_gateway_msg/cmake/ament_cmake_export_targets-extras.cmake
-- Symlinking: /home/sunrise/AI/talk/install/rdk_ai_gateway_msg/share/rdk_ai_gateway_msg/cmake/rosidl_cmake_export_typesupport_targets-extras.cmake
-- Symlinking: /home/sunrise/AI/talk/install/rdk_ai_gateway_msg/share/rdk_ai_gateway_msg/cmake/rosidl_cmake_export_typesupport_libraries-extras.cmake
-- Symlinking: /home/sunrise/AI/talk/install/rdk_ai_gateway_msg/share/rdk_ai_gateway_msg/cmake/rdk_ai_gateway_msgConfig.cmake
-- Symlinking: /home/sunrise/AI/talk/install/rdk_ai_gateway_msg/share/rdk_ai_gateway_msg/cmake/rdk_ai_gateway_msgConfig-version.cmake
-- Symlinking: /home/sunrise/AI/talk/install/rdk_ai_gateway_msg/share/rdk_ai_gateway_msg/package.xml
-- Installing: /home/sunrise/AI/talk/install/rdk_ai_gateway_msg/lib/librdk_ai_gateway_msg__rosidl_generator_c.so
-- Set runtime path of "/home/sunrise/AI/talk/install/rdk_ai_gateway_msg/lib/librdk_ai_gateway_msg__rosidl_generator_c.so" to ""
-- Installing: /home/sunrise/AI/talk/install/rdk_ai_gateway_msg/lib/librdk_ai_gateway_msg__rosidl_typesupport_fastrtps_c.so
-- Set runtime path of "/home/sunrise/AI/talk/install/rdk_ai_gateway_msg/lib/librdk_ai_gateway_msg__rosidl_typesupport_fastrtps_c.so" to ""
-- Installing: /home/sunrise/AI/talk/install/rdk_ai_gateway_msg/lib/librdk_ai_gateway_msg__rosidl_typesupport_fastrtps_cpp.so
-- Set runtime path of "/home/sunrise/AI/talk/install/rdk_ai_gateway_msg/lib/librdk_ai_gateway_msg__rosidl_typesupport_fastrtps_cpp.so" to ""
-- Installing: /home/sunrise/AI/talk/install/rdk_ai_gateway_msg/lib/librdk_ai_gateway_msg__rosidl_typesupport_introspection_c.so
-- Set runtime path of "/home/sunrise/AI/talk/install/rdk_ai_gateway_msg/lib/librdk_ai_gateway_msg__rosidl_typesupport_introspection_c.so" to ""
-- Installing: /home/sunrise/AI/talk/install/rdk_ai_gateway_msg/lib/librdk_ai_gateway_msg__rosidl_typesupport_c.so
-- Set runtime path of "/home/sunrise/AI/talk/install/rdk_ai_gateway_msg/lib/librdk_ai_gateway_msg__rosidl_typesupport_c.so" to ""
-- Installing: /home/sunrise/AI/talk/install/rdk_ai_gateway_msg/lib/librdk_ai_gateway_msg__rosidl_typesupport_introspection_cpp.so
-- Set runtime path of "/home/sunrise/AI/talk/install/rdk_ai_gateway_msg/lib/librdk_ai_gateway_msg__rosidl_typesupport_introspection_cpp.so" to ""
-- Installing: /home/sunrise/AI/talk/install/rdk_ai_gateway_msg/lib/librdk_ai_gateway_msg__rosidl_typesupport_cpp.so
-- Set runtime path of "/home/sunrise/AI/talk/install/rdk_ai_gateway_msg/lib/librdk_ai_gateway_msg__rosidl_typesupport_cpp.so" to ""
Listing '/home/sunrise/AI/talk/install/rdk_ai_gateway_msg/local/lib/python3.10/dist-packages/rdk_ai_gateway_msg'...
Compiling '/home/sunrise/AI/talk/install/rdk_ai_gateway_msg/local/lib/python3.10/dist-packages/rdk_ai_gateway_msg/__init__.py'...
Listing '/home/sunrise/AI/talk/install/rdk_ai_gateway_msg/local/lib/python3.10/dist-packages/rdk_ai_gateway_msg/srv'...
Compiling '/home/sunrise/AI/talk/install/rdk_ai_gateway_msg/local/lib/python3.10/dist-packages/rdk_ai_gateway_msg/srv/__init__.py'...
Compiling '/home/sunrise/AI/talk/install/rdk_ai_gateway_msg/local/lib/python3.10/dist-packages/rdk_ai_gateway_msg/srv/_text_to_text.py'...
-- Installing: /home/sunrise/AI/talk/install/rdk_ai_gateway_msg/lib/librdk_ai_gateway_msg__rosidl_generator_py.so
-- Set runtime path of "/home/sunrise/AI/talk/install/rdk_ai_gateway_msg/lib/librdk_ai_gateway_msg__rosidl_generator_py.so" to ""
-- Installing: /home/sunrise/AI/talk/install/rdk_ai_gateway_msg/share/rdk_ai_gateway_msg/cmake/export_rdk_ai_gateway_msg__rosidl_generator_cExport.cmake
-- Installing: /home/sunrise/AI/talk/install/rdk_ai_gateway_msg/share/rdk_ai_gateway_msg/cmake/export_rdk_ai_gateway_msg__rosidl_generator_cExport-noconfig.cmake
-- Installing: /home/sunrise/AI/talk/install/rdk_ai_gateway_msg/share/rdk_ai_gateway_msg/cmake/export_rdk_ai_gateway_msg__rosidl_typesupport_fastrtps_cExport.cmake
-- Installing: /home/sunrise/AI/talk/install/rdk_ai_gateway_msg/share/rdk_ai_gateway_msg/cmake/export_rdk_ai_gateway_msg__rosidl_typesupport_fastrtps_cExport-noconfig.cmake
-- Installing: /home/sunrise/AI/talk/install/rdk_ai_gateway_msg/share/rdk_ai_gateway_msg/cmake/export_rdk_ai_gateway_msg__rosidl_generator_cppExport.cmake
-- Installing: /home/sunrise/AI/talk/install/rdk_ai_gateway_msg/share/rdk_ai_gateway_msg/cmake/export_rdk_ai_gateway_msg__rosidl_typesupport_fastrtps_cppExport.cmake
-- Installing: /home/sunrise/AI/talk/install/rdk_ai_gateway_msg/share/rdk_ai_gateway_msg/cmake/export_rdk_ai_gateway_msg__rosidl_typesupport_fastrtps_cppExport-noconfig.cmake
-- Installing: /home/sunrise/AI/talk/install/rdk_ai_gateway_msg/share/rdk_ai_gateway_msg/cmake/rdk_ai_gateway_msg__rosidl_typesupport_introspection_cExport.cmake
-- Installing: /home/sunrise/AI/talk/install/rdk_ai_gateway_msg/share/rdk_ai_gateway_msg/cmake/rdk_ai_gateway_msg__rosidl_typesupport_introspection_cExport-noconfig.cmake
-- Installing: /home/sunrise/AI/talk/install/rdk_ai_gateway_msg/share/rdk_ai_gateway_msg/cmake/rdk_ai_gateway_msg__rosidl_typesupport_cExport.cmake
-- Installing: /home/sunrise/AI/talk/install/rdk_ai_gateway_msg/share/rdk_ai_gateway_msg/cmake/rdk_ai_gateway_msg__rosidl_typesupport_cExport-noconfig.cmake
-- Installing: /home/sunrise/AI/talk/install/rdk_ai_gateway_msg/share/rdk_ai_gateway_msg/cmake/rdk_ai_gateway_msg__rosidl_typesupport_introspection_cppExport.cmake
-- Installing: /home/sunrise/AI/talk/install/rdk_ai_gateway_msg/share/rdk_ai_gateway_msg/cmake/rdk_ai_gateway_msg__rosidl_typesupport_introspection_cppExport-noconfig.cmake
-- Installing: /home/sunrise/AI/talk/install/rdk_ai_gateway_msg/share/rdk_ai_gateway_msg/cmake/rdk_ai_gateway_msg__rosidl_typesupport_cppExport.cmake
-- Installing: /home/sunrise/AI/talk/install/rdk_ai_gateway_msg/share/rdk_ai_gateway_msg/cmake/rdk_ai_gateway_msg__rosidl_typesupport_cppExport-noconfig.cmake
-- Installing: /home/sunrise/AI/talk/install/rdk_ai_gateway_msg/share/rdk_ai_gateway_msg/cmake/export_rdk_ai_gateway_msg__rosidl_generator_pyExport.cmake
-- Installing: /home/sunrise/AI/talk/install/rdk_ai_gateway_msg/share/rdk_ai_gateway_msg/cmake/export_rdk_ai_gateway_msg__rosidl_generator_pyExport-noconfig.cmake
