[1.708s] Invoking command in '/home/sunrise/AI/talk/build/rdk_ai_gateway_msg': CMAKE_PREFIX_PATH=${CMAKE_PREFIX_PATH}:/home/sunrise/AI/talk/install/rdk_ai_gateway:/opt/ros/humble /usr/bin/cmake /home/sunrise/AI/talk/src/rdk_ai_gateway_ros/rdk_ai_gateway_msg -DAMENT_CMAKE_SYMLINK_INSTALL=1 -DCMAKE_INSTALL_PREFIX=/home/sunrise/AI/talk/install/rdk_ai_gateway_msg
[2.014s] -- The C compiler identification is GNU 11.2.0
[2.320s] -- The CXX compiler identification is GNU 11.2.0
[2.353s] -- Detecting C compiler ABI info
[2.703s] -- Detecting C compiler ABI info - done
[2.751s] -- Check for working C compiler: /usr/bin/cc - skipped
[2.752s] -- Detecting C compile features
[2.754s] -- Detecting C compile features - done
[2.770s] -- Detecting CXX compiler ABI info
[3.171s] -- Detecting CXX compiler ABI info - done
[3.220s] -- Check for working CXX compiler: /usr/bin/c++ - skipped
[3.221s] -- Detecting CXX compile features
[3.223s] -- Detecting CXX compile features - done
[3.234s] -- Found ament_cmake: 1.3.11 (/opt/ros/humble/share/ament_cmake/cmake)
[4.175s] -- Found Python3: /usr/bin/python3 (found version "3.10.12") found components: Interpreter 
[4.584s] -- Override CMake install command with custom implementation using symlinks instead of copying resources
[4.685s] -- Found rclcpp: 16.0.12 (/opt/ros/humble/share/rclcpp/cmake)
[4.874s] -- Found rosidl_generator_c: 3.1.6 (/opt/ros/humble/share/rosidl_generator_c/cmake)
[4.899s] -- Found rosidl_adapter: 3.1.6 (/opt/ros/humble/share/rosidl_adapter/cmake)
[4.941s] -- Found rosidl_generator_cpp: 3.1.6 (/opt/ros/humble/share/rosidl_generator_cpp/cmake)
[5.008s] -- Using all available rosidl_typesupport_c: rosidl_typesupport_fastrtps_c;rosidl_typesupport_introspection_c
[5.096s] -- Using all available rosidl_typesupport_cpp: rosidl_typesupport_fastrtps_cpp;rosidl_typesupport_introspection_cpp
[5.326s] -- Found rmw_implementation_cmake: 6.1.2 (/opt/ros/humble/share/rmw_implementation_cmake/cmake)
[5.337s] -- Found rmw_fastrtps_cpp: 6.2.7 (/opt/ros/humble/share/rmw_fastrtps_cpp/cmake)
[5.723s] -- Found OpenSSL: /usr/lib/aarch64-linux-gnu/libcrypto.so (found version "3.0.2")  
[5.847s] -- Found FastRTPS: /opt/ros/humble/include  
[6.031s] -- Using RMW implementation 'rmw_fastrtps_cpp' as default
[6.070s] -- Looking for pthread.h
[6.441s] -- Looking for pthread.h - found
[6.442s] -- Performing Test CMAKE_HAVE_LIBC_PTHREAD
[6.811s] -- Performing Test CMAKE_HAVE_LIBC_PTHREAD - Success
[6.816s] -- Found Threads: TRUE  
[7.111s] -- Found rosidl_default_generators: 1.2.0 (/opt/ros/humble/share/rosidl_default_generators/cmake)
[8.893s] -- Found ament_cmake_ros: 0.10.0 (/opt/ros/humble/share/ament_cmake_ros/cmake)
[11.235s] -- Using all available rosidl_typesupport_c: rosidl_typesupport_fastrtps_c;rosidl_typesupport_introspection_c
[12.174s] -- Using all available rosidl_typesupport_cpp: rosidl_typesupport_fastrtps_cpp;rosidl_typesupport_introspection_cpp
[12.329s] -- Found PythonInterp: /usr/bin/python3 (found suitable version "3.10.12", minimum required is "3.6") 
[12.342s] -- Found python_cmake_module: 0.10.0 (/opt/ros/humble/share/python_cmake_module/cmake)
[12.507s] -- Found PythonLibs: /usr/lib/aarch64-linux-gnu/libpython3.10.so (found suitable version "3.10.12", minimum required is "3.5") 
[12.507s] -- Using PYTHON_EXECUTABLE: /usr/bin/python3
[12.508s] -- Using PYTHON_INCLUDE_DIRS: /usr/include/python3.10
[12.508s] -- Using PYTHON_LIBRARIES: /usr/lib/aarch64-linux-gnu/libpython3.10.so
[12.638s] -- Found PythonExtra: .so  
[12.944s] -- Found ament_lint_auto: 0.12.12 (/opt/ros/humble/share/ament_lint_auto/cmake)
[13.027s] -- Added test 'lint_cmake' to check CMake code style
[13.031s] -- Added test 'xmllint' to check XML markup files
[13.050s] -- Configuring done
[13.212s] -- Generating done
[13.272s] -- Build files have been written to: /home/sunrise/AI/talk/build/rdk_ai_gateway_msg
[13.352s] Invoked command in '/home/sunrise/AI/talk/build/rdk_ai_gateway_msg' returned '0': CMAKE_PREFIX_PATH=${CMAKE_PREFIX_PATH}:/home/sunrise/AI/talk/install/rdk_ai_gateway:/opt/ros/humble /usr/bin/cmake /home/sunrise/AI/talk/src/rdk_ai_gateway_ros/rdk_ai_gateway_msg -DAMENT_CMAKE_SYMLINK_INSTALL=1 -DCMAKE_INSTALL_PREFIX=/home/sunrise/AI/talk/install/rdk_ai_gateway_msg
[13.370s] Invoking command in '/home/sunrise/AI/talk/build/rdk_ai_gateway_msg': CMAKE_PREFIX_PATH=${CMAKE_PREFIX_PATH}:/home/sunrise/AI/talk/install/rdk_ai_gateway:/opt/ros/humble /usr/bin/cmake --build /home/sunrise/AI/talk/build/rdk_ai_gateway_msg -- -j8 -l8
[13.565s] [  3%] [34m[1mGenerating C code for ROS interfaces[0m
[13.612s] [  6%] [34m[1mGenerating C++ code for ROS interfaces[0m
[13.648s] [  6%] Built target ament_cmake_python_symlink_rdk_ai_gateway_msg
[15.199s] running egg_info
[15.202s] creating rdk_ai_gateway_msg.egg-info
[15.204s] writing rdk_ai_gateway_msg.egg-info/PKG-INFO
[15.204s] writing dependency_links to rdk_ai_gateway_msg.egg-info/dependency_links.txt
[15.205s] writing top-level names to rdk_ai_gateway_msg.egg-info/top_level.txt
[15.207s] writing manifest file 'rdk_ai_gateway_msg.egg-info/SOURCES.txt'
[15.219s] reading manifest file 'rdk_ai_gateway_msg.egg-info/SOURCES.txt'
[15.222s] writing manifest file 'rdk_ai_gateway_msg.egg-info/SOURCES.txt'
[15.454s] [  6%] Built target ament_cmake_python_build_rdk_ai_gateway_msg_egg
[15.482s] [  6%] Built target rdk_ai_gateway_msg__cpp
[15.489s] [  9%] [32mBuilding C object CMakeFiles/rdk_ai_gateway_msg__rosidl_generator_c.dir/rosidl_generator_c/rdk_ai_gateway_msg/srv/detail/text_to_text__functions.c.o[0m
[15.528s] [ 19%] [34m[1mGenerating C++ introspection for ROS interfaces[0m
[15.529s] [ 19%] [34m[1mGenerating C++ type support for eProsima Fast-RTPS[0m
[15.530s] [ 19%] [34m[1mGenerating C++ type support dispatch for ROS interfaces[0m
[15.839s] [ 22%] [32m[1mLinking C shared library librdk_ai_gateway_msg__rosidl_generator_c.so[0m
[16.042s] [ 22%] Built target rdk_ai_gateway_msg__rosidl_generator_c
[16.087s] [ 32%] [34m[1mGenerating C introspection for ROS interfaces[0m
[16.087s] [ 32%] [34m[1mGenerating C type support dispatch for ROS interfaces[0m
[16.088s] [ 32%] [34m[1mGenerating C type support for eProsima Fast-RTPS[0m
[17.152s] [ 35%] [32mBuilding CXX object CMakeFiles/rdk_ai_gateway_msg__rosidl_typesupport_cpp.dir/rosidl_typesupport_cpp/rdk_ai_gateway_msg/srv/text_to_text__type_support.cpp.o[0m
[17.304s] [ 38%] [32mBuilding CXX object CMakeFiles/rdk_ai_gateway_msg__rosidl_typesupport_introspection_cpp.dir/rosidl_typesupport_introspection_cpp/rdk_ai_gateway_msg/srv/detail/text_to_text__type_support.cpp.o[0m
[17.427s] [ 41%] [32mBuilding CXX object CMakeFiles/rdk_ai_gateway_msg__rosidl_typesupport_fastrtps_cpp.dir/rosidl_typesupport_fastrtps_cpp/rdk_ai_gateway_msg/srv/detail/dds_fastrtps/text_to_text__type_support.cpp.o[0m
[17.711s] [ 45%] [32mBuilding CXX object CMakeFiles/rdk_ai_gateway_msg__rosidl_typesupport_c.dir/rosidl_typesupport_c/rdk_ai_gateway_msg/srv/text_to_text__type_support.cpp.o[0m
[17.883s] [ 48%] [32m[1mLinking CXX shared library librdk_ai_gateway_msg__rosidl_typesupport_c.so[0m
[17.925s] [ 51%] [32mBuilding C object CMakeFiles/rdk_ai_gateway_msg__rosidl_typesupport_introspection_c.dir/rosidl_typesupport_introspection_c/rdk_ai_gateway_msg/srv/detail/text_to_text__type_support.c.o[0m
[17.960s] [ 54%] [32mBuilding CXX object CMakeFiles/rdk_ai_gateway_msg__rosidl_typesupport_fastrtps_c.dir/rosidl_typesupport_fastrtps_c/rdk_ai_gateway_msg/srv/detail/text_to_text__type_support_c.cpp.o[0m
[18.097s] [ 54%] Built target rdk_ai_gateway_msg__rosidl_typesupport_c
[18.123s] [ 58%] [32m[1mLinking C shared library librdk_ai_gateway_msg__rosidl_typesupport_introspection_c.so[0m
[18.265s] [ 58%] Built target rdk_ai_gateway_msg__rosidl_typesupport_introspection_c
[18.854s] [ 61%] [32m[1mLinking CXX shared library librdk_ai_gateway_msg__rosidl_typesupport_cpp.so[0m
[19.040s] [ 61%] Built target rdk_ai_gateway_msg__rosidl_typesupport_cpp
[19.785s] [ 64%] [32m[1mLinking CXX shared library librdk_ai_gateway_msg__rosidl_typesupport_introspection_cpp.so[0m
[19.910s] [ 67%] [32m[1mLinking CXX shared library librdk_ai_gateway_msg__rosidl_typesupport_fastrtps_cpp.so[0m
[20.050s] [ 70%] [32m[1mLinking CXX shared library librdk_ai_gateway_msg__rosidl_typesupport_fastrtps_c.so[0m
[20.182s] [ 70%] Built target rdk_ai_gateway_msg__rosidl_typesupport_introspection_cpp
[20.358s] [ 70%] Built target rdk_ai_gateway_msg__rosidl_typesupport_fastrtps_cpp
[20.509s] [ 70%] Built target rdk_ai_gateway_msg__rosidl_typesupport_fastrtps_c
[20.611s] [ 70%] Built target rdk_ai_gateway_msg
[20.719s] [ 74%] [34m[1mGenerating Python code for ROS interfaces[0m
[23.141s] [ 74%] Built target rdk_ai_gateway_msg__py
[23.248s] [ 77%] [32mBuilding C object CMakeFiles/rdk_ai_gateway_msg__rosidl_generator_py.dir/rosidl_generator_py/rdk_ai_gateway_msg/srv/_text_to_text_s.c.o[0m
[23.923s] [ 80%] [32m[1mLinking C shared library rosidl_generator_py/rdk_ai_gateway_msg/librdk_ai_gateway_msg__rosidl_generator_py.so[0m
[24.160s] [ 80%] Built target rdk_ai_gateway_msg__rosidl_generator_py
[24.255s] [ 90%] [32mBuilding C object CMakeFiles/rdk_ai_gateway_msg__rosidl_typesupport_c__pyext.dir/rosidl_generator_py/rdk_ai_gateway_msg/_rdk_ai_gateway_msg_s.ep.rosidl_typesupport_c.c.o[0m
[24.256s] [ 90%] [32mBuilding C object CMakeFiles/rdk_ai_gateway_msg__rosidl_typesupport_fastrtps_c__pyext.dir/rosidl_generator_py/rdk_ai_gateway_msg/_rdk_ai_gateway_msg_s.ep.rosidl_typesupport_fastrtps_c.c.o[0m
[24.256s] [ 90%] [32mBuilding C object CMakeFiles/rdk_ai_gateway_msg__rosidl_typesupport_introspection_c__pyext.dir/rosidl_generator_py/rdk_ai_gateway_msg/_rdk_ai_gateway_msg_s.ep.rosidl_typesupport_introspection_c.c.o[0m
[24.838s] [100%] [32m[1mLinking C shared library rosidl_generator_py/rdk_ai_gateway_msg/rdk_ai_gateway_msg_s__rosidl_typesupport_c.cpython-310-aarch64-linux-gnu.so[0m
[24.839s] [100%] [32m[1mLinking C shared library rosidl_generator_py/rdk_ai_gateway_msg/rdk_ai_gateway_msg_s__rosidl_typesupport_fastrtps_c.cpython-310-aarch64-linux-gnu.so[0m
[24.839s] [100%] [32m[1mLinking C shared library rosidl_generator_py/rdk_ai_gateway_msg/rdk_ai_gateway_msg_s__rosidl_typesupport_introspection_c.cpython-310-aarch64-linux-gnu.so[0m
[25.064s] [100%] Built target rdk_ai_gateway_msg__rosidl_typesupport_c__pyext
[25.067s] [100%] Built target rdk_ai_gateway_msg__rosidl_typesupport_fastrtps_c__pyext
[25.067s] [100%] Built target rdk_ai_gateway_msg__rosidl_typesupport_introspection_c__pyext
[25.127s] Invoked command in '/home/sunrise/AI/talk/build/rdk_ai_gateway_msg' returned '0': CMAKE_PREFIX_PATH=${CMAKE_PREFIX_PATH}:/home/sunrise/AI/talk/install/rdk_ai_gateway:/opt/ros/humble /usr/bin/cmake --build /home/sunrise/AI/talk/build/rdk_ai_gateway_msg -- -j8 -l8
[25.177s] Invoking command in '/home/sunrise/AI/talk/build/rdk_ai_gateway_msg': CMAKE_PREFIX_PATH=${CMAKE_PREFIX_PATH}:/home/sunrise/AI/talk/install/rdk_ai_gateway:/opt/ros/humble /usr/bin/cmake --install /home/sunrise/AI/talk/build/rdk_ai_gateway_msg
[25.215s] -- Install configuration: ""
[25.217s] -- Execute custom install script
[25.219s] -- Symlinking: /home/sunrise/AI/talk/install/rdk_ai_gateway_msg/share/ament_index/resource_index/rosidl_interfaces/rdk_ai_gateway_msg
[25.259s] -- Symlinking: /home/sunrise/AI/talk/install/rdk_ai_gateway_msg/include/rdk_ai_gateway_msg/rdk_ai_gateway_msg/msg/rosidl_generator_c__visibility_control.h
[25.301s] -- Symlinking: /home/sunrise/AI/talk/install/rdk_ai_gateway_msg/include/rdk_ai_gateway_msg/rdk_ai_gateway_msg/srv/detail/text_to_text__functions.h
[25.349s] -- Symlinking: /home/sunrise/AI/talk/install/rdk_ai_gateway_msg/include/rdk_ai_gateway_msg/rdk_ai_gateway_msg/srv/detail/text_to_text__struct.h
[25.401s] -- Symlinking: /home/sunrise/AI/talk/install/rdk_ai_gateway_msg/include/rdk_ai_gateway_msg/rdk_ai_gateway_msg/srv/detail/text_to_text__type_support.h
[25.450s] -- Symlinking: /home/sunrise/AI/talk/install/rdk_ai_gateway_msg/include/rdk_ai_gateway_msg/rdk_ai_gateway_msg/srv/text_to_text.h
[25.505s] -- Symlinking: /home/sunrise/AI/talk/install/rdk_ai_gateway_msg/share/rdk_ai_gateway_msg/environment/library_path.sh
[25.554s] -- Symlinking: /home/sunrise/AI/talk/install/rdk_ai_gateway_msg/share/rdk_ai_gateway_msg/environment/library_path.dsv
[25.609s] -- Symlinking: /home/sunrise/AI/talk/install/rdk_ai_gateway_msg/include/rdk_ai_gateway_msg/rdk_ai_gateway_msg/msg/rosidl_typesupport_fastrtps_c__visibility_control.h
[25.658s] -- Symlinking: /home/sunrise/AI/talk/install/rdk_ai_gateway_msg/include/rdk_ai_gateway_msg/rdk_ai_gateway_msg/srv/detail/text_to_text__rosidl_typesupport_fastrtps_c.h
[25.715s] -- Symlinking: /home/sunrise/AI/talk/install/rdk_ai_gateway_msg/include/rdk_ai_gateway_msg/rdk_ai_gateway_msg/msg/rosidl_generator_cpp__visibility_control.hpp
[25.763s] -- Symlinking: /home/sunrise/AI/talk/install/rdk_ai_gateway_msg/include/rdk_ai_gateway_msg/rdk_ai_gateway_msg/srv/detail/text_to_text__builder.hpp
[25.812s] -- Symlinking: /home/sunrise/AI/talk/install/rdk_ai_gateway_msg/include/rdk_ai_gateway_msg/rdk_ai_gateway_msg/srv/detail/text_to_text__struct.hpp
[25.863s] -- Symlinking: /home/sunrise/AI/talk/install/rdk_ai_gateway_msg/include/rdk_ai_gateway_msg/rdk_ai_gateway_msg/srv/detail/text_to_text__traits.hpp
[25.915s] -- Symlinking: /home/sunrise/AI/talk/install/rdk_ai_gateway_msg/include/rdk_ai_gateway_msg/rdk_ai_gateway_msg/srv/detail/text_to_text__type_support.hpp
[25.961s] -- Symlinking: /home/sunrise/AI/talk/install/rdk_ai_gateway_msg/include/rdk_ai_gateway_msg/rdk_ai_gateway_msg/srv/text_to_text.hpp
[26.017s] -- Symlinking: /home/sunrise/AI/talk/install/rdk_ai_gateway_msg/include/rdk_ai_gateway_msg/rdk_ai_gateway_msg/msg/rosidl_typesupport_fastrtps_cpp__visibility_control.h
[26.066s] -- Symlinking: /home/sunrise/AI/talk/install/rdk_ai_gateway_msg/include/rdk_ai_gateway_msg/rdk_ai_gateway_msg/srv/detail/text_to_text__rosidl_typesupport_fastrtps_cpp.hpp
[26.121s] -- Symlinking: /home/sunrise/AI/talk/install/rdk_ai_gateway_msg/include/rdk_ai_gateway_msg/rdk_ai_gateway_msg/msg/rosidl_typesupport_introspection_c__visibility_control.h
[26.169s] -- Symlinking: /home/sunrise/AI/talk/install/rdk_ai_gateway_msg/include/rdk_ai_gateway_msg/rdk_ai_gateway_msg/srv/detail/text_to_text__rosidl_typesupport_introspection_c.h
[26.222s] -- Symlinking: /home/sunrise/AI/talk/install/rdk_ai_gateway_msg/include/rdk_ai_gateway_msg/rdk_ai_gateway_msg/srv/detail/text_to_text__rosidl_typesupport_introspection_cpp.hpp
[26.271s] -- Symlinking: /home/sunrise/AI/talk/install/rdk_ai_gateway_msg/share/rdk_ai_gateway_msg/environment/pythonpath.sh
[26.317s] -- Symlinking: /home/sunrise/AI/talk/install/rdk_ai_gateway_msg/share/rdk_ai_gateway_msg/environment/pythonpath.dsv
[26.373s] -- Symlinking: /home/sunrise/AI/talk/install/rdk_ai_gateway_msg/local/lib/python3.10/dist-packages/rdk_ai_gateway_msg-0.0.0-py3.10.egg-info/PKG-INFO
[26.422s] -- Symlinking: /home/sunrise/AI/talk/install/rdk_ai_gateway_msg/local/lib/python3.10/dist-packages/rdk_ai_gateway_msg-0.0.0-py3.10.egg-info/SOURCES.txt
[26.472s] -- Symlinking: /home/sunrise/AI/talk/install/rdk_ai_gateway_msg/local/lib/python3.10/dist-packages/rdk_ai_gateway_msg-0.0.0-py3.10.egg-info/dependency_links.txt
[26.522s] -- Symlinking: /home/sunrise/AI/talk/install/rdk_ai_gateway_msg/local/lib/python3.10/dist-packages/rdk_ai_gateway_msg-0.0.0-py3.10.egg-info/top_level.txt
[26.584s] -- Symlinking: /home/sunrise/AI/talk/install/rdk_ai_gateway_msg/local/lib/python3.10/dist-packages/rdk_ai_gateway_msg/__init__.py
[26.631s] -- Symlinking: /home/sunrise/AI/talk/install/rdk_ai_gateway_msg/local/lib/python3.10/dist-packages/rdk_ai_gateway_msg/_rdk_ai_gateway_msg_s.ep.rosidl_typesupport_c.c
[26.682s] -- Symlinking: /home/sunrise/AI/talk/install/rdk_ai_gateway_msg/local/lib/python3.10/dist-packages/rdk_ai_gateway_msg/_rdk_ai_gateway_msg_s.ep.rosidl_typesupport_fastrtps_c.c
[26.733s] -- Symlinking: /home/sunrise/AI/talk/install/rdk_ai_gateway_msg/local/lib/python3.10/dist-packages/rdk_ai_gateway_msg/_rdk_ai_gateway_msg_s.ep.rosidl_typesupport_introspection_c.c
[26.784s] -- Symlinking: /home/sunrise/AI/talk/install/rdk_ai_gateway_msg/local/lib/python3.10/dist-packages/rdk_ai_gateway_msg/librdk_ai_gateway_msg__rosidl_generator_py.so
[26.833s] -- Symlinking: /home/sunrise/AI/talk/install/rdk_ai_gateway_msg/local/lib/python3.10/dist-packages/rdk_ai_gateway_msg/rdk_ai_gateway_msg_s__rosidl_typesupport_c.cpython-310-aarch64-linux-gnu.so
[26.883s] -- Symlinking: /home/sunrise/AI/talk/install/rdk_ai_gateway_msg/local/lib/python3.10/dist-packages/rdk_ai_gateway_msg/rdk_ai_gateway_msg_s__rosidl_typesupport_fastrtps_c.cpython-310-aarch64-linux-gnu.so
[26.933s] -- Symlinking: /home/sunrise/AI/talk/install/rdk_ai_gateway_msg/local/lib/python3.10/dist-packages/rdk_ai_gateway_msg/rdk_ai_gateway_msg_s__rosidl_typesupport_introspection_c.cpython-310-aarch64-linux-gnu.so
[26.984s] -- Symlinking: /home/sunrise/AI/talk/install/rdk_ai_gateway_msg/local/lib/python3.10/dist-packages/rdk_ai_gateway_msg/srv/__init__.py
[27.034s] -- Symlinking: /home/sunrise/AI/talk/install/rdk_ai_gateway_msg/local/lib/python3.10/dist-packages/rdk_ai_gateway_msg/srv/_text_to_text.py
[27.083s] -- Symlinking: /home/sunrise/AI/talk/install/rdk_ai_gateway_msg/local/lib/python3.10/dist-packages/rdk_ai_gateway_msg/srv/_text_to_text_s.c
[27.138s] -- Up-to-date symlink: /home/sunrise/AI/talk/install/rdk_ai_gateway_msg/local/lib/python3.10/dist-packages/rdk_ai_gateway_msg/rdk_ai_gateway_msg_s__rosidl_typesupport_fastrtps_c.cpython-310-aarch64-linux-gnu.so
[27.144s] -- Up-to-date symlink: /home/sunrise/AI/talk/install/rdk_ai_gateway_msg/local/lib/python3.10/dist-packages/rdk_ai_gateway_msg/rdk_ai_gateway_msg_s__rosidl_typesupport_introspection_c.cpython-310-aarch64-linux-gnu.so
[27.148s] -- Up-to-date symlink: /home/sunrise/AI/talk/install/rdk_ai_gateway_msg/local/lib/python3.10/dist-packages/rdk_ai_gateway_msg/rdk_ai_gateway_msg_s__rosidl_typesupport_c.cpython-310-aarch64-linux-gnu.so
[27.152s] -- Symlinking: /home/sunrise/AI/talk/install/rdk_ai_gateway_msg/share/rdk_ai_gateway_msg/srv/TextToText.idl
[27.201s] -- Symlinking: /home/sunrise/AI/talk/install/rdk_ai_gateway_msg/share/rdk_ai_gateway_msg/srv/TextToText.srv
[27.252s] -- Symlinking: /home/sunrise/AI/talk/install/rdk_ai_gateway_msg/share/rdk_ai_gateway_msg/srv/TextToText_Request.msg
[27.303s] -- Symlinking: /home/sunrise/AI/talk/install/rdk_ai_gateway_msg/share/rdk_ai_gateway_msg/srv/TextToText_Response.msg
[27.353s] -- Symlinking: /home/sunrise/AI/talk/install/rdk_ai_gateway_msg/share/ament_index/resource_index/package_run_dependencies/rdk_ai_gateway_msg
[27.399s] -- Symlinking: /home/sunrise/AI/talk/install/rdk_ai_gateway_msg/share/ament_index/resource_index/parent_prefix_path/rdk_ai_gateway_msg
[27.439s] -- Symlinking: /home/sunrise/AI/talk/install/rdk_ai_gateway_msg/share/rdk_ai_gateway_msg/environment/ament_prefix_path.sh
[27.480s] -- Symlinking: /home/sunrise/AI/talk/install/rdk_ai_gateway_msg/share/rdk_ai_gateway_msg/environment/ament_prefix_path.dsv
[27.523s] -- Symlinking: /home/sunrise/AI/talk/install/rdk_ai_gateway_msg/share/rdk_ai_gateway_msg/environment/path.sh
[27.574s] -- Symlinking: /home/sunrise/AI/talk/install/rdk_ai_gateway_msg/share/rdk_ai_gateway_msg/environment/path.dsv
[27.625s] -- Symlinking: /home/sunrise/AI/talk/install/rdk_ai_gateway_msg/share/rdk_ai_gateway_msg/local_setup.bash
[27.675s] -- Symlinking: /home/sunrise/AI/talk/install/rdk_ai_gateway_msg/share/rdk_ai_gateway_msg/local_setup.sh
[27.726s] -- Symlinking: /home/sunrise/AI/talk/install/rdk_ai_gateway_msg/share/rdk_ai_gateway_msg/local_setup.zsh
[27.775s] -- Symlinking: /home/sunrise/AI/talk/install/rdk_ai_gateway_msg/share/rdk_ai_gateway_msg/local_setup.dsv
[27.824s] -- Symlinking: /home/sunrise/AI/talk/install/rdk_ai_gateway_msg/share/rdk_ai_gateway_msg/package.dsv
[27.876s] -- Symlinking: /home/sunrise/AI/talk/install/rdk_ai_gateway_msg/share/ament_index/resource_index/packages/rdk_ai_gateway_msg
[27.925s] -- Symlinking: /home/sunrise/AI/talk/install/rdk_ai_gateway_msg/share/rdk_ai_gateway_msg/cmake/rosidl_cmake-extras.cmake
[27.974s] -- Symlinking: /home/sunrise/AI/talk/install/rdk_ai_gateway_msg/share/rdk_ai_gateway_msg/cmake/ament_cmake_export_dependencies-extras.cmake
[28.024s] -- Symlinking: /home/sunrise/AI/talk/install/rdk_ai_gateway_msg/share/rdk_ai_gateway_msg/cmake/ament_cmake_export_include_directories-extras.cmake
[28.074s] -- Symlinking: /home/sunrise/AI/talk/install/rdk_ai_gateway_msg/share/rdk_ai_gateway_msg/cmake/ament_cmake_export_libraries-extras.cmake
[28.125s] -- Symlinking: /home/sunrise/AI/talk/install/rdk_ai_gateway_msg/share/rdk_ai_gateway_msg/cmake/ament_cmake_export_targets-extras.cmake
[28.174s] -- Symlinking: /home/sunrise/AI/talk/install/rdk_ai_gateway_msg/share/rdk_ai_gateway_msg/cmake/rosidl_cmake_export_typesupport_targets-extras.cmake
[28.230s] -- Symlinking: /home/sunrise/AI/talk/install/rdk_ai_gateway_msg/share/rdk_ai_gateway_msg/cmake/rosidl_cmake_export_typesupport_libraries-extras.cmake
[28.279s] -- Symlinking: /home/sunrise/AI/talk/install/rdk_ai_gateway_msg/share/rdk_ai_gateway_msg/cmake/rdk_ai_gateway_msgConfig.cmake
[28.328s] -- Symlinking: /home/sunrise/AI/talk/install/rdk_ai_gateway_msg/share/rdk_ai_gateway_msg/cmake/rdk_ai_gateway_msgConfig-version.cmake
[28.381s] -- Symlinking: /home/sunrise/AI/talk/install/rdk_ai_gateway_msg/share/rdk_ai_gateway_msg/package.xml
[28.432s] -- Installing: /home/sunrise/AI/talk/install/rdk_ai_gateway_msg/lib/librdk_ai_gateway_msg__rosidl_generator_c.so
[28.439s] -- Set runtime path of "/home/sunrise/AI/talk/install/rdk_ai_gateway_msg/lib/librdk_ai_gateway_msg__rosidl_generator_c.so" to ""
[28.441s] -- Installing: /home/sunrise/AI/talk/install/rdk_ai_gateway_msg/lib/librdk_ai_gateway_msg__rosidl_typesupport_fastrtps_c.so
[28.447s] -- Set runtime path of "/home/sunrise/AI/talk/install/rdk_ai_gateway_msg/lib/librdk_ai_gateway_msg__rosidl_typesupport_fastrtps_c.so" to ""
[28.449s] -- Installing: /home/sunrise/AI/talk/install/rdk_ai_gateway_msg/lib/librdk_ai_gateway_msg__rosidl_typesupport_fastrtps_cpp.so
[28.456s] -- Set runtime path of "/home/sunrise/AI/talk/install/rdk_ai_gateway_msg/lib/librdk_ai_gateway_msg__rosidl_typesupport_fastrtps_cpp.so" to ""
[28.458s] -- Installing: /home/sunrise/AI/talk/install/rdk_ai_gateway_msg/lib/librdk_ai_gateway_msg__rosidl_typesupport_introspection_c.so
[28.464s] -- Set runtime path of "/home/sunrise/AI/talk/install/rdk_ai_gateway_msg/lib/librdk_ai_gateway_msg__rosidl_typesupport_introspection_c.so" to ""
[28.466s] -- Installing: /home/sunrise/AI/talk/install/rdk_ai_gateway_msg/lib/librdk_ai_gateway_msg__rosidl_typesupport_c.so
[28.469s] -- Set runtime path of "/home/sunrise/AI/talk/install/rdk_ai_gateway_msg/lib/librdk_ai_gateway_msg__rosidl_typesupport_c.so" to ""
[28.470s] -- Installing: /home/sunrise/AI/talk/install/rdk_ai_gateway_msg/lib/librdk_ai_gateway_msg__rosidl_typesupport_introspection_cpp.so
[28.472s] -- Set runtime path of "/home/sunrise/AI/talk/install/rdk_ai_gateway_msg/lib/librdk_ai_gateway_msg__rosidl_typesupport_introspection_cpp.so" to ""
[28.473s] -- Installing: /home/sunrise/AI/talk/install/rdk_ai_gateway_msg/lib/librdk_ai_gateway_msg__rosidl_typesupport_cpp.so
[28.474s] -- Set runtime path of "/home/sunrise/AI/talk/install/rdk_ai_gateway_msg/lib/librdk_ai_gateway_msg__rosidl_typesupport_cpp.so" to ""
[28.685s] Listing '/home/sunrise/AI/talk/install/rdk_ai_gateway_msg/local/lib/python3.10/dist-packages/rdk_ai_gateway_msg'...
[28.686s] Compiling '/home/sunrise/AI/talk/install/rdk_ai_gateway_msg/local/lib/python3.10/dist-packages/rdk_ai_gateway_msg/__init__.py'...
[28.686s] Listing '/home/sunrise/AI/talk/install/rdk_ai_gateway_msg/local/lib/python3.10/dist-packages/rdk_ai_gateway_msg/srv'...
[28.687s] Compiling '/home/sunrise/AI/talk/install/rdk_ai_gateway_msg/local/lib/python3.10/dist-packages/rdk_ai_gateway_msg/srv/__init__.py'...
[28.687s] Compiling '/home/sunrise/AI/talk/install/rdk_ai_gateway_msg/local/lib/python3.10/dist-packages/rdk_ai_gateway_msg/srv/_text_to_text.py'...
[28.726s] -- Installing: /home/sunrise/AI/talk/install/rdk_ai_gateway_msg/lib/librdk_ai_gateway_msg__rosidl_generator_py.so
[28.730s] -- Set runtime path of "/home/sunrise/AI/talk/install/rdk_ai_gateway_msg/lib/librdk_ai_gateway_msg__rosidl_generator_py.so" to ""
[28.731s] -- Installing: /home/sunrise/AI/talk/install/rdk_ai_gateway_msg/share/rdk_ai_gateway_msg/cmake/export_rdk_ai_gateway_msg__rosidl_generator_cExport.cmake
[28.732s] -- Installing: /home/sunrise/AI/talk/install/rdk_ai_gateway_msg/share/rdk_ai_gateway_msg/cmake/export_rdk_ai_gateway_msg__rosidl_generator_cExport-noconfig.cmake
[28.733s] -- Installing: /home/sunrise/AI/talk/install/rdk_ai_gateway_msg/share/rdk_ai_gateway_msg/cmake/export_rdk_ai_gateway_msg__rosidl_typesupport_fastrtps_cExport.cmake
[28.735s] -- Installing: /home/sunrise/AI/talk/install/rdk_ai_gateway_msg/share/rdk_ai_gateway_msg/cmake/export_rdk_ai_gateway_msg__rosidl_typesupport_fastrtps_cExport-noconfig.cmake
[28.735s] -- Installing: /home/sunrise/AI/talk/install/rdk_ai_gateway_msg/share/rdk_ai_gateway_msg/cmake/export_rdk_ai_gateway_msg__rosidl_generator_cppExport.cmake
[28.736s] -- Installing: /home/sunrise/AI/talk/install/rdk_ai_gateway_msg/share/rdk_ai_gateway_msg/cmake/export_rdk_ai_gateway_msg__rosidl_typesupport_fastrtps_cppExport.cmake
[28.736s] -- Installing: /home/sunrise/AI/talk/install/rdk_ai_gateway_msg/share/rdk_ai_gateway_msg/cmake/export_rdk_ai_gateway_msg__rosidl_typesupport_fastrtps_cppExport-noconfig.cmake
[28.737s] -- Installing: /home/sunrise/AI/talk/install/rdk_ai_gateway_msg/share/rdk_ai_gateway_msg/cmake/rdk_ai_gateway_msg__rosidl_typesupport_introspection_cExport.cmake
[28.738s] -- Installing: /home/sunrise/AI/talk/install/rdk_ai_gateway_msg/share/rdk_ai_gateway_msg/cmake/rdk_ai_gateway_msg__rosidl_typesupport_introspection_cExport-noconfig.cmake
[28.738s] -- Installing: /home/sunrise/AI/talk/install/rdk_ai_gateway_msg/share/rdk_ai_gateway_msg/cmake/rdk_ai_gateway_msg__rosidl_typesupport_cExport.cmake
[28.739s] -- Installing: /home/sunrise/AI/talk/install/rdk_ai_gateway_msg/share/rdk_ai_gateway_msg/cmake/rdk_ai_gateway_msg__rosidl_typesupport_cExport-noconfig.cmake
[28.739s] -- Installing: /home/sunrise/AI/talk/install/rdk_ai_gateway_msg/share/rdk_ai_gateway_msg/cmake/rdk_ai_gateway_msg__rosidl_typesupport_introspection_cppExport.cmake
[28.740s] -- Installing: /home/sunrise/AI/talk/install/rdk_ai_gateway_msg/share/rdk_ai_gateway_msg/cmake/rdk_ai_gateway_msg__rosidl_typesupport_introspection_cppExport-noconfig.cmake
[28.741s] -- Installing: /home/sunrise/AI/talk/install/rdk_ai_gateway_msg/share/rdk_ai_gateway_msg/cmake/rdk_ai_gateway_msg__rosidl_typesupport_cppExport.cmake
[28.741s] -- Installing: /home/sunrise/AI/talk/install/rdk_ai_gateway_msg/share/rdk_ai_gateway_msg/cmake/rdk_ai_gateway_msg__rosidl_typesupport_cppExport-noconfig.cmake
[28.742s] -- Installing: /home/sunrise/AI/talk/install/rdk_ai_gateway_msg/share/rdk_ai_gateway_msg/cmake/export_rdk_ai_gateway_msg__rosidl_generator_pyExport.cmake
[28.743s] -- Installing: /home/sunrise/AI/talk/install/rdk_ai_gateway_msg/share/rdk_ai_gateway_msg/cmake/export_rdk_ai_gateway_msg__rosidl_generator_pyExport-noconfig.cmake
[28.764s] Invoked command in '/home/sunrise/AI/talk/build/rdk_ai_gateway_msg' returned '0': CMAKE_PREFIX_PATH=${CMAKE_PREFIX_PATH}:/home/sunrise/AI/talk/install/rdk_ai_gateway:/opt/ros/humble /usr/bin/cmake --install /home/sunrise/AI/talk/build/rdk_ai_gateway_msg
